
 - final statistics:
1 variables; iteration 0; function evaluation 0
Function value 3.0322e+03; maximum gradient component mag 4.4078e+00
Exit code = 0;  converg criter 1.0000e+01

Initial statistics: 8 variables; iteration 0; function evaluation 0; phase 2
Function value 3.0321806e+03; maximum gradient component mag 1.7420e+03

 - final statistics:
8 variables; iteration 10; function evaluation 19
Function value 2.9676e+03; maximum gradient component mag 7.4961e-01
Exit code = 1;  converg criter 1.0000e+01

Initial statistics: 75 variables; iteration 0; function evaluation 0; phase 3
Function value 2.9675879e+03; maximum gradient component mag 5.3447e+03

Intermediate statistics: 75 variables; iteration 20; function evaluation 26; phase 3
Function value 2.9578615e+03; maximum gradient component mag 2.6851e+03
75 variables; iteration 40; function evaluation 49; phase 3
Function value 2.9567734e+03; maximum gradient component mag 2.2384e+03
75 variables; iteration 60; function evaluation 71; phase 3
Function value 2.9554138e+03; maximum gradient component mag -6.7509e+01
Maximum number of function evaluations exceeded

 - final statistics:
75 variables; iteration 80; function evaluation 100
Function value 2.9548e+03; maximum gradient component mag -1.0022e+02
Exit code = 3;  converg criter 1.0000e+00

Initial statistics: 91 variables; iteration 0; function evaluation 0; phase 4
Function value 2.9548118e+03; maximum gradient component mag -1.0022e+02

Intermediate statistics: 91 variables; iteration 20; function evaluation 25; phase 4
Function value 2.9547028e+03; maximum gradient component mag 2.2559e+01
91 variables; iteration 40; function evaluation 45; phase 4
Function value 2.9546802e+03; maximum gradient component mag 1.5630e+01
91 variables; iteration 60; function evaluation 66; phase 4
Function value 2.9546531e+03; maximum gradient component mag 3.4254e+00
91 variables; iteration 80; function evaluation 94; phase 4
Function value 2.9546496e+03; maximum gradient component mag 5.6360e-01
91 variables; iteration 100; function evaluation 129; phase 4
Function value 2.9546492e+03; maximum gradient component mag -7.9815e-01

 - final statistics:
91 variables; iteration 112; function evaluation 145
Function value 2.9546e+03; maximum gradient component mag -5.8536e-07
Exit code = 1;  converg criter 1.0000e-04

 - final statistics:
92 variables; iteration 0; function evaluation 0
Function value 2.9546e+03; maximum gradient component mag -5.8536e-07
Exit code = 0;  converg criter 1.0000e-04
size of file gradfil1.tmp = 0
size of file gradfil2.tmp = 0
size of file varssave.tmp = 0
size of file cmpdiff.tmp = 0
