
 - final statistics:
1 variables; iteration 0; function evaluation 0
Function value 3.0063e+03; maximum gradient component mag 3.4018e+00
Exit code = 0;  converg criter 1.0000e+01

Initial statistics: 8 variables; iteration 0; function evaluation 0; phase 2
Function value 3.0062921e+03; maximum gradient component mag 1.4153e+03

 - final statistics:
8 variables; iteration 12; function evaluation 20
Function value 2.9629e+03; maximum gradient component mag 2.0629e+00
Exit code = 1;  converg criter 1.0000e+01

Initial statistics: 75 variables; iteration 0; function evaluation 0; phase 3
Function value 2.9628516e+03; maximum gradient component mag 4.3761e+03

Intermediate statistics: 75 variables; iteration 20; function evaluation 28; phase 3
Function value 2.9557766e+03; maximum gradient component mag 9.9544e+02
75 variables; iteration 40; function evaluation 48; phase 3
Function value 2.9551941e+03; maximum gradient component mag 7.9351e+02
75 variables; iteration 60; function evaluation 68; phase 3
Function value 2.9548434e+03; maximum gradient component mag 4.1224e+02
75 variables; iteration 80; function evaluation 92; phase 3
Function value 2.9539292e+03; maximum gradient component mag -7.4182e+01

 - final statistics:
75 variables; iteration 87; function evaluation 99
Function value 2.9539e+03; maximum gradient component mag -1.8690e-01
Exit code = 1;  converg criter 1.0000e+00

Initial statistics: 91 variables; iteration 0; function evaluation 0; phase 4
Function value 2.9538648e+03; maximum gradient component mag 3.1040e+01

Intermediate statistics: 91 variables; iteration 20; function evaluation 23; phase 4
Function value 2.9538033e+03; maximum gradient component mag 6.1093e+02
91 variables; iteration 40; function evaluation 43; phase 4
Function value 2.9537932e+03; maximum gradient component mag 2.4593e+02
91 variables; iteration 60; function evaluation 63; phase 4
Function value 2.9537888e+03; maximum gradient component mag 5.3944e+01
91 variables; iteration 80; function evaluation 90; phase 4
Function value 2.9537875e+03; maximum gradient component mag 6.1269e+00
91 variables; iteration 100; function evaluation 123; phase 4
Function value 2.9537874e+03; maximum gradient component mag 3.7408e-03
  ic > imax  in fminim is answer attained ?
Function minimizer not making progress ... is minimum attained?
Minimprove criterion = 0.0000e+00

 - final statistics:
91 variables; iteration 105; function evaluation 163
Function value 2.9538e+03; maximum gradient component mag -1.7984e-04
Exit code = 1;  converg criter 1.0000e-04

Initial statistics: 92 variables; iteration 0; function evaluation 0; phase 5
Function value 2.9537874e+03; maximum gradient component mag -1.7983e-04

 - final statistics:
92 variables; iteration 1; function evaluation 2
Function value 2.9538e+03; maximum gradient component mag 7.9044e-06
Exit code = 1;  converg criter 1.0000e-04
size of file gradfil1.tmp = 0
size of file gradfil2.tmp = 0
size of file varssave.tmp = 0
size of file cmpdiff.tmp = 0
