
 - final statistics:
1 variables; iteration 0; function evaluation 0
Function value 1.4034e+03; maximum gradient component mag 2.1422e+00
Exit code = 0;  converg criter 1.0000e+01

Initial statistics: 10 variables; iteration 0; function evaluation 0; phase 2
Function value 1.4034366e+03; maximum gradient component mag 3.3293e+02

 - final statistics:
10 variables; iteration 13; function evaluation 18
Function value 1.3974e+03; maximum gradient component mag 7.3344e-01
Exit code = 1;  converg criter 1.0000e+01

Initial statistics: 72 variables; iteration 0; function evaluation 0; phase 3
Function value 1.3973785e+03; maximum gradient component mag 6.7980e+02

Intermediate statistics: 72 variables; iteration 20; function evaluation 23; phase 3
Function value 1.3961555e+03; maximum gradient component mag 1.4660e+02
72 variables; iteration 40; function evaluation 43; phase 3
Function value 1.3959613e+03; maximum gradient component mag 1.2134e+02
72 variables; iteration 60; function evaluation 66; phase 3
Function value 1.3956099e+03; maximum gradient component mag 3.5512e+01

 - final statistics:
72 variables; iteration 74; function evaluation 96
Function value 1.3951e+03; maximum gradient component mag 1.9866e-01
Exit code = 1;  converg criter 1.0000e+00

Initial statistics: 92 variables; iteration 0; function evaluation 0; phase 4
Function value 1.3951325e+03; maximum gradient component mag 4.6130e+00

Intermediate statistics: 92 variables; iteration 20; function evaluation 24; phase 4
Function value 1.3951093e+03; maximum gradient component mag -3.4947e+02
92 variables; iteration 40; function evaluation 45; phase 4
Function value 1.3951009e+03; maximum gradient component mag -2.7839e+02
92 variables; iteration 60; function evaluation 66; phase 4
Function value 1.3950893e+03; maximum gradient component mag -1.0493e+01
92 variables; iteration 80; function evaluation 89; phase 4
Function value 1.3950886e+03; maximum gradient component mag 5.9263e-01
92 variables; iteration 100; function evaluation 117; phase 4
Function value 1.3950884e+03; maximum gradient component mag -6.7642e-03

 - final statistics:
92 variables; iteration 108; function evaluation 125
Function value 1.3951e+03; maximum gradient component mag -1.0308e-05
Exit code = 1;  converg criter 1.0000e-04

 - final statistics:
93 variables; iteration 0; function evaluation 0
Function value 1.3951e+03; maximum gradient component mag -1.0307e-05
Exit code = 0;  converg criter 1.0000e-04
size of file gradfil1.tmp = 0
size of file gradfil2.tmp = 0
size of file varssave.tmp = 0
size of file cmpdiff.tmp = 0
