
 - final statistics:
1 variables; iteration 0; function evaluation 0
Function value 1.3954e+03; maximum gradient component mag 5.2556e-01
Exit code = 0;  converg criter 1.0000e+01

Initial statistics: 10 variables; iteration 0; function evaluation 0; phase 2
Function value 1.3953634e+03; maximum gradient component mag 1.1105e+02

 - final statistics:
10 variables; iteration 11; function evaluation 15
Function value 1.3947e+03; maximum gradient component mag 5.4595e+00
Exit code = 1;  converg criter 1.0000e+01

Initial statistics: 72 variables; iteration 0; function evaluation 0; phase 3
Function value 1.3946605e+03; maximum gradient component mag 1.1425e+02

Intermediate statistics: 72 variables; iteration 20; function evaluation 25; phase 3
Function value 1.3944313e+03; maximum gradient component mag 3.1066e+01
72 variables; iteration 40; function evaluation 47; phase 3
Function value 1.3944157e+03; maximum gradient component mag 2.7009e+01
72 variables; iteration 60; function evaluation 70; phase 3
Function value 1.3943958e+03; maximum gradient component mag 1.8250e+00

 - final statistics:
72 variables; iteration 69; function evaluation 82
Function value 1.3944e+03; maximum gradient component mag 2.7682e-01
Exit code = 1;  converg criter 1.0000e+00

Initial statistics: 92 variables; iteration 0; function evaluation 0; phase 4
Function value 1.3943911e+03; maximum gradient component mag 1.9145e+00

Intermediate statistics: 92 variables; iteration 20; function evaluation 25; phase 4
Function value 1.3943874e+03; maximum gradient component mag -5.5757e+01
92 variables; iteration 40; function evaluation 45; phase 4
Function value 1.3943860e+03; maximum gradient component mag -4.5375e+01
92 variables; iteration 60; function evaluation 69; phase 4
Function value 1.3943840e+03; maximum gradient component mag -5.4912e+00
92 variables; iteration 80; function evaluation 97; phase 4
Function value 1.3943837e+03; maximum gradient component mag 9.0432e-01
92 variables; iteration 100; function evaluation 149; phase 4
Function value 1.3943748e+03; maximum gradient component mag 3.4735e-03

 - final statistics:
92 variables; iteration 108; function evaluation 157
Function value 1.3944e+03; maximum gradient component mag -4.2270e-05
Exit code = 1;  converg criter 1.0000e-04

 - final statistics:
93 variables; iteration 0; function evaluation 0
Function value 1.3944e+03; maximum gradient component mag -4.2270e-05
Exit code = 0;  converg criter 1.0000e-04
size of file gradfil1.tmp = 0
size of file gradfil2.tmp = 0
size of file varssave.tmp = 0
size of file cmpdiff.tmp = 0
