
Initial statistics: 1 variables; iteration 0; function evaluation 0; phase 1
Function value 3.0323186e+03; maximum gradient component mag 1.5394e+01

 - final statistics:
1 variables; iteration 1; function evaluation 3
Function value 3.0309e+03; maximum gradient component mag 5.2465e+00
Exit code = 1;  converg criter 1.0000e+01

Initial statistics: 8 variables; iteration 0; function evaluation 0; phase 2
Function value 3.0308759e+03; maximum gradient component mag -1.4784e+03

 - final statistics:
8 variables; iteration 10; function evaluation 19
Function value 2.9716e+03; maximum gradient component mag 4.5784e+00
Exit code = 1;  converg criter 1.0000e+01

Initial statistics: 75 variables; iteration 0; function evaluation 0; phase 3
Function value 2.9716252e+03; maximum gradient component mag -4.9836e+03

Intermediate statistics: 75 variables; iteration 20; function evaluation 23; phase 3
Function value 2.9598591e+03; maximum gradient component mag -1.6416e+03
75 variables; iteration 40; function evaluation 44; phase 3
Function value 2.9591689e+03; maximum gradient component mag -1.6071e+03
75 variables; iteration 60; function evaluation 66; phase 3
Function value 2.9566682e+03; maximum gradient component mag -6.0842e+02

 - final statistics:
75 variables; iteration 78; function evaluation 88
Function value 2.9561e+03; maximum gradient component mag -8.6065e-01
Exit code = 1;  converg criter 1.0000e+00

Initial statistics: 91 variables; iteration 0; function evaluation 0; phase 4
Function value 2.9560547e+03; maximum gradient component mag -1.2350e+01

Intermediate statistics: 91 variables; iteration 20; function evaluation 26; phase 4
Function value 2.9560402e+03; maximum gradient component mag 1.2453e+02
91 variables; iteration 40; function evaluation 48; phase 4
Function value 2.9560319e+03; maximum gradient component mag 1.1309e+02
91 variables; iteration 60; function evaluation 71; phase 4
Function value 2.9560276e+03; maximum gradient component mag 3.9607e+01
91 variables; iteration 80; function evaluation 96; phase 4
Function value 2.9560267e+03; maximum gradient component mag 8.7590e+00
91 variables; iteration 100; function evaluation 129; phase 4
Function value 2.9560266e+03; maximum gradient component mag -2.0868e-02

 - final statistics:
91 variables; iteration 101; function evaluation 130
Function value 2.9560e+03; maximum gradient component mag 8.9167e-05
Exit code = 1;  converg criter 1.0000e-04

 - final statistics:
92 variables; iteration 0; function evaluation 0
Function value 2.9560e+03; maximum gradient component mag 8.9174e-05
Exit code = 0;  converg criter 1.0000e-04
size of file gradfil1.tmp = 0
size of file gradfil2.tmp = 0
size of file varssave.tmp = 0
size of file cmpdiff.tmp = 0
