
Initial statistics: 1 variables; iteration 0; function evaluation 0; phase 1
Function value 2.0514754e+06; maximum gradient component mag 2.8318e+05

 - final statistics:
1 variables; iteration 7; function evaluation 19
Function value 1.8999e+06; maximum gradient component mag 6.2739e-01
Exit code = 1;  converg criter 1.0000e+01

Initial statistics: 8 variables; iteration 0; function evaluation 0; phase 2
Function value 1.8998576e+06; maximum gradient component mag 3.0971e+05

Intermediate statistics: 8 variables; iteration 20; function evaluation 31; phase 2
Function value 1.8605719e+06; maximum gradient component mag 5.8819e+04
  ic > imax  in fminim is answer attained ?
Function minimizer not making progress ... is minimum attained?
Minimprove criterion = 0.0000e+00

 - final statistics:
8 variables; iteration 33; function evaluation 81
Function value 1.7860e+06; maximum gradient component mag 1.0058e+05
Exit code = 1;  converg criter 1.0000e+01

Initial statistics: 75 variables; iteration 0; function evaluation 0; phase 3
Function value 1.7859587e+06; maximum gradient component mag -1.2512e+06

Intermediate statistics: 75 variables; iteration 20; function evaluation 33; phase 3
Function value 9.0768918e+03; maximum gradient component mag -2.5322e+03
75 variables; iteration 40; function evaluation 60; phase 3
Function value 8.2724839e+03; maximum gradient component mag 1.6847e+04
75 variables; iteration 60; function evaluation 87; phase 3
Function value 7.4609230e+03; maximum gradient component mag 9.7034e+03
Maximum number of function evaluations exceeded

 - final statistics:
75 variables; iteration 72; function evaluation 100
Function value 7.1658e+03; maximum gradient component mag 1.0845e+04
Exit code = 3;  converg criter 1.0000e+00

Initial statistics: 91 variables; iteration 0; function evaluation 0; phase 4
Function value 7.1157951e+03; maximum gradient component mag -1.0849e+04

Intermediate statistics: 91 variables; iteration 20; function evaluation 31; phase 4
Function value 4.9125771e+03; maximum gradient component mag 3.0697e+03
91 variables; iteration 40; function evaluation 68; phase 4
Function value 4.8543954e+03; maximum gradient component mag 2.8742e+03
91 variables; iteration 60; function evaluation 91; phase 4
Function value 4.7687247e+03; maximum gradient component mag 7.1904e+03
91 variables; iteration 80; function evaluation 113; phase 4
Function value 4.6642542e+03; maximum gradient component mag 1.2699e+04
91 variables; iteration 100; function evaluation 142; phase 4
Function value 4.5233540e+03; maximum gradient component mag -3.2406e+03
91 variables; iteration 120; function evaluation 166; phase 4
Function value 4.1532030e+03; maximum gradient component mag 7.2220e+03
91 variables; iteration 140; function evaluation 188; phase 4
Function value 3.7047558e+03; maximum gradient component mag -3.4167e+02
91 variables; iteration 160; function evaluation 208; phase 4
Function value 3.6808465e+03; maximum gradient component mag 1.6266e+01
91 variables; iteration 180; function evaluation 228; phase 4
Function value 3.6803331e+03; maximum gradient component mag -9.2370e+00
91 variables; iteration 200; function evaluation 248; phase 4
Function value 3.6802996e+03; maximum gradient component mag -1.1890e+01
91 variables; iteration 220; function evaluation 270; phase 4
Function value 3.6802961e+03; maximum gradient component mag -1.2416e+01
91 variables; iteration 240; function evaluation 291; phase 4
Function value 3.6802948e+03; maximum gradient component mag -1.2751e+01
91 variables; iteration 260; function evaluation 311; phase 4
Function value 3.6802890e+03; maximum gradient component mag -1.8005e+01
91 variables; iteration 280; function evaluation 343; phase 4
Function value 3.6755935e+03; maximum gradient component mag -2.2411e+01
91 variables; iteration 300; function evaluation 363; phase 4
Function value 3.6755857e+03; maximum gradient component mag -2.5013e+01
91 variables; iteration 320; function evaluation 400; phase 4
Function value 3.6703720e+03; maximum gradient component mag -6.1299e+01
91 variables; iteration 340; function evaluation 422; phase 4
Function value 3.6673144e+03; maximum gradient component mag -3.1958e+01
91 variables; iteration 360; function evaluation 448; phase 4
Function value 3.6625329e+03; maximum gradient component mag -4.3432e+01
91 variables; iteration 380; function evaluation 490; phase 4
Function value 3.5208489e+03; maximum gradient component mag 3.0961e+02
91 variables; iteration 400; function evaluation 512; phase 4
Function value 3.5203233e+03; maximum gradient component mag 2.1827e+03
91 variables; iteration 420; function evaluation 534; phase 4
Function value 3.5149300e+03; maximum gradient component mag 1.7111e+03
91 variables; iteration 440; function evaluation 565; phase 4
Function value 3.4421259e+03; maximum gradient component mag 2.4231e+03
91 variables; iteration 460; function evaluation 586; phase 4
Function value 3.2470212e+03; maximum gradient component mag 3.3571e+02
91 variables; iteration 480; function evaluation 608; phase 4
Function value 3.2312389e+03; maximum gradient component mag -3.6590e+03
91 variables; iteration 500; function evaluation 630; phase 4
Function value 3.2301312e+03; maximum gradient component mag -3.0121e+03
91 variables; iteration 520; function evaluation 651; phase 4
Function value 3.2296798e+03; maximum gradient component mag 8.8160e+01
91 variables; iteration 540; function evaluation 682; phase 4
Function value 3.2295059e+03; maximum gradient component mag 9.2787e+01
91 variables; iteration 560; function evaluation 704; phase 4
Function value 3.2294688e+03; maximum gradient component mag -1.8662e+02
91 variables; iteration 580; function evaluation 726; phase 4
Function value 3.2294108e+03; maximum gradient component mag 5.4144e+00
91 variables; iteration 600; function evaluation 746; phase 4
Function value 3.2294093e+03; maximum gradient component mag 3.9508e+00
91 variables; iteration 620; function evaluation 767; phase 4
Function value 3.2294062e+03; maximum gradient component mag -8.3937e+00
91 variables; iteration 640; function evaluation 787; phase 4
Function value 3.2294061e+03; maximum gradient component mag -2.7671e+00
91 variables; iteration 660; function evaluation 812; phase 4
Function value 3.2294056e+03; maximum gradient component mag 5.5243e+00
91 variables; iteration 680; function evaluation 834; phase 4
Function value 3.2294056e+03; maximum gradient component mag 7.4498e-01

 - final statistics:
91 variables; iteration 686; function evaluation 840
Function value 3.2294e+03; maximum gradient component mag 8.2135e-05
Exit code = 1;  converg criter 1.0000e-04
Warning: the following parameters had issues
  init_F[1] is within 0.1% of lower bound: 0.0000e+00 < 4.5220e-08 < 3.0000e+00
  selparm[10] is within 0.1% of upper bound: -2.0000e+00 < 9.9996e+00 < 1.0000e+01
  selparm[19] is within 0.1% of upper bound: 5.3000e+01 < 2.4998e+02 < 2.5000e+02
  selparm[28] is within 0.1% of upper bound: -2.0000e+00 < 9.9997e+00 < 1.0000e+01


 - final statistics:
92 variables; iteration 0; function evaluation 0
Function value 3.2294e+03; maximum gradient component mag 8.2144e-05
Exit code = 0;  converg criter 1.0000e-04
size of file gradfil1.tmp = 0
size of file gradfil2.tmp = 0
size of file varssave.tmp = 0
size of file cmpdiff.tmp = 0
