
Initial statistics: 1 variables; iteration 0; function evaluation 0; phase 1
Function value 2.1849842e+06; maximum gradient component mag -1.3315e+06
Var    Value     Gradient |Var    Value     Gradient |Var    Value     Gradient
  1 -0.70368 -1.33149e+06 |

 - final statistics:
1 variables; iteration 8; function evaluation 14
Function value 5.2678e+03; maximum gradient component mag -1.7304e+00
Exit code = 1;  converg criter 1.0000e+01
Var    Value     Gradient |Var    Value     Gradient |Var    Value     Gradient
  1 -0.61955 -1.73038e+00 |

Initial statistics: 8 variables; iteration 0; function evaluation 0; phase 2
Function value 5.2678478e+03; maximum gradient component mag -3.5815e+03
Var    Value     Gradient |Var    Value     Gradient |Var    Value     Gradient
  1 -0.61955 -1.73038e+00 |  2 -0.30909 -3.78407e+01 |  3  0.05570  1.37918e+03
  4  0.05570 -3.58152e+03 |  5  0.11444  1.21785e+03 |  6  0.05570  4.39930e+02
  7  0.06416 -1.30710e+03 |  8  0.11444  9.09997e+02 |

 - final statistics:
8 variables; iteration 16; function evaluation 29
Function value 4.6337e+03; maximum gradient component mag -7.1322e+00
Exit code = 1;  converg criter 1.0000e+01
Var    Value     Gradient |Var    Value     Gradient |Var    Value     Gradient
  1 -0.62822 -7.13220e+00 |  2  0.71916  3.13413e-02 |  3  0.06202  3.60839e-02
  4  0.26649  4.38894e-01 |  5  0.10932 -1.57630e-02 |  6  0.03025 -2.87223e-01
  7  0.35720  3.06014e-02 |  8  0.06869 -8.54674e-02 |

Initial statistics: 11 variables; iteration 0; function evaluation 0; phase 3
Function value 4.6337001e+03; maximum gradient component mag 9.6651e+02
Var    Value     Gradient |Var    Value     Gradient |Var    Value     Gradient
  1 -0.62822 -7.13220e+00 |  2  0.71916  3.13413e-02 |  3  0.06202  3.60839e-02
  4  0.26649  4.38894e-01 |  5  0.10932 -1.57630e-02 |  6  0.36528  1.68473e+02
  7 -0.50231 -9.47245e+01 |  8  0.03025 -2.87223e-01 |  9  0.35720  3.06014e-02
 10  0.06869 -8.54674e-02 | 11  0.19576  9.66513e+02 |

Intermediate statistics: 11 variables; iteration 20; function evaluation 36; phase 3
Function value 4.4514631e+03; maximum gradient component mag 8.6912e+01
Var    Value     Gradient |Var    Value     Gradient |Var    Value     Gradient
  1 -0.62530  8.69118e+01 |  2  0.41079 -2.43736e-01 |  3  0.04243  2.64868e+00
  4  0.24110  2.66921e+00 |  5  0.08218  2.67209e+00 |  6  0.42416 -2.90667e-01
  7  0.99689  4.76533e-01 |  8 -0.00302  6.94581e-01 |  9  0.32504  7.87446e-01
 10  0.03452  1.33333e+00 | 11 -0.06967  3.92150e-01 |

 - final statistics:
11 variables; iteration 28; function evaluation 44
Function value 4.4515e+03; maximum gradient component mag -3.8069e-01
Exit code = 1;  converg criter 1.0000e+00
Var    Value     Gradient |Var    Value     Gradient |Var    Value     Gradient
  1 -0.62539 -3.80691e-01 |  2  0.42452 -4.14712e-03 |  3  0.04276 -3.14289e-02
  4  0.24152 -2.03792e-02 |  5  0.08258 -1.57236e-02 |  6  0.43019  5.22085e-03
  7  0.98527  3.44477e-03 |  8 -0.00198  4.29415e-04 |  9  0.32555 -2.64098e-03
 10  0.03509 -1.39121e-02 | 11 -0.06950  2.62169e-04 |

Initial statistics: 79 variables; iteration 0; function evaluation 0; phase 4
Function value 4.4514572e+03; maximum gradient component mag -7.7561e+02
Var    Value     Gradient |Var    Value     Gradient |Var    Value     Gradient
  1 -0.62539 -3.80691e-01 |  2  0.00000  2.98059e+01 |  3  0.00000  6.74494e+01
  4  0.00000  9.65980e+01 |  5  0.00000  1.08026e+02 |  6  0.00000  7.35737e+01
  7  0.00000  1.22366e+01 |  8  0.00000  2.34434e+01 |  9  0.00000  2.30892e+01
 10  0.00000 -2.30925e+01 | 11  0.00000 -3.15874e+01 | 12  0.00000  4.64637e+01
 13  0.00000  8.04065e+01 | 14  0.00000  8.54334e+01 | 15  0.00000  9.51508e+01
 16  0.00000  1.29394e+02 | 17  0.00000  1.36996e+02 | 18  0.00000  1.13489e+02
 19  0.00000  5.46795e+01 | 20  0.00000  1.39643e+02 | 21  0.00000  4.90597e+01
 22  0.00000 -3.46836e+02 | 23  0.00000  1.19025e+02 | 24  0.00000  2.76637e+01
 25  0.00000 -3.74872e+02 | 26  0.00000 -3.94986e+01 | 27  0.00000  1.32709e+02
 28  0.00000  3.27336e+01 | 29  0.00000 -2.41406e+02 | 30  0.00000 -6.14025e+02
 31  0.00000 -6.94583e+02 | 32  0.00000 -3.45395e+02 | 33  0.00000  4.34923e+01
 34  0.00000  2.55279e+02 | 35  0.00000  3.37599e+02 | 36  0.00000  5.09174e+02
 37  0.00000  1.39768e+02 | 38  0.00000  1.83052e+02 | 39  0.00000  5.08257e+01
 40  0.00000 -3.94370e+02 | 41  0.00000 -3.36219e+02 | 42  0.00000 -3.45260e+02
 43  0.00000 -1.60897e+02 | 44  0.00000  1.58418e+02 | 45  0.00000  2.15392e+02
 46  0.00000  1.95762e+02 | 47  0.00000  1.13891e+02 | 48  0.00000  6.83201e+01
 49  0.42452 -4.14712e-03 | 50  0.04276 -3.14289e-02 | 51 -0.22668  2.10303e+00
 52  0.30652  2.85592e+02 | 53  0.50622  9.85741e+01 | 54  0.24152 -2.03792e-02
 55 -0.22668  1.66968e-01 | 56  0.30652  7.20846e+02 | 57  0.50622 -2.30773e+01
 58  0.08258 -1.57236e-02 | 59  0.00520  1.50820e+01 | 60  0.33042 -3.10065e+02
 61  0.62903  1.04632e+02 | 62  0.43019  5.22085e-03 | 63  0.98527  3.44477e-03
 64 -0.00198  4.29415e-04 | 65 -0.22668 -2.79761e-01 | 66  0.30652 -1.26918e+01
 67  0.50622 -2.43597e+01 | 68  0.32555 -2.64098e-03 | 69 -0.22668 -2.27876e-01
 70  0.30652 -2.78346e+02 | 71  0.13461 -1.67961e+01 | 72  0.03509 -1.39121e-02
 73  0.00520  1.12744e+01 | 74  0.33042  3.20472e+02 | 75  0.62903  6.86519e+01
 76 -0.06950  2.62169e-04 | 77  0.00520 -5.86388e+01 | 78  0.33042 -3.78773e+02
 79  0.26064 -7.75606e+02 |

Intermediate statistics: 79 variables; iteration 20; function evaluation 29; phase 4
Function value 4.2965355e+03; maximum gradient component mag -5.9269e+03
Var    Value     Gradient |Var    Value     Gradient |Var    Value     Gradient
  1 -0.62672 -5.92686e+03 |  2  0.11699  4.39173e+01 |  3 -0.00081  3.16507e+01
  4 -0.04598  1.22771e+01 |  5 -0.09992  7.75116e+00 |  6 -0.04830  2.63716e+01
  7  0.09398  8.56033e+01 |  8  0.01030  6.92097e+01 |  9 -0.02394  6.11754e+01
 10  0.09323  1.02361e+02 | 11  0.07804  1.11276e+02 | 12  0.01940  7.38021e+01
 13 -0.05329  2.65610e+01 | 14  0.04928  6.06652e+01 | 15  0.00866  6.22260e+01
 16 -0.05732  2.86984e+01 | 17 -0.04685  2.70186e+01 | 18 -0.02094  4.75773e+01
 19  0.04515  1.05507e+02 | 20 -0.01436  3.94368e+01 | 21 -0.06515 -5.95742e+01
 22  0.06860 -3.90130e+01 | 23 -0.04775 -8.17011e+01 | 24 -0.01430 -8.65667e+01
 25  0.05231 -1.29297e+02 | 26 -0.00529 -1.17928e+02 | 27  0.00166 -2.55868e+01
 28 -0.01407 -9.77680e+01 | 29  0.01455 -3.09145e+02 | 30  0.00346 -5.92175e+02
 31  0.03513 -6.10493e+02 | 32 -0.01794 -4.41184e+02 | 33  0.00762 -5.30701e+01
 34  0.00249  2.11787e+02 | 35  0.00968  3.57294e+02 | 36 -0.00476  4.10780e+02
 37  0.00780  1.27791e+02 | 38 -0.00258  9.24434e+01 | 39 -0.00691 -1.47905e+01
 40  0.02524 -1.83637e+02 | 41  0.00466 -1.86103e+02 | 42  0.02044 -1.05506e+02
 43  0.00653 -1.18723e+01 | 44 -0.01932  1.31859e+02 | 45 -0.01606  1.69063e+02
 46 -0.03479  7.95151e+01 | 47 -0.07194 -1.24312e+01 | 48 -0.06291  8.44286e-01
 49  0.26900  2.88752e+01 | 50  0.03256  2.25509e+02 | 51 -0.23311  2.12676e-01
 52  0.29881 -5.70289e+02 | 53  0.45121 -6.32470e+01 | 54  0.12628 -7.71115e+02
 55 -0.22483  6.40269e-02 | 56  0.27021  1.59464e+03 | 57  0.88357  2.83673e+00
 58  0.13758 -3.58693e+02 | 59 -0.11323 -6.89730e+00 | 60  0.35589  5.85588e+02
 61  0.46340 -2.55410e+02 | 62  0.39696 -2.47168e+00 | 63  0.98504  4.23200e-02
 64 -0.01846 -3.47715e+01 | 65 -0.22751  5.27134e-01 | 66  0.33237  1.44725e+02
 67  0.56538  1.67238e+01 | 68  0.43762 -1.29190e+02 | 69 -0.22629  1.33958e-02
 70  0.36139  6.24434e+02 | 71  0.09316  1.05113e+01 | 72  0.02778 -1.63947e+02
 73 -0.00469 -4.44125e+00 | 74  0.32823  4.17412e+02 | 75  0.51310 -2.80524e+01
 76 -0.34611 -1.59962e+01 | 77 -0.01792 -1.21442e+01 | 78  0.15702  9.81855e+01
 79  0.35490 -3.88351e+02 |
79 variables; iteration 40; function evaluation 50; phase 4
Function value 4.2670505e+03; maximum gradient component mag -5.8116e+03
Var    Value     Gradient |Var    Value     Gradient |Var    Value     Gradient
  1 -0.62959 -5.81157e+03 |  2  0.04029  1.70435e+01 |  3 -0.13889  1.56830e+00
  4  0.01579 -7.11137e+00 |  5 -0.16860  2.75314e+00 |  6  0.01306  4.58453e+01
  7  0.07718  4.55196e+01 |  8  0.00930  4.74644e+01 |  9 -0.00417  5.36982e+01
 10  0.11000  7.25031e+01 | 11  0.07462  9.59665e+01 | 12  0.02256  8.67244e+01
 13  0.02996  5.01839e+01 | 14  0.04283  5.35641e+01 | 15  0.01813  7.29340e+01
 16 -0.05115  2.41963e+01 | 17 -0.04543  1.31401e+01 | 18 -0.06246  3.31811e+00
 19  0.02958 -1.10033e+01 | 20 -0.04677 -2.78398e+01 | 21 -0.01890  9.48662e+00
 22  0.08326  1.20768e+02 | 23 -0.05215 -8.93549e+01 | 24 -0.01803 -9.82417e+01
 25  0.07288  5.82638e+01 | 26  0.00860 -5.07468e+01 | 27 -0.00807 -9.21558e+01
 28 -0.02586 -1.83595e+02 | 29  0.01669 -2.87740e+02 | 30  0.02270 -4.27464e+02
 31  0.04384 -4.44083e+02 | 32  0.00223 -3.38689e+02 | 33  0.00087 -1.06763e+02
 34  0.00476  1.75041e+02 | 35  0.01957  3.89844e+02 | 36 -0.01512  2.78358e+02
 37  0.01490  1.06256e+02 | 38 -0.00641 -2.79027e-01 | 39 -0.01034 -9.60299e+01
 40  0.03140 -1.75159e+02 | 41  0.01301 -1.33760e+02 | 42  0.02851 -3.25971e+01
 43  0.01837  5.34251e+01 | 44 -0.03147  4.57426e+01 | 45 -0.02230  9.29483e+01
 46 -0.03941  4.23779e+01 | 47 -0.06361  5.53686e+00 | 48 -0.05804  6.90280e+00
 49 -0.48885  6.56164e+00 | 50  0.03286  2.55575e+02 | 51 -0.27220  5.90371e-01
 52  0.29918 -5.20793e+02 | 53  0.46430 -7.70899e+00 | 54  0.13379 -1.00610e+03
 55 -0.23293 -2.91628e-01 | 56  0.27752  2.07212e+03 | 57  1.30979  9.97903e+00
 58  0.14514  2.37676e+01 | 59 -0.96733 -5.98077e-02 | 60  0.35404  7.95439e+01
 61  0.49625 -2.69069e+01 | 62  0.33676 -7.80189e+00 | 63  0.98221  7.19862e-02
 64 -0.12639 -7.92288e+01 | 65 -0.23151  1.26309e-01 | 66  0.29603  1.55126e+02
 67  0.84970  3.96355e+00 | 68  0.45360 -1.83665e+02 | 69 -0.22266 -3.54852e-01
 70  0.36476  6.83900e+02 | 71  0.00400 -4.71387e+01 | 72  0.03174 -1.28810e+02
 73  0.01538 -7.67353e-02 | 74  0.32330  3.60010e+02 | 75  0.51799  7.33106e+00
 76 -0.36938  6.14057e+01 | 77 -0.64090 -1.57489e-02 | 78  0.11862  9.14068e+00
 79  0.38619 -2.06379e+02 |
79 variables; iteration 60; function evaluation 71; phase 4
Function value 4.2269376e+03; maximum gradient component mag -3.3262e+03
Var    Value     Gradient |Var    Value     Gradient |Var    Value     Gradient
  1 -0.62985 -3.32620e+03 |  2 -0.14382 -2.66458e+00 |  3  0.00437  1.79722e+01
  4 -0.00646  2.19549e+01 |  5 -0.06558  2.04143e+01 |  6 -0.00783  3.62246e+01
  7  0.08643  7.35687e+00 |  8 -0.05208  3.30534e+00 |  9 -0.01561  1.83177e+01
 10  0.11709  3.57228e+01 | 11  0.05124  4.47858e+01 | 12  0.00153  4.83557e+01
 13  0.05463  3.40921e+01 | 14  0.00392 -1.99025e+00 | 15  0.01149  6.44770e+01
 16  0.00333  2.58847e+01 | 17 -0.11507 -3.27015e+00 | 18 -0.02520  2.55559e+01
 19  0.03683  6.00352e+01 | 20 -0.03637 -8.37867e+00 | 21 -0.02914 -7.89263e+00
 22  0.08453  1.28255e+02 | 23 -0.04494 -7.35137e+01 | 24 -0.02008 -1.06571e+02
 25  0.07175  5.52891e+01 | 26  0.00671 -6.25417e+01 | 27 -0.00204 -6.15421e+01
 28 -0.01902 -1.32644e+02 | 29  0.02371 -1.87669e+02 | 30  0.03166 -3.07051e+02
 31  0.04188 -3.17792e+02 | 32  0.02724 -1.45484e+02 | 33 -0.00373 -1.03042e+02
 34 -0.00160  3.35912e+01 | 35  0.00744  1.49455e+02 | 36 -0.02184  1.44478e+02
 37  0.01900  8.34494e+01 | 38 -0.00586  8.17681e+00 | 39  0.00684  5.63597e+01
 40  0.04569  4.69502e+00 | 41  0.01824 -7.29211e+01 | 42  0.03983  3.68416e+01
 43  0.02048  2.39795e+01 | 44 -0.03242 -7.82928e+00 | 45 -0.01346  9.09301e+01
 46 -0.03052  4.23183e+01 | 47 -0.06862 -3.90410e+01 | 48 -0.06868 -3.15894e+01
 49 -0.75465 -2.84590e+00 | 50  0.03399  3.04891e+02 | 51 -0.47407  1.21694e-01
 52  0.30013 -5.33938e+02 | 53  0.46483  1.22302e+01 | 54  0.12455 -7.41860e+02
 55 -0.16942 -6.75895e-02 | 56  0.26770  1.48435e+03 | 57  1.25273 -1.89877e+00
 58  0.12840 -1.95191e+02 | 59 -0.45756 -1.07926e-01 | 60  0.35070  2.32637e+02
 61  0.48924 -1.49665e+02 | 62  0.53660  1.42869e+01 | 63  0.96219 -6.09271e-01
 64 -0.12324 -9.38815e+01 | 65 -0.23703  2.60937e-02 | 66  0.30374  2.06985e+02
 67  1.32726 -3.44339e+00 | 68  0.42738 -7.85013e+01 | 69 -0.19020 -1.57107e-01
 70  0.35152  2.77709e+02 | 71  0.05050 -9.19467e+00 | 72  0.02706  2.76226e+01
 73  0.07341  7.28363e+00 | 74  0.31343  1.18367e+01 | 75  0.51354  2.07242e+01
 76 -0.36928 -1.34997e+01 | 77 -1.32917  5.59561e-03 | 78  0.13374  8.34296e+01
 79  0.44695 -4.75642e+01 |
79 variables; iteration 80; function evaluation 97; phase 4
Function value 4.1795261e+03; maximum gradient component mag -1.8359e+03
Var    Value     Gradient |Var    Value     Gradient |Var    Value     Gradient
  1 -0.62710 -1.83592e+03 |  2 -0.00963  4.05562e+00 |  3 -0.01830 -3.98130e+00
  4 -0.03633 -1.01409e+01 |  5 -0.06648 -4.93284e+00 |  6 -0.03910  1.18771e+00
  7  0.05862 -7.50499e+00 |  8  0.00395  6.90175e+00 |  9 -0.04705  7.05474e+00
 10  0.09374  1.59188e+01 | 11  0.01824  8.85833e+00 | 12 -0.00165  5.93140e+00
 13  0.00799  6.60736e+00 | 14  0.00007  9.25419e+00 | 15 -0.01123  6.21325e+00
 16 -0.01201  9.57986e+00 | 17 -0.02686  2.53610e+00 | 18 -0.04542 -7.98205e+00
 19  0.03028 -1.00483e+01 | 20 -0.03101 -1.59439e+01 | 21 -0.01721 -1.43370e+01
 22  0.06618 -3.18482e+01 | 23 -0.03013 -2.53612e+01 | 24 -0.00927 -3.59931e+01
 25  0.05624 -2.31474e+01 | 26  0.01253 -1.28583e+01 | 27 -0.00967 -2.47569e+01
 28 -0.01289 -6.05500e+00 | 29  0.02861  1.30261e+01 | 30  0.04433  2.49817e+01
 31  0.05697  3.37065e+01 | 32  0.02138  8.71921e-01 | 33  0.00216 -7.21337e+00
 34 -0.00826 -7.58469e+00 | 35 -0.00629 -1.41357e+01 | 36 -0.03916 -2.05444e+01
 37  0.01126 -1.32345e+01 | 38 -0.00557  4.16092e+00 | 39 -0.00320  9.99980e-01
 40  0.04518  3.20290e+01 | 41  0.02864  2.33415e+01 | 42  0.03524  2.55816e+01
 43  0.02014  2.31343e+01 | 44 -0.02218  2.73621e+01 | 45 -0.02331  1.37668e+01
 46 -0.03503  6.18763e+00 | 47 -0.04131  2.88861e+01 | 48 -0.03007  2.52533e+01
 49 -0.09923  7.70862e+00 | 50  0.02366 -9.07027e+01 | 51 -0.61589  1.40022e-03
 52  0.29921  6.85705e+01 | 53  0.47055 -2.47660e+01 | 54  0.10958 -1.07027e+02
 55 -0.66343 -8.11637e-03 | 56  0.24420  1.19906e+02 | 57  1.36421  1.04981e+01
 58  0.10726 -1.50129e+01 | 59 -1.07534  2.49331e-02 | 60  0.34377 -4.10913e+01
 61  0.52544  1.82847e+00 | 62  0.39340  3.01957e+00 | 63  0.96177 -1.61382e-01
 64 -0.11049 -5.26984e+00 | 65 -0.51232 -6.07530e-05 | 66  0.27231 -8.69623e+00
 67  1.32406 -6.52888e-01 | 68  0.44324 -8.98554e+00 | 69 -0.03985 -6.09868e-01
 70  0.35246  1.06373e+01 | 71  0.02197 -1.22773e+01 | 72  0.02243  2.83181e+00
 73  0.11199  5.08816e+00 | 74  0.31090  1.77654e+01 | 75  0.52254  1.07222e+01
 76 -0.42800 -6.26617e+01 | 77 -1.27547  6.23382e-03 | 78  0.05530  7.71676e+01
 79  0.48874 -1.96069e+01 |
Maximum number of function evaluations exceeded

 - final statistics:
79 variables; iteration 84; function evaluation 100
Function value 4.1761e+03; maximum gradient component mag -6.2789e+02
Exit code = 3;  converg criter 1.0000e+00
Var    Value     Gradient |Var    Value     Gradient |Var    Value     Gradient
  1 -0.62571 -6.27894e+02 |  2 -0.00930  5.23636e+00 |  3 -0.01723 -2.10201e-01
  4 -0.03225 -5.31613e+00 |  5 -0.05886 -3.58572e+00 |  6 -0.05138 -1.84659e+00
  7  0.07338  9.86898e+00 |  8  0.00191  6.89955e+00 |  9 -0.06169 -3.49757e+00
 10  0.08914  8.23064e+00 | 11  0.02641  6.11539e+00 | 12  0.00458  5.43113e+00
 13 -0.00775 -2.14999e+00 | 14  0.00988  9.96845e+00 | 15 -0.01168  3.40855e+00
 16 -0.01112  1.34815e+01 | 17 -0.03325  4.66743e+00 | 18 -0.03744 -4.06874e+00
 19  0.02432 -5.88313e+00 | 20 -0.02747 -5.74496e+00 | 21 -0.01767 -7.14901e+00
 22  0.06334 -1.95532e+01 | 23 -0.02715  8.81278e-01 | 24 -0.00632 -2.00297e+00
 25  0.05427 -1.30950e+01 | 26  0.01111 -1.74903e+00 | 27 -0.00652  5.24547e-01
 28 -0.01482 -1.02947e+01 | 29  0.02716 -3.77995e+00 | 30  0.04272 -5.23586e+00
 31  0.05404 -1.83100e+00 | 32  0.02097 -8.95031e+00 | 33  0.00208 -7.53773e+00
 34 -0.00805 -3.20404e+00 | 35 -0.00577 -4.33276e+00 | 36 -0.03764 -9.53524e+00
 37  0.01180 -5.42316e+00 | 38 -0.00626 -2.18558e+00 | 39 -0.00199 -1.18835e+00
 40  0.04326  2.57023e-01 | 41  0.02941  1.06592e+01 | 42  0.03528  1.00310e+01
 43  0.02037  6.53996e+00 | 44 -0.02258  8.71145e+00 | 45 -0.02139  8.81373e+00
 46 -0.03112  1.04010e+01 | 47 -0.04405  9.14270e+00 | 48 -0.03403  6.87356e+00
 49 -0.15088  2.39295e+00 | 50  0.02182 -4.86853e+01 | 51 -1.23443  3.17502e-03
 52  0.29919  5.01585e+01 | 53  0.46838 -9.94255e+00 | 54  0.10417  4.71902e+01
 55 -1.23185  6.83795e-03 | 56  0.24013 -1.01179e+02 | 57  1.34256 -7.09308e+00
 58  0.10450 -6.60568e+00 | 59 -1.22731  1.06216e-03 | 60  0.34394 -1.60777e+01
 61  0.52371  7.84880e+00 | 62  0.34261 -4.47000e-01 | 63  1.02932  3.94041e-03
 64 -0.09700 -2.21241e+00 | 65 -0.45725  6.25269e-03 | 66  0.28093  1.21970e+00
 67  1.36162 -1.99659e+00 | 68  0.42664 -5.85089e+00 | 69  0.08311 -8.64978e-01
 70  0.35087  2.93557e+01 | 71  0.03158 -2.48606e+00 | 72  0.01015  1.41652e+01
 73  0.15344  1.99469e+01 | 74  0.30801  3.33532e+01 | 75  0.51329  2.61602e+01
 76 -0.44496 -4.68687e+01 | 77 -1.21252  8.42371e-03 | 78  0.01989  4.66877e+01
 79  0.49911 -9.42309e+00 |

Initial statistics: 94 variables; iteration 0; function evaluation 0; phase 5
Function value 4.1760847e+03; maximum gradient component mag -6.2789e+02
Var    Value     Gradient |Var    Value     Gradient |Var    Value     Gradient
  1 -0.62571 -6.27894e+02 |  2  0.00000 -3.68698e-02 |  3  0.00000 -1.71321e-02
  4  0.00000 -2.64780e-02 |  5  0.00000 -4.05532e-02 |  6  0.00000 -6.19187e-02
  7  0.00000 -9.63932e-02 |  8  0.00000 -1.56761e-01 |  9  0.00000 -2.60337e-01
 10  0.00000 -4.43952e-01 | 11  0.00000 -7.78536e-01 | 12  0.00000 -1.40287e+00
 13  0.00000 -2.56486e+00 | 14  0.00000 -4.54972e+00 | 15  0.00000 -7.08900e+00
 16  0.00000 -6.45575e+00 | 17 -0.00930  5.09201e+00 | 18 -0.01724 -3.54507e-01
 19 -0.03226 -5.46030e+00 | 20 -0.05886 -3.72946e+00 | 21 -0.05138 -1.99048e+00
 22  0.07337  9.72559e+00 | 23  0.00190  6.75519e+00 | 24 -0.06169 -3.64124e+00
 25  0.08914  8.08770e+00 | 26  0.02640  5.97116e+00 | 27  0.00458  5.28678e+00
 28 -0.00776 -2.29434e+00 | 29  0.00988  9.82411e+00 | 30 -0.01168  3.26421e+00
 31 -0.01113  1.33372e+01 | 32 -0.03326  4.52327e+00 | 33 -0.03744 -4.21285e+00
 34  0.02432 -6.02739e+00 | 35 -0.02747 -5.88918e+00 | 36 -0.01767 -7.29332e+00
 37  0.06334 -1.96968e+01 | 38 -0.02716  7.37050e-01 | 39 -0.00633 -2.14732e+00
 40  0.05427 -1.32388e+01 | 41  0.01111 -1.89336e+00 | 42 -0.00653  3.80195e-01
 43 -0.01483 -1.04390e+01 | 44  0.02715 -3.92418e+00 | 45  0.04272 -5.37990e+00
 46  0.05403 -1.97484e+00 | 47  0.02097 -9.09459e+00 | 48  0.00207 -7.68209e+00
 49 -0.00805 -3.34839e+00 | 50 -0.00577 -4.47711e+00 | 51 -0.03764 -9.67934e+00
 52  0.01179 -5.56749e+00 | 53 -0.00626 -2.32993e+00 | 54 -0.00200 -1.33271e+00
 55  0.04326  1.12996e-01 | 56  0.02940  1.05150e+01 | 57  0.03527  9.88684e+00
 58  0.02037  6.39568e+00 | 59 -0.02259  8.56717e+00 | 60 -0.02140  8.66945e+00
 61 -0.03113  1.02569e+01 | 62 -0.04406  8.99868e+00 | 63 -0.03404  6.72941e+00
 64 -0.15088  2.39295e+00 | 65  0.02182 -4.86853e+01 | 66 -0.76557 -3.17502e-03
 67  0.29919  5.01585e+01 | 68  0.46838 -9.94255e+00 | 69  0.10417  4.71902e+01
 70 -0.76815 -6.83795e-03 | 71  0.24013 -1.01179e+02 | 72  0.65744  7.09308e+00
 73  0.10450 -6.60568e+00 | 74 -0.77269 -1.06216e-03 | 75  0.34394 -1.60777e+01
 76  0.52371  7.84880e+00 | 77  0.34261 -4.47000e-01 | 78  0.97068 -3.94041e-03
 79 -0.09700 -2.21241e+00 | 80 -0.45725  6.25269e-03 | 81  0.28093  1.21970e+00
 82  0.63838  1.99659e+00 | 83  0.42664 -5.85089e+00 | 84  0.08311 -8.64978e-01
 85  0.35087  2.93557e+01 | 86  0.03158 -2.48606e+00 | 87  0.01015  1.41652e+01
 88  0.15344  1.99469e+01 | 89  0.30801  3.33532e+01 | 90  0.51329  2.61602e+01
 91 -0.44496 -4.68687e+01 | 92 -0.78748 -8.42371e-03 | 93  0.01989  4.66877e+01
 94  0.49911 -9.42309e+00 |

Intermediate statistics: 94 variables; iteration 20; function evaluation 22; phase 5
Function value 4.1731318e+03; maximum gradient component mag -8.5163e+02
Var    Value     Gradient |Var    Value     Gradient |Var    Value     Gradient
  1 -0.62177 -8.51633e+02 |  2 -0.00022 -5.16760e-02 |  3 -0.00009 -2.23043e-02
  4 -0.00013 -3.18959e-02 |  5 -0.00018 -4.57354e-02 |  6 -0.00024 -6.54666e-02
  7 -0.00033 -9.36322e-02 |  8 -0.00041 -1.34477e-01 |  9 -0.00049 -1.93300e-01
 10 -0.00049 -2.78288e-01 | 11 -0.00027 -4.00653e-01 | 12  0.00056 -5.76446e-01
 13  0.00284 -8.29289e-01 | 14  0.00797 -1.21464e+00 | 15  0.01642 -1.84538e+00
 16  0.01247 -2.50593e+00 | 17 -0.02457 -4.87316e+00 | 18 -0.01730 -5.52065e+00
 19 -0.02356 -5.17564e+00 | 20 -0.05669 -4.03719e+00 | 21 -0.04149 -3.35578e+00
 22  0.06534 -6.50468e+00 | 23 -0.00438 -4.11800e+00 | 24 -0.02402 -2.87026e+00
 25  0.08334 -1.02802e+01 | 26  0.02481 -7.53847e+00 | 27 -0.00292 -7.51966e+00
 28  0.01188 -8.65567e+00 | 29  0.00437 -8.24799e+00 | 30 -0.00699 -6.00631e+00
 31 -0.02980 -1.11594e+01 | 32 -0.03283 -1.00428e+01 | 33 -0.02708 -9.58844e+00
 34  0.02145 -1.11390e+01 | 35 -0.02481 -7.96009e-01 | 36 -0.01727 -8.46407e+00
 37  0.05946 -4.76980e+01 | 38 -0.03197 -2.10599e+01 | 39 -0.00915 -1.91496e+01
 40  0.05289 -2.89407e+01 | 41  0.00818 -2.06458e+01 | 42 -0.01008 -2.54660e+01
 43 -0.01400 -1.32907e+01 | 44  0.02607 -1.13665e+01 | 45  0.04373  7.60866e+00
 46  0.05404  8.53252e+00 | 47  0.01988 -6.55179e+00 | 48 -0.00014 -1.84736e+01
 49 -0.00970 -1.65843e+01 | 50 -0.00805 -2.17312e+01 | 51 -0.03850 -1.51353e+01
 52  0.01056 -1.51532e+01 | 53 -0.00729 -1.12727e+01 | 54 -0.00338 -1.32194e+01
 55  0.04246 -1.09823e+01 | 56  0.02886  5.73509e+00 | 57  0.03576  1.66165e+01
 58  0.01998  8.19259e+00 | 59 -0.02407  3.56450e+00 | 60 -0.02259  4.24976e+00
 61 -0.03320  3.56983e+00 | 62 -0.04646  4.34055e-01 | 63 -0.03539  9.82863e-02
 64 -0.15440  1.25014e+00 | 65  0.01164 -9.93488e+01 | 66 -0.76557 -3.35101e-03
 67  0.29733  1.40657e+02 | 68  0.46251 -1.56569e+01 | 69  0.10327 -2.23007e+01
 70 -0.76809 -7.80225e-03 | 71  0.24344  4.17670e+01 | 72  0.59166 -6.42798e+00
 73  0.08927 -1.31117e+01 | 74 -0.77268 -2.10077e-03 | 75  0.34086 -4.47692e+01
 76  0.52139 -1.56680e+00 | 77  0.31315  5.99326e-01 | 78  0.97077  3.10036e-02
 79 -0.12054 -1.14761e+01 | 80 -0.45735  5.84398e-04 | 81  0.27349  1.20965e+01
 82  0.60429 -1.26145e+00 | 83  0.38524 -1.14960e+01 | 84  0.09020 -2.70308e+00
 85  0.34432  9.11330e+00 | 86  0.04630 -1.00123e+01 | 87 -0.00629 -5.04406e+01
 88  0.11918 -1.66320e+00 | 89  0.30514  1.00923e+02 | 90  0.51280 -4.70709e+00
 91 -0.46061 -4.10616e+01 | 92 -0.78741 -7.75308e-03 | 93 -0.02222  1.87375e+01
 94  0.47013 -2.88973e+00 |
94 variables; iteration 40; function evaluation 44; phase 5
Function value 4.1727463e+03; maximum gradient component mag -7.8886e+02
Var    Value     Gradient |Var    Value     Gradient |Var    Value     Gradient
  1 -0.62120 -7.88855e+02 |  2 -0.00011 -2.93341e-02 |  3 -0.00005 -1.36668e-02
  4 -0.00007 -1.98508e-02 |  5 -0.00009 -2.89269e-02 |  6 -0.00013 -4.20574e-02
  7 -0.00017 -6.11238e-02 |  8 -0.00021 -9.01240e-02 |  9 -0.00021 -1.32671e-01
 10 -0.00013 -1.95701e-01 | 11  0.00020 -2.88815e-01 | 12  0.00113 -4.27945e-01
 13  0.00345 -6.39269e-01 | 14  0.00853 -9.76670e-01 | 15  0.01767 -1.45526e+00
 16  0.01333 -2.34884e+00 | 17 -0.02321 -5.11326e+00 | 18 -0.02051 -7.25550e+00
 19 -0.02537 -6.03165e+00 | 20 -0.05356 -2.50150e+00 | 21 -0.04051 -1.13659e+00
 22  0.06576 -4.49192e-02 | 23  0.00266  1.26067e+00 | 24 -0.02995 -1.62488e+00
 25  0.08509 -3.57700e+00 | 26  0.02598 -3.82332e+00 | 27 -0.00347 -7.35299e+00
 28  0.00959 -4.67855e+00 | 29  0.00883  1.12266e+00 | 30 -0.00894 -4.82693e+00
 31 -0.02926 -7.29166e+00 | 32 -0.03355 -6.60898e+00 | 33 -0.02921 -6.68878e+00
 34  0.02131 -9.16895e+00 | 35 -0.02517 -3.10567e+00 | 36 -0.01839 -1.15578e+01
 37  0.05997 -4.70333e+01 | 38 -0.03148 -1.89365e+01 | 39 -0.00957 -2.41411e+01
 40  0.05292 -3.57832e+01 | 41  0.00879 -2.10010e+01 | 42 -0.00930 -1.97578e+01
 43 -0.01537 -1.74075e+01 | 44  0.02661 -9.26619e+00 | 45  0.04294  4.39833e-01
 46  0.05442  1.25805e+01 | 47  0.02018 -4.29773e+00 | 48 -0.00032 -2.01822e+01
 49 -0.01001 -1.81698e+01 | 50 -0.00708 -1.38552e+01 | 51 -0.03838 -1.45801e+01
 52  0.00922 -2.84163e+01 | 53 -0.00697 -1.07296e+01 | 54 -0.00326 -1.12982e+01
 55  0.04267 -9.87191e+00 | 56  0.02853  1.01262e+00 | 57  0.03520  1.12424e+01
 58  0.02079  1.44459e+01 | 59 -0.02440  3.84832e+00 | 60 -0.02287  3.76878e+00
 61 -0.03285  6.31414e+00 | 62 -0.04612  2.76495e+00 | 63 -0.03564 -1.49360e-01
 64 -0.15935  1.14777e+00 | 65  0.00980 -1.21098e+02 | 66 -0.76559 -4.99108e-03
 67  0.29671  1.48964e+02 | 68  0.46139 -2.64891e+01 | 69  0.10121 -2.94176e+01
 70 -0.76745 -7.62341e-03 | 71  0.24272  5.00732e+01 | 72  0.59136 -5.01526e+00
 73  0.08982 -1.27161e+01 | 74 -0.77262 -2.07468e-03 | 75  0.34150 -2.36662e+01
 76  0.51832 -7.38081e+00 | 77  0.26677 -4.85197e+00 | 78  0.96567  1.05389e-01
 79 -0.11852 -8.48884e+00 | 80 -0.45785 -2.22533e-03 | 81  0.27438  4.97667e+00
 82  0.59009 -3.53705e+00 | 83  0.37339  8.49175e+00 | 84  0.24286  2.13857e+00
 85  0.34227 -3.35994e-01 | 86  0.02894  8.33783e+00 | 87  0.00350 -8.35118e+00
 88  0.05970  4.91321e+00 | 89  0.30859  7.16311e+01 | 90  0.53114  2.11728e+01
 91 -0.46140 -4.29326e+01 | 92 -0.78672 -7.63481e-03 | 93 -0.02483  1.88250e+01
 94  0.45492 -8.70157e+00 |
94 variables; iteration 60; function evaluation 67; phase 5
Function value 4.1714978e+03; maximum gradient component mag -7.7671e+02
Var    Value     Gradient |Var    Value     Gradient |Var    Value     Gradient
  1 -0.61887 -7.76706e+02 |  2 -0.00032 -3.44052e-02 |  3 -0.00013 -1.48736e-02
  4 -0.00018 -2.08113e-02 |  5 -0.00024 -2.89956e-02 |  6 -0.00033 -4.05378e-02
  7 -0.00045 -5.63007e-02 |  8 -0.00058 -7.58616e-02 |  9 -0.00073 -1.00341e-01
 10 -0.00085 -1.27173e-01 | 11 -0.00080 -1.46038e-01 | 12 -0.00026 -1.29915e-01
 13  0.00153 -1.20933e-02 | 14  0.00591  3.21599e-01 | 15  0.01378  8.97818e-01
 16  0.00964  4.66480e-01 | 17 -0.02471  7.02996e+00 | 18 -0.02304  4.74377e+00
 19 -0.02673  5.95114e+00 | 20 -0.04936  9.10985e+00 | 21 -0.04757  4.74326e+00
 22  0.06050  9.70747e-01 | 23 -0.00053  7.15616e+00 | 24 -0.02103  8.87815e+00
 25  0.08166 -9.26041e-01 | 26  0.02187 -8.24361e-01 | 27 -0.00123  4.32257e+00
 28  0.00898  2.05248e+00 | 29  0.00719  5.75899e+00 | 30 -0.00966  1.96040e+00
 31 -0.02853  1.37168e+00 | 32 -0.03235  3.06847e+00 | 33 -0.02495  3.83027e+00
 34  0.02039 -6.44637e+00 | 35 -0.02786 -6.58934e+00 | 36 -0.01937 -7.34840e+00
 37  0.06332 -1.56090e+01 | 38 -0.03021  2.56494e-01 | 39 -0.00776 -4.07988e+00
 40  0.05512 -1.52629e+01 | 41  0.01151 -3.37931e+00 | 42 -0.00771 -7.07954e+00
 43 -0.01394 -7.03708e+00 | 44  0.02748 -9.74180e+00 | 45  0.04382 -1.28439e+01
 46  0.05270 -1.88687e+01 | 47  0.02024 -8.59331e+00 | 48  0.00139 -1.59199e+00
 49 -0.00842  5.19241e+00 | 50 -0.00592  7.81235e+00 | 51 -0.03663  9.93539e+00
 52  0.01232  1.08025e+01 | 53 -0.00561  1.06427e+01 | 54 -0.00123  1.06378e+01
 55  0.04440  1.00525e+01 | 56  0.02953  1.03987e+01 | 57  0.03599  1.57407e+01
 58  0.02001  1.37201e+01 | 59 -0.02268  1.80275e+01 | 60 -0.02171  1.59262e+01
 61 -0.03367  1.04993e+01 | 62 -0.04654  1.06034e+01 | 63 -0.03471  9.63577e+00
 64 -0.21206  1.38457e-01 | 65  0.00460 -7.02608e+01 | 66 -0.76593 -3.46780e-03
 67  0.29501  6.04856e+01 | 68  0.45924 -2.16944e+01 | 69  0.09167 -7.29758e+01
 70 -0.75868 -8.16396e-03 | 71  0.23866  6.82472e+01 | 72  0.58120 -1.12718e+01
 73  0.08322 -6.45770e+01 | 74 -0.77171 -3.89861e-03 | 75  0.34170  9.20502e+01
 76  0.51528 -2.58485e+01 | 77  0.26411 -2.23006e+00 | 78  0.88538  1.31094e-01
 79 -0.12295 -5.53424e+00 | 80 -0.46452  1.45576e-03 | 81  0.27253  4.52916e+00
 82  0.58886 -1.71013e+00 | 83  0.36199 -3.62678e+00 | 84  0.22376 -8.19830e-03
 85  0.34235  3.82461e+01 | 86  0.03615  4.94518e+00 | 87 -0.00716  8.82204e+00
 88  0.06308  1.01217e+00 | 89  0.30193 -1.68148e+01 | 90  0.52724  6.10246e+00
 91 -0.45947 -7.74438e+00 | 92 -0.77735 -6.50513e-03 | 93 -0.02490  7.32541e+00
 94  0.43993 -4.15246e+00 |
94 variables; iteration 80; function evaluation 93; phase 5
Function value 4.1698644e+03; maximum gradient component mag -5.8873e+02
Var    Value     Gradient |Var    Value     Gradient |Var    Value     Gradient
  1 -0.61175 -5.88730e+02 |  2 -0.00475 -7.12358e-01 |  3 -0.00189 -2.86486e-01
  4 -0.00250 -3.80313e-01 |  5 -0.00335 -5.09668e-01 |  6 -0.00445 -6.75238e-01
  7 -0.00580 -8.76226e-01 |  8 -0.00737 -1.11043e+00 |  9 -0.00908 -1.35663e+00
 10 -0.01081 -1.59584e+00 | 11 -0.01253 -1.82671e+00 | 12 -0.01499 -2.18923e+00
 13 -0.01721 -2.53798e+00 | 14  0.00684  1.68909e+00 | 15  0.01467  3.24800e+00
 16  0.03121  8.34039e+00 | 17 -0.01619  1.69352e+01 | 18 -0.01246  1.51406e+01
 19 -0.01701  1.23320e+01 | 20 -0.08654  1.36643e+00 | 21 -0.03275  1.29157e+01
 22  0.07571  8.95537e+00 | 23 -0.01950  6.63646e-01 | 24 -0.02712  2.37808e+00
 25  0.08388 -1.00622e+01 | 26  0.02502  8.42246e+00 | 27 -0.00658  9.23343e+00
 28  0.02055  2.27479e+00 | 29 -0.00095 -6.77716e-02 | 30 -0.01726  1.87793e+00
 31 -0.00991  7.25322e+00 | 32 -0.02781  4.09353e+00 | 33 -0.04386 -4.41699e+00
 34  0.02529 -4.22351e+00 | 35 -0.02810 -2.93719e+00 | 36 -0.01955 -2.18320e+00
 37  0.06552  5.78406e+00 | 38 -0.03484 -7.88371e+00 | 39 -0.00701  4.40646e+00
 40  0.05761 -1.02833e+00 | 41  0.00866 -1.34302e+01 | 42 -0.00467  9.17083e+00
 43 -0.01404 -2.54526e-01 | 44  0.02840 -6.87623e+00 | 45  0.04492 -1.08074e+01
 46  0.05231 -2.66184e+01 | 47  0.01760 -1.57198e+01 | 48  0.00394  1.98930e+01
 49 -0.00954  7.99215e+00 | 50 -0.00545  1.56638e+01 | 51 -0.03641  1.78463e+01
 52  0.01337  2.28765e+01 | 53 -0.00509  1.80650e+01 | 54  0.00009  2.16672e+01
 55  0.04573  1.91116e+01 | 56  0.03056  1.26826e+01 | 57  0.03600  9.30399e+00
 58  0.01991  1.10299e+01 | 59 -0.02333  1.61267e+01 | 60 -0.02145  1.90394e+01
 61 -0.03323  1.80188e+01 | 62 -0.04702  1.44951e+01 | 63 -0.03688  7.44859e+00
 64 -0.22774 -8.16635e-01 | 65 -0.00680 -4.49495e+01 | 66 -0.76943 -3.27562e-03
 67  0.29201  8.42836e+00 | 68  0.45239 -3.34043e+01 | 69  0.08083 -6.69663e+01
 70 -0.71111 -5.16155e-03 | 71  0.23539  6.25914e+01 | 72  0.56200 -8.24280e+00
 73  0.06716 -7.82259e+01 | 74 -0.76741 -3.53528e-03 | 75  0.33963  1.29362e+02
 76  0.51431 -2.71264e+01 | 77  0.18332 -9.02943e-01 | 78  0.45396  4.45624e-01
 79 -0.16156 -1.19680e+01 | 80 -0.50314 -5.27796e-03 | 81  0.25649  6.14370e+00
 82  0.59107 -1.36466e+00 | 83  0.31820 -7.37108e-01 | 84  0.30614  1.85090e+00
 85  0.33550  4.02799e+01 | 86  0.01135  4.05501e+00 | 87 -0.01951  3.34076e+00
 88 -0.00718 -1.82512e+00 | 89  0.29798 -3.75046e+01 | 90  0.53040 -6.42373e+00
 91 -0.47986 -5.00152e+01 | 92 -0.72953 -2.83809e-03 | 93 -0.09306  1.26096e+01
 94  0.40513 -1.60626e+01 |
94 variables; iteration 100; function evaluation 121; phase 5
Function value 4.1652282e+03; maximum gradient component mag -1.9297e+02
Var    Value     Gradient |Var    Value     Gradient |Var    Value     Gradient
  1 -0.59399 -1.92968e+02 |  2  0.00253  5.16341e-01 |  3 -0.00427 -7.07918e-01
  4 -0.01572 -2.66736e+00 |  5  0.00785  1.38204e+00 |  6  0.01652  2.87652e+00
  7 -0.02424 -4.10949e+00 |  8  0.00507  9.17660e-01 |  9 -0.01583 -2.67982e+00
 10  0.03699  6.31503e+00 | 11 -0.00240 -5.20909e-01 | 12 -0.01482 -2.84878e+00
 13  0.01112  9.72418e-01 | 14  0.01094 -1.05584e-01 | 15  0.01111 -1.71094e+00
 16  0.00737 -2.37110e+00 | 17 -0.02578 -7.75404e-01 | 18 -0.01957  2.55377e-01
 19 -0.03069  4.69705e-01 | 20 -0.05769  1.80389e+00 | 21 -0.04779 -3.56055e-01
 22  0.05800 -3.34744e+00 | 23  0.00304 -5.49016e-01 | 24 -0.02838  3.50396e-01
 25  0.08754  9.47879e-01 | 26  0.01810 -3.20449e-01 | 27 -0.01011 -3.57214e-02
 28  0.01985  7.01920e-01 | 29  0.00286  5.48389e-01 | 30 -0.01314  2.75458e+00
 31 -0.02469 -1.09620e+00 | 32 -0.03220 -3.06927e-02 | 33 -0.02377  1.09816e+00
 34  0.02412 -3.31868e+00 | 35 -0.02299 -4.97777e-01 | 36 -0.01557 -2.43563e+00
 37  0.06440 -8.37250e+00 | 38 -0.03296 -2.15790e+00 | 39 -0.00705 -4.99160e+00
 40  0.05924 -7.63369e+00 | 41  0.01210 -3.31348e+00 | 42 -0.00725 -5.97568e+00
 43 -0.01319 -3.40892e+00 | 44  0.03047 -3.85478e+00 | 45  0.04655 -3.37481e+00
 46  0.05431 -7.91196e-01 | 47  0.01789 -1.32452e+00 | 48 -0.00025 -3.65481e+00
 49 -0.00952 -1.46919e-01 | 50 -0.00676 -6.83315e-01 | 51 -0.03853 -8.09823e-01
 52  0.01210 -5.99585e-01 | 53 -0.00596  2.73391e-03 | 54 -0.00153  6.15170e-02
 55  0.04585  1.81838e+00 | 56  0.03105  2.35306e+00 | 57  0.03660  3.21809e+00
 58  0.01956  2.53015e+00 | 59 -0.02501  9.55394e-01 | 60 -0.02318  7.91265e-01
 61 -0.03610  1.02050e+00 | 62 -0.05013 -1.55658e-01 | 63 -0.03498  8.49541e-01
 64 -0.35587  3.70351e-01 | 65 -0.02603 -3.31823e+01 | 66 -0.79288 -1.47350e-03
 67  0.28758  3.29604e+01 | 68  0.44909 -9.30896e+00 | 69  0.06526 -2.09324e+01
 70 -0.60309  5.65747e-03 | 71  0.23019  1.72954e+01 | 72  0.53593 -6.93766e+00
 73  0.04045 -1.57893e+01 | 74 -0.76112 -1.92216e-04 | 75  0.33397  9.65000e+00
 76  0.51589 -4.68403e+00 | 77  0.02125 -4.53877e+00 | 78 -0.16626  1.28490e+00
 79 -0.17096 -2.50737e+00 | 80 -0.61399 -3.55753e-03 | 81  0.25434  2.51258e+00
 82  0.56136 -1.18547e+00 | 83  0.21286 -9.14655e+00 | 84  0.41293  1.64092e-02
 85  0.30676  9.40941e+00 | 86 -0.03314 -6.26456e+00 | 87 -0.03362  1.00484e+01
 88 -0.26741  3.81555e-02 | 89  0.29759  6.12704e+00 | 90  0.53855  1.51092e+01
 91 -0.48773  2.49799e+01 | 92 -0.64552  9.28803e-03 | 93 -0.13906 -1.46416e+01
 94  0.37993  9.92570e+00 |
94 variables; iteration 120; function evaluation 146; phase 5
Function value 4.1603826e+03; maximum gradient component mag -4.1792e+01
Var    Value     Gradient |Var    Value     Gradient |Var    Value     Gradient
  1 -0.52601 -2.90629e+01 |  2 -0.00213 -1.00000e-01 |  3  0.00038  1.39656e-01
  4 -0.00123 -1.18471e-01 |  5  0.00097  2.84291e-01 |  6 -0.00210 -2.11578e-01
  7  0.00032  2.49330e-01 |  8 -0.00115  4.16115e-02 |  9 -0.00137  6.17160e-02
 10 -0.00177  5.93229e-02 | 11 -0.00027  3.90718e-01 | 12  0.00152  7.65116e-01
 13  0.00316  1.08123e+00 | 14  0.00862  2.01784e+00 | 15  0.01782  3.52592e+00
 16  0.01727  3.89365e+00 | 17 -0.02520  1.34588e+00 | 18 -0.02283 -8.03652e-02
 19 -0.03114  2.74456e-01 | 20 -0.06421  8.73673e-01 | 21 -0.04917  2.41704e-03
 22  0.06252 -4.93574e-01 | 23  0.00769  3.31073e-01 | 24 -0.02506  2.09249e-01
 25  0.09533 -3.06266e+00 | 26  0.01163 -2.58419e+00 | 27 -0.02527 -2.87247e+00
 28  0.03734 -2.57948e+00 | 29  0.00157 -5.11339e-01 | 30 -0.02783 -2.50666e+00
 31 -0.01311 -2.55439e+00 | 32 -0.03067 -1.38144e+00 | 33 -0.02450 -4.06043e-01
 34  0.02796 -1.00217e+00 | 35 -0.02239 -2.54660e+00 | 36 -0.01312 -2.50214e+00
 37  0.06580 -3.48972e+00 | 38 -0.03458 -2.69961e-01 | 39 -0.00604 -7.63912e-01
 40  0.06212 -8.78532e-01 | 41  0.01205  3.16979e-01 | 42 -0.00546  6.55645e-01
 43 -0.01272 -7.09026e-01 | 44  0.03255  1.39969e+00 | 45  0.04828  7.01473e-01
 46  0.05370 -5.48799e-01 | 47  0.01514 -1.16706e+00 | 48 -0.00159 -1.13328e+00
 49 -0.01099 -4.43416e-02 | 50 -0.00766  4.63604e-01 | 51 -0.03935  2.34247e-01
 52  0.01206 -8.46538e-02 | 53 -0.00623  8.23920e-01 | 54 -0.00160  8.18643e-01
 55  0.04584  7.19397e-01 | 56  0.03094  7.57931e-01 | 57  0.03647  1.84418e+00
 58  0.01801  2.53456e+00 | 59 -0.02651  1.80575e+00 | 60 -0.02415  2.03464e+00
 61 -0.03816  2.00852e+00 | 62 -0.05196  1.54447e+00 | 63 -0.03544  1.07185e-01
 64 -0.53682 -7.03110e-01 | 65 -0.04925 -4.17924e+01 | 66 -0.81299 -3.65576e-03
 67  0.28186  3.23534e+01 | 68  0.44385 -2.03657e+01 | 69  0.04310 -2.46557e+01
 70 -0.87019 -1.34895e-02 | 71  0.22174  1.51009e+01 | 72  0.51708 -1.14969e+01
 73  0.00980 -1.08914e+01 | 74 -0.76726 -1.24266e-03 | 75  0.32908  1.46935e+01
 76  0.51642 -2.76886e+00 | 77 -0.01003 -9.27460e-01 | 78 -0.33801 -2.72945e-01
 79 -0.24354 -1.04530e+00 | 80 -0.55007 -1.06854e-02 | 81  0.21761 -8.15272e-01
 82  0.57370 -3.96399e-01 | 83  0.18509  1.04272e+01 | 84  0.33804  3.33167e+00
 85  0.30477 -9.07454e+00 | 86  0.03035  7.13738e+00 | 87 -0.06312 -1.23318e-01
 88 -1.37265  8.71920e-03 | 89  0.28923  5.75197e+00 | 90  0.53596  3.26384e+00
 91 -0.48203  1.72909e+01 | 92 -0.88891 -1.50100e-02 | 93 -0.11421 -6.55626e+00
 94  0.34986 -8.17393e+00 |
94 variables; iteration 140; function evaluation 170; phase 5
Function value 4.1592824e+03; maximum gradient component mag -5.7157e+00
Var    Value     Gradient |Var    Value     Gradient |Var    Value     Gradient
  1 -0.47810 -5.71571e+00 |  2 -0.00181 -1.33901e-01 |  3 -0.00068 -6.76841e-02
  4 -0.00047 -2.28965e-02 |  5  0.00017  9.94136e-02 |  6 -0.00012  6.43678e-02
  7 -0.00043  2.86552e-02 |  8 -0.00026  6.81387e-02 |  9 -0.00064  4.93619e-03
 10 -0.00108 -9.38326e-02 | 11  0.00003  1.69240e-02 | 12  0.00093 -2.39992e-02
 13  0.00340 -3.24130e-02 | 14  0.00816 -4.46510e-02 | 15  0.01568 -1.28524e-01
 16  0.01820 -1.66339e-01 | 17 -0.02499  1.53545e-02 | 18 -0.02078  1.00686e-01
 19 -0.03106  1.00354e-01 | 20 -0.06677  5.16688e-02 | 21 -0.04882  1.29258e-01
 22  0.06353  3.36378e-01 | 23  0.00611  2.88652e-01 | 24 -0.02748  3.17835e-01
 25  0.09602  3.50578e-01 | 26  0.01644 -3.00933e-01 | 27 -0.03173 -3.86815e-01
 28  0.04032 -9.38317e-02 | 29  0.00428 -9.35347e-01 | 30 -0.03378 -8.96061e-01
 31 -0.01009 -4.35096e-01 | 32 -0.03270 -5.22550e-01 | 33 -0.02361 -4.99433e-01
 34  0.02906 -4.38084e-01 | 35 -0.02220  2.11830e-02 | 36 -0.01120  1.86561e-01
 37  0.06598  4.93839e-01 | 38 -0.03466  2.45277e-01 | 39 -0.00586  4.18178e-01
 40  0.06284  7.01040e-01 | 41  0.01123  3.13985e-01 | 42 -0.00505  9.07203e-02
 43 -0.01222  1.63569e-01 | 44  0.03279  5.19210e-02 | 45  0.04865 -4.21828e-02
 46  0.05383 -1.55117e-01 | 47  0.01483 -1.79379e-02 | 48 -0.00173  1.75216e-01
 49 -0.01111  2.22019e-01 | 50 -0.00777  1.95752e-01 | 51 -0.03943  1.56941e-01
 52  0.01214  2.28897e-01 | 53 -0.00623  1.11016e-01 | 54 -0.00160  9.47595e-02
 55  0.04590  1.36597e-01 | 56  0.03099  3.73279e-02 | 57  0.03645  4.47508e-03
 58  0.01768 -8.20512e-03 | 59 -0.02676  3.04984e-02 | 60 -0.02432 -5.31023e-03
 61 -0.03859 -3.78016e-02 | 62 -0.05254 -5.86626e-03 | 63 -0.03542  5.96394e-02
 64 -0.52791  9.50690e-03 | 65 -0.05245  1.64915e+00 | 66 -0.80393 -7.24591e-05
 67  0.28090 -1.56269e+00 | 68  0.44391  8.98323e-01 | 69  0.04042 -2.27271e-01
 70 -0.72264  1.08582e-03 | 71  0.22073 -1.63892e-01 | 72  0.51652 -3.48423e-01
 73  0.00546  1.13224e+00 | 74 -0.75950  6.32057e-05 | 75  0.32824 -1.20685e+00
 76  0.51650  9.37255e-01 | 77 -0.00855  3.05005e-02 | 78 -0.32390 -3.39312e-02
 79 -0.28651  2.25249e+00 | 80  0.11261  2.36235e-01 | 81  0.19079 -1.91341e+00
 82  0.54958  1.06488e+00 | 83  0.16813 -7.81908e-01 | 84  0.35405 -2.97648e-02
 85  0.29965  2.76895e+00 | 86  0.02082 -2.54980e-01 | 87 -0.08965 -4.06026e+00
 88 -2.09016 -1.36474e-01 | 89  0.27805  1.44699e+00 | 90  0.51793 -3.38678e+00
 91 -0.48121  9.42781e-01 | 92 -0.77788 -6.47989e-04 | 93 -0.10703 -1.70278e-01
 94  0.34718  3.15366e-02 |
94 variables; iteration 160; function evaluation 190; phase 5
Function value 4.1590786e+03; maximum gradient component mag 6.4615e+00
Var    Value     Gradient |Var    Value     Gradient |Var    Value     Gradient
  1 -0.38908 -5.01093e-01 |  2 -0.00147 -5.04418e-02 |  3 -0.00048 -2.87826e-02
  4 -0.00049 -1.96984e-02 |  5 -0.00029  3.01809e-02 |  6 -0.00045  2.06099e-02
  7 -0.00051  3.02717e-02 |  8 -0.00059  3.05464e-02 |  9 -0.00078  9.34947e-03
 10 -0.00088 -1.90390e-02 | 11 -0.00022  3.65108e-02 | 12  0.00075  4.54946e-02
 13  0.00303  8.16137e-02 | 14  0.00759  1.87784e-01 | 15  0.01456  2.87240e-01
 16  0.01710  3.99241e-01 | 17 -0.02520  2.72931e-01 | 18 -0.02086  2.71248e-01
 19 -0.03129  1.16509e-01 | 20 -0.06689 -1.22810e-02 | 21 -0.04864  3.93250e-03
 22  0.06396 -3.95243e-01 | 23  0.00603 -3.99293e-01 | 24 -0.02768 -2.55107e-01
 25  0.09594 -6.45775e-01 | 26  0.01754 -1.32938e-01 | 27 -0.03188  4.39631e-01
 28  0.04030 -2.26925e-01 | 29  0.00549 -3.54485e-01 | 30 -0.03374  2.88564e-01
 31 -0.00961 -4.16066e-01 | 32 -0.03235 -3.99856e-01 | 33 -0.02361 -3.80761e-01
 34  0.02870 -3.52695e-01 | 35 -0.02184  4.90266e-02 | 36 -0.01136  2.04214e-01
 37  0.06612  9.66234e-01 | 38 -0.03482  4.26395e-01 | 39 -0.00581  6.92226e-01
 40  0.06292  1.10842e+00 | 41  0.01138  5.38081e-01 | 42 -0.00505  4.81028e-01
 43 -0.01218  3.89093e-01 | 44  0.03288  4.81832e-01 | 45  0.04871  2.68117e-01
 46  0.05376 -4.50787e-02 | 47  0.01457  3.36183e-02 | 48 -0.00193  2.47656e-01
 49 -0.01128  3.06548e-02 | 50 -0.00792  5.10946e-02 | 51 -0.03959  9.41944e-02
 52  0.01203  8.15285e-02 | 53 -0.00633 -2.32963e-02 | 54 -0.00172 -3.21808e-02
 55  0.04578 -8.11501e-02 | 56  0.03085 -2.24774e-01 | 57  0.03630 -3.02280e-01
 58  0.01745 -1.94354e-01 | 59 -0.02696  3.63817e-02 | 60 -0.02448  1.06058e-01
 61 -0.03880  8.56611e-02 | 62 -0.05273  1.97212e-02 | 63 -0.03553  6.79676e-02
 64 -0.56994 -1.07466e-01 | 65 -0.05377  5.48113e-01 | 66 -0.83061 -3.78434e-03
 67  0.28054 -2.65779e+00 | 68  0.44369 -8.43549e-01 | 69  0.03961 -3.40806e+00
 70 -0.71791  1.69321e-03 | 71  0.22068  6.46153e+00 | 72  0.51552 -1.93965e-01
 73  0.00375  1.05823e+00 | 74 -0.74734  1.14097e-03 | 75  0.32794 -1.37029e+00
 76  0.51659  9.08551e-01 | 77 -0.00929  1.54620e-01 | 78 -0.32515 -2.22459e-02
 79 -0.29095 -2.63142e+00 | 80  0.12292 -7.52206e-01 | 81  0.18902  1.91086e+00
 82  0.54380 -1.77972e+00 | 83  0.16215  4.38155e-01 | 84  0.35642 -2.00820e-01
 85  0.29723 -3.28671e+00 | 86  0.02074 -5.31778e-01 | 87 -0.08609 -2.46395e+00
 88 -2.06254  7.78522e-01 | 89  0.27985  7.68212e-01 | 90  0.52222 -2.07774e+00
 91 -0.48134  1.03909e+00 | 92 -0.69155  9.86662e-03 | 93 -0.10751 -2.34165e-01
 94  0.34604  1.95544e-01 |
94 variables; iteration 180; function evaluation 210; phase 5
Function value 4.1590562e+03; maximum gradient component mag -9.6011e-02
Var    Value     Gradient |Var    Value     Gradient |Var    Value     Gradient
  1 -0.16614 -3.36234e-04 |  2 -0.00105  4.56040e-04 |  3 -0.00028  3.17416e-04
  4 -0.00034 -3.22858e-04 |  5 -0.00041 -8.63558e-05 |  6 -0.00050 -2.11375e-04
  7 -0.00060 -5.29877e-06 |  8 -0.00066 -1.84671e-04 |  9 -0.00068 -3.01445e-04
 10 -0.00054  3.11814e-04 | 11 -0.00009 -5.16193e-04 | 12  0.00104 -7.57456e-04
 13  0.00353 -1.46486e-03 | 14  0.00827 -3.01274e-03 | 15  0.01610 -6.24553e-03
 16  0.01874 -8.13984e-03 | 17 -0.02489 -4.04277e-03 | 18 -0.02093 -3.34714e-03
 19 -0.03117 -9.26972e-04 | 20 -0.06659 -1.42418e-07 | 21 -0.04870  1.53812e-03
 22  0.06385  1.23328e-02 | 23  0.00632  1.01067e-02 | 24 -0.02761  8.07158e-03
 25  0.09601  2.43946e-02 | 26  0.01742  1.21387e-02 | 27 -0.03184 -4.97269e-04
 28  0.04014  1.48779e-02 | 29  0.00563  1.09503e-02 | 30 -0.03368 -2.48839e-04
 31 -0.00978  1.17479e-02 | 32 -0.03220  9.97936e-03 | 33 -0.02353  1.05742e-02
 34  0.02882  1.58017e-02 | 35 -0.02189  1.04871e-02 | 36 -0.01134  7.27118e-03
 37  0.06601  1.26049e-02 | 38 -0.03488  6.04960e-03 | 39 -0.00590  5.93402e-03
 40  0.06283  7.55146e-03 | 41  0.01129  6.63199e-03 | 42 -0.00514  2.67118e-03
 43 -0.01226  1.66430e-03 | 44  0.03282 -1.09470e-03 | 45  0.04866 -6.03842e-03
 46  0.05372 -1.23171e-02 | 47  0.01455 -1.63899e-02 | 48 -0.00198 -2.20082e-02
 49 -0.01132 -2.28408e-02 | 50 -0.00796 -2.50743e-02 | 51 -0.03961 -2.01943e-02
 52  0.01200 -2.77871e-02 | 53 -0.00636 -1.87023e-02 | 54 -0.00174 -1.61722e-02
 55  0.04576 -1.66803e-02 | 56  0.03085 -9.52147e-03 | 57  0.03631 -6.83151e-03
 58  0.01745 -3.28216e-03 | 59 -0.02698 -2.74881e-03 | 60 -0.02450  1.06450e-03
 61 -0.03883  4.49185e-03 | 62 -0.05277  2.60766e-03 | 63 -0.03555 -1.00417e-03
 64 -0.53973  1.63360e-03 | 65 -0.05386 -4.77888e-02 | 66 -0.80274 -3.33421e-06
 67  0.28055  8.15765e-02 | 68  0.44371 -2.01904e-03 | 69  0.03923 -1.21238e-02
 70 -0.73113  5.07393e-04 | 71  0.22029  4.62712e-03 | 72  0.51570 -2.83369e-03
 73  0.00366 -2.57311e-02 | 74 -0.75685  9.56178e-05 | 75  0.32795  3.52720e-02
 76  0.51654 -3.44218e-03 | 77 -0.00964  9.86556e-04 | 78 -0.32507  4.04307e-04
 79 -0.28989  4.39853e-02 | 80  0.11915  7.59339e-03 | 81  0.18924 -4.93377e-02
 82  0.54614  1.66166e-02 | 83  0.16398  3.10876e-02 | 84  0.35447  5.62215e-03
 85  0.29828 -9.60112e-02 | 86  0.02166  6.53277e-03 | 87 -0.08669  1.80036e-02
 88 -2.06636 -1.12968e-02 | 89  0.27964  1.74024e-02 | 90  0.52182  2.40020e-02
 91 -0.48139  4.98036e-04 | 92 -0.78093 -8.19167e-04 | 93 -0.10756 -2.87739e-03
 94  0.34596 -6.03400e-03 |
94 variables; iteration 200; function evaluation 230; phase 5
Function value 4.1590562e+03; maximum gradient component mag -1.3425e-03
Var    Value     Gradient |Var    Value     Gradient |Var    Value     Gradient
  1  0.03345 -2.31848e-07 |  2 -0.00106  1.22682e-05 |  3 -0.00028  3.04306e-06
  4 -0.00034  3.99875e-06 |  5 -0.00041 -8.39170e-06 |  6 -0.00050 -9.03875e-07
  7 -0.00060  3.47486e-06 |  8 -0.00066  1.58440e-06 |  9 -0.00068  1.05888e-05
 10 -0.00054  1.92719e-05 | 11 -0.00009  1.94206e-05 | 12  0.00104  3.20306e-05
 13  0.00352  5.32755e-05 | 14  0.00826  9.00680e-05 | 15  0.01609  1.59083e-04
 16  0.01872  2.34839e-04 | 17 -0.02490  2.07691e-04 | 18 -0.02093  2.35645e-04
 19 -0.03119  2.01138e-04 | 20 -0.06659  1.19202e-04 | 21 -0.04871  1.10503e-04
 22  0.06384  9.58953e-05 | 23  0.00631  4.60097e-05 | 24 -0.02762  6.66062e-05
 25  0.09600  5.72678e-05 | 26  0.01740  6.42510e-05 | 27 -0.03185 -1.27582e-04
 28  0.04012  5.50712e-05 | 29  0.00562 -1.65679e-05 | 30 -0.03369 -1.47703e-04
 31 -0.00978  1.09492e-04 | 32 -0.03220  1.86742e-04 | 33 -0.02353  1.87843e-04
 34  0.02882  1.94804e-04 | 35 -0.02189  3.66525e-05 | 36 -0.01134  2.03663e-06
 37  0.06601 -7.81750e-05 | 38 -0.03488 -9.02217e-05 | 39 -0.00590 -9.44926e-05
 40  0.06283 -2.23046e-04 | 41  0.01129 -2.12068e-04 | 42 -0.00513 -6.98859e-05
 43 -0.01226 -1.23489e-04 | 44  0.03282 -1.30952e-04 | 45  0.04866 -1.40258e-04
 46  0.05373 -1.87886e-04 | 47  0.01456 -1.09166e-04 | 48 -0.00197  6.57617e-05
 49 -0.01131  3.84377e-05 | 50 -0.00795  9.32928e-05 | 51 -0.03961  9.80351e-05
 52  0.01201  1.23343e-04 | 53 -0.00635  9.01338e-05 | 54 -0.00173  1.04402e-04
 55  0.04577  8.91412e-05 | 56  0.03086  6.92286e-05 | 57  0.03632  4.44924e-05
 58  0.01746  9.82180e-06 | 59 -0.02698  5.00067e-05 | 60 -0.02449  5.41949e-05
 61 -0.03882  4.39710e-05 | 62 -0.05276  3.77329e-05 | 63 -0.03554  3.73607e-05
 64 -0.53990 -6.17940e-05 | 65 -0.05386  4.63648e-04 | 66 -0.80279 -9.77225e-06
 67  0.28055 -9.66871e-04 | 68  0.44371  3.94897e-05 | 69  0.03923 -7.42128e-04
 70 -0.73703 -1.39530e-06 | 71  0.22029  1.27905e-03 | 72  0.51570  1.04863e-04
 73  0.00366 -6.75139e-04 | 74 -0.75783  2.53688e-06 | 75  0.32795  1.21445e-03
 76  0.51654 -2.92996e-04 | 77 -0.00965  1.90779e-05 | 78 -0.32510  1.63772e-06
 79 -0.28988  6.54614e-04 | 80  0.11915 -2.68454e-05 | 81  0.18926 -1.04040e-03
 82  0.54612  1.59736e-04 | 83  0.16402  1.86714e-04 | 84  0.35445 -8.46277e-05
 85  0.29830 -1.34253e-03 | 86  0.02166 -1.57150e-04 | 87 -0.08667  8.39998e-04
 88 -2.06628 -9.70932e-05 | 89  0.27964 -1.28277e-03 | 90  0.52183  3.45355e-04
 91 -0.48139  3.28303e-05 | 92 -0.77313  6.33890e-06 | 93 -0.10755 -2.12575e-05
 94  0.34596  1.15101e-04 |

 - final statistics:
94 variables; iteration 210; function evaluation 240
Function value 4.1591e+03; maximum gradient component mag -6.4429e-05
Exit code = 1;  converg criter 1.0000e-04
Var    Value     Gradient |Var    Value     Gradient |Var    Value     Gradient
  1  0.11561  8.51528e-10 |  2 -0.00106  7.99345e-07 |  3 -0.00028  4.07606e-07
  4 -0.00034  3.10527e-07 |  5 -0.00041 -6.53180e-07 |  6 -0.00050 -3.77074e-07
  7 -0.00060 -1.88390e-07 |  8 -0.00066 -4.35188e-07 |  9 -0.00068 -2.23128e-08
 10 -0.00054  4.50305e-07 | 11 -0.00009 -1.90254e-07 | 12  0.00104 -1.12065e-07
 13  0.00352 -2.10843e-07 | 14  0.00826 -6.47970e-07 | 15  0.01609 -3.41980e-07
 16  0.01872 -1.77082e-07 | 17 -0.02490  8.19804e-07 | 18 -0.02094  1.83588e-06
 19 -0.03119  2.39884e-06 | 20 -0.06659  2.42787e-06 | 21 -0.04871  1.98032e-06
 22  0.06384  3.04400e-06 | 23  0.00631  1.35101e-06 | 24 -0.02762  1.96087e-06
 25  0.09600  1.58291e-06 | 26  0.01740  1.47487e-06 | 27 -0.03185 -5.36822e-07
 28  0.04012  1.45301e-07 | 29  0.00562  1.57166e-06 | 30 -0.03369 -6.53428e-08
 31 -0.00978  3.11932e-06 | 32 -0.03220  4.82181e-06 | 33 -0.02353  3.63256e-06
 34  0.02882  4.06200e-07 | 35 -0.02189 -8.05574e-06 | 36 -0.01134 -1.17309e-05
 37  0.06601 -3.60052e-05 | 38 -0.03488 -1.89300e-05 | 39 -0.00590 -2.29321e-05
 40  0.06283 -3.72843e-05 | 41  0.01129 -2.64501e-05 | 42 -0.00513 -1.80027e-05
 43 -0.01226 -1.42592e-05 | 44  0.03282 -1.16881e-05 | 45  0.04866 -2.58816e-06
 46  0.05373  6.23937e-06 | 47  0.01456  8.46272e-06 | 48 -0.00197  1.39634e-05
 49 -0.01131  1.75099e-05 | 50 -0.00795  2.05552e-05 | 51 -0.03961  1.59461e-05
 52  0.01201  2.26587e-05 | 53 -0.00635  1.73072e-05 | 54 -0.00173  1.52849e-05
 55  0.04577  1.64955e-05 | 56  0.03086  1.30215e-05 | 57  0.03632  1.12649e-05
 58  0.01746  6.59028e-06 | 59 -0.02698  4.47480e-06 | 60 -0.02449  1.52600e-06
 61 -0.03882 -1.31602e-06 | 62 -0.05276 -3.84925e-07 | 63 -0.03554  4.19660e-07
 64 -0.53989  1.18215e-07 | 65 -0.05386 -1.34021e-05 | 66 -0.80272  7.79198e-08
 67  0.28055  1.68042e-05 | 68  0.44371 -2.87885e-06 | 69  0.03923 -2.83683e-05
 70 -0.73701  7.78876e-08 | 71  0.22029  4.60300e-05 | 72  0.51570  2.11590e-06
 73  0.00366 -2.47579e-05 | 74 -0.75785  1.89974e-07 | 75  0.32795  2.96094e-05
 76  0.51654 -1.71015e-05 | 77 -0.00965 -1.31569e-06 | 78 -0.32510  2.23939e-07
 79 -0.28988  8.13550e-06 | 80  0.11915  1.14313e-06 | 81  0.18926 -8.85988e-06
 82  0.54612  3.57320e-06 | 83  0.16402 -8.25713e-06 | 84  0.35445 -1.87596e-06
 85  0.29830  1.67181e-05 | 86  0.02166 -2.66502e-06 | 87 -0.08667  3.75656e-05
 88 -2.06628 -3.19011e-06 | 89  0.27964 -6.44288e-05 | 90  0.52183  1.41103e-05
 91 -0.48139 -4.96283e-06 | 92 -0.77319  4.24207e-09 | 93 -0.10755  5.98788e-07
 94  0.34596 -6.88382e-06 |

 - final statistics:
95 variables; iteration 0; function evaluation 0
Function value 4.1591e+03; maximum gradient component mag -6.4429e-05
Exit code = 0;  converg criter 1.0000e-04
Var    Value     Gradient |Var    Value     Gradient |Var    Value     Gradient
  1  0.11561  8.52710e-10 |  2 -0.00106  7.99345e-07 |  3 -0.00028  4.07606e-07
  4 -0.00034  3.10527e-07 |  5 -0.00041 -6.53180e-07 |  6 -0.00050 -3.77074e-07
  7 -0.00060 -1.88390e-07 |  8 -0.00066 -4.35188e-07 |  9 -0.00068 -2.23128e-08
 10 -0.00054  4.50305e-07 | 11 -0.00009 -1.90254e-07 | 12  0.00104 -1.12065e-07
 13  0.00352 -2.10843e-07 | 14  0.00826 -6.47970e-07 | 15  0.01609 -3.41980e-07
 16  0.01872 -1.77082e-07 | 17 -0.02490  5.25706e-07 | 18 -0.02094  1.54171e-06
 19 -0.03119  2.10487e-06 | 20 -0.06659  2.13515e-06 | 21 -0.04871  1.68686e-06
 22  0.06384  2.75116e-06 | 23  0.00631  1.05671e-06 | 24 -0.02762  1.66683e-06
 25  0.09600  1.29192e-06 | 26  0.01740  1.18066e-06 | 27 -0.03185 -8.30777e-07
 28  0.04012 -1.48438e-07 | 29  0.00562  1.27735e-06 | 30 -0.03369 -3.59253e-07
 31 -0.00978  2.82503e-06 | 32 -0.03220  4.52787e-06 | 33 -0.02353  3.33844e-06
 34  0.02882  1.12179e-07 | 35 -0.02189 -8.34988e-06 | 36 -0.01134 -1.20251e-05
 37  0.06601 -3.62979e-05 | 38 -0.03488 -1.92239e-05 | 39 -0.00590 -2.32264e-05
 40  0.06283 -3.75772e-05 | 41  0.01129 -2.67444e-05 | 42 -0.00513 -1.82970e-05
 43 -0.01226 -1.45534e-05 | 44  0.03282 -1.19821e-05 | 45  0.04866 -2.88162e-06
 46  0.05373  5.94610e-06 | 47  0.01456  8.16847e-06 | 48 -0.00197  1.36690e-05
 49 -0.01131  1.72157e-05 | 50 -0.00795  2.02609e-05 | 51 -0.03961  1.56523e-05
 52  0.01201  2.23644e-05 | 53 -0.00635  1.70129e-05 | 54 -0.00173  1.49906e-05
 55  0.04577  1.62019e-05 | 56  0.03086  1.27275e-05 | 57  0.03632  1.09711e-05
 58  0.01746  6.29606e-06 | 59 -0.02698  4.18074e-06 | 60 -0.02449  1.23190e-06
 61 -0.03882 -1.60980e-06 | 62 -0.05276 -6.78238e-07 | 63 -0.03554  1.25796e-07
 64  0.00000  0.00000e+00 | 65 -0.53989  1.18215e-07 | 66 -0.05386 -1.34021e-05
 67 -0.80272  7.79198e-08 | 68  0.28055  1.68042e-05 | 69  0.44371 -2.87885e-06
 70  0.03923 -2.83683e-05 | 71 -0.73701  7.78876e-08 | 72  0.22029  4.60300e-05
 73  0.51570  2.11590e-06 | 74  0.00366 -2.47579e-05 | 75 -0.75785  1.89974e-07
 76  0.32795  2.96094e-05 | 77  0.51654 -1.71015e-05 | 78 -0.00965 -1.31569e-06
 79 -0.32510  2.23939e-07 | 80 -0.28988  8.13550e-06 | 81  0.11915  1.14313e-06
 82  0.18926 -8.85988e-06 | 83  0.54612  3.57319e-06 | 84  0.16402 -8.25713e-06
 85  0.35445 -1.87596e-06 | 86  0.29830  1.67181e-05 | 87  0.02166 -2.66502e-06
 88 -0.08667  3.75656e-05 | 89  0.06628  3.19011e-06 | 90  0.27964 -6.44288e-05
 91  0.52183  1.41103e-05 | 92 -0.48139 -4.96283e-06 | 93 -0.77319  4.24207e-09
 94 -0.10755  5.98788e-07 | 95  0.34596 -6.88382e-06 |
Estimating row 1 out of 95 for hessian
Estimating row 2 out of 95 for hessian
Estimating row 3 out of 95 for hessian
Estimating row 4 out of 95 for hessian
Estimating row 5 out of 95 for hessian
Estimating row 6 out of 95 for hessian
Estimating row 7 out of 95 for hessian
Estimating row 8 out of 95 for hessian
Estimating row 9 out of 95 for hessian
Estimating row 10 out of 95 for hessian
Estimating row 11 out of 95 for hessian
Estimating row 12 out of 95 for hessian
Estimating row 13 out of 95 for hessian
Estimating row 14 out of 95 for hessian
Estimating row 15 out of 95 for hessian
Estimating row 16 out of 95 for hessian
Estimating row 17 out of 95 for hessian
Estimating row 18 out of 95 for hessian
Estimating row 19 out of 95 for hessian
Estimating row 20 out of 95 for hessian
Estimating row 21 out of 95 for hessian
Estimating row 22 out of 95 for hessian
Estimating row 23 out of 95 for hessian
Estimating row 24 out of 95 for hessian
Estimating row 25 out of 95 for hessian
Estimating row 26 out of 95 for hessian
Estimating row 27 out of 95 for hessian
Estimating row 28 out of 95 for hessian
Estimating row 29 out of 95 for hessian
Estimating row 30 out of 95 for hessian
Estimating row 31 out of 95 for hessian
Estimating row 32 out of 95 for hessian
Estimating row 33 out of 95 for hessian
Estimating row 34 out of 95 for hessian
Estimating row 35 out of 95 for hessian
Estimating row 36 out of 95 for hessian
Estimating row 37 out of 95 for hessian
Estimating row 38 out of 95 for hessian
Estimating row 39 out of 95 for hessian
Estimating row 40 out of 95 for hessian
Estimating row 41 out of 95 for hessian
Estimating row 42 out of 95 for hessian
Estimating row 43 out of 95 for hessian
Estimating row 44 out of 95 for hessian
Estimating row 45 out of 95 for hessian
Estimating row 46 out of 95 for hessian
Estimating row 47 out of 95 for hessian
Estimating row 48 out of 95 for hessian
Estimating row 49 out of 95 for hessian
Estimating row 50 out of 95 for hessian
Estimating row 51 out of 95 for hessian
Estimating row 52 out of 95 for hessian
Estimating row 53 out of 95 for hessian
Estimating row 54 out of 95 for hessian
Estimating row 55 out of 95 for hessian
Estimating row 56 out of 95 for hessian
Estimating row 57 out of 95 for hessian
Estimating row 58 out of 95 for hessian
Estimating row 59 out of 95 for hessian
Estimating row 60 out of 95 for hessian
Estimating row 61 out of 95 for hessian
Estimating row 62 out of 95 for hessian
Estimating row 63 out of 95 for hessian
Estimating row 64 out of 95 for hessian
Estimating row 65 out of 95 for hessian
Estimating row 66 out of 95 for hessian
Estimating row 67 out of 95 for hessian
Estimating row 68 out of 95 for hessian
Estimating row 69 out of 95 for hessian
Estimating row 70 out of 95 for hessian
Estimating row 71 out of 95 for hessian
Estimating row 72 out of 95 for hessian
Estimating row 73 out of 95 for hessian
Estimating row 74 out of 95 for hessian
Estimating row 75 out of 95 for hessian
Estimating row 76 out of 95 for hessian
Estimating row 77 out of 95 for hessian
Estimating row 78 out of 95 for hessian
Estimating row 79 out of 95 for hessian
Estimating row 80 out of 95 for hessian
Estimating row 81 out of 95 for hessian
Estimating row 82 out of 95 for hessian
Estimating row 83 out of 95 for hessian
Estimating row 84 out of 95 for hessian
Estimating row 85 out of 95 for hessian
Estimating row 86 out of 95 for hessian
Estimating row 87 out of 95 for hessian
Estimating row 88 out of 95 for hessian
Estimating row 89 out of 95 for hessian
Estimating row 90 out of 95 for hessian
Estimating row 91 out of 95 for hessian
Estimating row 92 out of 95 for hessian
Estimating row 93 out of 95 for hessian
Estimating row 94 out of 95 for hessian
Estimating row 95 out of 95 for hessian
Warning -- Hessian does not appear to be positive definite
Hessian does not appear to be positive definite.
size of file gradfil1.tmp = 116400000
size of file gradfil2.tmp = 0
size of file varssave.tmp = 0
size of file cmpdiff.tmp = 800000032
