
 - final statistics:
1 variables; iteration 0; function evaluation 0
Function value 1.3589e+03; maximum gradient component mag 4.3242e+00
Exit code = 0;  converg criter 1.0000e+01

Initial statistics: 10 variables; iteration 0; function evaluation 0; phase 2
Function value 1.3588673e+03; maximum gradient component mag 6.2915e+02

 - final statistics:
10 variables; iteration 13; function evaluation 20
Function value 1.3428e+03; maximum gradient component mag 6.6612e-01
Exit code = 1;  converg criter 1.0000e+01

Initial statistics: 72 variables; iteration 0; function evaluation 0; phase 3
Function value 1.3427957e+03; maximum gradient component mag 2.0728e+03

Intermediate statistics: 72 variables; iteration 20; function evaluation 25; phase 3
Function value 1.3408905e+03; maximum gradient component mag 1.7380e+03
72 variables; iteration 40; function evaluation 45; phase 3
Function value 1.3406229e+03; maximum gradient component mag 1.2700e+03
72 variables; iteration 60; function evaluation 67; phase 3
Function value 1.3401350e+03; maximum gradient component mag -8.2145e+00

 - final statistics:
72 variables; iteration 73; function evaluation 84
Function value 1.3401e+03; maximum gradient component mag -4.4198e-01
Exit code = 1;  converg criter 1.0000e+00

Initial statistics: 87 variables; iteration 0; function evaluation 0; phase 4
Function value 1.3400799e+03; maximum gradient component mag 4.3984e+00

Intermediate statistics: 87 variables; iteration 20; function evaluation 25; phase 4
Function value 1.3400628e+03; maximum gradient component mag -3.5229e+02
87 variables; iteration 40; function evaluation 45; phase 4
Function value 1.3400583e+03; maximum gradient component mag -2.0329e+02
87 variables; iteration 60; function evaluation 67; phase 4
Function value 1.3400549e+03; maximum gradient component mag -5.3303e+01
87 variables; iteration 80; function evaluation 89; phase 4
Function value 1.3400542e+03; maximum gradient component mag -1.2235e+01
  ic > imax  in fminim is answer attained ?
Function minimizer not making progress ... is minimum attained?
Minimprove criterion = 0.0000e+00

 - final statistics:
87 variables; iteration 95; function evaluation 138
Function value 1.3401e+03; maximum gradient component mag -1.5665e-04
Exit code = 1;  converg criter 1.0000e-04

Initial statistics: 88 variables; iteration 0; function evaluation 0; phase 5
Function value 1.3400540e+03; maximum gradient component mag -1.5664e-04
  ic > imax  in fminim is answer attained ?
Function minimizer not making progress ... is minimum attained?
Minimprove criterion = 0.0000e+00

 - final statistics:
88 variables; iteration 1; function evaluation 30
Function value 1.3401e+03; maximum gradient component mag -1.5664e-04
Exit code = 1;  converg criter 1.0000e-04
size of file gradfil1.tmp = 0
size of file gradfil2.tmp = 0
size of file varssave.tmp = 0
size of file cmpdiff.tmp = 0
