
 - final statistics:
1 variables; iteration 0; function evaluation 0
Function value 2.9676e+03; maximum gradient component mag 1.3674e+00
Exit code = 0;  converg criter 1.0000e+01

Initial statistics: 8 variables; iteration 0; function evaluation 0; phase 2
Function value 2.9675875e+03; maximum gradient component mag 7.3203e+02

 - final statistics:
8 variables; iteration 10; function evaluation 17
Function value 2.9555e+03; maximum gradient component mag 2.8240e+00
Exit code = 1;  converg criter 1.0000e+01

Initial statistics: 75 variables; iteration 0; function evaluation 0; phase 3
Function value 2.9554709e+03; maximum gradient component mag 2.2996e+03

Intermediate statistics: 75 variables; iteration 20; function evaluation 23; phase 3
Function value 2.9538915e+03; maximum gradient component mag 1.7016e+03
75 variables; iteration 40; function evaluation 43; phase 3
Function value 2.9537524e+03; maximum gradient component mag 1.4972e+03
75 variables; iteration 60; function evaluation 65; phase 3
Function value 2.9532916e+03; maximum gradient component mag 3.9769e+02

 - final statistics:
75 variables; iteration 79; function evaluation 89
Function value 2.9532e+03; maximum gradient component mag 2.8324e-01
Exit code = 1;  converg criter 1.0000e+00

Initial statistics: 91 variables; iteration 0; function evaluation 0; phase 4
Function value 2.9531626e+03; maximum gradient component mag 1.3924e+01

Intermediate statistics: 91 variables; iteration 20; function evaluation 25; phase 4
Function value 2.9531535e+03; maximum gradient component mag -3.7346e+02
91 variables; iteration 40; function evaluation 46; phase 4
Function value 2.9531502e+03; maximum gradient component mag -2.1932e+02
91 variables; iteration 60; function evaluation 68; phase 4
Function value 2.9531472e+03; maximum gradient component mag -3.0440e+01
91 variables; iteration 80; function evaluation 96; phase 4
Function value 2.9531468e+03; maximum gradient component mag -2.9486e+00

 - final statistics:
91 variables; iteration 89; function evaluation 110
Function value 2.9531e+03; maximum gradient component mag 4.0988e-05
Exit code = 1;  converg criter 1.0000e-04

 - final statistics:
92 variables; iteration 0; function evaluation 0
Function value 2.9531e+03; maximum gradient component mag 4.0996e-05
Exit code = 0;  converg criter 1.0000e-04
size of file gradfil1.tmp = 0
size of file gradfil2.tmp = 0
size of file varssave.tmp = 0
size of file cmpdiff.tmp = 0
