
Initial statistics: 1 variables; iteration 0; function evaluation 0; phase 1
Function value 1.4979195e+03; maximum gradient component mag 1.1713e+01
Var    Value     Gradient |Var    Value     Gradient |Var    Value     Gradient
  1 -0.52088  1.17133e+01 |

 - final statistics:
1 variables; iteration 1; function evaluation 3
Function value 1.4978e+03; maximum gradient component mag 8.8691e-02
Exit code = 1;  converg criter 1.0000e+01
Var    Value     Gradient |Var    Value     Gradient |Var    Value     Gradient
  1 -0.53241  8.86912e-02 |

Initial statistics: 11 variables; iteration 0; function evaluation 0; phase 2
Function value 1.4978408e+03; maximum gradient component mag 7.7965e+01
Var    Value     Gradient |Var    Value     Gradient |Var    Value     Gradient
  1 -0.53241  8.86912e-02 |  2 -0.57498 -9.95995e-02 |  3 -0.06057  7.79647e+01
  4  0.01165  8.81927e+00 |  5 -0.00217  4.43069e+01 |  6 -0.33990  2.99288e+00
  7 -0.24738  6.44836e+00 |  8  0.13978  1.04363e+00 |  9 -0.06604  1.76341e+01
 10 -0.17832  1.54856e+00 | 11  0.03169  4.79011e+00 |

 - final statistics:
11 variables; iteration 16; function evaluation 22
Function value 1.4971e+03; maximum gradient component mag -7.8056e+00
Exit code = 1;  converg criter 1.0000e+01
Var    Value     Gradient |Var    Value     Gradient |Var    Value     Gradient
  1 -0.44770 -1.27614e+00 |  2 -0.61657 -2.55234e-02 |  3 -0.06695 -7.80557e+00
  4  0.00759 -2.22802e+00 |  5 -0.01038 -2.23803e+00 |  6 -0.35386 -1.75087e-01
  7 -0.25521 -7.99762e-01 |  8  0.13262 -3.75149e-01 |  9 -0.07328 -1.60137e+00
 10 -0.18464 -1.21072e-01 | 11  0.02766 -1.25846e+00 |

Initial statistics: 73 variables; iteration 0; function evaluation 0; phase 3
Function value 1.4971269e+03; maximum gradient component mag -1.6762e+04
Var    Value     Gradient |Var    Value     Gradient |Var    Value     Gradient
  1 -0.44770 -1.27614e+00 |  2 -0.01500 -4.16806e+00 |  3  0.01775 -4.73394e+00
  4 -0.00594 -3.65148e+00 |  5 -0.03324 -4.74282e+00 |  6 -0.01484 -5.58114e+00
  7 -0.01995 -5.86912e+00 |  8 -0.00863 -7.48929e+00 |  9 -0.00364 -1.03676e+01
 10 -0.02456 -8.48301e+00 | 11 -0.00448 -1.29095e+01 | 12  0.05662 -3.82291e+01
 13 -0.01621 -1.72223e+01 | 14 -0.00823 -2.42103e+01 | 15  0.04648 -4.80865e+01
 16  0.00151 -3.00893e+01 | 17 -0.01161 -4.79053e+00 | 18 -0.00909 -1.50244e+00
 19  0.02866  2.35298e+01 | 20  0.03014  2.23994e+01 | 21  0.05161  4.49578e+01
 22  0.00033  2.01604e+01 | 23  0.00224  1.94245e+01 | 24 -0.00572 -5.71642e+00
 25 -0.01290 -3.09035e+00 | 26 -0.02738 -3.91311e+00 | 27 -0.00123  3.70082e+00
 28 -0.01507  3.63597e+00 | 29  0.00178  1.91571e+01 | 30  0.01949  2.62093e+00
 31  0.02779 -2.26869e+00 | 32  0.03461 -2.13356e+00 | 33  0.02399  1.61349e+01
 34 -0.00957  1.74793e+01 | 35 -0.00451  1.38301e+01 | 36 -0.01505  1.82393e+01
 37 -0.04428  1.51378e+01 | 38 -0.03173  8.89443e+00 | 39 -0.61657 -2.55234e-02
 40 -0.06695 -7.80557e+00 | 41  0.27428 -1.88956e+01 | 42 -0.06797 -2.31366e+00
 43  0.00759 -2.22802e+00 | 44  0.19493  9.77723e-01 | 45 -0.00458  2.19479e+01
 46 -0.01038 -2.23803e+00 | 47  0.30871 -2.78057e+01 | 48  0.52195 -4.99103e+00
 49 -0.35386 -1.75087e-01 | 50  0.23085  6.02847e-01 | 51  0.18088  2.33085e-02
 52  0.59174  3.19221e-01 | 53 -0.25521 -7.99762e-01 | 54  0.20774  1.13479e+00
 55  0.56008  3.11542e+00 | 56  0.13262 -3.75149e-01 | 57  0.38905  1.39864e+00
 58  0.28951  3.95150e+00 | 59  0.07580  1.10437e+00 | 60 -0.07328 -1.60137e+00
 61 -0.03504 -2.94452e-01 | 62  0.27568 -2.71987e+00 | 63  0.51702 -1.33661e+00
 64 -0.45302 -1.67623e+04 | 65 -0.17401  8.53506e+02 | 66 -0.03509  6.27759e+02
 67 -0.99999 -3.04115e-02 | 68 -0.18464 -1.21072e-01 | 69  0.19080  3.08091e-01
 70  0.03868  3.04102e+00 | 71  0.02766 -1.25846e+00 | 72  0.22002  5.61134e-01
 73 -0.06938  6.90509e+00 |

Intermediate statistics: 73 variables; iteration 20; function evaluation 28; phase 3
Function value 1.4889524e+03; maximum gradient component mag -1.3973e+04
Var    Value     Gradient |Var    Value     Gradient |Var    Value     Gradient
  1 -0.42998 -3.50078e+00 |  2  0.00122 -5.21842e+00 |  3 -0.00111 -5.25727e+00
  4  0.00542  2.64147e+00 |  5 -0.00486  1.76309e+01 |  6 -0.00465  1.51397e+01
  7 -0.00589  1.24854e+01 |  8 -0.00981  2.68760e+00 |  9  0.01098  1.02379e+01
 10 -0.02087  3.69983e+00 | 11 -0.01118 -1.57641e+01 | 12  0.06250 -5.96109e+00
 13 -0.01703 -7.55578e+00 | 14 -0.00258  4.60951e+00 | 15  0.04698 -3.48160e+01
 16  0.00542 -2.05494e+01 | 17 -0.02354 -4.74417e+01 | 18 -0.00811 -1.70659e+01
 19  0.01687 -6.17600e+01 | 20  0.01929 -5.37316e+01 | 21  0.04690  8.03538e-01
 22  0.00425  3.09101e+01 | 23 -0.00862 -5.88354e+00 | 24 -0.00384  2.60884e+01
 25 -0.01398  2.82834e+01 | 26 -0.02227  4.63122e+01 | 27 -0.00385  2.06891e+01
 28 -0.01757  6.67275e+00 | 29 -0.00512  5.34298e+00 | 30  0.02137  1.98422e+01
 31  0.01919 -2.52917e+01 | 32  0.02885 -1.89395e+01 | 33  0.01903  7.15104e+00
 34 -0.01422  1.64452e+01 | 35 -0.00080  3.71547e+01 | 36 -0.04379 -5.82931e+01
 37 -0.04953  6.20338e+00 | 38 -0.01559  4.13710e+01 | 39 -0.64378  1.13277e+00
 40 -0.07557 -1.77064e+01 | 41  0.27037 -9.90683e+00 | 42 -0.06440  9.51710e+01
 43  0.00972 -1.33332e+01 | 44  0.19509 -4.61496e+00 | 45 -0.01402 -2.81048e+01
 46 -0.03668 -4.81130e+01 | 47  0.29626 -4.65448e+01 | 48  0.54194  5.80804e+00
 49 -0.35372 -3.51207e+00 | 50  0.16058 -5.67896e+00 | 51  0.18519  1.96201e+00
 52  0.55582 -4.97245e+00 | 53 -0.15110  1.26710e+01 | 54  0.27402  1.78054e+01
 55  0.48396  3.10175e-01 | 56  0.07244 -1.33438e+02 | 57  0.31698 -6.79434e+01
 58  0.27639  1.40511e+02 | 59  0.06431 -7.08612e+01 | 60 -0.06725 -1.51296e+01
 61 -0.03115 -3.98296e+00 | 62  0.27589 -2.07148e+01 | 63  0.49653 -4.61270e+01
 64 -0.45413 -1.39728e+04 | 65 -0.20675  5.43338e+02 | 66 -0.03820  1.29245e+02
 67 -0.88656 -1.83541e+02 | 68 -0.14837 -1.28982e+01 | 69  0.24203  1.02919e+01
 70 -0.01136 -3.05859e+01 | 71  0.02541 -1.71626e+01 | 72  0.21981  1.01362e+01
 73 -0.07365 -1.24524e+01 |
73 variables; iteration 40; function evaluation 52; phase 3
Function value 1.4827364e+03; maximum gradient component mag 3.6134e+03
Var    Value     Gradient |Var    Value     Gradient |Var    Value     Gradient
  1 -0.47113 -6.60405e+00 |  2  0.00144 -7.38947e+00 |  3 -0.00886 -9.33047e-01
  4  0.02813  3.11508e+01 |  5 -0.00419  2.39644e+01 |  6 -0.00340  2.95863e+01
  7 -0.00723  2.54944e+01 |  8 -0.01223  1.59117e+01 |  9  0.02057  3.24329e+01
 10 -0.02087  2.00471e+01 | 11 -0.01481 -1.44294e+01 | 12  0.05885 -3.02367e+01
 13 -0.01947 -2.03060e+01 | 14 -0.00602 -1.12621e+01 | 15  0.04411 -5.10336e+01
 16  0.00469 -2.32509e+01 | 17 -0.02641 -5.94799e+01 | 18 -0.01235 -3.45944e+01
 19  0.01695 -5.90052e+01 | 20  0.02412 -2.48118e+01 | 21  0.04890  1.75653e+01
 22  0.00513  3.23308e+01 | 23 -0.00868 -1.16365e+01 | 24 -0.00599  8.68091e+00
 25 -0.01577  1.68633e+01 | 26 -0.02182  4.97299e+01 | 27 -0.00241  3.16352e+01
 28 -0.01581  1.89661e+01 | 29 -0.00408  9.45355e+00 | 30  0.01937  5.76851e+00
 31  0.01620 -4.22951e+01 | 32  0.02859 -2.33110e+01 | 33  0.01936  7.70117e+00
 34 -0.01766  8.34781e+00 | 35  0.00201  4.68649e+01 | 36 -0.05005 -7.42294e+01
 37 -0.03937  3.14024e+01 | 38 -0.02062  3.09672e+01 | 39 -0.90652 -3.80574e-02
 40 -0.07700 -5.36214e+01 | 41  0.26781 -6.25941e+01 | 42 -0.06556 -5.52345e+01
 43 -0.00336 -1.07823e+01 | 44  0.18351 -9.52352e+00 | 45 -0.00145  1.66741e+01
 46 -0.03148 -3.91381e+01 | 47  0.29765 -6.09823e+01 | 48  0.53732 -5.30231e+00
 49 -0.23223  1.38303e+00 | 50 -0.07172 -2.37344e+00 | 51  0.25866 -2.19134e-01
 52  0.73341 -2.71376e+00 | 53 -0.11547  3.63136e+01 | 54  0.29210  4.55579e+00
 55  0.46706  6.63387e+00 | 56  0.09864 -1.08365e+02 | 57  0.16498 -1.61091e+01
 58  0.28773  1.35800e+02 | 59  0.16480 -4.33590e+01 | 60 -0.07787  2.58996e+01
 61  0.08830  1.31008e+00 | 62  0.27083 -3.93344e+01 | 63  0.48657 -1.54592e+01
 64 -0.45419  3.61342e+03 | 65 -0.22176 -7.05254e+01 | 66 -0.04168 -2.16148e+02
 67 -0.85435 -2.03904e+02 | 68  0.03142 -8.15070e-01 | 69  0.36389  2.86169e+01
 70 -0.03112  5.00031e+00 | 71  0.02727 -4.49247e+00 | 72  0.22115  8.79646e+00
 73 -0.06964  1.24819e+01 |
73 variables; iteration 60; function evaluation 78; phase 3
Function value 1.4748638e+03; maximum gradient component mag 1.1354e+04
Var    Value     Gradient |Var    Value     Gradient |Var    Value     Gradient
  1 -0.49823 -1.15559e+01 |  2  0.02587  1.56613e+01 |  3 -0.04252 -2.16559e+01
  4  0.02039  1.37298e+01 |  5 -0.00796  2.08223e+01 |  6 -0.00069  3.04084e+01
  7  0.00312  3.29900e+01 |  8 -0.03055  6.76539e+00 |  9  0.02110  4.17333e+01
 10 -0.00282  4.91017e+01 | 11 -0.01862 -5.76977e+00 | 12  0.05563 -3.04763e+01
 13 -0.01998 -1.77456e+01 | 14 -0.01103 -2.53480e+01 | 15  0.03889 -6.09129e+01
 16  0.00882 -4.24622e+00 | 17 -0.03520 -8.59663e+01 | 18 -0.01049 -3.29461e+01
 19  0.01235 -9.44675e+01 | 20  0.02368 -3.42071e+01 | 21  0.05676  5.04698e+01
 22 -0.00007  2.38560e+01 | 23  0.00225  2.97067e+01 | 24 -0.01204 -1.30974e+01
 25 -0.01942 -3.65839e+00 | 26 -0.02017  5.78731e+01 | 27 -0.00188  3.10641e+01
 28 -0.02014 -6.77579e-01 | 29 -0.00017  1.50366e+01 | 30  0.01456 -2.19899e+01
 31  0.01294 -6.41678e+01 | 32  0.02862 -2.08241e+01 | 33  0.02503  4.18191e+01
 34 -0.01559  3.08613e+01 | 35  0.00816  6.89338e+01 | 36 -0.06397 -1.15471e+02
 37 -0.03134  4.88371e+01 | 38  0.00766  8.43632e+01 | 39 -1.02734  7.79971e-02
 40 -0.07442 -9.75793e+01 | 41  0.26842 -6.90106e+01 | 42 -0.06785 -2.06507e+02
 43 -0.02823 -5.90029e+01 | 44  0.15948  5.12534e+00 | 45  0.01397  3.27344e+01
 46 -0.00186 -3.03689e+00 | 47  0.31084 -4.28200e+01 | 48  0.51161 -4.37871e+01
 49 -0.18023  6.19220e+00 | 50 -1.04879  4.30812e-02 | 51  0.27754 -7.10851e+00
 52  0.97052 -3.59473e-02 | 53 -0.13954  2.01115e+01 | 54  0.28039  2.58806e+01
 55  0.49660  1.72294e+01 | 56  0.03392 -1.10440e+02 | 57 -0.01376 -9.99641e-01
 58  0.25175  1.13602e+02 | 59  0.30044 -1.02123e+01 | 60 -0.08036 -3.05503e+01
 61  0.01129 -5.02351e+00 | 62  0.27458  1.53932e+01 | 63  0.50249 -3.56102e+01
 64 -0.45461  1.13542e+04 | 65 -0.24896 -2.53669e+02 | 66 -0.04483 -7.46141e+02
 67 -0.76532 -2.22469e+02 | 68  0.01081 -1.32348e+01 | 69  0.37621  5.37218e+01
 70 -0.02984  7.56225e+00 | 71  0.02337  1.11797e+01 | 72  0.21447 -1.83071e+01
 73 -0.06554  1.86426e+01 |
Maximum number of function evaluations exceeded

 - final statistics:
73 variables; iteration 78; function evaluation 100
Function value 1.4584e+03; maximum gradient component mag 5.6236e+03
Exit code = 3;  converg criter 1.0000e+00
Var    Value     Gradient |Var    Value     Gradient |Var    Value     Gradient
  1 -0.53354 -3.32110e+01 |  2  0.05853  4.45327e+01 |  3 -0.10889 -4.15183e+01
  4  0.03618  3.13214e+01 |  5 -0.00013  1.82299e+01 |  6 -0.03181  2.85987e+00
  7  0.01104  2.49303e+01 |  8 -0.01025  1.29649e+00 |  9 -0.01897 -1.06365e+01
 10  0.00010  3.21068e+01 | 11 -0.01518 -5.61231e+00 | 12  0.05928 -1.09483e+01
 13 -0.02743 -3.98789e+01 | 14 -0.00343  8.07653e+00 | 15  0.04458 -2.44404e+01
 16  0.00587 -1.87019e+01 | 17 -0.03248 -9.44691e+01 | 18 -0.01576 -5.13908e+01
 19  0.01881 -9.74860e+01 | 20  0.02022 -6.30564e+01 | 21  0.05737  1.68356e+01
 22  0.00183  2.25259e+01 | 23  0.00269  2.89032e+01 | 24 -0.00303  3.24197e+01
 25 -0.02028 -8.67181e-01 | 26 -0.01726  7.21081e+01 | 27 -0.00166  2.90494e+01
 28 -0.01392  2.35862e+01 | 29  0.00398  2.58598e+01 | 30  0.01476 -2.69882e+01
 31  0.01687 -6.16928e+01 | 32  0.02045 -4.63909e+01 | 33  0.04913  1.44204e+02
 34 -0.03711 -2.17743e+01 | 35  0.02467  1.25396e+02 | 36 -0.07778 -1.55297e+02
 37 -0.04634  1.01960e+01 | 38  0.03665  1.35923e+02 | 39 -1.11739  5.41074e-02
 40 -0.06298 -1.14099e+02 | 41  0.27489 -1.42910e+01 | 42 -0.07142 -2.73769e+02
 43 -0.03977 -9.01259e+01 | 44  0.14473  5.92157e+00 | 45  0.02115  1.59308e+01
 46  0.00519 -2.70347e+01 | 47  0.31499  1.19299e+01 | 48  0.50974 -5.24764e+01
 49 -0.12561  5.08501e+00 | 50 -1.51052  1.66512e-01 | 51  0.30040 -9.50143e+00
 52  0.78177 -2.01216e+00 | 53 -0.12075 -6.16890e+00 | 54  0.27804  2.30905e+01
 55  0.44975 -1.89068e+01 | 56  0.02969 -1.18180e+02 | 57 -0.12887 -3.25948e-01
 58  0.24681  1.15517e+02 | 59  0.31417 -1.10392e+01 | 60 -0.07072 -6.25655e+01
 61 -0.09359 -3.30768e+00 | 62  0.27847  3.34976e+01 | 63  0.50628 -5.43305e+01
 64 -0.45608  5.62361e+03 | 65 -0.30767 -4.51475e+01 | 66 -0.04168 -1.05890e+03
 67 -0.65049 -1.12037e+02 | 68  0.02779 -7.17653e+00 | 69  0.37463  3.62068e+01
 70 -0.04488 -7.37343e+00 | 71  0.00131  7.75619e-01 | 72  0.19164 -4.01568e+01
 73 -0.05440  1.64440e+01 |

Initial statistics: 93 variables; iteration 0; function evaluation 0; phase 4
Function value 1.4584377e+03; maximum gradient component mag 5.6236e+03
Var    Value     Gradient |Var    Value     Gradient |Var    Value     Gradient
  1 -0.53354 -3.32110e+01 |  2 -0.00023 -8.71811e-02 |  3 -0.00024 -8.12371e-02
  4 -0.00025 -4.95414e-02 |  5 -0.00019  2.26385e-02 |  6  0.00002  1.76776e-01
  7  0.00050  4.85394e-01 |  8  0.00149  1.06746e+00 |  9  0.00320  2.06384e+00
 10  0.00557  3.61815e+00 | 11  0.00404  4.79490e+00 | 12 -0.02236 -1.76982e+00
 13 -0.02238 -3.37732e+00 | 14 -0.03309 -6.57036e+00 | 15 -0.05959 -1.44954e+01
 16 -0.04128 -1.66331e+01 | 17  0.04569 -1.87987e+01 | 18  0.00633 -9.90000e+00
 19 -0.01457 -5.49213e+00 | 20  0.07087  1.45930e+00 | 21  0.01602 -1.03268e+01
 22  0.05848  4.29693e+01 | 23 -0.10893 -4.30651e+01 | 24  0.03613  2.97538e+01
 25 -0.00017  1.66596e+01 | 26 -0.03186  1.29153e+00 | 27  0.01099  2.33602e+01
 28 -0.01030 -2.73604e-01 | 29 -0.01902 -1.22061e+01 | 30  0.00005  3.05365e+01
 31 -0.01523 -7.18215e+00 | 32  0.05923 -1.25119e+01 | 33 -0.02747 -4.14476e+01
 34 -0.00348  6.50625e+00 | 35  0.04453 -2.60070e+01 | 36  0.00582 -2.02722e+01
 37 -0.03252 -9.60370e+01 | 38 -0.01581 -5.29605e+01 | 39  0.01876 -9.90558e+01
 40  0.02018 -6.46261e+01 | 41  0.05732  1.52718e+01 | 42  0.00178  2.09556e+01
 43  0.00265  2.73329e+01 | 44 -0.00307  3.08494e+01 | 45 -0.02032 -2.43668e+00
 46 -0.01731  7.05383e+01 | 47 -0.00171  2.74791e+01 | 48 -0.01397  2.20162e+01
 49  0.00393  2.42895e+01 | 50  0.01471 -2.85581e+01 | 51  0.01682 -6.32627e+01
 52  0.02041 -4.79605e+01 | 53  0.04909  1.42639e+02 | 54 -0.03715 -2.33419e+01
 55  0.02462  1.23827e+02 | 56 -0.07782 -1.56854e+02 | 57 -0.04638  8.62978e+00
 58  0.03660  1.34356e+02 | 59 -0.88261 -5.41074e-02 | 60 -0.06298 -1.14099e+02
 61  0.27489 -1.42910e+01 | 62 -0.07142 -2.73769e+02 | 63 -0.03977 -9.01259e+01
 64  0.14473  5.92157e+00 | 65  0.02115  1.59308e+01 | 66  0.00519 -2.70347e+01
 67  0.31499  1.19299e+01 | 68  0.50974 -5.24764e+01 | 69 -0.12561  5.08501e+00
 70 -0.48948 -1.66512e-01 | 71  0.30040 -9.50143e+00 | 72  0.78177 -2.01216e+00
 73 -0.12075 -6.16890e+00 | 74  0.27804  2.30905e+01 | 75  0.44975 -1.89068e+01
 76  0.02969 -1.18180e+02 | 77 -0.12887 -3.25948e-01 | 78  0.24681  1.15517e+02
 79  0.31417 -1.10392e+01 | 80 -0.07072 -6.25655e+01 | 81 -0.09359 -3.30768e+00
 82  0.27847  3.34976e+01 | 83  0.50628 -5.43305e+01 | 84 -0.45608  5.62361e+03
 85 -0.30767 -4.51475e+01 | 86 -0.04168 -1.05890e+03 | 87 -0.65049 -1.12037e+02
 88  0.02779 -7.17653e+00 | 89  0.37463  3.62068e+01 | 90 -0.04488 -7.37343e+00
 91  0.00131  7.75619e-01 | 92  0.19164 -4.01568e+01 | 93 -0.05440  1.64440e+01

Intermediate statistics: 93 variables; iteration 20; function evaluation 24; phase 4
Function value 1.4241733e+03; maximum gradient component mag 2.1819e+03
Var    Value     Gradient |Var    Value     Gradient |Var    Value     Gradient
  1 -0.56941 -7.45704e+01 |  2 -0.00075 -7.81808e-02 |  3 -0.00097 -9.89255e-02
  4 -0.00133 -1.29812e-01 |  5 -0.00181 -1.69166e-01 |  6 -0.00247 -2.21019e-01
  7 -0.00340 -2.89399e-01 |  8 -0.00466 -3.75692e-01 |  9 -0.00628 -4.86849e-01
 10 -0.00810 -6.42646e-01 | 11 -0.01168 -9.26470e-01 | 12 -0.02446 -7.85473e-01
 13 -0.02454 -1.78821e+00 | 14 -0.03592 -3.45273e+00 | 15 -0.05914 -5.18130e+00
 16 -0.04267 -6.12415e+00 | 17  0.04249 -7.09314e+00 | 18  0.00539 -3.62469e+00
 19 -0.01044 -5.50432e-01 | 20  0.06570 -1.23330e+00 | 21  0.01718 -2.72481e+00
 22  0.00118  7.09282e+00 | 23  0.00867  1.68673e+00 | 24 -0.00223  5.68899e+00
 25 -0.02346  3.84894e+00 | 26 -0.01717  3.02592e+00 | 27 -0.01630  4.98507e+00
 28 -0.01084  5.13846e-01 | 29  0.00369 -1.59221e+00 | 30 -0.02745  4.19580e+00
 31 -0.00533 -1.06377e+00 | 32  0.05904  8.64310e+00 | 33 -0.01651  1.93962e+00
 34 -0.00431  7.12949e+00 | 35  0.04709 -1.72257e+01 | 36  0.00418 -1.82707e+01
 37 -0.01636 -4.13612e+01 | 38 -0.01688 -3.61935e+01 | 39  0.02441 -7.39199e+01
 40  0.02324 -4.25055e+01 | 41  0.05614 -6.01319e+00 | 42  0.00238  1.19191e+01
 43  0.00611  2.67152e+01 | 44 -0.00341  3.82835e+01 | 45 -0.01155  3.25205e+01
 46 -0.02403  4.87290e+01 | 47  0.00149  3.35500e+01 | 48 -0.01575  9.62173e+00
 49  0.00047  5.47875e-04 | 50  0.01770 -1.15777e+01 | 51  0.02173 -2.15419e+01
 52  0.02780 -1.30863e+01 | 53  0.03094  5.75494e+01 | 54 -0.02381  1.17743e+00
 55  0.00478  5.39641e+01 | 56 -0.03528 -4.91562e+01 | 57 -0.05265  3.11271e-02
 58 -0.01564  3.64325e+01 | 59 -0.87985 -2.64075e-01 | 60 -0.04324  1.18825e+02
 61  0.27025 -6.52414e+02 | 62 -0.08440 -7.43773e+02 | 63 -0.00682 -1.50037e+02
 64  0.18435  9.77509e+01 | 65  0.00951 -2.28264e+01 | 66  0.00614 -1.46463e+02
 67  0.32015  1.97496e+02 | 68  0.51729 -6.76980e+01 | 69 -0.11977  7.11870e-01
 70 -0.48685 -2.08155e-01 | 71  0.30829 -2.68219e+00 | 72  0.81133 -2.07964e+00
 73 -0.19523 -6.40880e+00 | 74  0.24289  7.65308e+00 | 75  0.52865 -4.87186e+00
 76  0.13874 -5.87170e+01 | 77 -0.12864 -8.69411e-02 | 78  0.29675  1.01301e+02
 79  0.30902 -2.16360e+00 | 80 -0.05603 -5.02934e+01 | 81 -0.09220 -1.85968e+00
 82  0.28584  5.15429e+01 | 83  0.51360 -2.82628e+01 | 84 -0.45647  2.18186e+03
 85 -0.30806 -2.45277e+01 | 86 -0.03386 -8.19326e+02 | 87 -0.57297  4.24329e+00
 88 -0.02197 -3.03135e+00 | 89  0.32282  2.50126e+01 | 90  0.03160  9.69514e+00
 91  0.03715 -3.07772e+01 | 92  0.22443  2.36761e+01 | 93 -0.06875 -1.52117e+01
93 variables; iteration 40; function evaluation 46; phase 4
Function value 1.4147651e+03; maximum gradient component mag 1.6160e+03
Var    Value     Gradient |Var    Value     Gradient |Var    Value     Gradient
  1 -0.57818 -1.07102e+02 |  2 -0.00053 -4.13919e-02 |  3 -0.00074 -7.42405e-02
  4 -0.00112 -1.39990e-01 |  5 -0.00163 -2.38922e-01 |  6 -0.00236 -4.00103e-01
  7 -0.00343 -6.57999e-01 |  8 -0.00480 -1.00522e+00 |  9 -0.00634 -1.35082e+00
 10 -0.00776 -1.38651e+00 | 11 -0.01303 -1.58348e+00 | 12 -0.02873 -2.85901e+00
 13 -0.03084 -2.19438e+00 | 14 -0.03889 -1.52634e+00 | 15 -0.05359 -2.32543e+00
 16 -0.03342  4.63330e-01 | 17  0.04551 -1.03355e+00 | 18 -0.00449 -5.33286e+00
 19 -0.02230 -4.32731e+00 | 20  0.05812  6.14861e+00 | 21  0.03219  7.85484e+00
 22  0.02800  3.04879e+01 | 23 -0.03915 -1.11406e+01 | 24  0.01212  1.65367e+00
 25 -0.00920  4.87881e-01 | 26 -0.04417 -1.50788e+01 | 27 -0.03113 -1.54037e+01
 28 -0.01786 -1.69952e+01 | 29 -0.00097 -1.16309e+01 | 30 -0.02311  1.58178e+00
 31 -0.00027  3.80162e+00 | 32  0.05789 -6.15686e+00 | 33 -0.01661 -1.15611e+01
 34 -0.00753 -1.77829e+01 | 35  0.04648 -3.15643e+01 | 36  0.00584 -1.71231e+01
 37 -0.01352 -3.41106e+01 | 38 -0.01551 -2.36361e+01 | 39  0.03158 -2.70006e+01
 40  0.02731 -1.16013e+01 | 41  0.05806 -6.51850e-01 | 42  0.00069 -2.96696e+00
 43  0.00417  6.30142e+00 | 44 -0.00349  3.52619e+01 | 45 -0.00473  5.83604e+01
 46 -0.02834  2.65110e+01 | 47  0.00126  1.92427e+01 | 48 -0.01383  1.33058e+01
 49  0.00256  9.02012e+00 | 50  0.01989  2.67665e+00 | 51  0.02627  5.81130e+00
 52  0.03331  1.03339e+01 | 53  0.02602  2.84050e+01 | 54 -0.02243 -6.50262e+00
 55 -0.00019  3.18951e+01 | 56 -0.02555 -1.84606e+01 | 57 -0.04588  1.66956e+01
 58 -0.01617  3.38243e+01 | 59 -0.73967 -3.83873e-01 | 60 -0.04314 -2.91291e+01
 61  0.27733 -2.53435e+02 | 62 -0.07784 -4.95456e+02 | 63  0.00256 -1.23232e+02
 64  0.18973  7.69188e+01 | 65  0.00663 -3.25899e+01 | 66 -0.00051 -1.40996e+02
 67  0.31396  1.37750e+02 | 68  0.52687 -5.79569e+01 | 69 -0.08831 -2.70048e+00
 70 -0.42198 -8.44493e-01 | 71  0.31054 -9.72328e+00 | 72  1.32219  1.03074e+01
 73 -0.08933  1.07539e+01 | 74  0.29765  2.02899e+01 | 75  0.44730 -1.28874e+01
 76  0.14048 -5.43079e+01 | 77 -0.11908 -1.20247e-01 | 78  0.29371  8.69343e+01
 79  0.30049 -3.19919e+00 | 80 -0.05399 -5.52594e+01 | 81 -0.06066 -2.68459e+00
 82  0.28674  5.75042e+01 | 83  0.51664 -2.82426e+01 | 84 -0.45656  1.61598e+03
 85 -0.31058 -1.56285e+01 | 86 -0.02922 -5.32064e+02 | 87 -0.55490  1.68052e+01
 88 -0.12227 -1.03127e+01 | 89  0.25017  1.52834e+01 | 90  0.40323  6.47725e-02
 91  0.04454 -2.97528e+01 | 92  0.22779  2.14610e+01 | 93 -0.07172 -2.78639e+01
93 variables; iteration 60; function evaluation 67; phase 4
Function value 1.4048510e+03; maximum gradient component mag 1.1843e+03
Var    Value     Gradient |Var    Value     Gradient |Var    Value     Gradient
  1 -0.58241 -4.96111e+01 |  2 -0.00026 -1.82309e-01 |  3 -0.00026 -2.44145e-01
  4 -0.00018 -3.14244e-01 |  5 -0.00000 -4.38483e-01 |  6  0.00035 -6.53958e-01
  7  0.00104 -1.04214e+00 |  8  0.00215 -1.82851e+00 |  9  0.00306 -3.53748e+00
 10  0.00033 -7.33283e+00 | 11 -0.00618 -1.01261e+01 | 12 -0.01925 -1.93926e+00
 13 -0.01479  2.33700e+00 | 14 -0.02646  8.03951e-01 | 15 -0.06039 -5.33539e+00
 16 -0.04776 -9.38470e+00 | 17  0.04040 -1.18457e+01 | 18  0.00506 -6.23464e+00
 19 -0.01668 -1.79475e+00 | 20  0.07837  1.26147e+01 | 21  0.01668  3.71174e+00
 22 -0.01089  6.23880e+00 | 23  0.02978  1.10413e+01 | 24 -0.01270 -3.79851e+00
 25 -0.03320 -1.26467e+00 | 26 -0.01321 -2.05241e+00 | 27 -0.02428 -5.73790e+00
 28 -0.00792 -5.48102e+00 | 29  0.00430 -7.98574e+00 | 30 -0.04353 -1.06589e+01
 31  0.00321 -1.29523e+00 | 32  0.05592 -2.05242e+01 | 33 -0.01371 -1.07214e+00
 34 -0.00405 -4.06883e-01 | 35  0.04698 -1.84228e+01 | 36  0.00694 -4.00714e+00
 37 -0.00774 -2.91141e+00 | 38 -0.01621 -9.10678e+00 | 39  0.03276 -4.34266e+00
 40  0.02747 -1.87386e+00 | 41  0.05510 -1.19665e+01 | 42 -0.00316 -1.52982e+01
 43  0.00555  7.89378e+00 | 44 -0.00651  7.06059e+00 | 45 -0.01451  1.94818e+00
 46 -0.02341  3.45552e+01 | 47 -0.00097  5.11242e+00 | 48 -0.01296  1.30738e+01
 49  0.00091  3.16875e+00 | 50  0.02196  1.44432e+01 | 51  0.02768  1.57296e+01
 52  0.03237  6.02832e+00 | 53  0.02742  3.05590e+01 | 54 -0.02125 -8.56519e+00
 55 -0.00904 -4.56165e+00 | 56 -0.02185 -1.11937e+01 | 57 -0.05378 -2.00700e+00
 58 -0.02273  1.92297e+01 | 59 -0.46182  1.49619e+00 | 60 -0.04092 -1.07756e+02
 61  0.28392  3.20033e+01 | 62 -0.07405 -2.92052e+02 | 63  0.02769 -8.69358e+01
 64  0.21103  8.56965e+01 | 65 -0.00154 -3.22164e+01 | 66  0.00572 -6.48621e+01
 67  0.31287  4.06085e+01 | 68  0.52705 -2.77365e+01 | 69 -0.02296  9.05437e-01
 70 -0.29517 -8.64365e-01 | 71  0.33889 -1.00189e+01 | 72  1.33053  5.11532e+00
 73 -0.22866 -1.67848e+01 | 74  0.23011  2.00667e+01 | 75  0.56649 -5.05664e+00
 76  0.15257 -2.21366e+01 | 77 -0.10010 -7.82994e-02 | 78  0.29166  2.73332e+01
 79  0.31091 -1.30261e+00 | 80 -0.05617  6.44854e+00 | 81  0.04639  5.07862e-01
 82  0.27848 -1.59694e+01 | 83  0.51126 -2.38298e-01 | 84 -0.45666  1.18427e+03
 85 -0.31457 -6.39003e+00 | 86 -0.02247 -3.67909e+01 | 87 -0.53988  5.73502e+00
 88 -0.08925 -6.01085e+00 | 89  0.28994  1.48374e+01 | 90  0.01220 -9.73718e+00
 91  0.04061 -8.44750e+00 | 92  0.22352  3.30383e+00 | 93 -0.06447  2.47354e+00
93 variables; iteration 80; function evaluation 92; phase 4
Function value 1.4012899e+03; maximum gradient component mag -3.7501e+02
Var    Value     Gradient |Var    Value     Gradient |Var    Value     Gradient
  1 -0.58914  1.78018e+00 |  2 -0.00001  7.61586e-02 |  3  0.00037  2.03109e-01
  4  0.00130  5.18887e-01 |  5  0.00275  9.67361e-01 |  6  0.00498  1.61004e+00
  7  0.00768  2.24551e+00 |  8  0.00699  1.39266e+00 |  9 -0.00857 -4.86666e+00
 10 -0.01038 -6.79498e+00 | 11 -0.00339 -4.19851e+00 | 12 -0.01971  2.33366e+00
 13 -0.01098  8.27955e+00 | 14 -0.03196  1.19565e+00 | 15 -0.06824 -6.09977e+00
 16 -0.03392  2.50014e+00 | 17  0.03783 -6.26209e+00 | 18  0.01437  4.70872e-01
 19 -0.02809 -8.30470e+00 | 20  0.07094  9.71961e-01 | 21  0.02039  4.27212e+00
 22 -0.00963  2.66866e+00 | 23  0.01460 -1.67097e+00 | 24 -0.01230 -3.09714e+00
 25 -0.03345  1.08394e+00 | 26 -0.00400  9.00213e+00 | 27 -0.02925 -2.55549e+00
 28 -0.00750  1.99920e+00 | 29  0.00626  5.62260e+00 | 30 -0.03189 -1.78780e+00
 31  0.00199  4.86811e+00 | 32  0.05871 -7.11645e+00 | 33 -0.01325 -4.28375e-01
 34 -0.00316  4.63913e+00 | 35  0.05016 -8.36907e-02 | 36  0.00688 -2.78933e+00
 37 -0.00984 -8.76861e+00 | 38 -0.01581 -5.22182e+00 | 39  0.03216 -5.03030e+00
 40  0.02677 -3.79066e+00 | 41  0.05488 -5.72943e+00 | 42 -0.00149 -8.49165e+00
 43  0.00512  1.60348e+00 | 44 -0.00870 -9.21527e+00 | 45 -0.01276 -5.11408e+00
 46 -0.02931  1.84213e+00 | 47 -0.00001 -2.80157e+00 | 48 -0.01475  2.10998e+00
 49  0.00069 -1.96633e+00 | 50  0.02115  4.65532e+00 | 51  0.02731  9.17528e+00
 52  0.03492  8.64304e+00 | 53  0.02265  7.96716e+00 | 54 -0.01621  3.32771e+00
 55 -0.00789 -4.59210e-01 | 56 -0.01847 -2.60781e+00 | 57 -0.05484 -3.69765e+00
 58 -0.02985  5.64029e+00 | 59 -0.48091  2.28308e-01 | 60 -0.04351 -1.13003e+02
 61  0.28334  8.03459e+01 | 62 -0.06844 -1.65908e+02 | 63  0.02131 -2.45150e+01
 64  0.19937  4.00253e+00 | 65  0.01022 -7.31437e+00 | 66  0.02841 -1.27455e+01
 67  0.32069  1.64696e+01 | 68  0.51210 -3.03228e+01 | 69 -0.36188 -5.27844e+00
 70  0.25041 -3.71836e-02 | 71  0.17893  4.32505e+00 | 72  1.10209 -3.27236e-02
 73 -0.22746 -1.13932e+01 | 74  0.22403  8.70803e+00 | 75  0.57471 -2.40848e+00
 76  0.16308 -9.32203e+00 | 77 -0.05217 -6.64854e-02 | 78  0.29242  3.12588e+00
 79  0.34173 -4.43795e-01 | 80 -0.06373 -1.52962e+01 | 81  0.00328 -8.15808e-01
 82  0.27602  5.38563e+00 | 83  0.53241  1.54715e+00 | 84 -0.45674 -3.75007e+02
 85 -0.32022  8.85950e+00 | 86 -0.02074  1.01186e+02 | 87 -0.53598 -5.20537e+00
 88 -0.17909 -8.28834e+00 | 89  0.19745  6.41356e+00 | 90  0.09832  3.42485e+00
 91  0.03881 -5.47641e+00 | 92  0.22016 -7.77083e+00 | 93 -0.06172  3.64731e+00
93 variables; iteration 100; function evaluation 124; phase 4
Function value 1.3968462e+03; maximum gradient component mag -7.1658e+02
Var    Value     Gradient |Var    Value     Gradient |Var    Value     Gradient
  1 -0.61453 -2.21432e+02 |  2 -0.00205 -6.27881e-01 |  3 -0.01016 -3.44639e+00
  4  0.00977  3.57566e+00 |  5  0.01161  4.25592e+00 |  6  0.00325  1.34843e+00
  7 -0.00395 -1.17583e+00 |  8 -0.00663 -2.18454e+00 |  9  0.01020  3.50930e+00
 10  0.00729  2.15761e+00 | 11 -0.00409 -7.15543e-01 | 12 -0.01320  2.72728e+00
 13 -0.02867 -5.12509e+00 | 14 -0.02574 -2.49495e-01 | 15 -0.05069 -1.17445e+00
 16 -0.03413 -7.74531e-01 | 17  0.04767 -2.65910e+00 | 18  0.00288 -2.50497e+00
 19 -0.00824  9.99768e-02 | 20  0.06302 -4.12750e+00 | 21  0.02772 -1.52122e+00
 22  0.00138 -1.30729e+00 | 23  0.00471 -3.33382e+00 | 24  0.00266  2.99969e+00
 25 -0.02254 -4.51802e+00 | 26 -0.02229 -4.48665e+00 | 27 -0.01866 -2.65343e+00
 28 -0.01121 -6.52561e+00 | 29  0.00031 -4.95219e+00 | 30 -0.03009 -6.72448e+00
 31 -0.00535 -5.77508e+00 | 32  0.06041 -5.07425e+00 | 33 -0.01283 -5.11481e+00
 34 -0.00463 -5.46848e+00 | 35  0.04917 -6.92886e+00 | 36  0.00691 -2.76484e+00
 37 -0.00955 -2.72262e+00 | 38 -0.01600 -1.55379e+00 | 39  0.03091 -4.65602e-01
 40  0.02573 -1.57531e+00 | 41  0.05482 -4.28075e+00 | 42  0.00223 -5.36756e-01
 43  0.00403 -2.60607e-01 | 44 -0.00589  5.11739e+00 | 45 -0.01165  7.91010e+00
 46 -0.03040  3.87967e+00 | 47  0.00036  5.79393e+00 | 48 -0.01598  4.21056e+00
 49  0.00112  6.10056e+00 | 50  0.02000  5.26831e+00 | 51  0.02424  3.84912e+00
 52  0.03250  5.36346e+00 | 53  0.02119  4.63421e+00 | 54 -0.01600  5.82154e+00
 55 -0.00756  7.66718e+00 | 56 -0.01654  7.07794e+00 | 57 -0.05152  4.24383e+00
 58 -0.03377  7.24753e-01 | 59 -0.32708 -4.35483e-01 | 60 -0.02186 -4.61358e+01
 61  0.28806  3.74178e+01 | 62 -0.06031 -2.71714e+01 | 63  0.05579 -3.12825e+01
 64  0.21985  2.69346e+01 | 65  0.03142 -1.75345e+01 | 66  0.04394 -4.09227e+01
 67  0.32120  2.84747e+01 | 68  0.53431 -1.61734e+01 | 69 -0.28313  7.72580e-02
 70  0.62859  3.23754e-03 | 71  0.21565  2.04588e-01 | 72  0.96612  5.82700e-02
 73 -0.14472  5.26382e-01 | 74  0.26632  6.46396e+00 | 75  0.57499  9.63155e-01
 76  0.25549 -1.20809e+01 | 77  0.40785  1.12650e-01 | 78  0.31908  2.46856e+01
 79  0.27920  1.62626e-01 | 80 -0.03318 -1.30906e+01 | 81  0.10296 -1.32809e+00
 82  0.28616  1.02032e+01 | 83  0.50849 -6.08343e+00 | 84 -0.45690 -7.16579e+02
 85 -0.34767  6.14204e+00 | 86 -0.02286 -3.81135e+01 | 87 -0.53454 -1.69758e+00
 88 -0.16793  1.78473e+00 | 89  0.18648 -3.87498e+00 | 90  0.10209 -3.14678e+00
 91  0.07133 -1.86290e+01 | 92  0.23645  1.50427e+01 | 93 -0.06026 -1.25149e+01
93 variables; iteration 120; function evaluation 148; phase 4
Function value 1.3947087e+03; maximum gradient component mag -6.4262e+02
Var    Value     Gradient |Var    Value     Gradient |Var    Value     Gradient
  1 -0.62548 -1.42324e+02 |  2 -0.00070 -1.70525e-01 |  3  0.00241  9.34010e-01
  4 -0.00001  1.05624e-01 |  5 -0.00285 -8.88960e-01 |  6 -0.00283 -9.22508e-01
  7  0.00050  1.05124e-01 |  8  0.00317  6.63786e-01 |  9  0.00041 -1.04711e+00
 10  0.00424 -9.16374e-01 | 11  0.00491  2.07253e-01 | 12 -0.02126 -1.68871e+00
 13 -0.01450  1.46921e+00 | 14 -0.02362  1.44052e+00 | 15 -0.04815  1.71990e-01
 16 -0.02906  1.48884e+00 | 17  0.05081 -3.23220e-01 | 18  0.00464 -4.32835e-01
 19 -0.01324 -1.40884e+00 | 20  0.06685 -2.94446e-01 | 21  0.02895  6.67370e-01
 22  0.00681  2.44821e-01 | 23  0.00466 -1.88027e+00 | 24 -0.00250 -1.42887e+00
 25 -0.01548  3.58217e-02 | 26 -0.02034  2.10499e-01 | 27 -0.02188  1.86513e-01
 28 -0.00384  2.09711e+00 | 29 -0.00260 -2.35067e-01 | 30 -0.03074  7.31639e-01
 31 -0.00351  1.78569e+00 | 32  0.06019 -1.77788e+00 | 33 -0.01075 -1.28059e+00
 34 -0.00411 -1.66706e+00 | 35  0.04797 -2.37299e+00 | 36  0.00532 -3.31464e+00
 37 -0.01117 -4.15296e+00 | 38 -0.01731 -2.45206e+00 | 39  0.02856 -2.88088e+00
 40  0.02466 -2.53208e-01 | 41  0.05429  2.11153e-01 | 42  0.00308  1.37318e+00
 43  0.00460  4.85259e-01 | 44 -0.00651  4.87747e-01 | 45 -0.01240  2.71155e+00
 46 -0.03009  1.61133e+00 | 47  0.00023  3.14686e+00 | 48 -0.01613  4.94523e-01
 49  0.00039  1.02180e+00 | 50  0.01896  2.02279e+00 | 51  0.02297  1.67139e+00
 52  0.03142  9.87568e-01 | 53  0.02051 -2.05098e+00 | 54 -0.01578 -3.52674e+00
 55 -0.00823  2.01113e+00 | 56 -0.01644  2.64880e+00 | 57 -0.05172  1.95391e+00
 58 -0.03291  2.38108e+00 | 59 -0.21707  3.17063e-02 | 60  0.00222  1.38136e+01
 61  0.29529  5.26408e+00 | 62 -0.05147  3.71362e+01 | 63  0.08134 -1.12084e+01
 64  0.23050  1.27073e+01 | 65  0.17302 -1.17200e+00 | 66  0.08246 -9.03708e-01
 67  0.33029 -8.39739e-01 | 68  0.54201 -5.68635e+00 | 69  0.19276 -4.29269e+00
 70  1.65113  1.41909e-03 | 71  0.40396  1.22833e+01 | 72  1.05459 -3.58738e-02
 73 -0.12424  6.53197e+00 | 74  0.26961 -4.76429e+00 | 75  0.65455  1.93369e+00
 76  0.43599 -2.09944e+00 | 77  0.38586 -3.98797e-01 | 78  0.35701  1.04658e+01
 79  0.02147 -3.28396e-01 | 80  0.01382 -2.07018e+00 | 81 -0.20332 -4.32812e-02
 82  0.30207  4.31031e+00 | 83  0.53848 -2.30034e+00 | 84 -0.45704 -6.42615e+02
 85 -0.40749  1.14463e-01 | 86 -0.02186  1.55874e-01 | 87 -0.52483 -1.96801e+01
 88 -0.13499 -1.14084e+00 | 89  0.21950  2.47946e+00 | 90  0.41602 -2.00322e-02
 91  0.09693 -7.73960e+00 | 92  0.24484  1.31766e+00 | 93 -0.05045 -1.46947e+01
93 variables; iteration 140; function evaluation 168; phase 4
Function value 1.3942471e+03; maximum gradient component mag -8.9062e+00
Var    Value     Gradient |Var    Value     Gradient |Var    Value     Gradient
  1 -0.62511  1.92610e+00 |  2 -0.00032 -4.28659e-02 |  3 -0.00010  4.51920e-02
  4 -0.00023  1.52009e-02 |  5 -0.00027  2.65336e-03 |  6 -0.00017  8.60052e-03
  7  0.00019  2.01196e-02 |  8  0.00109  3.61023e-02 |  9  0.00286  1.15289e-02
 10  0.00593  3.48905e-02 | 11  0.00376  8.02175e-02 | 12 -0.01662  5.26952e-02
 13 -0.01514  4.94380e-02 | 14 -0.02351  1.11321e-02 | 15 -0.04725  2.67024e-02
 16 -0.03101  7.05854e-03 | 17  0.05295  1.81713e-02 | 18  0.00601  2.78434e-02
 19 -0.01032  4.22844e-03 | 20  0.06936  6.14340e-02 | 21  0.02703  2.46256e-03
 22  0.00569 -4.22437e-02 | 23  0.01093  6.62478e-03 | 24 -0.00287  5.09096e-02
 25 -0.01707  2.36803e-02 | 26 -0.01791  1.60783e-02 | 27 -0.02051  2.12031e-03
 28 -0.00770  6.91349e-02 | 29 -0.00297  9.93561e-02 | 30 -0.03011  1.31288e-02
 31 -0.00545 -4.25764e-02 | 32  0.06001  3.49534e-02 | 33 -0.01106  4.27502e-02
 34 -0.00443  4.52413e-03 | 35  0.04728 -1.24174e-03 | 36  0.00529  3.23420e-02
 37 -0.01043  3.86789e-02 | 38 -0.01690  1.56925e-02 | 39  0.02885 -3.58581e-02
 40  0.02457  5.03565e-03 | 41  0.05421 -1.14630e-02 | 42  0.00280 -3.32168e-02
 43  0.00451 -1.80812e-02 | 44 -0.00639 -7.12067e-03 | 45 -0.01264 -3.00402e-02
 46 -0.02988 -1.65068e-02 | 47  0.00005 -2.36511e-02 | 48 -0.01577 -2.23048e-02
 49  0.00046 -2.14486e-02 | 50  0.01886 -3.52377e-02 | 51  0.02295 -1.41527e-02
 52  0.03126 -9.82630e-03 | 53  0.02076 -2.55048e-02 | 54 -0.01573  1.78709e-02
 55 -0.00865 -6.95755e-02 | 56 -0.01677 -3.66217e-02 | 57 -0.05189 -2.43118e-02
 58 -0.03321  1.56001e-02 | 59 -0.23991 -1.18042e-02 | 60  0.00119  1.02638e+00
 61  0.29481 -5.44364e-01 | 62 -0.05376  1.29917e+00 | 63  0.08056 -2.53231e-02
 64  0.23011  2.25095e-02 | 65  0.20961 -4.26633e-01 | 66  0.07828 -1.29765e-01
 67  0.32926 -6.10605e-02 | 68  0.54731  5.23907e-02 | 69  0.30786  5.54303e-02
 70  1.60531 -1.59879e-03 | 71  0.42277 -5.08422e-02 | 72  1.08007 -2.46181e-02
 73 -0.13953  1.42809e-01 | 74  0.26340 -1.34492e-01 | 75  0.63308  7.15596e-02
 76  0.42246  1.24183e-01 | 77  0.80951 -1.99665e-04 | 78  0.35405 -4.40857e-01
 79 -0.21397 -5.24996e-02 | 80  0.00959  1.83122e-01 | 81 -0.29606 -5.51763e-03
 82  0.30017 -1.20225e-01 | 83  0.54308  2.48348e-01 | 84 -0.45701 -8.90624e+00
 85 -0.41013  2.55098e-02 | 86 -0.02198  2.79216e-02 | 87 -0.52530  5.39019e-02
 88 -0.14124 -1.99590e-02 | 89  0.20988 -9.52085e-03 | 90  0.46864 -6.51606e-03
 91  0.09579  4.20118e-01 | 92  0.24502 -4.10956e-01 | 93 -0.04040  3.22183e-01
93 variables; iteration 160; function evaluation 188; phase 4
Function value 1.3942285e+03; maximum gradient component mag -8.1711e-01
Var    Value     Gradient |Var    Value     Gradient |Var    Value     Gradient
  1 -0.62514 -1.11736e-01 |  2 -0.00018  3.19580e-03 |  3 -0.00024 -6.78089e-03
  4 -0.00028 -5.17241e-03 |  5 -0.00029 -8.27500e-03 |  6 -0.00020 -1.08902e-02
  7  0.00011 -1.99472e-02 |  8  0.00094 -3.53823e-02 |  9  0.00284 -2.27031e-02
 10  0.00589 -2.13081e-02 | 11  0.00361 -3.12984e-02 | 12 -0.01666 -4.19150e-02
 13 -0.01515 -3.24849e-02 | 14 -0.02346 -2.10656e-02 | 15 -0.04726 -1.03673e-02
 16 -0.03097  3.70830e-03 | 17  0.05303  3.69302e-02 | 18  0.00601  2.45721e-02
 19 -0.01021  3.91094e-02 | 20  0.06936  1.44314e-02 | 21  0.02707 -1.11025e-02
 22  0.00576  2.92030e-03 | 23  0.01096  2.00618e-02 | 24 -0.00286  3.56778e-02
 25 -0.01707 -9.11375e-03 | 26 -0.01784  2.14241e-02 | 27 -0.02039  3.18661e-02
 28 -0.00775  2.58739e-03 | 29 -0.00302  1.58101e-02 | 30 -0.03013 -1.50695e-03
 31 -0.00544 -3.79668e-02 | 32  0.06000 -2.72444e-02 | 33 -0.01108 -2.44551e-02
 34 -0.00444 -1.16172e-02 | 35  0.04727 -2.13672e-02 | 36  0.00528 -1.89742e-02
 37 -0.01043  2.07341e-02 | 38 -0.01693 -2.55463e-02 | 39  0.02884 -2.20440e-02
 40  0.02454 -3.87684e-02 | 41  0.05419 -2.07976e-02 | 42  0.00279  2.71656e-03
 43  0.00450 -5.30528e-03 | 44 -0.00639  4.05541e-02 | 45 -0.01264  2.38322e-02
 46 -0.02989 -1.72666e-02 | 47  0.00005  2.50646e-02 | 48 -0.01577  5.39902e-03
 49  0.00046  2.04298e-02 | 50  0.01886 -1.19469e-02 | 51  0.02295 -1.43457e-02
 52  0.03126  5.47985e-03 | 53  0.02077  1.86769e-02 | 54 -0.01573  1.07528e-02
 55 -0.00864  2.54874e-02 | 56 -0.01676  2.67627e-02 | 57 -0.05188  1.65955e-02
 58 -0.03326 -4.94886e-02 | 59 -0.24088  9.60618e-03 | 60  0.00125 -3.14157e-01
 61  0.29482  1.28137e-01 | 62 -0.05378 -5.02224e-01 | 63  0.08032  1.35454e-01
 64  0.22998 -5.85689e-02 | 65  0.28341 -1.05818e-01 | 66  0.07847  7.70418e-02
 67  0.32931 -3.02868e-02 | 68  0.54744  1.95837e-01 | 69  0.31143  3.50918e-02
 70  1.87975  2.16134e-02 | 71  0.42337 -8.23544e-02 | 72  1.24984  1.33013e-03
 73 -0.13942  3.01745e-02 | 74  0.26347 -7.85130e-03 | 75  0.63264  2.71038e-02
 76  0.42184 -1.40426e-01 | 77  0.77496 -1.08737e-02 | 78  0.35389  2.49738e-01
 79 -0.20415 -2.10987e-02 | 80  0.00982 -4.94259e-02 | 81 -0.30071 -6.91213e-03
 82  0.30026  7.85654e-02 | 83  0.54270  3.53786e-03 | 84 -0.45701 -8.17106e-01
 85 -0.42180  2.67631e-03 | 86 -0.02197  5.19544e-02 | 87 -0.52520  2.38443e-02
 88 -0.14070  1.30242e-02 | 89  0.21037  2.50151e-02 | 90  0.58215  2.04880e-03
 91  0.09582 -4.85441e-02 | 92  0.24503 -2.20474e-02 | 93 -0.04059 -1.50681e-01
93 variables; iteration 180; function evaluation 208; phase 4
Function value 1.3942220e+03; maximum gradient component mag -1.8998e-01
Var    Value     Gradient |Var    Value     Gradient |Var    Value     Gradient
  1 -0.62520 -1.89978e-01 |  2 -0.00019  5.98530e-04 |  3 -0.00023 -3.78497e-04
  4 -0.00027 -6.41946e-04 |  5 -0.00028 -2.32520e-03 |  6 -0.00018 -2.79458e-03
  7  0.00014 -3.11214e-03 |  8  0.00100 -4.99339e-03 |  9  0.00285 -7.48094e-03
 10  0.00586 -8.93676e-03 | 11  0.00360 -8.92363e-03 | 12 -0.01662 -7.53254e-03
 13 -0.01511 -2.86306e-03 | 14 -0.02343 -1.16085e-03 | 15 -0.04722 -5.54500e-04
 16 -0.03093  2.91914e-04 | 17  0.05306  1.22850e-03 | 18  0.00603  1.01776e-03
 19 -0.01023  6.25441e-04 | 20  0.06939  2.30931e-03 | 21  0.02712  8.86903e-06
 22  0.00581  4.74904e-03 | 23  0.01095  1.23663e-03 | 24 -0.00286  6.96745e-04
 25 -0.01701  1.30350e-03 | 26 -0.01783  2.41013e-03 | 27 -0.02041  3.96586e-04
 28 -0.00774 -3.37526e-03 | 29 -0.00310 -4.39386e-03 | 30 -0.03014 -7.67417e-04
 31 -0.00543  8.86131e-04 | 32  0.05999 -1.10926e-03 | 33 -0.01107  9.85549e-04
 34 -0.00444  2.21503e-03 | 35  0.04727  1.67548e-03 | 36  0.00527 -3.91167e-03
 37 -0.01045 -3.48845e-03 | 38 -0.01694 -5.54878e-03 | 39  0.02882 -5.27594e-03
 40  0.02454 -5.09409e-03 | 41  0.05419 -2.42939e-03 | 42  0.00280 -1.98572e-04
 43  0.00451  2.15363e-03 | 44 -0.00639  5.02955e-04 | 45 -0.01264  1.69625e-04
 46 -0.02989 -1.80905e-03 | 47  0.00004  2.44586e-04 | 48 -0.01578  9.23752e-04
 49  0.00046  1.20594e-03 | 50  0.01886  3.60160e-04 | 51  0.02295  6.63737e-04
 52  0.03126  1.74242e-03 | 53  0.02077  2.31303e-03 | 54 -0.01571 -2.74212e-04
 55 -0.00864  4.91880e-04 | 56 -0.01676  1.52346e-03 | 57 -0.05189  1.42731e-03
 58 -0.03323  1.41117e-03 | 59 -0.24057  2.02488e-03 | 60  0.00140 -2.22042e-02
 61  0.29486 -1.62480e-02 | 62 -0.05370 -1.02442e-01 | 63  0.08029  2.03474e-02
 64  0.22993 -1.46414e-02 | 65  0.40757 -1.24626e-02 | 66  0.07873  2.09848e-02
 67  0.32938 -1.28871e-02 | 68  0.54738 -2.42246e-03 | 69  0.30454 -6.36463e-03
 70  1.51104 -9.02341e-04 | 71  0.42196  4.66585e-03 | 72  1.44804  1.23946e-03
 73 -0.13921  2.03461e-03 | 74  0.26355 -5.60418e-04 | 75  0.63267  2.08872e-03
 76  0.42378  2.83898e-03 | 77  0.78282 -7.12825e-04 | 78  0.35424 -5.80969e-03
 79 -0.20605 -3.52297e-03 | 80  0.00992 -4.59959e-02 | 81 -0.27035 -8.67570e-03
 82  0.30027  1.85717e-02 | 83  0.54253 -2.85551e-02 | 84 -0.45701 -1.00141e-01
 85 -0.43985 -2.38441e-03 | 86 -0.02196  1.54488e-02 | 87 -0.52505 -4.59725e-03
 88 -0.14095 -3.24285e-03 | 89  0.21010  6.09600e-03 | 90  0.74478  7.09402e-03
 91  0.09596 -6.00451e-03 | 92  0.24509 -1.97546e-03 | 93 -0.04030 -1.54112e-02
93 variables; iteration 200; function evaluation 231; phase 4
Function value 1.3942178e+03; maximum gradient component mag 1.2270e-01
Var    Value     Gradient |Var    Value     Gradient |Var    Value     Gradient
  1 -0.62521  7.22740e-02 |  2 -0.00019 -1.14855e-03 |  3 -0.00022  2.31067e-03
  4 -0.00027  9.56291e-04 |  5 -0.00027 -2.24649e-04 |  6 -0.00018 -1.72984e-05
  7  0.00015  2.31737e-03 |  8  0.00102  4.63413e-03 |  9  0.00286  1.48521e-03
 10  0.00588  3.47957e-03 | 11  0.00362  7.70656e-03 | 12 -0.01661  4.62683e-03
 13 -0.01510  6.58352e-03 | 14 -0.02343  3.94642e-03 | 15 -0.04722  2.59634e-03
 16 -0.03093  1.28401e-03 | 17  0.05306  1.86593e-03 | 18  0.00603  1.55039e-03
 19 -0.01023 -3.84839e-04 | 20  0.06940  4.81084e-03 | 21  0.02713  4.31812e-03
 22  0.00582  2.88755e-03 | 23  0.01097  4.84470e-03 | 24 -0.00286  5.04893e-03
 25 -0.01700  9.48551e-03 | 26 -0.01783  9.16057e-03 | 27 -0.02047  8.20657e-03
 28 -0.00787  1.67431e-02 | 29 -0.00316  1.37883e-02 | 30 -0.02991  6.18751e-03
 31 -0.00546 -1.95499e-03 | 32  0.06000 -9.44600e-03 | 33 -0.01105 -3.04584e-03
 34 -0.00442 -8.27135e-03 | 35  0.04726 -1.53210e-02 | 36  0.00524 -8.14531e-03
 37 -0.01044 -3.30292e-03 | 38 -0.01694 -3.24207e-03 | 39  0.02882 -5.36262e-03
 40  0.02453 -3.95457e-03 | 41  0.05419 -6.22238e-03 | 42  0.00280 -3.99504e-03
 43  0.00451  1.42616e-03 | 44 -0.00639 -2.09590e-03 | 45 -0.01264 -5.49950e-03
 46 -0.02989 -5.05393e-04 | 47  0.00004 -3.07126e-03 | 48 -0.01578 -1.51717e-03
 49  0.00046 -2.10827e-03 | 50  0.01885 -1.74518e-03 | 51  0.02295  8.55023e-04
 52  0.03126  1.84215e-03 | 53  0.02077  1.42502e-03 | 54 -0.01570  4.57422e-03
 55 -0.00864 -5.44632e-03 | 56 -0.01676 -1.57959e-03 | 57 -0.05189 -1.69419e-03
 58 -0.03323  5.51105e-03 | 59 -0.24038 -1.30946e-03 | 60  0.00143  3.07774e-04
 61  0.29487 -3.55653e-02 | 62 -0.05369 -9.46330e-02 | 63  0.08031  1.88480e-02
 64  0.22994 -7.69320e-03 | 65  0.44603 -5.74532e-03 | 66  0.07876 -2.15164e-03
 67  0.32938  9.30642e-04 | 68  0.54741 -4.77411e-03 | 69  0.30599  1.75938e-03
 70  1.57527  9.23555e-06 | 71  0.42224 -3.09625e-03 | 72  1.38717 -9.68205e-04
 73 -0.13921  5.78582e-03 | 74  0.26355 -8.65864e-03 | 75  0.63277  3.65844e-03
 76  0.42386 -8.86722e-03 | 77  0.78355 -2.54832e-04 | 78  0.35425  1.05784e-02
 79 -0.20621 -3.49254e-03 | 80  0.00677  6.70150e-02 | 81 -0.03991  4.48380e-03
 82  0.29912 -4.45179e-02 | 83  0.53697  4.22783e-02 | 84 -0.45701  1.22700e-01
 85 -0.44273 -2.50218e-03 | 86 -0.02195  1.06772e-02 | 87 -0.52502  6.42522e-03
 88 -0.14099 -5.07990e-03 | 89  0.20999  3.36482e-03 | 90  0.66285  4.58936e-03
 91  0.09599 -1.47891e-02 | 92  0.24510  5.79764e-03 | 93 -0.04028 -2.33592e-02
93 variables; iteration 220; function evaluation 251; phase 4
Function value 1.3942173e+03; maximum gradient component mag 3.2785e-01
Var    Value     Gradient |Var    Value     Gradient |Var    Value     Gradient
  1 -0.62521  3.20777e-02 |  2 -0.00019  2.40191e-04 |  3 -0.00023 -3.63403e-04
  4 -0.00027 -1.41542e-04 |  5 -0.00027  1.76471e-04 |  6 -0.00018  1.66590e-04
  7  0.00015 -1.28037e-05 |  8  0.00101 -2.24139e-05 |  9  0.00286  4.27051e-04
 10  0.00587  6.02965e-04 | 11  0.00360  5.92840e-04 | 12 -0.01661  1.10592e-04
 13 -0.01511 -8.14905e-05 | 14 -0.02342  4.03420e-04 | 15 -0.04722 -3.44504e-04
 16 -0.03092 -3.93128e-05 | 17  0.05307  1.06274e-04 | 18  0.00603 -1.32498e-04
 19 -0.01022  9.37505e-05 | 20  0.06940 -7.62904e-05 | 21  0.02713  3.02256e-04
 22  0.00582  3.17368e-04 | 23  0.01096  3.45047e-04 | 24 -0.00285  1.69045e-04
 25 -0.01700 -6.88122e-04 | 26 -0.01783 -1.20971e-04 | 27 -0.02046  4.61825e-04
 28 -0.00788  6.59795e-04 | 29 -0.00317  4.83515e-04 | 30 -0.02991  2.93338e-04
 31 -0.00546 -2.42949e-05 | 32  0.06000 -6.17776e-04 | 33 -0.01106 -6.23080e-04
 34 -0.00443 -1.12397e-03 | 35  0.04726 -5.21899e-04 | 36  0.00524  1.67809e-04
 37 -0.01044  8.66361e-04 | 38 -0.01694  8.40205e-04 | 39  0.02882  1.05137e-03
 40  0.02453  6.61312e-04 | 41  0.05419  4.25673e-04 | 42  0.00280  4.62951e-04
 43  0.00451 -8.44927e-05 | 44 -0.00639  2.82164e-04 | 45 -0.01264  3.38638e-04
 46 -0.02989  1.04414e-04 | 47  0.00004 -1.93620e-06 | 48 -0.01578 -1.48692e-04
 49  0.00046 -1.74324e-04 | 50  0.01885 -3.80250e-04 | 51  0.02295 -8.04653e-04
 52  0.03126 -4.95236e-04 | 53  0.02077 -8.91500e-04 | 54 -0.01570 -1.33855e-04
 55 -0.00864 -6.85141e-04 | 56 -0.01676 -2.80224e-04 | 57 -0.05188 -1.20516e-04
 58 -0.03323  6.91001e-06 | 59 -0.24045 -4.74438e-05 | 60  0.00143  3.46172e-03
 61  0.29487 -1.67398e-03 | 62 -0.05368  4.58836e-03 | 63  0.08031  3.84965e-03
 64  0.22994 -3.87355e-03 | 65  0.47456 -2.67843e-03 | 66  0.07877  2.28114e-03
 67  0.32938 -2.27240e-03 | 68  0.54743  1.52495e-03 | 69  0.30614  1.26013e-03
 70  1.53888 -1.17834e-04 | 71  0.42227 -2.47872e-03 | 72  1.43936  1.27386e-03
 73 -0.13919  3.99867e-05 | 74  0.26356  4.44264e-04 | 75  0.63271 -5.42739e-04
 76  0.42400  3.64653e-04 | 77  0.78246  2.35623e-05 | 78  0.35428  7.15720e-04
 79 -0.20586 -2.45083e-04 | 80  0.00675  7.53521e-03 | 81 -0.03919  1.03605e-03
 82  0.29911 -4.39669e-03 | 83  0.53689  3.82653e-03 | 84 -0.45701  3.27847e-01
 85 -0.44114 -2.44336e-03 | 86 -0.02195 -4.36639e-03 | 87 -0.52501  2.38165e-03
 88 -0.14099 -4.02486e-04 | 89  0.21000  3.31210e-04 | 90  0.53782 -9.02116e-05
 91  0.09600  1.25582e-03 | 92  0.24510 -1.14133e-03 | 93 -0.04025  1.53963e-03
93 variables; iteration 240; function evaluation 271; phase 4
Function value 1.3942173e+03; maximum gradient component mag 2.6058e-01
Var    Value     Gradient |Var    Value     Gradient |Var    Value     Gradient
  1 -0.62521 -7.00183e-04 |  2 -0.00019 -3.37410e-05 |  3 -0.00023  8.99269e-06
  4 -0.00027 -7.14217e-07 |  5 -0.00027  2.63191e-07 |  6 -0.00018 -7.34533e-06
  7  0.00015 -4.11996e-05 |  8  0.00101 -5.94636e-05 |  9  0.00286 -1.81564e-05
 10  0.00587 -8.15049e-05 | 11  0.00360 -1.38454e-04 | 12 -0.01661 -7.55444e-05
 13 -0.01511 -1.13452e-04 | 14 -0.02342 -1.51204e-05 | 15 -0.04722 -3.68489e-06
 16 -0.03092  2.76607e-06 | 17  0.05307  5.63479e-06 | 18  0.00603 -1.47639e-05
 19 -0.01022  3.30488e-05 | 20  0.06940  1.82159e-05 | 21  0.02713  1.09770e-05
 22  0.00582 -1.23740e-07 | 23  0.01096  3.86232e-05 | 24 -0.00285  4.39500e-05
 25 -0.01700  2.70526e-05 | 26 -0.01783  3.13369e-05 | 27 -0.02046 -1.14988e-05
 28 -0.00788 -4.47396e-05 | 29 -0.00317 -1.23012e-05 | 30 -0.02991 -1.76362e-05
 31 -0.00546 -1.45925e-05 | 32  0.06000 -1.58658e-05 | 33 -0.01106 -1.23222e-07
 34 -0.00443  2.29448e-05 | 35  0.04726 -6.82872e-05 | 36  0.00524  1.58234e-05
 37 -0.01044  1.09202e-04 | 38 -0.01694 -2.79248e-05 | 39  0.02882 -1.75352e-05
 40  0.02453 -1.04650e-04 | 41  0.05419 -9.42570e-05 | 42  0.00280 -1.11283e-04
 43  0.00451  7.30482e-05 | 44 -0.00639  9.62557e-05 | 45 -0.01264  6.02857e-06
 46 -0.02989  1.40838e-04 | 47  0.00004  8.19556e-05 | 48 -0.01578  1.32237e-04
 49  0.00046  8.25671e-05 | 50  0.01885 -2.49122e-05 | 51  0.02295 -6.37413e-05
 52  0.03126 -2.28546e-05 | 53  0.02077  5.56250e-05 | 54 -0.01570  1.80226e-05
 55 -0.00864 -9.57327e-05 | 56 -0.01676 -7.86910e-05 | 57 -0.05188 -1.11303e-05
 58 -0.03323 -1.33457e-04 | 59 -0.24046  1.80118e-05 | 60  0.00144  2.01949e-04
 61  0.29487 -1.79603e-04 | 62 -0.05368 -4.60678e-04 | 63  0.08031 -2.63409e-04
 64  0.22993  2.03603e-04 | 65  0.50892 -2.23154e-04 | 66  0.07877 -4.97409e-04
 67  0.32938  2.82919e-04 | 68  0.54743 -2.40965e-04 | 69  0.30601 -4.88686e-05
 70  1.56065 -1.04925e-07 | 71  0.42224  6.07704e-05 | 72  1.41023 -1.98466e-05
 73 -0.13919 -9.16696e-05 | 74  0.26356  6.61102e-05 | 75  0.63272 -2.00097e-05
 76  0.42400 -1.74120e-04 | 77  0.78231 -9.20426e-07 | 78  0.35427  2.42389e-04
 79 -0.20581  3.65856e-06 | 80  0.00677  3.47656e-06 | 81 -0.03988 -3.36978e-05
 82  0.29912 -4.63389e-05 | 83  0.53693 -1.22305e-04 | 84 -0.45701  2.60582e-01
 85 -0.44374 -2.53314e-03 | 86 -0.02195 -3.45272e-04 | 87 -0.52501  8.02682e-04
 88 -0.14099  6.61085e-05 | 89  0.21000 -3.29772e-05 | 90  0.53784 -8.89825e-05
 91  0.09600 -8.24279e-05 | 92  0.24510  2.60727e-05 | 93 -0.04024 -1.94022e-04
93 variables; iteration 260; function evaluation 291; phase 4
Function value 1.3942172e+03; maximum gradient component mag 3.1796e-04
Var    Value     Gradient |Var    Value     Gradient |Var    Value     Gradient
  1 -0.62521 -2.53510e-04 |  2 -0.00019  5.85507e-06 |  3 -0.00023  3.16135e-06
  4 -0.00027  3.83617e-06 |  5 -0.00027  2.60948e-06 |  6 -0.00018  6.35191e-06
  7  0.00015  1.94196e-05 |  8  0.00101  2.93685e-05 |  9  0.00286  1.83725e-05
 10  0.00587  3.56460e-05 | 11  0.00360  5.13025e-05 | 12 -0.01661  3.41299e-05
 13 -0.01511  4.18538e-05 | 14 -0.02342  1.09363e-05 | 15 -0.04722  8.41396e-06
 16 -0.03092 -9.38246e-07 | 17  0.05307 -1.23100e-05 | 18  0.00603 -9.18139e-06
 19 -0.01022 -3.01370e-05 | 20  0.06940 -2.28345e-05 | 21  0.02713 -6.57679e-06
 22  0.00582 -1.65173e-06 | 23  0.01096 -3.24740e-05 | 24 -0.00285 -1.81857e-05
 25 -0.01700 -8.10211e-06 | 26 -0.01783 -2.30283e-05 | 27 -0.02046 -1.27580e-05
 28 -0.00788  6.78116e-07 | 29 -0.00317 -1.19399e-05 | 30 -0.02991 -8.36270e-06
 31 -0.00546  5.95982e-06 | 32  0.06000 -5.51687e-07 | 33 -0.01106 -1.30466e-06
 34 -0.00443 -1.07513e-05 | 35  0.04726  2.12256e-05 | 36  0.00524  7.70010e-06
 37 -0.01044 -2.72060e-05 | 38 -0.01694  1.20601e-05 | 39  0.02882  5.72420e-06
 40  0.02453  1.06098e-05 | 41  0.05419 -7.35503e-07 | 42  0.00280  6.51678e-06
 43  0.00451 -8.57121e-07 | 44 -0.00639 -1.85599e-05 | 45 -0.01264  5.10592e-06
 46 -0.02989 -1.11916e-05 | 47  0.00004 -4.37668e-06 | 48 -0.01578 -9.79581e-06
 49  0.00046 -8.46578e-06 | 50  0.01885  2.04138e-05 | 51  0.02295  2.63143e-05
 52  0.03126  2.16381e-05 | 53  0.02077 -2.17309e-05 | 54 -0.01570  2.48848e-05
 55 -0.00864  2.06197e-05 | 56 -0.01676  2.48138e-05 | 57 -0.05188 -5.92942e-07
 58 -0.03323  1.88038e-05 | 59 -0.24045 -6.10968e-06 | 60  0.00144 -2.07263e-04
 61  0.29487  2.39898e-04 | 62 -0.05368  3.62203e-05 | 63  0.08031 -3.40438e-05
 64  0.22993  4.77597e-06 | 65  0.51289 -3.94736e-07 | 66  0.07877  7.46857e-05
 67  0.32938 -4.99428e-05 | 68  0.54743  2.68445e-05 | 69  0.30602 -4.85296e-06
 70  1.56037 -1.76806e-07 | 71  0.42224  1.38181e-05 | 72  1.41068 -9.40595e-08
 73 -0.13919  2.16696e-05 | 74  0.26356 -2.01735e-05 | 75  0.63272 -6.44361e-06
 76  0.42400 -5.19941e-07 | 77  0.78231 -2.02333e-07 | 78  0.35428  1.21567e-06
 79 -0.20581 -2.19345e-06 | 80  0.00677 -5.52052e-05 | 81 -0.03985 -5.11163e-07
 82  0.29912  6.38385e-05 | 83  0.53693  8.20079e-06 | 84 -0.45701  3.17961e-04
 85 -0.42635 -6.73467e-07 | 86 -0.02195  6.00990e-05 | 87 -0.52501  1.02158e-05
 88 -0.14099 -1.17494e-05 | 89  0.21000 -1.33953e-05 | 90  0.53935 -4.20812e-08
 91  0.09600 -4.17596e-06 | 92  0.24510  1.54150e-05 | 93 -0.04024  4.81825e-05

 - final statistics:
93 variables; iteration 262; function evaluation 293
Function value 1.3942e+03; maximum gradient component mag -5.3795e-05
Exit code = 1;  converg criter 1.0000e-04
Var    Value     Gradient |Var    Value     Gradient |Var    Value     Gradient
  1 -0.62521 -4.96755e-06 |  2 -0.00019 -2.95245e-07 |  3 -0.00023  4.29591e-07
  4 -0.00027  1.94325e-07 |  5 -0.00027  7.38614e-08 |  6 -0.00018  2.37653e-07
  7  0.00015  5.45884e-07 |  8  0.00101  9.95285e-07 |  9  0.00286  7.19523e-07
 10  0.00587  1.27955e-06 | 11  0.00360  1.98971e-06 | 12 -0.01661  1.06690e-06
 13 -0.01511  9.73185e-07 | 14 -0.02342  3.27575e-07 | 15 -0.04722  2.38063e-07
 16 -0.03092  4.38174e-08 | 17  0.05307  1.26162e-07 | 18  0.00603 -6.54237e-07
 19 -0.01022 -6.89527e-07 | 20  0.06940 -7.72582e-07 | 21  0.02713 -4.15049e-07
 22  0.00582 -1.23653e-06 | 23  0.01096 -1.48458e-06 | 24 -0.00285  2.94380e-07
 25 -0.01700 -7.24441e-07 | 26 -0.01783 -1.37615e-06 | 27 -0.02046 -1.42713e-06
 28 -0.00788 -4.56103e-07 | 29 -0.00317 -5.36282e-07 | 30 -0.02991 -8.96052e-07
 31 -0.00546 -1.66995e-06 | 32  0.06000 -1.98180e-06 | 33 -0.01106  1.13288e-07
 34 -0.00443 -1.48604e-06 | 35  0.04726 -1.38647e-06 | 36  0.00524 -6.89107e-07
 37 -0.01044 -6.90721e-08 | 38 -0.01694  5.99064e-07 | 39  0.02882 -1.29464e-07
 40  0.02453  4.85136e-07 | 41  0.05419 -2.02270e-07 | 42  0.00280  2.54469e-07
 43  0.00451  9.37649e-07 | 44 -0.00639  5.22986e-07 | 45 -0.01264  6.19314e-07
 46 -0.02989  9.35641e-07 | 47  0.00004  1.30814e-06 | 48 -0.01578  1.06714e-06
 49  0.00046  1.01175e-06 | 50  0.01885  1.72826e-06 | 51  0.02295  1.99379e-06
 52  0.03126  1.68192e-06 | 53  0.02077  2.11690e-07 | 54 -0.01570  2.06844e-06
 55 -0.00864 -4.46118e-07 | 56 -0.01676  9.18076e-08 | 57 -0.05188 -2.38288e-07
 58 -0.03323  5.31597e-07 | 59 -0.24045 -1.75835e-07 | 60  0.00144 -4.98062e-06
 61  0.29487  7.05083e-06 | 62 -0.05368 -1.02655e-05 | 63  0.08031  3.53660e-06
 64  0.22993 -1.13922e-06 | 65  0.51290 -2.82593e-08 | 66  0.07877 -1.73747e-06
 67  0.32938 -6.27476e-06 | 68  0.54743 -1.27264e-06 | 69  0.30602 -7.44559e-08
 70  1.56038 -7.83821e-09 | 71  0.42224  4.27948e-07 | 72  1.41068 -1.79342e-08
 73 -0.13919  2.29214e-06 | 74  0.26356 -2.79041e-06 | 75  0.63272 -3.85611e-07
 76  0.42400  1.00017e-07 | 77  0.78230  5.36481e-08 | 78  0.35428 -2.56048e-06
 79 -0.20581  9.90354e-08 | 80  0.00677  5.81738e-07 | 81 -0.03985  3.11040e-08
 82  0.29912  5.51388e-07 | 83  0.53693  6.54342e-07 | 84 -0.45701 -5.37945e-05
 85 -0.42635  1.14140e-07 | 86 -0.02195  1.09183e-06 | 87 -0.52501  3.52642e-06
 88 -0.14099  2.68015e-07 | 89  0.21000 -6.36628e-08 | 90  0.53935  9.55282e-09
 91  0.09600  6.30758e-07 | 92  0.24510 -1.18998e-06 | 93 -0.04024 -1.15257e-06

 - final statistics:
94 variables; iteration 0; function evaluation 0
Function value 1.3942e+03; maximum gradient component mag -5.3793e-05
Exit code = 0;  converg criter 1.0000e-04
Var    Value     Gradient |Var    Value     Gradient |Var    Value     Gradient
  1 -0.62521 -4.96740e-06 |  2 -0.00019 -2.95245e-07 |  3 -0.00023  4.29591e-07
  4 -0.00027  1.94325e-07 |  5 -0.00027  7.38614e-08 |  6 -0.00018  2.37653e-07
  7  0.00015  5.45884e-07 |  8  0.00101  9.95285e-07 |  9  0.00286  7.19523e-07
 10  0.00587  1.27955e-06 | 11  0.00360  1.98971e-06 | 12 -0.01661  1.06690e-06
 13 -0.01511  9.73185e-07 | 14 -0.02342  3.27575e-07 | 15 -0.04722  2.38063e-07
 16 -0.03092  4.38180e-08 | 17  0.05307  1.26163e-07 | 18  0.00603 -6.54236e-07
 19 -0.01022 -6.89526e-07 | 20  0.06940 -7.72580e-07 | 21  0.02713 -4.15047e-07
 22  0.00582 -1.23682e-06 | 23  0.01096 -1.48487e-06 | 24 -0.00285  2.94094e-07
 25 -0.01700 -7.24728e-07 | 26 -0.01783 -1.37644e-06 | 27 -0.02046 -1.42741e-06
 28 -0.00788 -4.56390e-07 | 29 -0.00317 -5.36568e-07 | 30 -0.02991 -8.96338e-07
 31 -0.00546 -1.67024e-06 | 32  0.06000 -1.98208e-06 | 33 -0.01106  1.13002e-07
 34 -0.00443 -1.48633e-06 | 35  0.04726 -1.38675e-06 | 36  0.00524 -6.89392e-07
 37 -0.01044 -6.93571e-08 | 38 -0.01694  5.98778e-07 | 39  0.02882 -1.29749e-07
 40  0.02453  4.84851e-07 | 41  0.05419 -2.02554e-07 | 42  0.00280  2.54182e-07
 43  0.00451  9.37362e-07 | 44 -0.00639  5.22698e-07 | 45 -0.01264  6.19026e-07
 46 -0.02989  9.35354e-07 | 47  0.00004  1.30786e-06 | 48 -0.01578  1.06685e-06
 49  0.00046  1.01147e-06 | 50  0.01885  1.72797e-06 | 51  0.02295  1.99350e-06
 52  0.03126  1.68163e-06 | 53  0.02077  2.11401e-07 | 54 -0.01570  2.06815e-06
 55 -0.00864 -4.46407e-07 | 56 -0.01676  9.15186e-08 | 57 -0.05188 -2.38576e-07
 58 -0.03323  5.31309e-07 | 59  0.00000  0.00000e+00 | 60 -0.24045 -1.75835e-07
 61  0.00144 -4.98060e-06 | 62  0.29487  7.05082e-06 | 63 -0.05368 -1.02655e-05
 64  0.08031  3.53661e-06 | 65  0.22993 -1.13923e-06 | 66  0.51290 -2.82593e-08
 67  0.07877 -1.73746e-06 | 68  0.32938 -6.27477e-06 | 69  0.54743 -1.27264e-06
 70  0.30602 -7.44555e-08 | 71  0.43962  7.83821e-09 | 72  0.42224  4.27947e-07
 73  0.58932  1.79342e-08 | 74 -0.13919  2.29214e-06 | 75  0.26356 -2.79041e-06
 76  0.63272 -3.85611e-07 | 77  0.42400  1.00018e-07 | 78  0.78230  5.36481e-08
 79  0.35428 -2.56048e-06 | 80 -0.20581  9.90355e-08 | 81  0.00677  5.81741e-07
 82 -0.03985  3.11041e-08 | 83  0.29912  5.51384e-07 | 84  0.53693  6.54343e-07
 85 -0.45701 -5.37931e-05 | 86 -0.42635  1.14140e-07 | 87 -0.02195  1.09183e-06
 88 -0.52501  3.52643e-06 | 89 -0.14099  2.68015e-07 | 90  0.21000 -6.36627e-08
 91  0.53935  9.55282e-09 | 92  0.09600  6.30764e-07 | 93  0.24510 -1.18999e-06
 94 -0.04024 -1.15257e-06 |
Estimating row 1 out of 94 for hessian
Estimating row 2 out of 94 for hessian
Estimating row 3 out of 94 for hessian
Estimating row 4 out of 94 for hessian
Estimating row 5 out of 94 for hessian
Estimating row 6 out of 94 for hessian
Estimating row 7 out of 94 for hessian
Estimating row 8 out of 94 for hessian
Estimating row 9 out of 94 for hessian
Estimating row 10 out of 94 for hessian
Estimating row 11 out of 94 for hessian
Estimating row 12 out of 94 for hessian
Estimating row 13 out of 94 for hessian
Estimating row 14 out of 94 for hessian
Estimating row 15 out of 94 for hessian
Estimating row 16 out of 94 for hessian
Estimating row 17 out of 94 for hessian
Estimating row 18 out of 94 for hessian
Estimating row 19 out of 94 for hessian
Estimating row 20 out of 94 for hessian
Estimating row 21 out of 94 for hessian
Estimating row 22 out of 94 for hessian
Estimating row 23 out of 94 for hessian
Estimating row 24 out of 94 for hessian
Estimating row 25 out of 94 for hessian
Estimating row 26 out of 94 for hessian
Estimating row 27 out of 94 for hessian
Estimating row 28 out of 94 for hessian
Estimating row 29 out of 94 for hessian
Estimating row 30 out of 94 for hessian
Estimating row 31 out of 94 for hessian
Estimating row 32 out of 94 for hessian
Estimating row 33 out of 94 for hessian
Estimating row 34 out of 94 for hessian
Estimating row 35 out of 94 for hessian
Estimating row 36 out of 94 for hessian
Estimating row 37 out of 94 for hessian
Estimating row 38 out of 94 for hessian
Estimating row 39 out of 94 for hessian
Estimating row 40 out of 94 for hessian
Estimating row 41 out of 94 for hessian
Estimating row 42 out of 94 for hessian
Estimating row 43 out of 94 for hessian
Estimating row 44 out of 94 for hessian
Estimating row 45 out of 94 for hessian
Estimating row 46 out of 94 for hessian
Estimating row 47 out of 94 for hessian
Estimating row 48 out of 94 for hessian
Estimating row 49 out of 94 for hessian
Estimating row 50 out of 94 for hessian
Estimating row 51 out of 94 for hessian
Estimating row 52 out of 94 for hessian
Estimating row 53 out of 94 for hessian
Estimating row 54 out of 94 for hessian
Estimating row 55 out of 94 for hessian
Estimating row 56 out of 94 for hessian
Estimating row 57 out of 94 for hessian
Estimating row 58 out of 94 for hessian
Estimating row 59 out of 94 for hessian
Estimating row 60 out of 94 for hessian
Estimating row 61 out of 94 for hessian
Estimating row 62 out of 94 for hessian
Estimating row 63 out of 94 for hessian
Estimating row 64 out of 94 for hessian
Estimating row 65 out of 94 for hessian
Estimating row 66 out of 94 for hessian
Estimating row 67 out of 94 for hessian
Estimating row 68 out of 94 for hessian
Estimating row 69 out of 94 for hessian
Estimating row 70 out of 94 for hessian
Estimating row 71 out of 94 for hessian
Estimating row 72 out of 94 for hessian
Estimating row 73 out of 94 for hessian
Estimating row 74 out of 94 for hessian
Estimating row 75 out of 94 for hessian
Estimating row 76 out of 94 for hessian
Estimating row 77 out of 94 for hessian
Estimating row 78 out of 94 for hessian
Estimating row 79 out of 94 for hessian
Estimating row 80 out of 94 for hessian
Estimating row 81 out of 94 for hessian
Estimating row 82 out of 94 for hessian
Estimating row 83 out of 94 for hessian
Estimating row 84 out of 94 for hessian
Estimating row 85 out of 94 for hessian
Estimating row 86 out of 94 for hessian
Estimating row 87 out of 94 for hessian
Estimating row 88 out of 94 for hessian
Estimating row 89 out of 94 for hessian
Estimating row 90 out of 94 for hessian
Estimating row 91 out of 94 for hessian
Estimating row 92 out of 94 for hessian
Estimating row 93 out of 94 for hessian
Estimating row 94 out of 94 for hessian
size of file gradfil1.tmp = 121200000
size of file gradfil2.tmp = 0
size of file varssave.tmp = 0
size of file cmpdiff.tmp = 800000032
