
 - final statistics:
1 variables; iteration 0; function evaluation 0
Function value 1.3510e+03; maximum gradient component mag 3.3928e+00
Exit code = 0;  converg criter 1.0000e+01

Initial statistics: 10 variables; iteration 0; function evaluation 0; phase 2
Function value 1.3510268e+03; maximum gradient component mag 4.8719e+02

 - final statistics:
10 variables; iteration 12; function evaluation 19
Function value 1.3412e+03; maximum gradient component mag 3.7551e+00
Exit code = 1;  converg criter 1.0000e+01

Initial statistics: 72 variables; iteration 0; function evaluation 0; phase 3
Function value 1.3412485e+03; maximum gradient component mag 1.6164e+03

Intermediate statistics: 72 variables; iteration 20; function evaluation 23; phase 3
Function value 1.3400792e+03; maximum gradient component mag 1.1869e+03
72 variables; iteration 40; function evaluation 43; phase 3
Function value 1.3399221e+03; maximum gradient component mag 9.1584e+02
72 variables; iteration 60; function evaluation 68; phase 3
Function value 1.3395878e+03; maximum gradient component mag 1.3960e+02

 - final statistics:
72 variables; iteration 75; function evaluation 87
Function value 1.3396e+03; maximum gradient component mag 3.5053e-02
Exit code = 1;  converg criter 1.0000e+00

Initial statistics: 87 variables; iteration 0; function evaluation 0; phase 4
Function value 1.3395616e+03; maximum gradient component mag 3.5411e+00

Intermediate statistics: 87 variables; iteration 20; function evaluation 23; phase 4
Function value 1.3395479e+03; maximum gradient component mag 7.5004e+01
87 variables; iteration 40; function evaluation 44; phase 4
Function value 1.3395460e+03; maximum gradient component mag 5.5060e+00
87 variables; iteration 60; function evaluation 67; phase 4
Function value 1.3395459e+03; maximum gradient component mag 1.8545e+00
87 variables; iteration 80; function evaluation 93; phase 4
Function value 1.3395459e+03; maximum gradient component mag 1.5120e-01

 - final statistics:
87 variables; iteration 95; function evaluation 113
Function value 1.3395e+03; maximum gradient component mag 2.1947e-05
Exit code = 1;  converg criter 1.0000e-04

 - final statistics:
88 variables; iteration 0; function evaluation 0
Function value 1.3395e+03; maximum gradient component mag 2.1951e-05
Exit code = 0;  converg criter 1.0000e-04
size of file gradfil1.tmp = 0
size of file gradfil2.tmp = 0
size of file varssave.tmp = 0
size of file cmpdiff.tmp = 0
