
 - final statistics:
1 variables; iteration 0; function evaluation 0
Function value 1.8786e+03; maximum gradient component mag 1.2491e+00
Exit code = 0;  converg criter 1.0000e+01

Initial statistics: 10 variables; iteration 0; function evaluation 0; phase 2
Function value 1.8786067e+03; maximum gradient component mag 5.4146e+02

 - final statistics:
10 variables; iteration 12; function evaluation 20
Function value 1.8729e+03; maximum gradient component mag 9.1135e-01
Exit code = 1;  converg criter 1.0000e+01

Initial statistics: 72 variables; iteration 0; function evaluation 0; phase 3
Function value 1.8729049e+03; maximum gradient component mag 9.5729e+02

Intermediate statistics: 72 variables; iteration 20; function evaluation 24; phase 3
Function value 1.8721966e+03; maximum gradient component mag 2.5250e+02
72 variables; iteration 40; function evaluation 45; phase 3
Function value 1.8721469e+03; maximum gradient component mag 2.0221e+02
72 variables; iteration 60; function evaluation 68; phase 3
Function value 1.8720351e+03; maximum gradient component mag 2.5356e+01

 - final statistics:
72 variables; iteration 75; function evaluation 86
Function value 1.8720e+03; maximum gradient component mag 3.2596e-02
Exit code = 1;  converg criter 1.0000e+00

Initial statistics: 87 variables; iteration 0; function evaluation 0; phase 4
Function value 1.8720238e+03; maximum gradient component mag 2.1415e+00

Intermediate statistics: 87 variables; iteration 20; function evaluation 25; phase 4
Function value 1.8720176e+03; maximum gradient component mag 1.5988e+00
87 variables; iteration 40; function evaluation 46; phase 4
Function value 1.8720175e+03; maximum gradient component mag 9.9228e-01
87 variables; iteration 60; function evaluation 67; phase 4
Function value 1.8720174e+03; maximum gradient component mag 2.3882e-01
87 variables; iteration 80; function evaluation 90; phase 4
Function value 1.8720174e+03; maximum gradient component mag 9.3465e-02

 - final statistics:
87 variables; iteration 92; function evaluation 107
Function value 1.8720e+03; maximum gradient component mag 9.7577e-05
Exit code = 1;  converg criter 1.0000e-04

 - final statistics:
88 variables; iteration 0; function evaluation 0
Function value 1.8720e+03; maximum gradient component mag 9.7579e-05
Exit code = 0;  converg criter 1.0000e-04
size of file gradfil1.tmp = 0
size of file gradfil2.tmp = 0
size of file varssave.tmp = 0
size of file cmpdiff.tmp = 0
