
Initial statistics: 1 variables; iteration 0; function evaluation 0; phase 1
Function value 2.3414410e+03; maximum gradient component mag 1.5553e+02

 - final statistics:
1 variables; iteration 4; function evaluation 7
Function value 2.3018e+03; maximum gradient component mag 1.5032e+00
Exit code = 1;  converg criter 1.0000e+01

Initial statistics: 10 variables; iteration 0; function evaluation 0; phase 2
Function value 2.3017677e+03; maximum gradient component mag -3.5692e+03

 - final statistics:
10 variables; iteration 15; function evaluation 27
Function value 1.9841e+03; maximum gradient component mag -7.1494e+00
Exit code = 1;  converg criter 1.0000e+01

Initial statistics: 72 variables; iteration 0; function evaluation 0; phase 3
Function value 1.9840818e+03; maximum gradient component mag -6.9048e+03

Intermediate statistics: 72 variables; iteration 20; function evaluation 24; phase 3
Function value 1.9419111e+03; maximum gradient component mag -5.1816e+03
72 variables; iteration 40; function evaluation 46; phase 3
Function value 1.9263926e+03; maximum gradient component mag -4.8466e+03
72 variables; iteration 60; function evaluation 66; phase 3
Function value 1.9161520e+03; maximum gradient component mag -3.4069e+03
72 variables; iteration 80; function evaluation 87; phase 3
Function value 1.8877098e+03; maximum gradient component mag -4.3353e+01
Maximum number of function evaluations exceeded

 - final statistics:
72 variables; iteration 92; function evaluation 100
Function value 1.8874e+03; maximum gradient component mag 7.8430e+00
Exit code = 3;  converg criter 1.0000e+00

Initial statistics: 87 variables; iteration 0; function evaluation 0; phase 4
Function value 1.8874346e+03; maximum gradient component mag -1.4860e+02

Intermediate statistics: 87 variables; iteration 20; function evaluation 25; phase 4
Function value 1.8826188e+03; maximum gradient component mag 7.1369e+03
87 variables; iteration 40; function evaluation 45; phase 4
Function value 1.8822038e+03; maximum gradient component mag 6.5184e+03
87 variables; iteration 60; function evaluation 68; phase 4
Function value 1.8808536e+03; maximum gradient component mag 1.3066e+03
87 variables; iteration 80; function evaluation 93; phase 4
Function value 1.8806313e+03; maximum gradient component mag 3.1820e+01
87 variables; iteration 100; function evaluation 122; phase 4
Function value 1.8805794e+03; maximum gradient component mag -1.6769e+01
87 variables; iteration 120; function evaluation 146; phase 4
Function value 1.8805582e+03; maximum gradient component mag -4.2101e-01
87 variables; iteration 140; function evaluation 166; phase 4
Function value 1.8805582e+03; maximum gradient component mag -3.3976e-04

 - final statistics:
87 variables; iteration 143; function evaluation 169
Function value 1.8806e+03; maximum gradient component mag -6.4529e-05
Exit code = 1;  converg criter 1.0000e-04

 - final statistics:
88 variables; iteration 0; function evaluation 0
Function value 1.8806e+03; maximum gradient component mag -6.4525e-05
Exit code = 0;  converg criter 1.0000e-04
size of file gradfil1.tmp = 0
size of file gradfil2.tmp = 0
size of file varssave.tmp = 0
size of file cmpdiff.tmp = 0
