
 - final statistics:
1 variables; iteration 0; function evaluation 0
Function value 2.9763e+03; maximum gradient component mag 2.7773e+00
Exit code = 0;  converg criter 1.0000e+01

Initial statistics: 8 variables; iteration 0; function evaluation 0; phase 2
Function value 2.9763362e+03; maximum gradient component mag -8.5347e+02

 - final statistics:
8 variables; iteration 10; function evaluation 18
Function value 2.9578e+03; maximum gradient component mag 3.1357e-02
Exit code = 1;  converg criter 1.0000e+01

Initial statistics: 75 variables; iteration 0; function evaluation 0; phase 3
Function value 2.9578181e+03; maximum gradient component mag -2.7920e+03

Intermediate statistics: 75 variables; iteration 20; function evaluation 22; phase 3
Function value 2.9549247e+03; maximum gradient component mag -2.2432e+03
75 variables; iteration 40; function evaluation 42; phase 3
Function value 2.9546235e+03; maximum gradient component mag -2.0339e+03
75 variables; iteration 60; function evaluation 64; phase 3
Function value 2.9537401e+03; maximum gradient component mag -6.5367e+02

 - final statistics:
75 variables; iteration 79; function evaluation 87
Function value 2.9535e+03; maximum gradient component mag -3.6626e-01
Exit code = 1;  converg criter 1.0000e+00

Initial statistics: 91 variables; iteration 0; function evaluation 0; phase 4
Function value 2.9534667e+03; maximum gradient component mag -9.9475e+00

Intermediate statistics: 91 variables; iteration 20; function evaluation 26; phase 4
Function value 2.9534581e+03; maximum gradient component mag 4.6733e+01
91 variables; iteration 40; function evaluation 46; phase 4
Function value 2.9534569e+03; maximum gradient component mag 4.1943e+01
91 variables; iteration 60; function evaluation 67; phase 4
Function value 2.9534565e+03; maximum gradient component mag 1.1843e+01
91 variables; iteration 80; function evaluation 94; phase 4
Function value 2.9534564e+03; maximum gradient component mag 9.0163e-01
  ic > imax  in fminim is answer attained ?
Function minimizer not making progress ... is minimum attained?
Minimprove criterion = 0.0000e+00

 - final statistics:
91 variables; iteration 97; function evaluation 150
Function value 2.9535e+03; maximum gradient component mag -1.6004e-04
Exit code = 1;  converg criter 1.0000e-04

Initial statistics: 92 variables; iteration 0; function evaluation 0; phase 5
Function value 2.9534564e+03; maximum gradient component mag -1.6003e-04
  ic > imax  in fminim is answer attained ?
Function minimizer not making progress ... is minimum attained?
Minimprove criterion = 0.0000e+00

 - final statistics:
92 variables; iteration 1; function evaluation 30
Function value 2.9535e+03; maximum gradient component mag -1.6003e-04
Exit code = 1;  converg criter 1.0000e-04
size of file gradfil1.tmp = 0
size of file gradfil2.tmp = 0
size of file varssave.tmp = 0
size of file cmpdiff.tmp = 0
