
 - final statistics:
1 variables; iteration 0; function evaluation 0
Function value 2.9526e+03; maximum gradient component mag 5.7841e-02
Exit code = 0;  converg criter 1.0000e+01

Initial statistics: 8 variables; iteration 0; function evaluation 0; phase 2
Function value 2.9525909e+03; maximum gradient component mag 7.7352e+01

 - final statistics:
8 variables; iteration 3; function evaluation 6
Function value 2.9525e+03; maximum gradient component mag -6.3207e+00
Exit code = 1;  converg criter 1.0000e+01

Initial statistics: 75 variables; iteration 0; function evaluation 0; phase 3
Function value 2.9524599e+03; maximum gradient component mag 2.5097e+02

Intermediate statistics: 75 variables; iteration 20; function evaluation 22; phase 3
Function value 2.9524274e+03; maximum gradient component mag 1.6488e+01
75 variables; iteration 40; function evaluation 43; phase 3
Function value 2.9524255e+03; maximum gradient component mag 1.5209e+01
75 variables; iteration 60; function evaluation 65; phase 3
Function value 2.9524220e+03; maximum gradient component mag 7.4472e+00

 - final statistics:
75 variables; iteration 77; function evaluation 87
Function value 2.9524e+03; maximum gradient component mag 3.3589e-01
Exit code = 1;  converg criter 1.0000e+00

Initial statistics: 91 variables; iteration 0; function evaluation 0; phase 4
Function value 2.9524199e+03; maximum gradient component mag 1.2659e+00

Intermediate statistics: 91 variables; iteration 20; function evaluation 22; phase 4
Function value 2.9524198e+03; maximum gradient component mag 2.3847e+01
91 variables; iteration 40; function evaluation 42; phase 4
Function value 2.9524198e+03; maximum gradient component mag 1.7757e+01
91 variables; iteration 60; function evaluation 65; phase 4
Function value 2.9524198e+03; maximum gradient component mag 3.4452e+00
91 variables; iteration 80; function evaluation 87; phase 4
Function value 2.9524198e+03; maximum gradient component mag 9.1363e-01

 - final statistics:
91 variables; iteration 94; function evaluation 113
Function value 2.9524e+03; maximum gradient component mag 5.0432e-05
Exit code = 1;  converg criter 1.0000e-04

 - final statistics:
92 variables; iteration 0; function evaluation 0
Function value 2.9524e+03; maximum gradient component mag 5.0432e-05
Exit code = 0;  converg criter 1.0000e-04
size of file gradfil1.tmp = 0
size of file gradfil2.tmp = 0
size of file varssave.tmp = 0
size of file cmpdiff.tmp = 0
