
 - final statistics:
1 variables; iteration 0; function evaluation 0
Function value 2.9929e+03; maximum gradient component mag 2.7921e+00
Exit code = 0;  converg criter 1.0000e+01

Initial statistics: 8 variables; iteration 0; function evaluation 0; phase 2
Function value 2.9928807e+03; maximum gradient component mag 1.2178e+03

 - final statistics:
8 variables; iteration 12; function evaluation 20
Function value 2.9603e+03; maximum gradient component mag 7.3623e-01
Exit code = 1;  converg criter 1.0000e+01

Initial statistics: 75 variables; iteration 0; function evaluation 0; phase 3
Function value 2.9603421e+03; maximum gradient component mag 3.7827e+03

Intermediate statistics: 75 variables; iteration 20; function evaluation 26; phase 3
Function value 2.9548061e+03; maximum gradient component mag -2.4591e+02
75 variables; iteration 40; function evaluation 47; phase 3
Function value 2.9545116e+03; maximum gradient component mag -2.2254e+02
75 variables; iteration 60; function evaluation 68; phase 3
Function value 2.9543674e+03; maximum gradient component mag -1.5429e+02
75 variables; iteration 80; function evaluation 98; phase 3
Function value 2.9534845e+03; maximum gradient component mag -6.9617e+00
Maximum number of function evaluations exceeded

 - final statistics:
75 variables; iteration 82; function evaluation 100
Function value 2.9535e+03; maximum gradient component mag -1.1242e+01
Exit code = 3;  converg criter 1.0000e+00

Initial statistics: 91 variables; iteration 0; function evaluation 0; phase 4
Function value 2.9534713e+03; maximum gradient component mag 2.6355e+01

Intermediate statistics: 91 variables; iteration 20; function evaluation 26; phase 4
Function value 2.9534264e+03; maximum gradient component mag 3.4531e+01
91 variables; iteration 40; function evaluation 46; phase 4
Function value 2.9534221e+03; maximum gradient component mag 3.0064e+01
91 variables; iteration 60; function evaluation 68; phase 4
Function value 2.9534132e+03; maximum gradient component mag 9.4641e+00
91 variables; iteration 80; function evaluation 92; phase 4
Function value 2.9534109e+03; maximum gradient component mag 2.5873e+00
  ic > imax  in fminim is answer attained ?
Function minimizer not making progress ... is minimum attained?
Minimprove criterion = 0.0000e+00

 - final statistics:
91 variables; iteration 97; function evaluation 152
Function value 2.9534e+03; maximum gradient component mag 1.2856e-04
Exit code = 1;  converg criter 1.0000e-04

Initial statistics: 92 variables; iteration 0; function evaluation 0; phase 5
Function value 2.9534105e+03; maximum gradient component mag 1.2857e-04
  ic > imax  in fminim is answer attained ?
Function minimizer not making progress ... is minimum attained?
Minimprove criterion = 0.0000e+00

 - final statistics:
92 variables; iteration 1; function evaluation 30
Function value 2.9534e+03; maximum gradient component mag 1.2857e-04
Exit code = 1;  converg criter 1.0000e-04
size of file gradfil1.tmp = 0
size of file gradfil2.tmp = 0
size of file varssave.tmp = 0
size of file cmpdiff.tmp = 0
