
 - final statistics:
1 variables; iteration 0; function evaluation 0
Function value 1.4155e+03; maximum gradient component mag 3.7492e+00
Exit code = 0;  converg criter 1.0000e+01

Initial statistics: 10 variables; iteration 0; function evaluation 0; phase 2
Function value 1.4155111e+03; maximum gradient component mag 5.2048e+02

 - final statistics:
10 variables; iteration 13; function evaluation 17
Function value 1.4012e+03; maximum gradient component mag 1.3884e+00
Exit code = 1;  converg criter 1.0000e+01

Initial statistics: 72 variables; iteration 0; function evaluation 0; phase 3
Function value 1.4012109e+03; maximum gradient component mag 1.1429e+03

Intermediate statistics: 72 variables; iteration 20; function evaluation 21; phase 3
Function value 1.3988591e+03; maximum gradient component mag 7.1596e+02
72 variables; iteration 40; function evaluation 43; phase 3
Function value 1.3982982e+03; maximum gradient component mag 5.6229e+02
72 variables; iteration 60; function evaluation 66; phase 3
Function value 1.3974525e+03; maximum gradient component mag 2.0006e+02

 - final statistics:
72 variables; iteration 79; function evaluation 99
Function value 1.3960e+03; maximum gradient component mag 2.9432e-01
Exit code = 1;  converg criter 1.0000e+00

Initial statistics: 92 variables; iteration 0; function evaluation 0; phase 4
Function value 1.3959603e+03; maximum gradient component mag 6.2510e+00

Intermediate statistics: 92 variables; iteration 20; function evaluation 23; phase 4
Function value 1.3959221e+03; maximum gradient component mag -7.9195e+02
92 variables; iteration 40; function evaluation 44; phase 4
Function value 1.3958998e+03; maximum gradient component mag -5.9522e+02
92 variables; iteration 60; function evaluation 67; phase 4
Function value 1.3958725e+03; maximum gradient component mag -5.8800e+01
92 variables; iteration 80; function evaluation 95; phase 4
Function value 1.3958694e+03; maximum gradient component mag -6.1491e+00
92 variables; iteration 100; function evaluation 127; phase 4
Function value 1.3958692e+03; maximum gradient component mag 2.3793e-02

 - final statistics:
92 variables; iteration 105; function evaluation 132
Function value 1.3959e+03; maximum gradient component mag 8.9283e-05
Exit code = 1;  converg criter 1.0000e-04
Warning: the following parameters had issues
  selparm[32] is within 1% of upper bound: -1.0000e+01 < 2.8883e+00 < 3.0000e+00


 - final statistics:
93 variables; iteration 0; function evaluation 0
Function value 1.3959e+03; maximum gradient component mag 8.9285e-05
Exit code = 0;  converg criter 1.0000e-04
size of file gradfil1.tmp = 0
size of file gradfil2.tmp = 0
size of file varssave.tmp = 0
size of file cmpdiff.tmp = 0
