
Initial statistics: 1 variables; iteration 0; function evaluation 0; phase 1
Function value 1.9049457e+06; maximum gradient component mag 1.5963e+05

 - final statistics:
1 variables; iteration 5; function evaluation 13
Function value 1.6984e+06; maximum gradient component mag -2.5830e-01
Exit code = 1;  converg criter 1.0000e+01

Initial statistics: 8 variables; iteration 0; function evaluation 0; phase 2
Function value 1.6984311e+06; maximum gradient component mag 1.6043e+05
  ic > imax  in fminim is answer attained ?
Function minimizer not making progress ... is minimum attained?
Minimprove criterion = 0.0000e+00

 - final statistics:
8 variables; iteration 19; function evaluation 63
Function value 1.6776e+06; maximum gradient component mag 6.1074e+03
Exit code = 1;  converg criter 1.0000e+01

Initial statistics: 75 variables; iteration 0; function evaluation 0; phase 3
Function value 1.6775716e+06; maximum gradient component mag -5.7865e+05

Intermediate statistics: 75 variables; iteration 20; function evaluation 42; phase 3
Function value 1.6463265e+04; maximum gradient component mag 1.0335e+04
75 variables; iteration 40; function evaluation 88; phase 3
Function value 1.1367120e+04; maximum gradient component mag 7.3746e+03
Maximum number of function evaluations exceeded

 - final statistics:
75 variables; iteration 47; function evaluation 100
Function value 1.1296e+04; maximum gradient component mag 1.5906e+04
Exit code = 3;  converg criter 1.0000e+00

Initial statistics: 91 variables; iteration 0; function evaluation 0; phase 4
Function value 9.9800313e+03; maximum gradient component mag -6.4580e+03

Intermediate statistics: 91 variables; iteration 20; function evaluation 28; phase 4
Function value 5.0056829e+03; maximum gradient component mag -6.5774e+03
91 variables; iteration 40; function evaluation 64; phase 4
Function value 4.8493507e+03; maximum gradient component mag -4.5268e+03
91 variables; iteration 60; function evaluation 90; phase 4
Function value 4.4797983e+03; maximum gradient component mag 3.8841e+03
91 variables; iteration 80; function evaluation 115; phase 4
Function value 4.1225490e+03; maximum gradient component mag 1.9424e+03
91 variables; iteration 100; function evaluation 144; phase 4
Function value 3.8048626e+03; maximum gradient component mag 7.7470e+02
91 variables; iteration 120; function evaluation 165; phase 4
Function value 3.7223192e+03; maximum gradient component mag -8.8879e+02
91 variables; iteration 140; function evaluation 187; phase 4
Function value 3.7010356e+03; maximum gradient component mag -2.3622e+02
91 variables; iteration 160; function evaluation 208; phase 4
Function value 3.6062929e+03; maximum gradient component mag -5.9236e+03
91 variables; iteration 180; function evaluation 229; phase 4
Function value 3.5457057e+03; maximum gradient component mag 1.7744e+02
91 variables; iteration 200; function evaluation 250; phase 4
Function value 3.5372864e+03; maximum gradient component mag 5.1598e+01
91 variables; iteration 220; function evaluation 270; phase 4
Function value 3.5366198e+03; maximum gradient component mag -1.3902e+01
91 variables; iteration 240; function evaluation 290; phase 4
Function value 3.5365539e+03; maximum gradient component mag -1.6226e+01
91 variables; iteration 260; function evaluation 310; phase 4
Function value 3.5364726e+03; maximum gradient component mag -1.6811e+01
91 variables; iteration 280; function evaluation 330; phase 4
Function value 3.5363700e+03; maximum gradient component mag -5.4849e+00
91 variables; iteration 300; function evaluation 350; phase 4
Function value 3.5363347e+03; maximum gradient component mag -2.3162e+00
91 variables; iteration 320; function evaluation 370; phase 4
Function value 3.5363334e+03; maximum gradient component mag -7.0011e-01
91 variables; iteration 340; function evaluation 390; phase 4
Function value 3.5363327e+03; maximum gradient component mag 4.6574e-01
91 variables; iteration 360; function evaluation 410; phase 4
Function value 3.5363325e+03; maximum gradient component mag -9.1796e-02
91 variables; iteration 380; function evaluation 431; phase 4
Function value 3.5363324e+03; maximum gradient component mag -2.1091e+00
91 variables; iteration 400; function evaluation 454; phase 4
Function value 3.5363324e+03; maximum gradient component mag -2.5476e-01
91 variables; iteration 420; function evaluation 477; phase 4
Function value 3.5363323e+03; maximum gradient component mag -2.8899e+00
91 variables; iteration 440; function evaluation 503; phase 4
Function value 3.5363323e+03; maximum gradient component mag -2.7783e+00
91 variables; iteration 460; function evaluation 528; phase 4
Function value 3.5363322e+03; maximum gradient component mag -5.0563e-01
91 variables; iteration 480; function evaluation 555; phase 4
Function value 3.5363322e+03; maximum gradient component mag -1.2600e+00
91 variables; iteration 500; function evaluation 582; phase 4
Function value 3.5363321e+03; maximum gradient component mag -9.0588e-01
91 variables; iteration 520; function evaluation 608; phase 4
Function value 3.5363321e+03; maximum gradient component mag -1.7396e-01
91 variables; iteration 540; function evaluation 635; phase 4
Function value 3.5363321e+03; maximum gradient component mag -1.1229e+00
91 variables; iteration 560; function evaluation 662; phase 4
Function value 3.5363320e+03; maximum gradient component mag -1.7573e+00
91 variables; iteration 580; function evaluation 706; phase 4
Function value 3.5361286e+03; maximum gradient component mag -7.4568e+01
91 variables; iteration 600; function evaluation 745; phase 4
Function value 3.4670562e+03; maximum gradient component mag -1.6083e+03
91 variables; iteration 620; function evaluation 782; phase 4
Function value 3.1134547e+03; maximum gradient component mag 6.4839e+02
91 variables; iteration 640; function evaluation 803; phase 4
Function value 3.1015174e+03; maximum gradient component mag -2.8243e+03
91 variables; iteration 660; function evaluation 825; phase 4
Function value 3.0971069e+03; maximum gradient component mag -2.3747e+03
91 variables; iteration 680; function evaluation 846; phase 4
Function value 3.0962675e+03; maximum gradient component mag -1.5698e+03
91 variables; iteration 700; function evaluation 867; phase 4
Function value 3.0960435e+03; maximum gradient component mag -3.6370e+01
91 variables; iteration 720; function evaluation 900; phase 4
Function value 3.0949858e+03; maximum gradient component mag 8.2851e+01
91 variables; iteration 740; function evaluation 920; phase 4
Function value 3.0949502e+03; maximum gradient component mag -1.8597e+01
91 variables; iteration 760; function evaluation 942; phase 4
Function value 3.0949450e+03; maximum gradient component mag 1.4494e+01
91 variables; iteration 780; function evaluation 962; phase 4
Function value 3.0949410e+03; maximum gradient component mag 5.0594e+00
91 variables; iteration 800; function evaluation 989; phase 4
Function value 3.0949396e+03; maximum gradient component mag -1.3174e-01
91 variables; iteration 820; function evaluation 1020; phase 4
Function value 3.0948961e+03; maximum gradient component mag 2.4596e+00

Initial statistics: 92 variables; iteration 0; function evaluation 0; phase 5
Function value 3.0948716e+03; maximum gradient component mag -5.4230e-04
Warning: the following parameters had issues
  init_F[1] is within 0.1% of lower bound: 0.0000e+00 < 1.2352e-07 < 3.0000e+00
  selparm[10] is within 0.1% of upper bound: -2.0000e+00 < 9.9996e+00 < 1.0000e+01
  selparm[19] is within 0.1% of upper bound: 5.3000e+01 < 2.4997e+02 < 2.5000e+02


 - final statistics:
92 variables; iteration 1; function evaluation 2
Function value 3.0949e+03; maximum gradient component mag 6.8423e-05
Exit code = 1;  converg criter 1.0000e-04
size of file gradfil1.tmp = 0
size of file gradfil2.tmp = 0
size of file varssave.tmp = 0
size of file cmpdiff.tmp = 0
