
Initial statistics: 1 variables; iteration 0; function evaluation 0; phase 1
Function value 2.1983520e+06; maximum gradient component mag -1.3202e+06
Var    Value     Gradient |Var    Value     Gradient |Var    Value     Gradient
  1 -0.70368 -1.32020e+06 |

 - final statistics:
1 variables; iteration 2; function evaluation 10
Function value 3.6365e+03; maximum gradient component mag 5.0236e-01
Exit code = 1;  converg criter 1.0000e+01
Var    Value     Gradient |Var    Value     Gradient |Var    Value     Gradient
  1 -0.36577  5.02359e-01 |

Initial statistics: 56 variables; iteration 0; function evaluation 0; phase 2
Function value 3.6364935e+03; maximum gradient component mag 5.5061e+02
Var    Value     Gradient |Var    Value     Gradient |Var    Value     Gradient
  1 -0.36577  5.02359e-01 |  2  0.00000 -6.75936e+00 |  3  0.00000  2.70614e+01
  4  0.00000  5.72696e+01 |  5  0.00000  8.09285e+01 |  6  0.00000  3.95555e+01
  7  0.00000 -4.86265e+01 |  8  0.00000 -5.91059e+01 |  9  0.00000 -6.97419e+01
 10  0.00000 -1.09945e+02 | 11  0.00000 -4.72943e+01 | 12  0.00000  8.06635e+01
 13  0.00000 -1.69966e+01 | 14  0.00000  4.12244e+01 | 15  0.00000  1.29472e+02
 16  0.00000  4.71404e+01 | 17  0.00000  5.53717e+01 | 18  0.00000  3.18889e+01
 19  0.00000 -1.37648e+01 | 20  0.00000  9.01003e+01 | 21  0.00000  3.42178e+01
 22  0.00000 -2.39809e+02 | 23  0.00000  1.97057e+02 | 24  0.00000  8.76116e+01
 25  0.00000 -2.54299e+02 | 26  0.00000  4.30643e+01 | 27  0.00000  1.13922e+02
 28  0.00000  1.13061e+02 | 29  0.00000 -2.32994e+02 | 30  0.00000 -4.71485e+02
 31  0.00000 -4.46106e+02 | 32  0.00000 -4.80996e+01 | 33  0.00000  4.84082e+01
 34  0.00000  1.53595e+02 | 35  0.00000  2.09076e+02 | 36  0.00000  3.30830e+02
 37  0.00000  1.09397e+02 | 38  0.00000  1.39807e+02 | 39  0.00000  3.52291e+01
 40  0.00000 -2.11099e+02 | 41  0.00000 -2.58900e+02 | 42  0.00000 -2.92124e+02
 43  0.00000 -1.28599e+02 | 44  0.00000  1.31790e+02 | 45  0.00000  1.38495e+02
 46  0.00000  1.56346e+02 | 47  0.00000  1.32599e+02 | 48  0.00000  1.00565e+02
 49  0.00000  1.01242e+01 | 50 -0.04813  2.46222e+02 | 51  0.04422  5.50609e+02
 52  0.02102  2.63574e+02 | 53  0.11444  1.15418e+02 | 54 -0.19716 -4.65619e+02
 55  0.17760 -6.67058e+01 | 56 -0.06799 -3.68436e+02 |

Intermediate statistics: 56 variables; iteration 20; function evaluation 27; phase 2
Function value 3.5482671e+03; maximum gradient component mag 9.6745e+02
Var    Value     Gradient |Var    Value     Gradient |Var    Value     Gradient
  1 -0.37960  2.20402e+00 |  2 -0.01087  6.28685e+00 |  3 -0.02734  7.61650e+00
  4 -0.04371  8.52549e+00 |  5 -0.05324  1.34233e+01 |  6 -0.04550  5.41741e+00
  7  0.06359  3.62344e+00 |  8 -0.02093 -1.94980e+01 |  9 -0.09745 -3.98301e+01
 10  0.06274 -2.66939e+01 | 11 -0.01195 -2.42657e+01 | 12  0.01012  4.16717e+01
 13 -0.03546 -7.79982e+00 | 14 -0.00422  1.26159e+01 | 15  0.00112  5.04870e+01
 16 -0.03364  9.16520e+00 | 17 -0.03125  8.45447e+00 | 18 -0.01037  8.77488e+00
 19  0.03724  2.56083e+01 | 20 -0.00112  6.00140e+01 | 21  0.00466  3.72767e+01
 22  0.05100 -4.64859e+01 | 23 -0.00303  1.25619e+02 | 24  0.00672  6.63253e+01
 25  0.04905 -2.65695e+01 | 26  0.01635  9.18693e+01 | 27  0.00696  9.10324e+01
 28 -0.00234  3.22780e+01 | 29  0.01502 -1.87636e+02 | 30  0.02869 -3.00843e+02
 31  0.02719 -3.10862e+02 | 32  0.00285 -6.77306e+01 | 33  0.00679  7.68210e+00
 34  0.01442  1.71894e+02 | 35  0.01369  2.24513e+02 | 36 -0.00107  2.53441e+02
 37  0.01982  1.69991e+02 | 38  0.00540  1.11862e+02 | 39  0.00330  6.87564e-01
 40  0.01746 -1.52528e+02 | 41  0.01854 -1.63469e+02 | 42  0.02098 -1.92294e+02
 43  0.01058 -1.08285e+02 | 44 -0.00624  4.23543e+01 | 45 -0.00529  4.39300e+01
 46 -0.00946  7.11407e+01 | 47 -0.02610  4.03015e+01 | 48 -0.02601  3.89408e+01
 49 -0.23612  4.18767e+00 | 50 -0.04958  2.33263e+02 | 51  0.05226  9.67452e+02
 52  0.02273  3.56410e+02 | 53 -0.02928  1.10520e+01 | 54 -0.13257 -1.29073e+02
 55  0.17480 -6.37574e+01 | 56 -0.03713 -2.16035e+02 |
56 variables; iteration 40; function evaluation 50; phase 2
Function value 3.5062640e+03; maximum gradient component mag 2.0516e+02
Var    Value     Gradient |Var    Value     Gradient |Var    Value     Gradient
  1 -0.51447  2.20999e+00 |  2 -0.04167  6.46824e+00 |  3 -0.02017  2.49981e+01
  4 -0.02074  3.56794e+01 |  5 -0.02840  3.65920e+01 |  6 -0.04577  3.44771e+00
  7  0.04035 -1.34216e+01 |  8 -0.00972 -1.79157e+01 |  9 -0.00552 -1.39713e+01
 10  0.03670 -3.76627e+01 | 11  0.01263 -2.52969e+01 | 12  0.00008  1.89705e+00
 13 -0.03680 -2.23533e+01 | 14  0.00821  5.39130e+00 | 15 -0.01621 -3.68955e+00
 16 -0.02344 -4.24241e+00 | 17 -0.03160 -8.82384e+00 | 18 -0.04742 -2.01647e+01
 19  0.05573  5.88295e+01 | 20  0.00211  5.20578e+01 | 21 -0.01457 -1.38574e+01
 22  0.07059  1.27366e+01 | 23 -0.01600  4.29644e+01 | 24  0.00884  3.92921e+01
 25  0.06171 -2.81273e+00 | 26  0.01285  2.10438e+01 | 27 -0.00086  9.08441e+00
 28 -0.00181  2.81937e+01 | 29  0.02813 -6.58681e+01 | 30  0.04146 -1.04745e+02
 31  0.05161 -7.65169e+01 | 32  0.00348 -1.41670e+01 | 33  0.00327 -1.91459e+01
 34  0.00281  4.81876e+01 | 35 -0.00108  5.33105e+01 | 36 -0.02788  4.09213e+01
 37  0.01181  5.87725e+01 | 38 -0.00548  2.80655e+01 | 39 -0.00454 -2.60551e+01
 40  0.02391 -5.13570e+01 | 41  0.02706 -1.37686e+01 | 42  0.03325 -2.67266e+01
 43  0.00759 -6.27176e+01 | 44 -0.01911  1.32330e+01 | 45 -0.00920  4.21350e+01
 46 -0.03475 -1.16487e+01 | 47 -0.03204  3.76753e+01 | 48 -0.04751 -6.07760e-01
 49 -0.85153 -1.24396e+00 | 50 -0.05207 -5.46455e+01 | 51  0.03630  2.05158e+02
 52  0.01229  4.27348e+01 | 53 -0.06086 -1.10042e+01 | 54 -0.12826 -8.42599e+01
 55  0.17999 -1.87969e+01 | 56 -0.01586 -6.34221e+01 |
56 variables; iteration 60; function evaluation 82; phase 2
Function value 3.4991587e+03; maximum gradient component mag -6.1197e+01
Var    Value     Gradient |Var    Value     Gradient |Var    Value     Gradient
  1 -0.52106 -1.44484e+00 |  2 -0.04773 -9.27813e+00 |  3 -0.03035  4.56135e-01
  4 -0.03978  3.20382e+00 |  5 -0.05394  3.49430e+00 |  6 -0.03678  2.07258e+00
  7  0.04497 -1.92110e+00 |  8 -0.00293 -4.14325e+00 |  9 -0.01781 -3.93929e+00
 10  0.04731 -8.12072e+00 | 11  0.01855 -6.75830e+00 | 12  0.00443  7.96973e+00
 13 -0.03195 -7.44569e+00 | 14  0.00597  4.15838e+00 | 15 -0.00349  6.72866e+00
 16 -0.03872 -2.28816e+00 | 17 -0.03844 -3.79190e+00 | 18 -0.01493 -3.80516e+00
 19  0.03642 -3.06958e+00 | 20 -0.01025  7.21134e+00 | 21  0.00193  4.80958e+00
 22  0.06945 -4.63458e+00 | 23 -0.02170  2.25080e+00 | 24  0.00580  4.92700e+00
 25  0.06554 -2.52845e+00 | 26  0.01152 -1.51903e+00 | 27  0.00273  2.59021e+00
 28 -0.00677 -3.43567e+00 | 29  0.03685 -1.48863e+00 | 30  0.05075 -4.50444e+00
 31  0.05916 -2.95051e+00 | 32  0.00333 -3.36896e+00 | 33  0.00881 -4.32187e-01
 34 -0.00145  2.35797e+00 | 35 -0.00386  5.03578e+00 | 36 -0.02905  7.63334e+00
 37  0.00795  3.11289e+00 | 38 -0.00675  3.77392e+00 | 39 -0.00039 -2.13936e+00
 40  0.03003 -1.95588e+00 | 41  0.02800  2.25675e+00 | 42  0.03580  5.06473e+00
 43  0.01726 -4.75259e+00 | 44 -0.02134  2.83329e+00 | 45 -0.01553  2.98456e+00
 46 -0.03006  1.69606e-01 | 47 -0.04264  3.00897e+00 | 48 -0.04571  5.43560e-01
 49 -0.69974 -7.95969e-01 | 50 -0.05158 -6.11975e+01 | 51  0.03195 -8.53890e+00
 52  0.01028 -2.19294e+01 | 53 -0.04117  4.05844e-01 | 54 -0.11303 -1.36325e+01
 55  0.18142 -6.32617e+00 | 56 -0.01130 -1.69496e+01 |

 - final statistics:
56 variables; iteration 66; function evaluation 88
Function value 3.4985e+03; maximum gradient component mag 4.5201e+00
Exit code = 1;  converg criter 1.0000e+01
Var    Value     Gradient |Var    Value     Gradient |Var    Value     Gradient
  1 -0.54768  3.81404e+00 |  2 -0.02588  8.17509e-02 |  3 -0.03105  4.13438e-01
  4 -0.04245  6.14894e-01 |  5 -0.05663  4.82114e-01 |  6 -0.03896  8.77268e-02
  7  0.04403 -4.28469e-01 |  8 -0.00001 -3.22518e-01 |  9 -0.01834 -8.51922e-01
 10  0.04835 -1.76551e-01 | 11  0.02066  2.63587e-01 | 12 -0.00374 -3.76792e-01
 13 -0.02257  1.70086e-01 | 14  0.00024  1.24597e-01 | 15 -0.00869 -3.19148e-01
 16 -0.03685 -2.35289e-01 | 17 -0.03665 -3.55797e-01 | 18 -0.01471  9.71589e-02
 19  0.03687  2.99544e-01 | 20 -0.01319 -9.68636e-02 | 21 -0.00008  1.39636e-01
 22  0.07008  7.88648e-01 | 23 -0.02184  1.04616e+00 | 24  0.00502  7.23303e-01
 25  0.06568 -7.67384e-01 | 26  0.01207  2.63305e-02 | 27  0.00153  3.85023e-02
 28 -0.00702  1.32754e-01 | 29  0.03618 -4.27371e-01 | 30  0.05041 -6.69998e-01
 31  0.05902 -4.31778e-01 | 32  0.00364  2.47378e-01 | 33  0.00888  3.39012e-02
 34 -0.00177  2.18388e-01 | 35 -0.00444 -4.38064e-01 | 36 -0.03025  3.26674e-01
 37  0.00779  8.80808e-01 | 38 -0.00755 -4.58967e-01 | 39 -0.00030 -4.50179e-01
 40  0.03003 -1.84411e-01 | 41  0.02745 -3.79072e-01 | 42  0.03478  1.42657e-01
 43  0.01838  2.94650e-01 | 44 -0.02208  1.20445e-01 | 45 -0.01613 -2.01021e-01
 46 -0.02984 -4.79494e-01 | 47 -0.04365 -2.54425e-01 | 48 -0.04618  8.25585e-02
 49 -0.48430 -1.05187e-02 | 50 -0.04739  4.52014e+00 | 51  0.03490  3.15827e+00
 52  0.01496  2.39202e+00 | 53 -0.03487 -3.70011e-02 | 54 -0.10966  1.82851e-01
 55  0.18757  4.50141e-01 | 56 -0.00448  1.14228e+00 |

Initial statistics: 76 variables; iteration 0; function evaluation 0; phase 3
Function value 3.4985024e+03; maximum gradient component mag 4.4610e+02
Var    Value     Gradient |Var    Value     Gradient |Var    Value     Gradient
  1 -0.54768  3.81404e+00 |  2 -0.02588  9.08925e-02 |  3 -0.03105  4.22577e-01
  4 -0.04245  6.24023e-01 |  5 -0.05663  4.91226e-01 |  6 -0.03896  9.68587e-02
  7  0.04403 -4.19341e-01 |  8 -0.00001 -3.13369e-01 |  9 -0.01834 -8.42777e-01
 10  0.04835 -1.67428e-01 | 11  0.02066  2.72731e-01 | 12 -0.00374 -3.67643e-01
 13 -0.02257  1.79230e-01 | 14  0.00024  1.33746e-01 | 15 -0.00869 -3.10000e-01
 16 -0.03685 -2.26155e-01 | 17 -0.03665 -3.46663e-01 | 18 -0.01471  1.06306e-01
 19  0.03687  3.08678e-01 | 20 -0.01319 -8.77165e-02 | 21 -0.00008  1.48785e-01
 22  0.07008  7.97742e-01 | 23 -0.02184  1.05530e+00 | 24  0.00502  7.32451e-01
 25  0.06568 -7.58283e-01 | 26  0.01207  3.54780e-02 | 27  0.00153  4.76513e-02
 28 -0.00702  1.41903e-01 | 29  0.03618 -4.18237e-01 | 30  0.05041 -6.60878e-01
 31  0.05902 -4.22668e-01 | 32  0.00364  2.56527e-01 | 33  0.00888  4.30494e-02
 34 -0.00177  2.27537e-01 | 35 -0.00444 -4.28915e-01 | 36 -0.03025  3.35813e-01
 37  0.00779  8.89957e-01 | 38 -0.00755 -4.49819e-01 | 39 -0.00030 -4.41030e-01
 40  0.03003 -1.75272e-01 | 41  0.02745 -3.69932e-01 | 42  0.03478  1.51793e-01
 43  0.01838  3.03795e-01 | 44 -0.02208  1.29589e-01 | 45 -0.01613 -1.91875e-01
 46 -0.02983 -4.70355e-01 | 47 -0.04364 -2.45297e-01 | 48 -0.04618  9.16835e-02
 49 -0.48430 -1.05187e-02 | 50 -0.04739  4.52014e+00 | 51  0.28213 -2.80120e+01
 52  0.44466 -1.25829e+01 | 53  0.03490  3.15827e+00 | 54  0.21824  6.19815e+01
 55  0.56040  1.00718e+02 | 56  0.01496  2.39202e+00 | 57  0.31510 -1.24121e+02
 58  0.51632 -4.74172e+01 | 59 -0.03487 -3.70011e-02 | 60 -0.41904 -1.51745e+00
 61  0.33042 -3.06829e+01 | 62  0.62903 -2.00171e+01 | 63 -0.10966  1.82851e-01
 64  0.27945 -3.04355e+01 | 65  0.43663 -8.24343e+01 | 66  0.18757  4.50141e-01
 67  0.34997  3.27849e+00 | 68  0.30652  1.30162e+01 | 69  0.02023  3.26896e+00
 70 -0.00448  1.14228e+00 | 71  0.00520  2.31248e+01 | 72  0.33042  4.46104e+02
 73  0.52774  1.38043e+02 | 74 -0.47611 -2.84404e+02 | 75  0.43675  3.12612e+02
 76  0.26064 -2.35844e+02 |

Intermediate statistics: 76 variables; iteration 20; function evaluation 34; phase 3
Function value 3.3726964e+03; maximum gradient component mag -2.2408e+02
Var    Value     Gradient |Var    Value     Gradient |Var    Value     Gradient
  1 -0.59935 -1.19241e+02 |  2 -0.02545  2.06502e-01 |  3 -0.02773 -3.85750e+00
  4 -0.03696 -5.76221e+00 |  5 -0.05662 -3.60045e+00 |  6 -0.03995 -2.45608e+00
  7  0.04521 -4.68489e+00 |  8  0.00111 -3.03419e+00 |  9 -0.01509 -2.23821e+00
 10  0.07152 -6.80814e+00 | 11  0.01640 -1.19690e+00 | 12 -0.01196  5.67818e+00
 13  0.00837 -1.44520e+00 | 14  0.00041  9.94061e+00 | 15 -0.01621  1.77647e+01
 16 -0.02446  6.02252e+00 | 17 -0.02739  8.47550e+00 | 18 -0.01499  8.77742e+00
 19  0.01928  1.89537e+00 | 20 -0.01986 -1.35158e+01 | 21 -0.01163 -1.53663e+01
 22  0.06376 -2.38485e+01 | 23 -0.02881 -1.89707e+01 | 24 -0.00566 -2.40078e+01
 25  0.05411 -3.54956e+01 | 26  0.00126 -3.78866e+01 | 27 -0.00832 -2.44900e+01
 28 -0.00898  6.86382e-01 | 29  0.03155  1.83940e+01 | 30  0.05127  4.54685e+01
 31  0.05697  9.40019e+00 | 32  0.01545  7.73563e+00 | 33 -0.00023 -2.17526e+01
 34 -0.00089 -1.31946e+00 | 35 -0.00870 -4.83269e+00 | 36 -0.03261 -7.54037e+00
 37  0.00313 -1.49195e+01 | 38 -0.01142 -1.44774e+00 | 39 -0.00141  1.52888e+01
 40  0.02780  1.20906e+01 | 41  0.02632  6.21570e+00 | 42  0.03343  1.06416e+01
 43  0.01928  1.45405e+01 | 44 -0.01675  2.11279e+01 | 45 -0.01094  2.82450e+01
 46 -0.02214  2.26865e+01 | 47 -0.03394  9.31101e+00 | 48 -0.02679  1.15561e+01
 49 -0.48094 -1.56209e+00 | 50 -0.02987 -1.42966e+02 | 51  0.28396 -4.47255e+01
 52  0.44900 -9.99207e+01 | 53  0.06617 -6.96219e+01 | 54  0.23030  3.47677e+01
 55  0.52959 -3.67453e+01 | 56  0.03850 -7.14889e+01 | 57  0.31863 -7.35777e+01
 58  0.51944 -6.65984e+01 | 59  0.01743 -9.38696e+00 | 60 -0.41124 -5.03663e-01
 61  0.36053  1.38995e+01 | 62  0.71561 -3.45739e+00 | 63 -0.17358 -4.21571e+01
 64  0.25592  4.18978e+01 | 65  0.56632 -7.71629e+00 | 66  0.21218 -4.92861e+01
 67  0.35343 -1.05045e+01 | 68  0.30916  8.37311e+01 | 69  0.01507 -8.94733e+00
 70 -0.06947  1.49058e+02 | 71  0.01066  1.46505e+01 | 72  0.26582 -2.24076e+02
 73  0.58852  1.20147e+02 | 74 -0.37430 -1.22968e+02 | 75  0.29412  2.21895e+02
 76  0.56230  1.35584e+00 |
76 variables; iteration 40; function evaluation 54; phase 3
Function value 3.3689361e+03; maximum gradient component mag -2.0796e+02
Var    Value     Gradient |Var    Value     Gradient |Var    Value     Gradient
  1 -0.60009 -1.91976e+02 |  2 -0.01444  1.85018e+00 |  3 -0.01114  5.82253e+00
  4 -0.02999 -1.62926e+00 |  5 -0.07113 -1.26274e+01 |  6 -0.04741 -7.56542e+00
  7  0.05381  1.78757e+00 |  8 -0.00198 -7.01093e+00 |  9 -0.03586 -1.47011e+01
 10  0.07037 -8.38519e+00 | 11  0.02642  1.34310e+01 | 12 -0.00898  1.24024e+01
 13  0.00174 -3.99461e+00 | 14  0.00064  7.27117e+00 | 15 -0.02461  4.81341e+00
 16 -0.01506  9.08267e+00 | 17 -0.03194  3.81325e+00 | 18 -0.01084  8.88312e+00
 19  0.01554 -4.04225e+00 | 20 -0.01638 -4.85693e+00 | 21 -0.01054 -8.20593e+00
 22  0.06431 -1.26694e+01 | 23 -0.02823 -1.47363e+01 | 24 -0.00666 -3.01353e+01
 25  0.05288 -4.74282e+01 | 26  0.00168 -3.97845e+01 | 27 -0.00852 -2.44398e+01
 28 -0.01083 -6.12139e+00 | 29  0.03075  1.39931e+01 | 30  0.05098  4.49475e+01
 31  0.05527 -1.32303e+00 | 32  0.01696  1.56802e+01 | 33  0.00267  1.41124e+00
 34  0.00154  1.38704e+01 | 35 -0.01127 -2.02105e+01 | 36 -0.03244 -4.72793e+00
 37  0.00496  5.39653e+00 | 38 -0.01008  1.51753e+01 | 39 -0.00267  8.27710e+00
 40  0.02658 -3.37573e+00 | 41  0.02515 -6.10325e+00 | 42  0.03391  1.29088e+01
 43  0.01887  1.26546e+01 | 44 -0.01736  1.72870e+01 | 45 -0.01136  2.30606e+01
 46 -0.02431  1.30513e+01 | 47 -0.02880  2.51536e+01 | 48 -0.03166  5.48200e-01
 49 -0.28983  2.59215e+00 | 50 -0.02873 -1.95522e+02 | 51  0.28545  7.56599e+01
 52  0.44932 -9.56998e+01 | 53  0.06522 -1.19862e+02 | 54  0.23017  8.52679e+01
 55  0.53044 -4.33686e+01 | 56  0.04042 -2.47147e+01 | 57  0.31923 -8.63045e+01
 58  0.52301 -2.07114e+01 | 59 -0.21318 -2.91634e+01 | 60 -0.33625 -2.19252e+00
 61  0.28065  4.27244e+01 | 62  1.02846  1.14799e+00 | 63 -0.17004 -3.22558e+01
 64  0.25797  3.68674e+01 | 65  0.57752  3.89793e-01 | 66  0.22288 -3.85884e+01
 67  0.38682 -1.47535e+01 | 68  0.31229  6.68863e+01 | 69 -0.02378 -2.02938e+01
 70 -0.06534  1.07138e+02 | 71  0.01796  8.23877e+00 | 72  0.26748 -2.07959e+02
 73  0.57007  7.31930e+01 | 74 -0.38794 -5.99703e+01 | 75  0.26854  1.32430e+02
 76  0.55194  1.76615e+00 |
76 variables; iteration 60; function evaluation 77; phase 3
Function value 3.3609603e+03; maximum gradient component mag 3.3485e+02
Var    Value     Gradient |Var    Value     Gradient |Var    Value     Gradient
  1 -0.60005 -9.49701e+01 |  2 -0.01197  6.64750e+00 |  3 -0.02357 -1.73354e+00
  4 -0.04109 -8.52469e+00 |  5 -0.05900 -5.91173e+00 |  6 -0.04167 -1.40422e+00
  7  0.05432  1.32296e+01 |  8  0.01443  1.15554e+01 |  9 -0.02598 -3.41953e+00
 10  0.07699 -9.51502e+00 | 11  0.00979 -1.73678e+01 | 12 -0.01270 -6.33834e+00
 13  0.01522 -1.11166e+01 | 14 -0.00415 -1.26023e+01 | 15 -0.01727 -1.05306e+00
 16 -0.01788 -8.29193e-01 | 17 -0.02120  4.27868e+00 | 18 -0.02075  2.05690e+00
 19  0.02132  8.34341e+00 | 20 -0.01671 -1.99450e+00 | 21 -0.02057 -2.66214e+01
 22  0.06272 -2.26521e+01 | 23 -0.03168 -2.15480e+01 | 24 -0.00542 -1.07548e+01
 25  0.04955 -3.89702e+01 | 26  0.00426 -6.83523e+00 | 27 -0.00694 -3.46482e+00
 28 -0.01074  7.00742e+00 | 29  0.02935  2.91862e+00 | 30  0.04710  1.12071e+01
 31  0.05630  1.12741e+01 | 32  0.01551  2.04642e+01 | 33  0.00668  2.82369e+01
 34 -0.00330 -6.56583e+00 | 35 -0.00839  7.44562e-01 | 36 -0.02993  1.33115e+01
 37  0.00478 -1.13672e+00 | 38 -0.01220 -3.51395e+00 | 39 -0.00200  7.29605e+00
 40  0.02642  8.62694e-01 | 41  0.02680  8.09044e+00 | 42  0.03393  1.64911e+01
 43  0.01760  7.32558e+00 | 44 -0.01841  1.32989e+01 | 45 -0.01230  1.91836e+01
 46 -0.02527  1.15515e+01 | 47 -0.03948 -1.52667e+00 | 48 -0.03218 -3.72571e-01
 49 -0.46041 -1.27813e+00 | 50 -0.02818 -3.07778e+02 | 51  0.28829  3.34850e+02
 52  0.45122 -7.55730e+01 | 53  0.06381 -1.01500e+02 | 54  0.22892  5.87316e+01
 55  0.53435 -3.61395e+01 | 56  0.04935  3.69173e+01 | 57  0.32439 -3.32458e+01
 58  0.52217  3.05106e+01 | 59 -0.09612 -5.01598e+00 | 60  0.07426  1.68544e-01
 61  0.32318  1.75904e+01 | 62  0.80405  8.56906e-01 | 63 -0.17990 -2.49655e+00
 64  0.24985  1.24972e+01 | 65  0.59442  1.46428e+01 | 66  0.23493 -2.03759e+01
 67  0.34144 -1.38560e+01 | 68  0.31478  2.61891e+01 | 69  0.00869 -1.57154e+01
 70 -0.05262  1.37124e+00 | 71 -0.07935 -4.55783e-01 | 72  0.27842 -6.11363e+01
 73  0.55455  1.81614e+01 | 74 -0.43577  4.46224e+01 | 75  0.19908  1.33555e+01
 76  0.59453  1.36549e+00 |
Maximum number of function evaluations exceeded

 - final statistics:
76 variables; iteration 79; function evaluation 100
Function value 3.3580e+03; maximum gradient component mag 1.6733e+02
Exit code = 3;  converg criter 1.0000e+00
Var    Value     Gradient |Var    Value     Gradient |Var    Value     Gradient
  1 -0.59887  2.81436e+01 |  2 -0.01652  6.36342e-01 |  3 -0.02627 -4.48483e+00
  4 -0.02048  1.54233e+00 |  5 -0.06130 -7.58194e+00 |  6 -0.03591 -2.70721e+00
  7  0.04531 -2.99401e+00 |  8  0.01258  2.56081e+00 |  9 -0.00899  1.75124e+00
 10  0.07803 -2.29402e+00 | 11  0.01821 -2.88454e+00 | 12 -0.01270 -3.72791e-01
 13  0.02974  6.83317e+00 | 14 -0.00162 -1.83722e+00 | 15 -0.01410  4.13347e+00
 16 -0.02063 -1.43234e+00 | 17 -0.03067 -4.77917e-01 | 18 -0.02075  2.34357e+00
 19  0.01634 -1.46679e+00 | 20 -0.02044 -2.05153e+00 | 21 -0.01357 -5.77615e+00
 22  0.05892 -1.95826e+01 | 23 -0.03025 -8.64958e+00 | 24 -0.00766 -1.15093e+01
 25  0.05105 -1.69243e+01 | 26  0.00241 -5.67929e+00 | 27 -0.00792 -1.41604e+00
 28 -0.01319  3.03774e-01 | 29  0.02854  5.26524e-01 | 30  0.04466  1.74348e+00
 31  0.05564  1.34242e+01 | 32  0.01337  9.39483e+00 | 33  0.00224  4.82401e+00
 34 -0.00226  3.00506e+00 | 35 -0.00966  2.56938e-01 | 36 -0.03335  9.87724e-01
 37  0.00379 -4.44037e-01 | 38 -0.01307 -1.29021e+00 | 39 -0.00458  5.99551e-02
 40  0.02576  4.43192e+00 | 41  0.02592  1.05226e+01 | 42  0.03156  8.17217e+00
 43  0.01664  4.85984e+00 | 44 -0.02028  5.74881e+00 | 45 -0.01483  6.95360e+00
 46 -0.02767  3.19555e+00 | 47 -0.04057 -2.20261e+00 | 48 -0.03130  2.45022e+00
 49 -0.50887 -6.18366e-01 | 50 -0.02670 -1.55005e+02 | 51  0.28796  1.67332e+02
 52  0.45031 -3.77055e+01 | 53  0.06600 -3.49357e+01 | 54  0.23015  1.00908e+01
 55  0.53441 -2.06763e+01 | 56  0.04753 -6.42651e+00 | 57  0.32460  2.29812e+01
 58  0.52060  8.43274e+00 | 59 -0.19899 -8.68355e-01 | 60  0.27435  1.43839e+00
 61  0.27510  1.18316e+01 | 62  0.79514  6.81305e-01 | 63 -0.18800 -6.90114e+00
 64  0.24513  5.28485e+00 | 65  0.58635  5.21121e+00 | 66  0.22919 -9.12050e+00
 67  0.33360 -4.76027e+00 | 68  0.31224  7.94622e+00 | 69  0.02487 -1.98366e+00
 70 -0.03449 -1.17362e+01 | 71 -0.15261 -9.87719e-02 | 72  0.29014  1.88899e+01
 73  0.53945  9.45478e+00 | 74 -0.45824 -4.10863e+01 | 75  0.16743  3.06056e+01
 76  0.61604  1.14414e+00 |

Initial statistics: 92 variables; iteration 0; function evaluation 0; phase 4
Function value 3.3580469e+03; maximum gradient component mag 1.6733e+02
Var    Value     Gradient |Var    Value     Gradient |Var    Value     Gradient
  1 -0.59887  2.81436e+01 |  2  0.00000  2.51328e-01 |  3  0.00000  7.22631e-02
  4  0.00000  9.02880e-02 |  5  0.00000  1.13981e-01 |  6  0.00000  1.45279e-01
  7  0.00000  1.85821e-01 |  8  0.00000  2.27597e-01 |  9  0.00000  2.79410e-01
 10  0.00000  3.25463e-01 | 11  0.00000  3.53312e-01 | 12  0.00000  3.30899e-01
 13  0.00000  1.91386e-01 | 14  0.00000 -1.38707e-01 | 15  0.00000 -7.28790e-01
 16  0.00000 -3.36671e-01 | 17 -0.01652  7.11188e-01 | 18 -0.02626 -4.41002e+00
 19 -0.02048  1.61716e+00 | 20 -0.06130 -7.50742e+00 | 21 -0.03591 -2.63246e+00
 22  0.04531 -2.91933e+00 | 23  0.01258  2.63567e+00 | 24 -0.00899  1.82610e+00
 25  0.07803 -2.21971e+00 | 26  0.01822 -2.80969e+00 | 27 -0.01269 -2.97935e-01
 28  0.02974  6.90796e+00 | 29 -0.00162 -1.76235e+00 | 30 -0.01409  4.20833e+00
 31 -0.02063 -1.35751e+00 | 32 -0.03067 -4.03133e-01 | 33 -0.02075  2.41840e+00
 34  0.01634 -1.39195e+00 | 35 -0.02044 -1.97670e+00 | 36 -0.01357 -5.70129e+00
 37  0.05892 -1.95081e+01 | 38 -0.03024 -8.57480e+00 | 39 -0.00765 -1.14344e+01
 40  0.05105 -1.68496e+01 | 41  0.00241 -5.60442e+00 | 42 -0.00792 -1.34117e+00
 43 -0.01318  3.78629e-01 | 44  0.02854  6.01320e-01 | 45  0.04466  1.81817e+00
 46  0.05565  1.34988e+01 | 47  0.01337  9.46968e+00 | 48  0.00224  4.89888e+00
 49 -0.00226  3.07993e+00 | 50 -0.00966  3.31801e-01 | 51 -0.03334  1.06249e+00
 52  0.00379 -3.69167e-01 | 53 -0.01306 -1.21535e+00 | 54 -0.00458  1.34825e-01
 55  0.02576  4.50673e+00 | 56  0.02592  1.05974e+01 | 57  0.03156  8.24694e+00
 58  0.01664  4.93468e+00 | 59 -0.02028  5.82365e+00 | 60 -0.01483  7.02846e+00
 61 -0.02767  3.27036e+00 | 62 -0.04057 -2.12789e+00 | 63 -0.03130  2.52500e+00
 64 -0.50887 -6.18366e-01 | 65 -0.02670 -1.55005e+02 | 66  0.28796  1.67332e+02
 67  0.45031 -3.77055e+01 | 68  0.06600 -3.49357e+01 | 69  0.23015  1.00908e+01
 70  0.53441 -2.06763e+01 | 71  0.04753 -6.42651e+00 | 72  0.32460  2.29812e+01
 73  0.52060  8.43274e+00 | 74 -0.19899 -8.68355e-01 | 75  0.27435  1.43839e+00
 76  0.27510  1.18316e+01 | 77  0.79514  6.81305e-01 | 78 -0.18800 -6.90114e+00
 79  0.24513  5.28485e+00 | 80  0.58635  5.21121e+00 | 81  0.22919 -9.12050e+00
 82  0.33360 -4.76027e+00 | 83  0.31224  7.94622e+00 | 84  0.02487 -1.98366e+00
 85 -0.03449 -1.17362e+01 | 86 -0.15261 -9.87719e-02 | 87  0.29014  1.88899e+01
 88  0.53945  9.45478e+00 | 89 -0.45824 -4.10863e+01 | 90  0.16743  3.06056e+01
 91  0.61604  1.14414e+00 | 92  0.01592  8.90010e+01 |

Intermediate statistics: 92 variables; iteration 20; function evaluation 22; phase 4
Function value 3.3521428e+03; maximum gradient component mag -3.4620e+02
Var    Value     Gradient |Var    Value     Gradient |Var    Value     Gradient
  1 -0.58339 -2.11421e+02 |  2 -0.00068 -3.91511e-02 |  3 -0.00019 -1.09636e-02
  4 -0.00023 -1.33370e-02 |  5 -0.00028 -1.61012e-02 |  6 -0.00035 -1.93128e-02
  7 -0.00042 -2.23014e-02 |  8 -0.00047 -2.27877e-02 |  9 -0.00051 -2.02339e-02
 10 -0.00045 -8.87583e-03 | 11 -0.00019  1.97890e-02 | 12  0.00048  8.27950e-02
 13  0.00197  2.10222e-01 | 14  0.00475  4.42739e-01 | 15  0.00887  8.17243e-01
 16  0.00714  1.03713e+00 | 17 -0.01738  1.77942e+00 | 18 -0.01745  2.54287e+00
 19 -0.02914  1.38098e+00 | 20 -0.04947  8.60634e-01 | 21 -0.03507 -6.48220e-01
 22  0.04994 -2.00054e+00 | 23  0.00782 -1.78915e+00 | 24 -0.01080 -1.34318e+00
 25  0.07646 -3.70399e+00 | 26  0.02214 -1.95328e+00 | 27 -0.00401  4.09971e+00
 28  0.01801  2.05208e+00 | 29  0.00601  1.21643e+00 | 30 -0.00988  4.13175e+00
 31 -0.01760  1.84659e+00 | 32 -0.02843  1.10582e+00 | 33 -0.02269 -6.30380e-01
 34  0.01755 -7.04704e+00 | 35 -0.01867 -8.67125e+00 | 36 -0.01093 -1.13776e+01
 37  0.06094 -2.51092e+01 | 38 -0.02957 -6.82447e+00 | 39 -0.00600 -9.48422e+00
 40  0.05515 -1.37042e+00 | 41  0.00475  7.52649e+00 | 42 -0.00676  1.06500e+01
 43 -0.01435  9.55950e-01 | 44  0.02758 -1.41880e+01 | 45  0.04452 -7.96551e+00
 46  0.05234 -2.02428e+01 | 47  0.01046 -1.20506e+01 | 48  0.00114 -1.89160e+00
 49 -0.00350  1.19377e+00 | 50 -0.01135 -4.57934e+00 | 51 -0.03543 -4.12605e+00
 52  0.00324  2.09263e+00 | 53 -0.01397  2.99967e+00 | 54 -0.00563  1.71196e+00
 55  0.02398  1.46748e+00 | 56  0.02409  9.02061e+00 | 57  0.03089  2.02384e+01
 58  0.01336  9.79011e+00 | 59 -0.02504  3.22014e+00 | 60 -0.01904  6.31736e+00
 61 -0.03137  8.97674e+00 | 62 -0.04440  2.52951e+00 | 63 -0.03349  1.27048e+00
 64 -0.50517 -1.48758e-01 | 65 -0.04163 -3.46202e+02 | 66  0.28251  1.62292e+02
 67  0.44341 -1.91411e+02 | 68  0.05537 -8.21956e+01 | 69  0.22783  9.16267e+01
 70  0.52912 -1.16453e+01 | 71  0.03741  6.03291e+00 | 72  0.32617  1.36769e+02
 73  0.52314  6.45241e+01 | 74 -0.24816  3.31827e+00 | 75  0.25683  2.23340e+00
 76  0.24984  7.69466e+00 | 77  0.78676  1.13016e+00 | 78 -0.17268 -5.98076e+00
 79  0.25501  1.06486e+01 | 80  0.54849 -2.26728e-01 | 81  0.21240 -1.26529e+01
 82  0.34381 -4.75566e+00 | 83  0.31138  2.79494e+01 | 84  0.01695 -4.80831e+00
 85 -0.04133  3.13534e+01 | 86 -0.15103  2.40481e-01 | 87  0.28712 -4.20416e+01
 88  0.53313  1.19353e+01 | 89 -0.47578 -5.41976e+01 | 90  0.12096  2.45122e+01
 91  0.60773  9.81844e-01 | 92 -0.12644  4.73647e+00 |
92 variables; iteration 40; function evaluation 44; phase 4
Function value 3.3512334e+03; maximum gradient component mag -3.6860e+02
Var    Value     Gradient |Var    Value     Gradient |Var    Value     Gradient
  1 -0.58122 -2.80595e+02 |  2 -0.00070 -1.44218e-01 |  3 -0.00020 -4.15555e-02
  4 -0.00024 -5.28750e-02 |  5 -0.00029 -6.75590e-02 |  6 -0.00036 -8.72716e-02
  7 -0.00043 -1.12779e-01 |  8 -0.00049 -1.42800e-01 |  9 -0.00054 -1.82516e-01
 10 -0.00049 -2.30610e-01 | 11 -0.00023 -2.88025e-01 | 12  0.00045 -3.54341e-01
 13  0.00201 -4.24414e-01 | 14  0.00498 -4.89115e-01 | 15  0.00937 -5.08437e-01
 16  0.00629 -7.54485e-01 | 17 -0.01795  1.43968e+00 | 18 -0.01765  2.90279e+00
 19 -0.03144  9.36581e-01 | 20 -0.04867  1.75809e+00 | 21 -0.03545 -1.38841e-01
 22  0.04784 -2.89890e+00 | 23  0.00691 -2.90043e+00 | 24 -0.01151 -1.80243e+00
 25  0.07416 -3.45127e+00 | 26  0.02550  2.39414e-01 | 27 -0.00465  1.26644e+00
 28  0.00994 -3.45470e+00 | 29  0.00975  3.31119e+00 | 30 -0.00930  3.40722e+00
 31 -0.02122 -3.29419e+00 | 32 -0.03097 -4.75180e+00 | 33 -0.02427 -5.85992e+00
 34  0.02007 -7.04787e+00 | 35 -0.01912 -1.12432e+01 | 36 -0.00909 -1.18446e+01
 37  0.06129 -2.92001e+01 | 38 -0.02765 -1.74300e+00 | 39 -0.00465 -6.43852e+00
 40  0.05638 -2.30206e+00 | 41  0.00506  2.67293e+00 | 42 -0.00656  7.67192e+00
 43 -0.01379  1.94845e+00 | 44  0.02837 -1.31245e+01 | 45  0.04507 -4.03311e+00
 46  0.05426 -8.33749e+00 | 47  0.01073 -1.27153e+01 | 48  0.00067 -8.12786e+00
 49 -0.00340  3.46804e-01 | 50 -0.01052  7.60018e-01 | 51 -0.03504 -7.46965e-01
 52  0.00282 -3.89747e-01 | 53 -0.01364  5.80907e+00 | 54 -0.00521  5.97064e+00
 55  0.02450  4.00756e+00 | 56  0.02376  4.60754e+00 | 57  0.03035  1.47272e+01
 58  0.01371  1.15405e+01 | 59 -0.02445  6.83003e+00 | 60 -0.01944  6.68382e+00
 61 -0.02999  1.74118e+01 | 62 -0.04421  4.01388e+00 | 63 -0.03221  3.48252e+00
 64 -0.48038  3.85269e-01 | 65 -0.04411 -3.68600e+02 | 66  0.28169  1.82728e+02
 67  0.44502 -1.85765e+02 | 68  0.05458 -1.04256e+02 | 69  0.22787  1.10928e+02
 70  0.52536 -2.17320e+01 | 71  0.03230 -2.04974e+01 | 72  0.32448  1.45681e+02
 73  0.52507  5.72392e+01 | 74 -0.36202 -9.49737e+00 | 75  0.13058 -5.96504e+00
 76  0.17020  7.39328e+00 | 77  0.68428 -1.84360e+00 | 78 -0.16449 -9.96704e+00
 79  0.26051  1.77737e+01 | 80  0.53961 -3.21325e+00 | 81  0.20178 -2.00648e+01
 82  0.37972 -2.47445e+00 | 83  0.30882  4.40696e+01 | 84 -0.00685 -6.16805e+00
 85 -0.04112  1.90467e+01 | 86 -0.13429 -5.54496e-02 | 87  0.28760 -3.14529e+01
 88  0.53120  2.34680e+00 | 89 -0.48009 -7.78096e+01 | 90  0.11057  2.92024e+01
 91  0.51263  2.47245e+00 | 92 -0.12990  1.36091e+00 |
92 variables; iteration 60; function evaluation 68; phase 4
Function value 3.3492223e+03; maximum gradient component mag -1.9481e+02
Var    Value     Gradient |Var    Value     Gradient |Var    Value     Gradient
  1 -0.58223 -1.94809e+02 |  2  0.00098  4.12288e-01 |  3  0.00029  1.19723e-01
  4  0.00037  1.52364e-01 |  5  0.00049  1.94251e-01 |  6  0.00065  2.51921e-01
  7  0.00087  3.28599e-01 |  8  0.00118  4.20230e-01 |  9  0.00163  5.43088e-01
 10  0.00230  6.94104e-01 | 11  0.00335  8.73575e-01 | 12  0.00506  1.06618e+00
 13  0.00792  1.20296e+00 | 14  0.01233  1.06367e+00 | 15  0.01705  1.60137e-01
 16  0.01553  1.83033e-01 | 17 -0.01574  1.97712e+00 | 18 -0.02024  1.44625e+00
 19 -0.02478  4.44739e+00 | 20 -0.05187  1.67185e+00 | 21 -0.03457  1.83804e+00
 22  0.04500 -2.07516e+00 | 23  0.00915 -3.06746e-02 | 24 -0.00960  1.23337e+00
 25  0.07696  5.58862e-01 | 26  0.02206  3.40682e+00 | 27 -0.01049 -4.86708e-01
 28  0.01305 -3.90231e+00 | 29  0.00444  3.03572e+00 | 30 -0.02082 -4.69870e+00
 31 -0.01800  1.05866e-01 | 32 -0.02718  2.78260e+00 | 33 -0.01824  3.89363e+00
 34  0.01879 -2.59709e+00 | 35 -0.01541 -4.01202e-01 | 36 -0.01168 -9.81823e+00
 37  0.06335 -9.10234e+00 | 38 -0.02648  4.65409e+00 | 39 -0.00342 -2.31983e+00
 40  0.05626 -5.74682e+00 | 41  0.00667  7.32162e+00 | 42 -0.00826 -2.31540e+00
 43 -0.01415  1.20093e-01 | 44  0.02994 -2.51329e+00 | 45  0.04473 -1.80902e+00
 46  0.05442 -5.41539e+00 | 47  0.01161 -4.15342e+00 | 48  0.00109 -3.87182e+00
 49 -0.00408 -3.36099e+00 | 50 -0.01121 -3.80103e+00 | 51 -0.03444  3.50670e+00
 52  0.00274 -1.78201e+00 | 53 -0.01460 -1.65780e+00 | 54 -0.00544  2.57097e+00
 55  0.02404 -7.53298e-01 | 56  0.02352  9.36169e-01 | 57  0.02964  5.42436e+00
 58  0.01350  3.10235e+00 | 59 -0.02480  4.32608e-01 | 60 -0.01877  3.13081e+00
 61 -0.03224  2.96243e+00 | 62 -0.04135  1.14451e+01 | 63 -0.03268  2.13217e+00
 64 -0.32489  8.67911e-01 | 65 -0.03747 -8.09775e+01 | 66  0.28472  6.02457e+01
 67  0.44695 -3.11134e+01 | 68  0.05666 -4.87465e+01 | 69  0.22842  5.94836e+01
 70  0.52548 -1.24616e+01 | 71  0.03154 -3.61355e+01 | 72  0.32203  5.82901e+01
 73  0.51978 -2.08691e+00 | 74 -0.38853 -1.45119e+01 | 75  0.28147 -6.78926e+00
 76  0.15436  1.05549e+01 | 77  0.46469 -4.16400e+00 | 78 -0.18823 -7.33053e+00
 79  0.24571  2.81809e-01 | 80  0.55702 -3.16352e+00 | 81  0.18809 -2.98624e+01
 82  0.36511 -3.90462e+00 | 83  0.30288  4.41464e+01 | 84  0.01277 -3.35368e+00
 85 -0.04558  1.53652e+01 | 86 -0.02399  1.12082e+00 | 87  0.28654 -1.01793e+01
 88  0.53154  1.35765e+01 | 89 -0.48133 -5.57861e+01 | 90  0.10212  1.78774e+01
 91  0.45398  4.11917e-01 | 92 -0.13559 -8.29779e+00 |
92 variables; iteration 80; function evaluation 92; phase 4
Function value 3.3482864e+03; maximum gradient component mag -1.4402e+02
Var    Value     Gradient |Var    Value     Gradient |Var    Value     Gradient
  1 -0.57964 -1.44016e+02 |  2 -0.00025  7.85770e-02 |  3 -0.00005  2.97769e-02
  4 -0.00006  3.48948e-02 |  5 -0.00007  4.20841e-02 |  6 -0.00010  4.99634e-02
  7 -0.00013  5.75584e-02 |  8 -0.00016  6.18249e-02 |  9 -0.00021  6.00762e-02
 10 -0.00021  5.67205e-02 | 11 -0.00009  5.69647e-02 | 12  0.00037  8.90528e-02
 13  0.00141  1.58866e-01 | 14  0.00275  8.13364e-02 | 15  0.00794  1.09835e+00
 16  0.00697  1.62115e+00 | 17 -0.01647  2.57443e+00 | 18 -0.02149  9.73348e-02
 19 -0.03099 -3.47888e-01 | 20 -0.04909  1.27214e+00 | 21 -0.04030 -2.18529e+00
 22  0.05418  2.22207e+00 | 23  0.00494 -1.48685e+00 | 24 -0.01056  1.24898e-01
 25  0.07752 -5.14831e-01 | 26  0.02087  4.26833e-01 | 27 -0.00977 -1.66730e+00
 28  0.02083  2.77100e+00 | 29  0.00371  2.14713e+00 | 30 -0.01328  9.33900e-01
 31 -0.01900 -1.26382e-01 | 32 -0.02883  3.63841e-01 | 33 -0.02124  8.60124e-02
 34  0.01962 -1.65866e+00 | 35 -0.01663  1.05565e+00 | 36 -0.00963 -2.24421e+00
 37  0.06356 -1.55421e+00 | 38 -0.02866 -2.40342e+00 | 39 -0.00359 -2.38019e+00
 40  0.05631 -5.78720e+00 | 41  0.00411 -3.19204e+00 | 42 -0.00794 -2.46292e+00
 43 -0.01472 -1.96665e+00 | 44  0.02966 -2.75378e+00 | 45  0.04475  4.07331e-01
 46  0.05438 -4.50840e+00 | 47  0.01126 -3.43949e+00 | 48  0.00164  4.99370e-01
 49 -0.00395 -3.38797e-01 | 50 -0.01068 -2.35797e-02 | 51 -0.03506  4.50404e-01
 52  0.00327  8.05270e-01 | 53 -0.01421  5.25854e-01 | 54 -0.00584 -9.87633e-02
 55  0.02454  1.72399e+00 | 56  0.02364  1.49199e-01 | 57  0.02940  1.19389e+00
 58  0.01375  3.50173e+00 | 59 -0.02326  7.68786e+00 | 60 -0.01843  5.19922e+00
 61 -0.03121  5.89733e+00 | 62 -0.04376  3.54510e+00 | 63 -0.03274  1.99639e+00
 64 -0.52441 -1.47729e-01 | 65 -0.03726 -1.34402e+01 | 66  0.28509  3.00195e+01
 67  0.44717  5.02525e+00 | 68  0.05322 -4.57939e+01 | 69  0.22596  3.99200e+01
 70  0.52728 -1.02303e+01 | 71  0.02948 -4.01114e+01 | 72  0.32070  1.80970e+01
 73  0.51814 -2.45074e+01 | 74 -0.35406  9.97276e-02 | 75  0.29700 -1.52040e+00
 76  0.16813 -5.95863e-01 | 77  0.45503 -1.15796e+00 | 78 -0.18401 -1.49056e+00
 79  0.24710 -4.56568e+00 | 80  0.55014 -3.32243e+00 | 81  0.19748 -1.17390e+01
 82  0.36819 -8.10111e-01 | 83  0.30626  2.10129e+01 | 84  0.00581 -2.09493e+00
 85 -0.04906  8.86039e-01 | 86  0.00946  7.53269e-01 | 87  0.28617  1.06792e+01
 88  0.52658  5.88190e+00 | 89 -0.47825 -1.07576e+01 | 90  0.10501  4.51454e+00
 91  0.43840  4.42415e-02 | 92 -0.13806 -9.37997e+00 |
92 variables; iteration 100; function evaluation 125; phase 4
Function value 3.3458007e+03; maximum gradient component mag -5.6931e+01
Var    Value     Gradient |Var    Value     Gradient |Var    Value     Gradient
  1 -0.54191 -5.69308e+01 |  2 -0.00039  3.99576e-02 |  3  0.00210  7.80767e-01
  4  0.00002  6.20625e-02 |  5 -0.00123 -3.66019e-01 |  6 -0.00050 -9.91830e-02
  7  0.00232  9.00483e-01 |  8  0.00369  1.38240e+00 |  9  0.00058  2.89505e-01
 10  0.00105  4.17081e-01 | 11  0.00184  5.88910e-01 | 12 -0.00142 -7.75936e-01
 13  0.00255  1.28886e-01 | 14  0.00432 -9.65260e-02 | 15  0.00672 -4.46539e-01
 16  0.00512 -4.42767e-01 | 17 -0.01785  1.02319e+00 | 18 -0.02438 -9.28346e-01
 19 -0.02987  1.54431e+00 | 20 -0.05116  1.45071e+00 | 21 -0.03904 -1.26656e+00
 22  0.04777 -1.36133e+00 | 23  0.00901 -5.51121e-01 | 24 -0.00949  4.07755e-01
 25  0.07753 -1.45063e+00 | 26  0.01914 -1.08648e+00 | 27 -0.01054 -5.15084e-01
 28  0.01788 -2.94482e+00 | 29  0.00399 -1.98645e+00 | 30 -0.01662 -2.99415e+00
 31 -0.02047 -4.66941e+00 | 32 -0.02838 -2.72247e+00 | 33 -0.01806 -1.19164e+00
 34  0.02132 -7.49064e-01 | 35 -0.01568  2.93353e-01 | 36 -0.00635 -4.92126e-01
 37  0.06451  5.98656e-01 | 38 -0.02811  1.40818e+00 | 39 -0.00207  1.84136e+00
 40  0.05919  1.05463e+00 | 41  0.00580  5.42921e-01 | 42 -0.00648 -1.91434e+00
 43 -0.01460  4.49278e-01 | 44  0.03189 -1.72433e+00 | 45  0.04511  1.02952e-01
 46  0.05478 -1.06172e+00 | 47  0.01093 -4.17650e-01 | 48  0.00120 -7.43211e-01
 49 -0.00406  1.09846e+00 | 50 -0.01071  2.55766e-01 | 51 -0.03497  1.21489e+00
 52  0.00380  2.61901e-01 | 53 -0.01400  2.72878e-01 | 54 -0.00507  1.70752e+00
 55  0.02469  8.72100e-01 | 56  0.02442  1.79405e+00 | 57  0.02997  2.67223e+00
 58  0.01299  2.09197e+00 | 59 -0.02552  1.45893e+00 | 60 -0.01913  2.86305e+00
 61 -0.03313  1.79070e+00 | 62 -0.04633  1.95535e+00 | 63 -0.03350 -5.98123e-01
 64 -0.59844  5.76960e-02 | 65 -0.04958 -5.38969e+01 | 66  0.28176  3.67961e+01
 67  0.44470 -2.33772e+01 | 68  0.04304 -2.54103e+01 | 69  0.22197  1.99081e+01
 70  0.51957 -6.43314e+00 | 71  0.01655 -2.09948e+01 | 72  0.31919  2.53510e+01
 73  0.51855 -6.96548e+00 | 74 -0.36112 -1.90449e+00 | 75  0.28118  1.94454e-01
 76  0.16990  2.27534e+00 | 77  0.46578  2.25757e-01 | 78 -0.20055 -3.35681e+00
 79  0.24118  2.90989e+00 | 80  0.54681 -1.23313e+00 | 81  0.17519 -7.44200e+00
 82  0.35316 -1.69971e+00 | 83  0.30149  1.06164e+01 | 84  0.02107 -1.26366e+00
 85 -0.07053 -3.15784e+01 | 86  0.04878 -4.91096e+00 | 87  0.27840  1.73354e+01
 88  0.52189 -1.98498e+01 | 89 -0.47760 -7.33229e+00 | 90  0.10263  3.13847e+00
 91  0.31210 -8.75110e+00 | 92 -0.06918 -2.57301e+00 |
92 variables; iteration 120; function evaluation 154; phase 4
Function value 3.3443061e+03; maximum gradient component mag 2.5579e+00
Var    Value     Gradient |Var    Value     Gradient |Var    Value     Gradient
  1 -0.33774 -1.20384e-01 |  2 -0.00060  7.22175e-03 |  3 -0.00010  2.13386e-02
  4  0.00001  6.85836e-02 |  5 -0.00059 -1.30125e-01 |  6 -0.00011  5.21120e-02
  7 -0.00011  6.65174e-02 |  8 -0.00028  1.15212e-02 |  9 -0.00024  2.90519e-02
 10 -0.00013  3.82139e-02 | 11  0.00007  1.49203e-02 | 12  0.00054 -2.57797e-02
 13  0.00188  1.89425e-02 | 14  0.00419  8.55749e-02 | 15  0.00729  1.22497e-01
 16  0.00603  1.45225e-01 | 17 -0.01918  7.23010e-02 | 18 -0.02117  6.74476e-02
 19 -0.03188 -1.60329e-02 | 20 -0.05306  4.49277e-02 | 21 -0.03650  2.15350e-02
 22  0.05008  3.14426e-02 | 23  0.01049 -1.49657e-02 | 24 -0.00997 -7.28556e-03
 25  0.08017  2.49418e-02 | 26  0.01899  1.00987e-01 | 27 -0.01155  9.91152e-02
 28  0.02209  1.22658e-01 | 29  0.00476  1.52403e-01 | 30 -0.01625  2.25199e-01
 31 -0.01624  2.02954e-01 | 32 -0.02799  2.23704e-01 | 33 -0.01953  1.51451e-01
 34  0.02160 -1.49326e-02 | 35 -0.01536 -9.68390e-02 | 36 -0.00592 -1.97198e-01
 37  0.06443 -5.57773e-01 | 38 -0.02910 -2.76633e-01 | 39 -0.00240 -4.18266e-01
 40  0.05914 -6.42377e-01 | 41  0.00488 -2.56981e-01 | 42 -0.00672 -8.44432e-02
 43 -0.01453  6.19566e-02 | 44  0.03185 -7.69383e-03 | 45  0.04519  1.21576e-02
 46  0.05432 -5.99125e-02 | 47  0.00973 -9.56143e-02 | 48  0.00039 -2.93632e-02
 49 -0.00498  1.07499e-02 | 50 -0.01140  5.83058e-03 | 51 -0.03573  4.49017e-02
 52  0.00312  2.38454e-02 | 53 -0.01465  4.56816e-02 | 54 -0.00598 -5.72326e-03
 55  0.02405  3.00421e-02 | 56  0.02381  1.10321e-01 | 57  0.02934  1.18961e-01
 58  0.01198  1.39463e-01 | 59 -0.02613  1.78218e-01 | 60 -0.01983  1.14984e-01
 61 -0.03375  1.13934e-01 | 62 -0.04685  1.55692e-01 | 63 -0.03343  1.37611e-02
 64 -0.71127 -2.12145e-02 | 65 -0.05570 -1.80930e+00 | 66  0.28018  1.26171e+00
 67  0.44380 -8.68580e-01 | 68  0.03768 -6.99936e-01 | 69  0.21990  1.00413e-01
 70  0.51539 -3.37181e-01 | 71  0.00866 -9.08033e-01 | 72  0.31762  8.94659e-01
 73  0.51842 -3.74050e-01 | 74 -0.36385  2.25584e-02 | 75  0.26564 -6.28887e-02
 76  0.16708 -8.73762e-02 | 77  0.46907 -6.40056e-02 | 78 -0.21388 -1.48023e-01
 79  0.23430  1.20639e-01 | 80  0.54628 -1.71718e-01 | 81  0.16299 -2.06253e-01
 82  0.35491 -7.88504e-02 | 83  0.29885  3.58847e-01 | 84  0.02171 -7.29305e-02
 85 -0.07212  2.55794e+00 | 86  0.01597  4.58250e-01 | 87  0.27882 -1.00356e+00
 88  0.52493  2.13250e+00 | 89 -0.47875 -5.41534e-01 | 90  0.10007  1.58583e-01
 91  0.33105 -5.61962e-01 | 92 -0.10053 -7.22344e-01 |
92 variables; iteration 140; function evaluation 174; phase 4
Function value 3.3443015e+03; maximum gradient component mag 9.7953e-03
Var    Value     Gradient |Var    Value     Gradient |Var    Value     Gradient
  1 -0.10483 -4.37979e-05 |  2 -0.00061 -1.16191e-04 |  3 -0.00015 -1.67551e-04
  4 -0.00018 -5.62827e-04 |  5 -0.00021  9.01383e-04 |  6 -0.00025 -4.42134e-04
  7 -0.00029 -4.85714e-04 |  8 -0.00029 -1.86136e-04 |  9 -0.00029 -2.44469e-04
 10 -0.00020 -2.65561e-04 | 11  0.00008 -1.70655e-04 | 12  0.00070  4.30848e-04
 13  0.00197  1.80844e-04 | 14  0.00418  2.08361e-04 | 15  0.00731  6.75529e-04
 16  0.00606  7.79634e-04 | 17 -0.01919  4.30392e-04 | 18 -0.02125  8.16182e-04
 19 -0.03184  1.02753e-04 | 20 -0.05317 -5.59105e-04 | 21 -0.03657  3.56547e-04
 22  0.04996 -3.30000e-04 | 23  0.01047  1.55080e-05 | 24 -0.01001 -3.93689e-04
 25  0.08014 -8.57429e-04 | 26  0.01886 -8.13555e-04 | 27 -0.01169 -2.39037e-04
 28  0.02208 -7.09491e-04 | 29  0.00466 -1.08946e-03 | 30 -0.01641 -3.79113e-05
 31 -0.01624 -2.51557e-04 | 32 -0.02803 -6.76504e-04 | 33 -0.01953 -3.51860e-04
 34  0.02164  5.18386e-04 | 35 -0.01533 -3.14000e-05 | 36 -0.00588  1.29617e-03
 37  0.06449  2.51766e-03 | 38 -0.02906  4.98411e-04 | 39 -0.00235  1.66924e-03
 40  0.05921  2.48322e-03 | 41  0.00494  3.84126e-04 | 42 -0.00667  4.71960e-05
 43 -0.01451 -8.02824e-04 | 44  0.03189 -3.15297e-04 | 45  0.04522 -7.22837e-04
 46  0.05436 -1.08740e-06 | 47  0.00977  4.29144e-04 | 48  0.00043  5.93229e-04
 49 -0.00494 -1.71530e-05 | 50 -0.01136  3.43361e-04 | 51 -0.03571 -1.59042e-04
 52  0.00316  7.89722e-05 | 53 -0.01461  3.52055e-05 | 54 -0.00594  3.11231e-05
 55  0.02408 -3.27655e-05 | 56  0.02384 -3.63981e-04 | 57  0.02938 -4.91159e-04
 58  0.01201 -7.05931e-04 | 59 -0.02611 -1.32717e-03 | 60 -0.01979 -4.22490e-04
 61 -0.03372 -3.25028e-04 | 62 -0.04686 -7.68396e-04 | 63 -0.03340  6.30253e-04
 64 -0.70573 -2.56856e-04 | 65 -0.05570  9.79531e-03 | 66  0.28018 -7.75821e-03
 67  0.44381  4.21458e-03 | 68  0.03771  3.89592e-03 | 69  0.21994  3.52598e-03
 70  0.51539  4.21732e-03 | 71  0.00868  3.30443e-03 | 72  0.31762 -7.56366e-03
 73  0.51841 -1.84863e-03 | 74 -0.36370 -1.75024e-04 | 75  0.26542  8.96067e-04
 76  0.16732  5.10296e-04 | 77  0.46967  4.81251e-04 | 78 -0.21419  5.78184e-04
 79  0.23411  1.67905e-03 | 80  0.54658  1.08830e-03 | 81  0.16294  2.25372e-03
 82  0.35498 -4.74309e-04 | 83  0.29882 -8.00388e-04 | 84  0.02170 -5.85977e-04
 85 -0.07188 -4.83452e-03 | 86  0.01145 -6.56267e-04 | 87  0.27892  1.79190e-03
 88  0.52522 -5.14321e-03 | 89 -0.47873  7.55022e-03 | 90  0.10006 -1.55020e-03
 91  0.33068  4.66117e-03 | 92 -0.09990  5.74867e-03 |

 - final statistics:
92 variables; iteration 152; function evaluation 186
Function value 3.3443e+03; maximum gradient component mag -6.4758e-05
Exit code = 1;  converg criter 1.0000e-04
Var    Value     Gradient |Var    Value     Gradient |Var    Value     Gradient
  1  0.10613 -7.57150e-09 |  2 -0.00061 -2.36608e-07 |  3 -0.00015 -4.66378e-07
  4 -0.00018 -3.38416e-07 |  5 -0.00021  9.94212e-07 |  6 -0.00025 -2.87972e-07
  7 -0.00028 -9.76973e-07 |  8 -0.00029 -2.12992e-07 |  9 -0.00029 -7.18552e-07
 10 -0.00020 -1.73605e-06 | 11  0.00008 -5.74929e-07 | 12  0.00070 -1.42932e-06
 13  0.00197 -2.44903e-06 | 14  0.00419 -4.79457e-06 | 15  0.00732 -8.25599e-06
 16  0.00607 -9.84158e-06 | 17 -0.01919 -6.56628e-06 | 18 -0.02125 -5.99649e-06
 19 -0.03184 -2.44204e-06 | 20 -0.05317 -4.55975e-07 | 21 -0.03657  1.58188e-06
 22  0.04996  3.51500e-06 | 23  0.01047  3.36861e-06 | 24 -0.01001  1.91487e-06
 25  0.08014  3.63458e-06 | 26  0.01886  3.69270e-06 | 27 -0.01169  6.44946e-06
 28  0.02208  1.21808e-07 | 29  0.00466  3.95421e-06 | 30 -0.01641  9.25256e-06
 31 -0.01624  4.98938e-06 | 32 -0.02803  2.06643e-06 | 33 -0.01953  2.08420e-06
 34  0.02164 -1.50648e-06 | 35 -0.01533 -2.64689e-06 | 36 -0.00588 -3.49037e-06
 37  0.06449 -6.61426e-06 | 38 -0.02906 -5.06618e-06 | 39 -0.00235 -3.86995e-06
 40  0.05921 -4.45737e-06 | 41  0.00494 -2.77432e-06 | 42 -0.00667 -9.20371e-07
 43 -0.01451 -1.13048e-06 | 44  0.03189 -4.55132e-07 | 45  0.04522 -6.06531e-07
 46  0.05436 -8.44400e-09 | 47  0.00977 -1.09748e-06 | 48  0.00043 -1.71231e-06
 49 -0.00494 -1.96010e-06 | 50 -0.01136  1.25705e-06 | 51 -0.03571 -2.46093e-07
 52  0.00316 -7.58401e-07 | 53 -0.01461 -4.07587e-07 | 54 -0.00594 -2.36164e-08
 55  0.02408  5.23177e-07 | 56  0.02384  1.96950e-07 | 57  0.02938  2.09393e-06
 58  0.01201  1.75307e-06 | 59 -0.02611 -1.11245e-06 | 60 -0.01979 -5.63828e-07
 61 -0.03372  1.62071e-06 | 62 -0.04686  6.05750e-07 | 63 -0.03340 -9.05690e-07
 64 -0.70565  1.35109e-06 | 65 -0.05570 -6.47577e-05 | 66  0.28018  4.46871e-05
 67  0.44381 -2.76643e-05 | 68  0.03771  7.71136e-06 | 69  0.21994 -1.20290e-05
 70  0.51539 -2.64874e-05 | 71  0.00868 -4.46249e-05 | 72  0.31762  2.70989e-05
 73  0.51841 -3.96902e-05 | 74 -0.36370 -3.45005e-06 | 75  0.26541  5.28232e-07
 76  0.16732  1.04326e-06 | 77  0.46968  5.57108e-07 | 78 -0.21419 -7.12424e-06
 79  0.23411  1.72919e-05 | 80  0.54658 -8.10780e-07 | 81  0.16294  8.60136e-06
 82  0.35498 -6.50637e-06 | 83  0.29882 -4.03636e-05 | 84  0.02170 -6.61349e-06
 85 -0.07188  2.46463e-05 | 86  0.01144  4.19814e-06 | 87  0.27892 -8.31925e-06
 88  0.52522  2.94726e-05 | 89 -0.47873  2.50368e-06 | 90  0.10006  5.93169e-06
 91  0.33068 -2.53636e-06 | 92 -0.09990 -8.60008e-06 |

 - final statistics:
93 variables; iteration 0; function evaluation 0
Function value 3.3443e+03; maximum gradient component mag -6.4758e-05
Exit code = 0;  converg criter 1.0000e-04
Var    Value     Gradient |Var    Value     Gradient |Var    Value     Gradient
  1  0.10613 -7.57021e-09 |  2 -0.00061 -2.36608e-07 |  3 -0.00015 -4.66378e-07
  4 -0.00018 -3.38416e-07 |  5 -0.00021  9.94212e-07 |  6 -0.00025 -2.87972e-07
  7 -0.00028 -9.76973e-07 |  8 -0.00029 -2.12992e-07 |  9 -0.00029 -7.18552e-07
 10 -0.00020 -1.73605e-06 | 11  0.00008 -5.74929e-07 | 12  0.00070 -1.42932e-06
 13  0.00197 -2.44903e-06 | 14  0.00419 -4.79457e-06 | 15  0.00732 -8.25599e-06
 16  0.00607 -9.84158e-06 | 17 -0.01919 -6.49958e-06 | 18 -0.02125 -5.92980e-06
 19 -0.03184 -2.37540e-06 | 20 -0.05317 -3.89481e-07 | 21 -0.03657  1.64850e-06
 22  0.04996  3.58152e-06 | 23  0.01047  3.43533e-06 | 24 -0.01001  1.98159e-06
 25  0.08014  3.70078e-06 | 26  0.01886  3.75940e-06 | 27 -0.01169  6.51617e-06
 28  0.02208  1.88495e-07 | 29  0.00466  4.02094e-06 | 30 -0.01641  9.31927e-06
 31 -0.01624  5.05609e-06 | 32 -0.02803  2.13309e-06 | 33 -0.01953  2.15089e-06
 34  0.02164 -1.43979e-06 | 35 -0.01533 -2.58018e-06 | 36 -0.00588 -3.42364e-06
 37  0.06449 -6.54787e-06 | 38 -0.02906 -4.99953e-06 | 39 -0.00235 -3.80322e-06
 40  0.05921 -4.39093e-06 | 41  0.00494 -2.70759e-06 | 42 -0.00667 -8.53648e-07
 43 -0.01451 -1.06377e-06 | 44  0.03189 -3.88489e-07 | 45  0.04522 -5.39973e-07
 46  0.05436  5.80406e-08 | 47  0.00977 -1.03076e-06 | 48  0.00043 -1.64558e-06
 49 -0.00494 -1.89338e-06 | 50 -0.01136  1.32376e-06 | 51 -0.03571 -1.79471e-07
 52  0.00316 -6.91675e-07 | 53 -0.01461 -3.40878e-07 | 54 -0.00594  4.31077e-08
 55  0.02408  5.89858e-07 | 56  0.02384  2.63630e-07 | 57  0.02938  2.16059e-06
 58  0.01201  1.81978e-06 | 59 -0.02611 -1.04578e-06 | 60 -0.01979 -4.97133e-07
 61 -0.03372  1.68735e-06 | 62 -0.04686  6.72296e-07 | 63 -0.03340 -8.39054e-07
 64  0.00000  0.00000e+00 | 65 -0.70565  1.35109e-06 | 66 -0.05570 -6.47577e-05
 67  0.28018  4.46871e-05 | 68  0.44381 -2.76643e-05 | 69  0.03771  7.71136e-06
 70  0.21994 -1.20290e-05 | 71  0.51539 -2.64874e-05 | 72  0.00868 -4.46249e-05
 73  0.31762  2.70989e-05 | 74  0.51841 -3.96902e-05 | 75 -0.36370 -3.45005e-06
 76  0.26541  5.28232e-07 | 77  0.16732  1.04326e-06 | 78  0.46968  5.57108e-07
 79 -0.21419 -7.12424e-06 | 80  0.23411  1.72919e-05 | 81  0.54658 -8.10781e-07
 82  0.16294  8.60136e-06 | 83  0.35498 -6.50637e-06 | 84  0.29882 -4.03636e-05
 85  0.02170 -6.61349e-06 | 86 -0.07188  2.46463e-05 | 87  0.01144  4.19814e-06
 88  0.27892 -8.31925e-06 | 89  0.52522  2.94726e-05 | 90 -0.47873  2.50369e-06
 91  0.10006  5.93169e-06 | 92  0.33068 -2.53636e-06 | 93 -0.09990 -8.60008e-06
Estimating row 1 out of 93 for hessian
Estimating row 2 out of 93 for hessian
Estimating row 3 out of 93 for hessian
Estimating row 4 out of 93 for hessian
Estimating row 5 out of 93 for hessian
Estimating row 6 out of 93 for hessian
Estimating row 7 out of 93 for hessian
Estimating row 8 out of 93 for hessian
Estimating row 9 out of 93 for hessian
Estimating row 10 out of 93 for hessian
Estimating row 11 out of 93 for hessian
Estimating row 12 out of 93 for hessian
Estimating row 13 out of 93 for hessian
Estimating row 14 out of 93 for hessian
Estimating row 15 out of 93 for hessian
Estimating row 16 out of 93 for hessian
Estimating row 17 out of 93 for hessian
Estimating row 18 out of 93 for hessian
Estimating row 19 out of 93 for hessian
Estimating row 20 out of 93 for hessian
Estimating row 21 out of 93 for hessian
Estimating row 22 out of 93 for hessian
Estimating row 23 out of 93 for hessian
Estimating row 24 out of 93 for hessian
Estimating row 25 out of 93 for hessian
Estimating row 26 out of 93 for hessian
Estimating row 27 out of 93 for hessian
Estimating row 28 out of 93 for hessian
Estimating row 29 out of 93 for hessian
Estimating row 30 out of 93 for hessian
Estimating row 31 out of 93 for hessian
Estimating row 32 out of 93 for hessian
Estimating row 33 out of 93 for hessian
Estimating row 34 out of 93 for hessian
Estimating row 35 out of 93 for hessian
Estimating row 36 out of 93 for hessian
Estimating row 37 out of 93 for hessian
Estimating row 38 out of 93 for hessian
Estimating row 39 out of 93 for hessian
Estimating row 40 out of 93 for hessian
Estimating row 41 out of 93 for hessian
Estimating row 42 out of 93 for hessian
Estimating row 43 out of 93 for hessian
Estimating row 44 out of 93 for hessian
Estimating row 45 out of 93 for hessian
Estimating row 46 out of 93 for hessian
Estimating row 47 out of 93 for hessian
Estimating row 48 out of 93 for hessian
Estimating row 49 out of 93 for hessian
Estimating row 50 out of 93 for hessian
Estimating row 51 out of 93 for hessian
Estimating row 52 out of 93 for hessian
Estimating row 53 out of 93 for hessian
Estimating row 54 out of 93 for hessian
Estimating row 55 out of 93 for hessian
Estimating row 56 out of 93 for hessian
Estimating row 57 out of 93 for hessian
Estimating row 58 out of 93 for hessian
Estimating row 59 out of 93 for hessian
Estimating row 60 out of 93 for hessian
Estimating row 61 out of 93 for hessian
Estimating row 62 out of 93 for hessian
Estimating row 63 out of 93 for hessian
Estimating row 64 out of 93 for hessian
Estimating row 65 out of 93 for hessian
Estimating row 66 out of 93 for hessian
Estimating row 67 out of 93 for hessian
Estimating row 68 out of 93 for hessian
Estimating row 69 out of 93 for hessian
Estimating row 70 out of 93 for hessian
Estimating row 71 out of 93 for hessian
Estimating row 72 out of 93 for hessian
Estimating row 73 out of 93 for hessian
Estimating row 74 out of 93 for hessian
Estimating row 75 out of 93 for hessian
Estimating row 76 out of 93 for hessian
Estimating row 77 out of 93 for hessian
Estimating row 78 out of 93 for hessian
Estimating row 79 out of 93 for hessian
Estimating row 80 out of 93 for hessian
Estimating row 81 out of 93 for hessian
Estimating row 82 out of 93 for hessian
Estimating row 83 out of 93 for hessian
Estimating row 84 out of 93 for hessian
Estimating row 85 out of 93 for hessian
Estimating row 86 out of 93 for hessian
Estimating row 87 out of 93 for hessian
Estimating row 88 out of 93 for hessian
Estimating row 89 out of 93 for hessian
Estimating row 90 out of 93 for hessian
Estimating row 91 out of 93 for hessian
Estimating row 92 out of 93 for hessian
Estimating row 93 out of 93 for hessian
