
Initial statistics: 1 variables; iteration 0; function evaluation 0; phase 1
Function value 1.5308402e+03; maximum gradient component mag 6.4751e+01

 - final statistics:
1 variables; iteration 4; function evaluation 6
Function value 1.5183e+03; maximum gradient component mag 8.3076e+00
Exit code = 1;  converg criter 1.0000e+01

Initial statistics: 10 variables; iteration 0; function evaluation 0; phase 2
Function value 1.5182896e+03; maximum gradient component mag -1.5193e+03

 - final statistics:
10 variables; iteration 13; function evaluation 22
Function value 1.3931e+03; maximum gradient component mag 4.0152e+00
Exit code = 1;  converg criter 1.0000e+01

Initial statistics: 72 variables; iteration 0; function evaluation 0; phase 3
Function value 1.3930798e+03; maximum gradient component mag -5.5371e+03

Intermediate statistics: 72 variables; iteration 20; function evaluation 24; phase 3
Function value 1.3680320e+03; maximum gradient component mag -3.6458e+03
72 variables; iteration 40; function evaluation 45; phase 3
Function value 1.3611834e+03; maximum gradient component mag -3.6448e+03
72 variables; iteration 60; function evaluation 68; phase 3
Function value 1.3544067e+03; maximum gradient component mag -1.4494e+03
72 variables; iteration 80; function evaluation 95; phase 3
Function value 1.3489996e+03; maximum gradient component mag -5.0341e+01
Maximum number of function evaluations exceeded

 - final statistics:
72 variables; iteration 86; function evaluation 100
Function value 1.3489e+03; maximum gradient component mag -2.7831e+00
Exit code = 3;  converg criter 1.0000e+00

Initial statistics: 87 variables; iteration 0; function evaluation 0; phase 4
Function value 1.3489290e+03; maximum gradient component mag -1.1324e+02

Intermediate statistics: 87 variables; iteration 20; function evaluation 25; phase 4
Function value 1.3450627e+03; maximum gradient component mag -7.5096e+03
87 variables; iteration 40; function evaluation 45; phase 4
Function value 1.3447743e+03; maximum gradient component mag -4.9917e+03
87 variables; iteration 60; function evaluation 68; phase 4
Function value 1.3443764e+03; maximum gradient component mag -1.2738e+03
87 variables; iteration 80; function evaluation 97; phase 4
Function value 1.3442909e+03; maximum gradient component mag -7.4377e+01
87 variables; iteration 100; function evaluation 125; phase 4
Function value 1.3442843e+03; maximum gradient component mag -5.1444e+00
87 variables; iteration 120; function evaluation 145; phase 4
Function value 1.3442843e+03; maximum gradient component mag -8.4307e-02

 - final statistics:
87 variables; iteration 126; function evaluation 151
Function value 1.3443e+03; maximum gradient component mag -7.6227e-05
Exit code = 1;  converg criter 1.0000e-04
Warning: the following parameters had issues
  selparm[19] is within 1% of upper bound: 5.3000e+01 < 2.4967e+02 < 2.5000e+02


 - final statistics:
88 variables; iteration 0; function evaluation 0
Function value 1.3443e+03; maximum gradient component mag -7.6224e-05
Exit code = 0;  converg criter 1.0000e-04
size of file gradfil1.tmp = 0
size of file gradfil2.tmp = 0
size of file varssave.tmp = 0
size of file cmpdiff.tmp = 0
