
Initial statistics: 1 variables; iteration 0; function evaluation 0; phase 1
Function value 2.0989463e+03; maximum gradient component mag -1.1891e+01
Var    Value     Gradient |Var    Value     Gradient |Var    Value     Gradient
  1 -0.72078 -1.18915e+01 |

 - final statistics:
1 variables; iteration 1; function evaluation 3
Function value 2.0970e+03; maximum gradient component mag -8.0691e+00
Exit code = 1;  converg criter 1.0000e+01
Var    Value     Gradient |Var    Value     Gradient |Var    Value     Gradient
  1 -0.53409 -8.06911e+00 |

Initial statistics: 10 variables; iteration 0; function evaluation 0; phase 2
Function value 2.0969514e+03; maximum gradient component mag 1.2365e+03
Var    Value     Gradient |Var    Value     Gradient |Var    Value     Gradient
  1 -0.53409 -8.06911e+00 |  2  0.11454  1.23646e+03 |  3  0.24653  7.94021e+02
  4  0.24532  5.88090e+02 |  5  0.98522  1.68721e+00 |  6  0.04684  1.28012e+01
  7  0.86002  9.45597e+01 |  8  0.14053  1.07191e+02 |  9  0.00429 -3.00681e+01
 10  0.21438  3.98173e+02 |

 - final statistics:
10 variables; iteration 19; function evaluation 35
Function value 2.0166e+03; maximum gradient component mag -9.8938e+00
Exit code = 1;  converg criter 1.0000e+01
Var    Value     Gradient |Var    Value     Gradient |Var    Value     Gradient
  1 -0.65917  4.89746e-01 |  2  0.07819 -9.89379e+00 |  3  0.20088 -3.11180e+00
  4  0.18854 -2.83091e+00 |  5  1.46988  2.06849e-01 |  6  0.02659 -1.27549e+00
  7  0.68321 -4.29173e+00 |  8  0.11555 -1.27272e+00 |  9 -0.01578 -1.32688e-01
 10  0.17555 -1.58954e+00 |

Initial statistics: 72 variables; iteration 0; function evaluation 0; phase 3
Function value 2.0165964e+03; maximum gradient component mag 6.9689e+02
Var    Value     Gradient |Var    Value     Gradient |Var    Value     Gradient
  1 -0.01952 -9.50121e+01 |  2 -0.29017 -1.34008e+02 |  3  0.12681  6.79248e+01
  4 -0.00115 -5.81188e+01 |  5 -0.30567 -1.30996e+02 |  6  0.10939  9.34000e+01
  7 -0.30638 -1.30353e+02 |  8  0.08378  7.76373e+01 |  9 -0.28322 -1.27737e+02
 10  0.04514  5.34916e+01 | 11  0.10562  2.26451e+02 | 12  0.01711  8.03849e+01
 13  0.03659  1.14036e+02 | 14  0.08975  2.10816e+02 | 15  0.03779  9.80355e+01
 16  0.02834  8.06815e+01 | 17  0.01771  5.51435e+01 | 18  0.06514  1.25304e+02
 19  0.06591  1.32515e+02 | 20  0.09613  2.16872e+02 | 21  0.04792  9.99252e+01
 22  0.04305  8.11705e+01 | 23  0.03298  5.82122e+01 | 24  0.02818  4.00520e+01
 25 -0.00226 -4.41554e+00 | 26  0.04268  2.81866e+01 | 27  0.01808 -1.78195e+01
 28  0.02687 -3.90208e+01 | 29  0.05141 -5.56017e+01 | 30  0.04463 -9.88981e+01
 31  0.05396 -1.15537e+02 | 32  0.04335 -1.17052e+02 | 33 -0.00912 -1.30099e+02
 34 -0.00719 -1.64966e+02 | 35 -0.02507 -1.61313e+02 | 36 -0.07635 -1.50766e+02
 37 -0.07163 -1.56529e+02 | 38 -0.65917  4.89746e-01 | 39  0.07819 -9.89379e+00
 40  0.32200  6.60974e+02 | 41 -0.02485  3.04751e+02 | 42  0.20088 -3.11180e+00
 43  0.28370  2.46772e+02 | 44  0.62075  6.36263e-03 | 45  0.18854 -2.83091e+00
 46  0.35830  3.82007e+02 | 47  0.56244  4.26428e+01 | 48  0.53012 -2.06849e-01
 49  0.29873  6.81017e-02 | 50  0.43695 -3.78543e+00 | 51  0.59262  7.70254e-02
 52  0.02659 -1.27549e+00 | 53  0.34629  2.88150e+01 | 54  0.60207  3.73714e+00
 55  0.68321 -4.29173e+00 | 56 -0.00239 -1.65696e+00 | 57  0.37301 -2.87983e+02
 58 -0.34910 -9.06365e+00 | 59  0.11555 -1.27272e+00 | 60 -0.37720  4.96196e-02
 61  0.32737  9.20696e+01 | 62  0.51513  1.22277e+01 | 63 -0.45741  6.96887e+02
 64 -0.46605 -5.34254e-03 | 65 -0.01868  6.14366e+00 | 66 -0.45828  6.55859e+01
 67 -0.01578 -1.32688e-01 | 68  0.28941  1.00739e+01 | 69  0.51783 -5.12059e-03
 70  0.17555 -1.58954e+00 | 71  0.27624  1.06290e+02 | 72  0.51908  1.46409e-02

Intermediate statistics: 72 variables; iteration 20; function evaluation 25; phase 3
Function value 1.9774101e+03; maximum gradient component mag 1.5288e+03
Var    Value     Gradient |Var    Value     Gradient |Var    Value     Gradient
  1 -0.01654  5.91854e+01 |  2 -0.19676  7.09541e+01 |  3  0.09368  1.93526e+00
  4  0.03334  3.17921e+01 |  5 -0.20831  6.81022e+01 |  6  0.06629 -1.52529e+01
  7 -0.20211  6.34639e+01 |  8  0.05235 -2.50377e+01 |  9 -0.17530  5.64504e+01
 10  0.02324 -8.94789e+00 | 11  0.09942 -1.74264e+01 | 12  0.00479  1.03478e+01
 13  0.02660 -2.08698e+00 | 14  0.08005 -3.70712e+01 | 15  0.02736 -8.31394e+00
 16  0.01818 -5.85011e+00 | 17  0.00593 -1.00807e+01 | 18  0.05352 -4.68683e+01
 19  0.05437 -1.77764e+01 | 20  0.08974  2.02854e+01 | 21  0.03817  1.63800e+01
 22  0.03608  3.80447e+01 | 23  0.02600  5.66751e+01 | 24  0.02107  6.80881e+01
 25 -0.01155  5.69849e+01 | 26  0.03567  5.51061e+01 | 27  0.00866  3.82024e+01
 28  0.01617  1.75820e+01 | 29  0.04025 -5.82810e+00 | 30  0.03110 -1.82448e+01
 31  0.04074 -4.86476e+00 | 32  0.03298  2.76081e+01 | 33 -0.02508  3.36692e+01
 34 -0.02058  3.78639e+01 | 35 -0.03552  6.63453e+01 | 36 -0.07568  7.20462e+01
 37 -0.07480  6.29279e+01 | 38 -0.66638  3.75497e+00 | 39  0.10575 -2.49066e+02
 40  0.32376  6.76503e+02 | 41 -0.02780 -1.50446e+00 | 42  0.21712 -1.96141e+02
 43  0.27890  4.29272e+02 | 44  0.62075 -1.47350e-03 | 45  0.22651 -1.74679e+02
 46  0.36102  6.35122e+02 | 47  0.57032 -1.30298e+00 | 48  0.55203 -8.83922e+00
 49  0.29878 -5.70458e-02 | 50  0.41337  3.83190e+00 | 51  0.59268 -6.16886e-02
 52 -0.01856  2.20348e+00 | 53  0.31855 -2.91413e+00 | 54  0.58645  1.09327e+00
 55  0.79152  5.22072e-01 | 56  0.00086 -3.30137e-01 | 57  0.36801 -2.75548e+02
 58 -0.32243 -1.14166e+01 | 59  0.13289 -5.41548e+00 | 60 -0.37719  4.78585e-03
 61  0.32608  1.97813e+01 | 62  0.51160  2.80100e+00 | 63 -0.45738  1.52882e+03
 64 -0.46607 -8.87313e-03 | 65 -0.01881 -3.89276e+01 | 66 -0.45526  2.11495e+01
 67 -0.01916  1.36230e+01 | 68  0.27923 -1.62103e+01 | 69  0.51782  4.47560e-03
 70  0.19917  4.36030e+01 | 71  0.27013 -1.02461e+02 | 72  0.51907  1.07166e-03
72 variables; iteration 40; function evaluation 46; phase 3
Function value 1.9752206e+03; maximum gradient component mag 1.3335e+03
Var    Value     Gradient |Var    Value     Gradient |Var    Value     Gradient
  1 -0.02314  6.40024e+01 |  2 -0.22504  6.21037e+01 |  3  0.10289  6.31524e+01
  4  0.02038  7.01365e+01 |  5 -0.23983  6.26180e+01 |  6  0.09479  7.48423e+01
  7 -0.21618  6.66803e+01 |  8  0.01459  6.92174e+01 |  9 -0.08718  6.70171e+01
 10  0.01171  3.17150e+01 | 11  0.09858  2.89541e+01 | 12  0.00658  3.52563e+01
 13  0.02692  2.33829e+01 | 14  0.08065 -6.99685e+00 | 15  0.02865  7.44546e+00
 16  0.01905  6.42094e+00 | 17  0.00659 -1.46255e+01 | 18  0.05062 -8.42080e+01
 19  0.05359 -5.47974e+01 | 20  0.08730 -3.23115e+01 | 21  0.03846 -1.91089e+01
 22  0.03348 -8.84722e+00 | 23  0.02534  2.11123e+01 | 24  0.02072  4.37871e+01
 25 -0.00952  4.87305e+01 | 26  0.03549  3.40786e+01 | 27  0.00758  1.22286e+01
 28  0.01606 -6.11036e-01 | 29  0.04121 -1.83421e+01 | 30  0.02990 -4.04797e+01
 31  0.04136 -2.72445e+01 | 32  0.02965 -3.74239e+00 | 33 -0.01949  3.96451e+01
 34 -0.01686  5.65779e+01 | 35 -0.03002  8.56857e+01 | 36 -0.07490  7.53304e+01
 37 -0.06511  7.50303e+01 | 38 -0.76733 -2.32244e-01 | 39  0.10321 -1.84096e+02
 40  0.32188  4.88056e+02 | 41 -0.02251  1.28126e+01 | 42  0.22210 -1.77695e+02
 43  0.28001  3.97109e+02 | 44  0.62077 -1.14624e-03 | 45  0.23237 -1.53475e+02
 46  0.36228  6.20759e+02 | 47  0.58691  5.37705e+00 | 48  0.85188 -2.87279e+00
 49  0.29932 -2.55261e-03 | 50  0.44014  3.91734e+01 | 51  0.59334 -4.32259e-03
 52 -0.01186  1.72834e-02 | 53  0.32421 -4.22918e+00 | 54  0.56072 -9.86222e-01
 55  0.80755  4.92192e+00 | 56 -0.02275 -9.35648e-02 | 57  0.36951 -2.07874e+02
 58 -0.28540 -4.86383e+00 | 59  0.14885  4.91590e+01 | 60 -0.37715  3.66031e-02
 61  0.32870 -8.71247e+01 | 62  0.48753  6.48884e+00 | 63 -0.45737  1.33346e+03
 64 -0.46635 -6.93137e-03 | 65 -0.01888 -2.90983e+01 | 66 -0.45662  3.70666e+01
 67 -0.09283 -9.20454e+00 | 68  0.23101  4.53730e+00 | 69  0.51761  6.06163e-03
 70  0.20777  6.55800e+01 | 71  0.27373 -1.29049e+02 | 72  0.51896  1.48014e-03
72 variables; iteration 60; function evaluation 69; phase 3
Function value 1.9712148e+03; maximum gradient component mag 3.8594e+02
Var    Value     Gradient |Var    Value     Gradient |Var    Value     Gradient
  1 -0.03654  2.43281e+01 |  2 -0.20703  3.00869e+01 |  3  0.10708  4.06488e+01
  4  0.01482  3.90808e+01 |  5 -0.23755  2.84009e+01 |  6  0.09710  5.45583e+01
  7 -0.24215  2.59453e+01 |  8  0.01979  3.88249e+01 |  9 -0.09250  3.52549e+01
 10  0.01150  8.58294e+00 | 11  0.09526  1.72003e+01 | 12  0.01110  3.65207e+01
 13  0.02337  5.80649e+00 | 14  0.08174  1.10995e+01 | 15  0.02364 -1.26291e+01
 16  0.02175  1.34595e+01 | 17  0.00756 -3.26674e+00 | 18  0.05260 -3.92755e+01
 19  0.05568 -2.06471e+01 | 20  0.08694 -7.41062e+00 | 21  0.03726 -9.22379e+00
 22  0.03535  1.00427e+01 | 23  0.02318  1.34138e+01 | 24  0.01984  2.82454e+01
 25 -0.00982  2.91617e+01 | 26  0.03312  1.74044e+01 | 27  0.00875  1.04149e+01
 28  0.01663 -1.30521e-01 | 29  0.04064 -1.24716e+01 | 30  0.03433 -1.57931e+01
 31  0.04224 -1.93309e+01 | 32  0.03310  3.28708e+00 | 33 -0.01805  2.35769e+01
 34 -0.01499  2.24863e+01 | 35 -0.02920  3.62133e+01 | 36 -0.07416  3.62971e+01
 37 -0.06985  2.78186e+01 | 38 -0.87244 -8.70071e-01 | 39  0.10580 -8.66710e+01
 40  0.32160  2.59979e+02 | 41 -0.03047  3.27475e+00 | 42  0.22029 -8.60914e+01
 43  0.27767  1.82729e+02 | 44  0.62095 -5.96052e-04 | 45  0.24245 -7.60068e+01
 46  0.36168  2.97901e+02 | 47  0.51975 -1.59519e+01 | 48  0.81441 -2.23570e+00
 49  0.29391 -1.19601e-03 | 50  0.43972  1.77598e+01 | 51  0.58822 -1.09489e-03
 52  0.00270 -2.92577e+00 | 53  0.33239  1.49109e+00 | 54  0.52020 -7.02806e+00
 55  0.81656  1.32340e+00 | 56 -0.19717 -6.62075e-03 | 57  0.37281 -6.05304e+01
 58 -0.28597 -1.86999e+00 | 59  0.13456  2.72382e+01 | 60 -0.37718  2.84731e-02
 61  0.32525 -4.99796e+01 | 62  0.50536  8.17493e+00 | 63 -0.45738  3.85943e+02
 64 -0.46825 -2.94622e-03 | 65 -0.01905 -7.63291e+00 | 66 -0.45911  4.62714e+01
 67 -0.06009 -2.25363e+00 | 68  0.25407  4.94843e+00 | 69  0.51545  5.60850e-03
 70  0.20611  3.36702e+01 | 71  0.27448 -5.45325e+01 | 72  0.51830  1.64187e-03

 - final statistics:
72 variables; iteration 80; function evaluation 94
Function value 1.9682e+03; maximum gradient component mag 4.6506e-01
Exit code = 1;  converg criter 1.0000e+00
Var    Value     Gradient |Var    Value     Gradient |Var    Value     Gradient
  1 -0.02201 -1.39473e-02 |  2 -0.21518  1.05755e-02 |  3  0.10256 -4.68481e-02
  4  0.01775 -3.85744e-02 |  5 -0.22938 -7.26305e-03 |  6  0.07921 -6.87393e-02
  7 -0.22158 -1.67756e-02 |  8  0.04450 -1.03155e-01 |  9 -0.17163 -9.17978e-03
 10  0.02809 -1.12060e-01 | 11  0.09236 -8.52295e-02 | 12  0.00719 -3.83873e-02
 13  0.02566 -2.74327e-02 | 14  0.07850  6.60212e-03 | 15  0.02858  9.10045e-03
 16  0.01837  2.20365e-02 | 17  0.00858  3.57194e-02 | 18  0.05452  8.46111e-02
 19  0.05624  5.42031e-02 | 20  0.08521  7.28619e-02 | 21  0.03811  7.46146e-02
 22  0.03273  9.19201e-02 | 23  0.02286  7.37355e-02 | 24  0.01771  6.08315e-02
 25 -0.01150  4.80082e-02 | 26  0.03181  5.98727e-02 | 27  0.00841  2.91043e-02
 28  0.01704  1.27061e-02 | 29  0.04165 -2.60479e-03 | 30  0.03595  2.27001e-02
 31  0.04540  3.20618e-02 | 32  0.03515 -1.54840e-02 | 33 -0.01620 -3.38510e-02
 34 -0.01190 -5.67562e-03 | 35 -0.02702  1.20341e-02 | 36 -0.07356 -1.88794e-02
 37 -0.06822 -2.89538e-03 | 38 -0.71470  1.28399e-02 | 39  0.10635 -5.15226e-02
 40  0.32005  2.81678e-01 | 41 -0.03048  5.03843e-02 | 42  0.22970  5.32916e-02
 43  0.27926 -4.19404e-02 | 44  0.62080  2.27206e-06 | 45  0.23183 -2.19131e-02
 46  0.35603  1.41415e-01 | 47  0.56215  1.03491e-02 | 48  0.98266  6.82357e-03
 49  0.22495 -3.63833e-04 | 50  0.44245 -1.02447e-01 | 51  0.54277 -5.69130e-04
 52 -0.01054 -3.23939e-02 | 53  0.32499  3.80758e-02 | 54  0.57483 -7.54784e-03
 55  0.78143  5.63352e-02 | 56 -0.25743 -1.81375e-03 | 57  0.37120 -4.18683e-01
 58 -0.22177  5.04727e-03 | 59  0.13720 -4.21905e-02 | 60 -0.39266  1.14285e-04
 61  0.32669  7.75141e-02 | 62  0.50081  3.30056e-03 | 63 -0.45738  4.65057e-01
 64 -0.46341 -2.60691e-05 | 65 -0.01926  2.75223e-03 | 66 -0.46241  3.83508e-03
 67 -0.03934  3.46736e-02 | 68  0.26638 -4.50458e-02 | 69  0.37805  5.26018e-03
 70  0.20097  2.20969e-02 | 71  0.27281 -2.32768e-02 | 72  0.49699  1.53031e-04

Initial statistics: 87 variables; iteration 0; function evaluation 0; phase 4
Function value 1.9682467e+03; maximum gradient component mag 7.9118e+01
Var    Value     Gradient |Var    Value     Gradient |Var    Value     Gradient
  1 -0.00147 -1.09340e+00 |  2 -0.00203 -1.97407e+00 |  3 -0.00187 -3.06305e+00
  4  0.00040 -3.93426e+00 |  5  0.00689 -2.69153e+00 |  6  0.01867  5.71677e+00
  7  0.03277  1.57894e+01 |  8  0.02594  2.34601e+01 |  9 -0.00036  2.29856e+01
 10  0.01293  2.35320e+01 | 11  0.12842  5.20940e+01 | 12  0.04356  2.71254e+01
 13  0.03036  2.25656e+01 | 14  0.13134  4.69167e+01 | 15  0.17120  7.91177e+01
 16 -0.02201 -1.83822e-02 | 17 -0.21518  6.38912e-03 | 18  0.10256 -5.12281e-02
 19  0.01775 -4.30102e-02 | 20 -0.22938 -1.14156e-02 | 21  0.07921 -7.31425e-02
 22 -0.22158 -2.09470e-02 | 23  0.04450 -1.07582e-01 | 24 -0.17163 -1.34570e-02
 25  0.02809 -1.16493e-01 | 26  0.09236 -8.96204e-02 | 27  0.00719 -4.28245e-02
 28  0.02566 -3.18665e-02 | 29  0.07850  2.19832e-03 | 30  0.02858  4.66742e-03
 31  0.01837  1.76009e-02 | 32  0.00858  3.12823e-02 | 33  0.05452  8.01899e-02
 34  0.05624  4.97829e-02 | 35  0.08521  6.84641e-02 | 36  0.03811  7.01850e-02
 37  0.03273  8.74884e-02 | 38  0.02286  6.93008e-02 | 39  0.01771  5.63957e-02
 40 -0.01150  4.35714e-02 | 41  0.03181  5.54407e-02 | 42  0.00841  2.46672e-02
 43  0.01704  8.27021e-03 | 44  0.04165 -7.03279e-03 | 45  0.03595  1.82697e-02
 46  0.04540  2.76356e-02 | 47  0.03515 -1.99147e-02 | 48 -0.01620 -3.82870e-02
 49 -0.01190 -1.01123e-02 | 50 -0.02702  7.60063e-03 | 51 -0.07356 -2.32873e-02
 52 -0.06822 -7.30742e-03 | 53 -0.71470  1.28399e-02 | 54  0.10635 -5.15226e-02
 55  0.32005  2.81678e-01 | 56 -0.03048  5.03843e-02 | 57  0.22970  5.32916e-02
 58  0.27926 -4.19404e-02 | 59  0.62080  2.27206e-06 | 60  0.23183 -2.19131e-02
 61  0.35603  1.41415e-01 | 62  0.56215  1.03491e-02 | 63  0.98266  6.82357e-03
 64  0.22495 -3.63833e-04 | 65  0.44245 -1.02447e-01 | 66  0.54277 -5.69130e-04
 67 -0.01054 -3.23939e-02 | 68  0.32499  3.80758e-02 | 69  0.57483 -7.54784e-03
 70  0.78143  5.63352e-02 | 71 -0.25743 -1.81375e-03 | 72  0.37120 -4.18683e-01
 73 -0.22177  5.04727e-03 | 74  0.13720 -4.21905e-02 | 75 -0.39266  1.14285e-04
 76  0.32669  7.75141e-02 | 77  0.50081  3.30056e-03 | 78 -0.45738  4.65057e-01
 79 -0.46341 -2.60691e-05 | 80 -0.01926  2.75223e-03 | 81 -0.46241  3.83508e-03
 82 -0.03934  3.46736e-02 | 83  0.26638 -4.50458e-02 | 84  0.37805  5.26018e-03
 85  0.20097  2.20969e-02 | 86  0.27281 -2.32768e-02 | 87  0.49699  1.53031e-04

Intermediate statistics: 87 variables; iteration 20; function evaluation 26; phase 4
Function value 1.9663359e+03; maximum gradient component mag 9.5724e+02
Var    Value     Gradient |Var    Value     Gradient |Var    Value     Gradient
  1 -0.00609 -3.86098e-01 |  2 -0.00804 -7.33805e-01 |  3 -0.00949 -1.17156e+00
  4 -0.00891 -1.54171e+00 |  5 -0.00372 -1.24387e+00 |  6  0.00831  1.14754e+00
  7  0.02282  4.94435e+00 |  8  0.01593  8.01304e+00 |  9 -0.00826  7.89774e+00
 10  0.00780  9.24889e+00 | 11  0.11615  2.43189e+01 | 12  0.03513  1.42874e+01
 13  0.02408  1.49838e+01 | 14  0.12166  4.08253e+01 | 15  0.15340  7.14031e+01
 16  0.00313 -5.10154e+00 | 17 -0.22300 -1.56201e+01 | 18  0.10341  3.60815e+01
 19  0.02210  8.61162e+00 | 20 -0.24183 -1.47493e+01 | 21  0.08815  3.65362e+01
 22 -0.23506 -1.40670e+01 | 23  0.05575  2.62955e+01 | 24 -0.18480 -1.06517e+01
 25  0.03126  2.25599e+01 | 26  0.09540  6.20799e+01 | 27  0.00848  2.28410e+01
 28  0.02684  2.68773e+01 | 29  0.07911  4.41221e+01 | 30  0.02852  2.12940e+01
 31  0.01840  1.58484e+01 | 32  0.00812  7.07909e+00 | 33  0.05408  7.80728e+00
 34  0.05561  6.95978e+00 | 35  0.08538  2.00830e+01 | 36  0.03789  5.56272e+00
 37  0.03279  3.38047e+00 | 38  0.02292  7.99804e-01 | 39  0.01795 -1.23629e+00
 40 -0.01179 -8.07036e+00 | 41  0.03226 -3.83683e+00 | 42  0.00831 -9.96073e+00
 43  0.01699 -1.31678e+01 | 44  0.04148 -1.71266e+01 | 45  0.03511 -2.44867e+01
 46  0.04463 -2.82535e+01 | 47  0.03395 -3.05970e+01 | 48 -0.01804 -2.76767e+01
 49 -0.01355 -2.91437e+01 | 50 -0.02909 -2.65178e+01 | 51 -0.07539 -2.44513e+01
 52 -0.07068 -2.24405e+01 | 53 -0.70852 -1.45948e+00 | 54  0.10822 -1.94627e+01
 55  0.32143  1.03061e+02 | 56 -0.02873  1.16435e+01 | 57  0.23498  3.27468e+01
 58  0.28094 -6.02116e+01 | 59  0.62080  4.61781e-04 | 60  0.23535  1.40491e+01
 61  0.35708 -1.25025e+01 | 62  0.56110  2.68197e+00 | 63  0.98271  9.55854e-02
 64  0.22495  4.57201e-04 | 65  0.44000 -2.09252e+01 | 66  0.54278  1.67570e-03
 67  0.01442 -2.29327e-01 | 68  0.32736 -3.17890e+00 | 69  0.58523 -1.76880e+00
 70  0.78322  1.86194e+00 | 71 -0.25742 -1.00128e-04 | 72  0.37143 -8.60758e+00
 73 -0.22148  7.53750e-01 | 74  0.14129  5.16195e+00 | 75 -0.39264  4.67958e-03
 76  0.32799 -1.81606e+00 | 77  0.50757  8.94739e-01 | 78 -0.45737  9.57235e+02
 79 -0.46342 -6.21127e-03 | 80 -0.01941 -3.06267e+01 | 81 -0.46070  7.72796e+00
 82 -0.03539 -4.77722e+00 | 83  0.26713  4.88411e+00 | 84  0.37811 -2.88603e-02
 85  0.20476  3.04559e+01 | 86  0.27355 -5.98340e+01 | 87  0.49699  7.93674e-04
87 variables; iteration 40; function evaluation 46; phase 4
Function value 1.9660901e+03; maximum gradient component mag 9.0446e+02
Var    Value     Gradient |Var    Value     Gradient |Var    Value     Gradient
  1 -0.00197 -8.98616e-01 |  2 -0.00280 -1.39206e+00 |  3 -0.00308 -2.01642e+00
  4 -0.00151 -2.63208e+00 |  5  0.00309 -2.73193e+00 |  6  0.00995 -1.43955e+00
  7  0.02271  1.19971e+00 |  8  0.01556  4.04830e+00 |  9 -0.00783  5.40324e+00
 10  0.00813  6.87774e+00 | 11  0.11456  1.85927e+01 | 12  0.03470  1.12603e+01
 13  0.02446  1.22873e+01 | 14  0.12218  3.38664e+01 | 15  0.14884  5.73362e+01
 16  0.00683 -4.26039e+00 | 17 -0.22189 -1.15817e+01 | 18  0.10152  3.34543e+01
 19  0.02262  7.82303e+00 | 20 -0.24163 -1.07782e+01 | 21  0.08810  2.83131e+01
 22 -0.23594 -1.05660e+01 | 23  0.06071  1.87071e+01 | 24 -0.19119 -7.84565e+00
 25  0.03196  1.85272e+01 | 26  0.09595  5.30764e+01 | 27  0.00854  1.86725e+01
 28  0.02616  1.61288e+01 | 29  0.07871  3.10228e+01 | 30  0.02876  1.95520e+01
 31  0.01900  1.69836e+01 | 32  0.00821  7.43876e+00 | 33  0.05378  3.16029e+00
 34  0.05555  3.53049e+00 | 35  0.08523  1.45878e+01 | 36  0.03780  4.99551e+00
 37  0.03299  6.39378e+00 | 38  0.02315  3.52908e+00 | 39  0.01757 -3.48275e+00
 40 -0.01235 -1.08788e+01 | 41  0.03179 -6.29217e+00 | 42  0.00872 -3.71509e+00
 43  0.01739 -5.70360e+00 | 44  0.04120 -1.33904e+01 | 45  0.03531 -1.80704e+01
 46  0.04465 -2.35576e+01 | 47  0.03355 -3.19087e+01 | 48 -0.01993 -3.29321e+01
 49 -0.01350 -2.35083e+01 | 50 -0.02862 -1.67343e+01 | 51 -0.07597 -1.90549e+01
 52 -0.07052 -1.65319e+01 | 53 -0.57660  3.47967e-01 | 54  0.10906 -2.44754e+01
 55  0.32156  1.03782e+02 | 56 -0.02931  5.80820e+00 | 57  0.23596  2.64779e+01
 58  0.28125 -4.71462e+01 | 59  0.62081  3.78322e-04 | 60  0.23551  1.07248e+01
 61  0.35697 -9.84392e+00 | 62  0.56315  2.45161e+00 | 63  0.98392  7.25913e-02
 64  0.22506 -3.81029e-04 | 65  0.43961 -1.52238e+01 | 66  0.54305 -6.15298e-04
 67  0.00618 -2.89601e+00 | 68  0.32302 -2.39665e+00 | 69  0.64723  5.01751e-01
 70  0.79342  1.11000e+00 | 71 -0.25731 -5.73755e-04 | 72  0.37192 -8.40469e-01
 73 -0.23690  4.34270e-01 | 74  0.14228  4.01287e+00 | 75 -0.39256  1.38465e-03
 76  0.32842  3.90537e-01 | 77  0.50772 -3.74634e-01 | 78 -0.45737  9.04456e+02
 79 -0.46368 -6.13759e-03 | 80 -0.01931 -2.92763e+01 | 81 -0.46017  5.10637e+00
 82 -0.01444 -1.83820e+00 | 83  0.28040  4.64666e+00 | 84  0.38035 -2.84022e-02
 85  0.20415  2.45249e+01 | 86  0.27319 -5.16441e+01 | 87  0.49703  4.45699e-04
87 variables; iteration 60; function evaluation 66; phase 4
Function value 1.9658559e+03; maximum gradient component mag 6.1578e+02
Var    Value     Gradient |Var    Value     Gradient |Var    Value     Gradient
  1  0.00023 -9.29412e-01 |  2  0.00053 -1.30813e+00 |  3  0.00146 -1.85237e+00
  4  0.00331 -2.69314e+00 |  5  0.00562 -3.59890e+00 |  6  0.01262 -2.17704e+00
  7  0.02190 -1.10005e+00 |  8  0.01644  1.85598e+00 |  9 -0.00902  2.34290e+00
 10  0.00835  4.05619e+00 | 11  0.11501  1.27834e+01 | 12  0.03496  7.81744e+00
 13  0.02401  8.01932e+00 | 14  0.11967  2.18306e+01 | 15  0.14579  3.87443e+01
 16  0.01236 -2.14899e+00 | 17 -0.22427 -7.40810e+00 | 18  0.09884  2.38163e+01
 19  0.02627  6.99788e+00 | 20 -0.24524 -7.14002e+00 | 21  0.08803  1.92835e+01
 22 -0.23758 -6.71919e+00 | 23  0.06364  1.06309e+01 | 24 -0.19332 -4.65918e+00
 25  0.03082  8.36071e+00 | 26  0.09605  3.50122e+01 | 27  0.00818  1.13025e+01
 28  0.02608  9.09868e+00 | 29  0.07886  2.09638e+01 | 30  0.02838  1.11215e+01
 31  0.01806  7.87302e+00 | 32  0.00863  6.27879e+00 | 33  0.05425  3.71074e+00
 34  0.05489 -2.19890e+00 | 35  0.08587  1.27462e+01 | 36  0.03667 -1.80495e+00
 37  0.03295  4.38096e+00 | 38  0.02342  4.89074e+00 | 39  0.01677 -5.24454e+00
 40 -0.01144 -4.32296e+00 | 41  0.03124 -5.78711e+00 | 42  0.00894 -2.23399e-01
 43  0.01684 -4.83884e+00 | 44  0.04124 -8.33710e+00 | 45  0.03535 -1.09309e+01
 46  0.04477 -1.49246e+01 | 47  0.03380 -2.09617e+01 | 48 -0.01832 -1.86053e+01
 49 -0.01272 -1.19716e+01 | 50 -0.02742 -7.45563e+00 | 51 -0.07596 -1.42229e+01
 52 -0.07174 -1.31102e+01 | 53 -0.51879  1.35097e+00 | 54  0.10894 -1.80522e+01
 55  0.32114  6.83794e+01 | 56 -0.02766  6.98929e+00 | 57  0.23778  1.77646e+01
 58  0.28178 -2.82930e+01 | 59  0.62081  3.05859e-04 | 60  0.23733  7.50693e+00
 61  0.35723 -6.75990e+00 | 62  0.56004  1.00157e+00 | 63  0.98545  6.27522e-02
 64  0.22562 -8.08117e-04 | 65  0.43951 -9.09109e+00 | 66  0.54442 -1.76668e-03
 67  0.01276 -1.63894e+00 | 68  0.32376 -2.04224e+00 | 69  0.61737 -6.72358e-01
 70  0.80305 -1.01897e+00 | 71 -0.25678 -2.85515e-03 | 72  0.37216  3.14149e+00
 73 -0.25648 -8.19208e-01 | 74  0.13849  3.55483e+00 | 75 -0.39211  5.64503e-03
 76  0.32728  3.38386e-01 | 77  0.51880  2.15861e+00 | 78 -0.45738  6.15778e+02
 79 -0.46461 -4.34096e-03 | 80 -0.01925 -2.00891e+01 | 81 -0.46060  1.65888e+00
 82 -0.00965 -5.57002e-01 | 83  0.28248  2.72194e+00 | 84  0.39024 -2.43409e-02
 85  0.20570  1.66733e+01 | 86  0.27383 -3.34664e+01 | 87  0.49721  6.71833e-05
87 variables; iteration 80; function evaluation 92; phase 4
Function value 1.9655763e+03; maximum gradient component mag -4.9443e+01
Var    Value     Gradient |Var    Value     Gradient |Var    Value     Gradient
  1 -0.00207 -2.64576e-01 |  2 -0.00090  3.15952e-01 |  3 -0.00087  2.92424e-01
  4  0.00276  9.34036e-01 |  5  0.00271 -5.22088e-01 |  6  0.01235  7.07812e-01
  7  0.02357  9.79628e-01 |  8  0.01223  2.91028e-01 |  9 -0.00788  1.53087e+00
 10  0.00862  1.19988e+00 | 11  0.11416  3.75652e+00 | 12  0.03521  2.73150e+00
 13  0.02301  2.25803e+00 | 14  0.12128  6.76079e+00 | 15  0.13834  1.15582e+01
 16  0.02569 -1.76661e-01 | 17 -0.22623 -3.18203e+00 | 18  0.09435  5.61110e+00
 19  0.03049  1.06831e+00 | 20 -0.24748 -3.27411e+00 | 21  0.08685  7.88302e+00
 22 -0.23715 -1.93605e+00 | 23  0.06772  7.98866e+00 | 24 -0.20995 -2.61936e+00
 25  0.03242  4.28940e+00 | 26  0.09461  9.97906e+00 | 27  0.00795  3.41637e+00
 28  0.02631  3.79933e+00 | 29  0.07873  7.54226e+00 | 30  0.02822  3.28577e+00
 31  0.01835  2.49740e+00 | 32  0.00823  1.22536e+00 | 33  0.05443  2.80436e+00
 34  0.05585  2.01188e+00 | 35  0.08517  3.86921e+00 | 36  0.03768  2.31214e-01
 37  0.03250 -3.56594e-01 | 38  0.02260 -1.24919e+00 | 39  0.01733 -2.64179e+00
 40 -0.01174 -2.06552e+00 | 41  0.03154 -3.10559e+00 | 42  0.00820 -2.68487e+00
 43  0.01659 -3.96036e+00 | 44  0.04137 -3.25330e+00 | 45  0.03530 -4.32327e+00
 46  0.04487 -4.05542e+00 | 47  0.03457 -4.50178e+00 | 48 -0.01733 -3.91756e+00
 49 -0.01282 -4.64327e+00 | 50 -0.02827 -4.59389e+00 | 51 -0.07463 -3.86247e+00
 52 -0.07085 -4.95937e+00 | 53 -0.55827 -1.89038e-01 | 54  0.10880  8.87803e+00
 55  0.32064 -1.33564e+01 | 56 -0.02873  2.65694e+00 | 57  0.23417  5.04212e+00
 58  0.28043 -1.10723e+01 | 59  0.62082  5.16229e-05 | 60  0.23436  2.24469e+00
 61  0.35642 -6.40099e+00 | 62  0.56244  6.63221e-01 | 63  0.97308 -1.01911e-01
 64  0.22880 -9.41688e-04 | 65  0.43972 -3.92721e+00 | 66  0.55201 -1.97508e-03
 67  0.00638 -6.65465e-02 | 68  0.31980 -3.58207e-01 | 69  0.62475 -1.61585e-01
 70  0.79261  1.26036e+00 | 71 -0.25364 -6.01648e-04 | 72  0.37129 -8.79021e+00
 73 -0.23444  4.34712e-01 | 74  0.13719  1.69885e+00 | 75 -0.38948 -1.27336e-03
 76  0.32688 -3.75965e+00 | 77  0.51450 -3.35264e-01 | 78 -0.45739 -4.94430e+01
 79 -0.46595 -3.29479e-04 | 80 -0.01908  1.67271e+00 | 81 -0.46108  4.92103e+00
 82 -0.01483 -2.09148e+00 | 83  0.27888  2.56459e+00 | 84  0.42955 -1.14898e-02
 85  0.20470  3.70229e+00 | 86  0.27382 -5.91942e+00 | 87  0.49811 -1.41203e-04
87 variables; iteration 100; function evaluation 117; phase 4
Function value 1.9655535e+03; maximum gradient component mag -5.4006e-01
Var    Value     Gradient |Var    Value     Gradient |Var    Value     Gradient
  1 -0.00098  4.70138e-03 |  2 -0.00141  5.93785e-03 |  3 -0.00124  7.81699e-03
  4  0.00065  9.67960e-03 |  5  0.00508  1.43853e-02 |  6  0.01172  1.22974e-02
  7  0.02283  1.58507e-02 |  8  0.01377  1.69225e-02 |  9 -0.00933  9.16846e-03
 10  0.00938  1.56699e-02 | 11  0.11460  3.09078e-02 | 12  0.03381  1.28797e-02
 13  0.02366  1.29989e-02 | 14  0.12198  3.89954e-02 | 15  0.13575  3.52768e-02
 16  0.02915 -1.66784e-02 | 17 -0.22703 -3.79205e-02 | 18  0.09278  6.34230e-03
 19  0.03335 -2.75561e-03 | 20 -0.24719 -3.20301e-02 | 21  0.08598  4.10283e-02
 22 -0.24168 -3.14503e-02 | 23  0.06875  4.27338e-02 | 24 -0.21119 -2.52900e-02
 25  0.03239  2.88687e-02 | 26  0.09458  6.40669e-02 | 27  0.00777  1.68111e-02
 28  0.02633  3.46072e-02 | 29  0.07869  6.97045e-02 | 30  0.02820  3.32363e-02
 31  0.01832  2.70427e-02 | 32  0.00825  2.08491e-02 | 33  0.05440  4.02110e-02
 34  0.05593  3.56406e-02 | 35  0.08509  3.95013e-02 | 36  0.03780  1.60078e-02
 37  0.03247  2.33143e-03 | 38  0.02259 -5.62602e-03 | 39  0.01749 -8.69104e-03
 40 -0.01191 -2.32257e-02 | 41  0.03169 -1.39654e-02 | 42  0.00809 -2.68961e-02
 43  0.01675 -2.61494e-02 | 44  0.04131 -2.86456e-02 | 45  0.03543 -2.85540e-02
 46  0.04487 -3.25724e-02 | 47  0.03467 -2.72681e-02 | 48 -0.01727 -2.83736e-02
 49 -0.01274 -3.64587e-02 | 50 -0.02816 -3.86143e-02 | 51 -0.07458 -2.95330e-02
 52 -0.07038 -2.86374e-02 | 53 -0.56168 -5.60515e-03 | 54  0.10847  1.58051e-02
 55  0.32056 -3.86571e-02 | 56 -0.02898 -7.12978e-03 | 57  0.23395  2.37398e-02
 58  0.28042 -3.91266e-02 | 59  0.62084  1.72389e-07 | 60  0.23461 -1.13840e-03
 61  0.35654 -3.37438e-03 | 62  0.56022 -9.73692e-04 | 63  0.98378 -1.17503e-03
 64  0.30758  3.20080e-04 | 65  0.43990 -2.60410e-02 | 66  0.58305  4.52105e-04
 67  0.00331  5.13945e-03 | 68  0.31786 -4.64262e-03 | 69  0.62833  6.96605e-04
 70  0.79051  2.18549e-01 | 71  0.04330  2.25153e-03 | 72  0.37125 -8.81709e-02
 73 -0.23655  1.39556e-01 | 74  0.13582  3.47935e-03 | 75 -0.25503  3.21168e-03
 76  0.32662 -1.76497e-03 | 77  0.51619  4.24226e-03 | 78 -0.45739 -5.40058e-01
 79 -0.46511 -3.74724e-04 | 80 -0.01910  1.77456e-02 | 81 -0.46121  2.84488e-02
 82 -0.01126 -7.37395e-03 | 83  0.28061  1.28267e-02 | 84  0.50583 -1.31384e-03
 85  0.20383  3.66608e-03 | 86  0.27352 -1.74247e-02 | 87  0.50494  1.37054e-04
87 variables; iteration 120; function evaluation 139; phase 4
Function value 1.9655520e+03; maximum gradient component mag -7.4957e-01
Var    Value     Gradient |Var    Value     Gradient |Var    Value     Gradient
  1 -0.00098  1.94323e-03 |  2 -0.00141  2.09254e-03 |  3 -0.00125  3.18039e-03
  4  0.00064  3.93636e-03 |  5  0.00508  8.74319e-03 |  6  0.01172  4.46322e-03
  7  0.02282  4.45626e-03 |  8  0.01378  6.16622e-03 |  9 -0.00933 -3.19950e-03
 10  0.00938  3.99261e-03 | 11  0.11460  8.00807e-05 | 12  0.03382 -4.64879e-03
 13  0.02368  1.24105e-03 | 14  0.12198 -4.18498e-03 | 15  0.13577 -2.30513e-02
 16  0.02912 -1.25547e-02 | 17 -0.22706 -5.72475e-03 | 18  0.09280 -6.09994e-03
 19  0.03332 -3.96128e-03 | 20 -0.24726 -8.27962e-03 | 21  0.08604  7.93445e-03
 22 -0.24177 -1.07106e-02 | 23  0.06877  2.68134e-04 | 24 -0.21126  1.78892e-03
 25  0.03242  3.55034e-03 | 26  0.09459 -1.01482e-02 | 27  0.00777 -8.82880e-03
 28  0.02634  1.62829e-03 | 29  0.07871  7.28632e-04 | 30  0.02821 -4.79689e-04
 31  0.01833 -1.52285e-03 | 32  0.00827  5.48669e-04 | 33  0.05442  8.29317e-03
 34  0.05596  1.56009e-02 | 35  0.08511  9.13686e-03 | 36  0.03779  9.74853e-03
 37  0.03248 -1.30763e-03 | 38  0.02260 -7.43080e-03 | 39  0.01749  2.92250e-03
 40 -0.01191 -6.15185e-03 | 41  0.03170  2.30963e-03 | 42  0.00809 -1.00575e-02
 43  0.01675 -2.31632e-03 | 44  0.04132 -2.57728e-03 | 45  0.03544  1.32641e-03
 46  0.04488  1.51716e-03 | 47  0.03467  8.45910e-03 | 48 -0.01727  4.60656e-03
 49 -0.01274 -3.22243e-03 | 50 -0.02816 -4.43257e-03 | 51 -0.07458 -7.12859e-04
 52 -0.07038 -1.55472e-04 | 53 -0.56196 -1.83463e-03 | 54  0.10838  2.78233e-02
 55  0.32054 -8.01964e-02 | 56 -0.02904  3.06932e-04 | 57  0.23376  3.74726e-03
 58  0.28036 -5.17485e-03 | 59  0.62086  1.61643e-07 | 60  0.23445  5.61283e-04
 61  0.35651 -1.69296e-03 | 62  0.56015 -4.12323e-03 | 63  0.98375 -1.44686e-03
 64  0.30910  4.94659e-04 | 65  0.43994 -9.24159e-03 | 66  0.59954  1.23185e-03
 67  0.00331 -7.72668e-04 | 68  0.31787  3.90698e-03 | 69  0.62820 -2.78431e-04
 70  0.78152 -2.40893e-02 | 71  0.29324 -6.50755e-03 | 72  0.37070 -1.21245e-01
 73 -0.25874 -2.35257e-02 | 74  0.13594  1.56258e-02 | 75 -0.37330 -8.87833e-04
 76  0.32666 -1.42567e-02 | 77  0.51669  7.44851e-03 | 78 -0.45739 -7.49572e-01
 79 -0.46469 -2.19640e-04 | 80 -0.01910  2.54800e-02 | 81 -0.46123  1.50627e-02
 82 -0.01137 -1.24259e-04 | 83  0.28057  2.23780e-03 | 84  0.52074 -3.31324e-04
 85  0.20370 -1.08496e-02 | 86  0.27349  1.12109e-02 | 87  0.50641  2.30221e-04
87 variables; iteration 140; function evaluation 159; phase 4
Function value 1.9655520e+03; maximum gradient component mag -8.5015e-04
Var    Value     Gradient |Var    Value     Gradient |Var    Value     Gradient
  1 -0.00098  1.43600e-06 |  2 -0.00141  9.85934e-07 |  3 -0.00125  1.98317e-06
  4  0.00064  2.39162e-06 |  5  0.00507  7.63116e-06 |  6  0.01172  2.76900e-06
  7  0.02282  2.64278e-06 |  8  0.01377  4.18057e-06 |  9 -0.00932 -5.35672e-06
 10  0.00938  2.72041e-06 | 11  0.11459 -2.06040e-06 | 12  0.03383 -5.64701e-06
 13  0.02367  1.05878e-06 | 14  0.12197 -8.23791e-06 | 15  0.13578 -2.04657e-05
 16  0.02912 -2.19027e-05 | 17 -0.22707 -1.37374e-05 | 18  0.09280 -1.59724e-05
 19  0.03333 -1.30807e-05 | 20 -0.24725 -1.77785e-05 | 21  0.08603 -9.10866e-06
 22 -0.24174 -2.11927e-05 | 23  0.06878 -1.19774e-05 | 24 -0.21130 -7.13377e-06
 25  0.03242  6.81173e-06 | 26  0.09459  9.55401e-06 | 27  0.00777 -1.99249e-06
 28  0.02634  1.52913e-05 | 29  0.07870  2.68833e-05 | 30  0.02821  1.26095e-05
 31  0.01834  8.96116e-06 | 32  0.00827  9.76392e-06 | 33  0.05442  2.51533e-05
 34  0.05596  3.31773e-05 | 35  0.08511  3.20330e-05 | 36  0.03779  2.04941e-05
 37  0.03248  4.64440e-06 | 38  0.02260 -6.02634e-06 | 39  0.01749  3.39271e-06
 40 -0.01191 -1.03007e-05 | 41  0.03169  2.55122e-07 | 42  0.00809 -1.47111e-05
 43  0.01675 -6.44619e-06 | 44  0.04132 -8.01121e-06 | 45  0.03544 -5.20133e-06
 46  0.04488 -5.82718e-06 | 47  0.03467 -4.19548e-08 | 48 -0.01727 -4.26475e-06
 49 -0.01274 -1.26927e-05 | 50 -0.02816 -1.25797e-05 | 51 -0.07458 -9.22235e-06
 52 -0.07038 -9.65789e-06 | 53 -0.56196 -1.03348e-06 | 54  0.10838  2.99902e-05
 55  0.32054 -8.11344e-05 | 56 -0.02904  3.51201e-06 | 57  0.23376  9.30976e-06
 58  0.28036 -1.71585e-05 | 59  0.62085 -6.17013e-08 | 60  0.23445  1.93625e-06
 61  0.35651 -3.37010e-06 | 62  0.56016 -4.97730e-06 | 63  0.98385 -1.92747e-06
 64  0.28522  8.37329e-08 | 65  0.43994 -1.64953e-05 | 66  0.57885 -2.16011e-07
 67  0.00331 -2.37367e-06 | 68  0.31787  7.22906e-06 | 69  0.62821 -7.65623e-08
 70  0.78162 -1.44344e-05 | 71  0.29601 -5.70539e-06 | 72  0.37071 -2.59426e-04
 73 -0.25944 -1.89857e-05 | 74  0.13589 -2.54999e-05 | 75 -0.33312  1.28697e-08
 76  0.32665  2.71328e-05 | 77  0.51657 -8.79176e-06 | 78 -0.45739 -8.50154e-04
 79 -0.46411 -8.28962e-07 | 80 -0.01910  2.89432e-05 | 81 -0.46123  2.12359e-05
 82 -0.01136  5.14141e-06 | 83  0.28057 -3.71454e-06 | 84  0.52642  2.91432e-07
 85  0.20371 -7.87064e-06 | 86  0.27350  6.11562e-06 | 87  0.50200  4.43318e-07

 - final statistics:
87 variables; iteration 142; function evaluation 161
Function value 1.9656e+03; maximum gradient component mag 1.8394e-05
Exit code = 1;  converg criter 1.0000e-04
Var    Value     Gradient |Var    Value     Gradient |Var    Value     Gradient
  1 -0.00098 -4.35811e-08 |  2 -0.00141 -4.35148e-08 |  3 -0.00125 -6.66636e-08
  4  0.00064 -8.11292e-08 |  5  0.00507 -1.98685e-07 |  6  0.01172 -8.57414e-08
  7  0.02282 -8.83691e-08 |  8  0.01377 -1.26680e-07 |  9 -0.00932  1.10003e-07
 10  0.00938 -7.80445e-08 | 11  0.11459  1.90927e-08 | 12  0.03383  1.20957e-07
 13  0.02367 -1.99778e-08 | 14  0.12197  1.55785e-07 | 15  0.13578  5.62930e-07
 16  0.02912  2.84073e-07 | 17 -0.22707  9.94166e-08 | 18  0.09280  2.23962e-07
 19  0.03333  1.16542e-07 | 20 -0.24725  1.70855e-07 | 21  0.08603 -1.44439e-07
 22 -0.24174  2.33511e-07 | 23  0.06878  6.90302e-08 | 24 -0.21130 -5.90876e-08
 25  0.03242 -8.68980e-08 | 26  0.09459  2.89793e-07 | 27  0.00777  2.26829e-07
 28  0.02634 -4.34964e-08 | 29  0.07870  4.02935e-08 | 30  0.02821  4.29658e-08
 31  0.01834  7.48120e-08 | 32  0.00827  2.86569e-08 | 33  0.05442 -1.22500e-07
 34  0.05596 -2.99820e-07 | 35  0.08511 -1.17302e-07 | 36  0.03779 -2.05901e-07
 37  0.03248  4.03878e-08 | 38  0.02260  1.71151e-07 | 39  0.01749 -1.01494e-07
 40 -0.01191  1.32464e-07 | 41  0.03169 -9.37119e-08 | 42  0.00809  2.05616e-07
 43  0.01675  8.03522e-09 | 44  0.04132  1.77292e-08 | 45  0.03544 -8.93121e-08
 46  0.04488 -9.24599e-08 | 47  0.03467 -2.53093e-07 | 48 -0.01727 -1.69809e-07
 49 -0.01274  3.90397e-08 | 50 -0.02816  5.17091e-08 | 51 -0.07458 -4.46415e-08
 52 -0.07038 -4.20525e-08 | 53 -0.56196  4.06071e-08 | 54  0.10838 -8.73409e-07
 55  0.32054  2.22076e-06 | 56 -0.02904 -9.21861e-08 | 57  0.23376 -1.41188e-07
 58  0.28036  2.27180e-07 | 59  0.62085 -5.02882e-08 | 60  0.23445 -7.65511e-08
 61  0.35651  1.74427e-07 | 62  0.56016  1.02908e-07 | 63  0.98385  3.14145e-08
 64  0.28521 -2.71537e-09 | 65  0.43994  2.38450e-07 | 66  0.57886 -6.60135e-08
 67  0.00331 -5.31840e-09 | 68  0.31787 -7.44637e-08 | 69  0.62821  8.32091e-09
 70  0.78162  1.05569e-06 | 71  0.29601  2.79969e-07 | 72  0.37071  2.24851e-06
 73 -0.25945  9.49243e-07 | 74  0.13589 -1.53261e-07 | 75 -0.33312 -3.92287e-09
 76  0.32665  1.67418e-07 | 77  0.51657 -8.78225e-08 | 78 -0.45739  1.83936e-05
 79 -0.46410  1.47246e-08 | 80 -0.01910 -6.35007e-07 | 81 -0.46123 -4.35434e-07
 82 -0.01136 -3.69834e-08 | 83  0.28057 -3.18258e-10 | 84  0.52641  1.89561e-09
 85  0.20371  2.55015e-07 | 86  0.27350 -2.25658e-07 | 87  0.50200  4.01495e-07
Warning: the following parameters had issues
  selparm[19] is within 0.1% of upper bound: 5.30000e+01 < 2.49968e+02 < 2.50000e+02


 - final statistics:
88 variables; iteration 0; function evaluation 0
Function value 1.9656e+03; maximum gradient component mag 1.8396e-05
Exit code = 0;  converg criter 1.0000e-04
Var    Value     Gradient |Var    Value     Gradient |Var    Value     Gradient
  1 -0.00098 -4.35813e-08 |  2 -0.00141 -4.35150e-08 |  3 -0.00125 -6.66638e-08
  4  0.00064 -8.11295e-08 |  5  0.00507 -1.98685e-07 |  6  0.01172 -8.57417e-08
  7  0.02282 -8.83695e-08 |  8  0.01377 -1.26680e-07 |  9 -0.00932  1.10003e-07
 10  0.00938 -7.80447e-08 | 11  0.11459  1.90920e-08 | 12  0.03383  1.20957e-07
 13  0.02367 -1.99782e-08 | 14  0.12197  1.55784e-07 | 15  0.13578  5.62930e-07
 16  0.02912  2.65229e-07 | 17 -0.22707  8.17406e-08 | 18  0.09280  2.05298e-07
 19  0.03333  9.77035e-08 | 20 -0.24725  1.53397e-07 | 21  0.08603 -1.63132e-07
 22 -0.24174  2.15991e-07 | 23  0.06878  5.02756e-08 | 24 -0.21130 -7.69215e-08
 25  0.03242 -1.05738e-07 | 26  0.09459  2.71133e-07 | 27  0.00777  2.07965e-07
 28  0.02634 -6.23470e-08 | 29  0.07870  2.15685e-08 | 30  0.02821  2.41174e-08
 31  0.01834  5.59533e-08 | 32  0.00827  9.79270e-09 | 33  0.05442 -1.41298e-07
 34  0.05596 -3.18616e-07 | 35  0.08511 -1.36005e-07 | 36  0.03779 -2.24737e-07
 37  0.03248  2.15433e-08 | 38  0.02260  1.52294e-07 | 39  0.01749 -1.20355e-07
 40 -0.01191  1.13599e-07 | 41  0.03169 -1.12559e-07 | 42  0.00809  1.86748e-07
 43  0.01675 -1.08271e-08 | 44  0.04132 -1.10230e-09 | 45  0.03544 -1.08154e-07
 46  0.04488 -1.11286e-07 | 47  0.03467 -2.71939e-07 | 48 -0.01727 -1.88676e-07
 49 -0.01274  2.01744e-08 | 50 -0.02816  3.28584e-08 | 51 -0.07458 -6.33834e-08
 52 -0.07038 -6.08023e-08 | 53  0.00000  0.00000e+00 | 54 -0.56196  4.06072e-08
 55  0.10838 -8.73410e-07 | 56  0.32054  2.22076e-06 | 57 -0.02904 -9.21866e-08
 58  0.23376 -1.41191e-07 | 59  0.28036  2.27185e-07 | 60  0.62085 -5.02882e-08
 61  0.23445 -7.65460e-08 | 62  0.35651  1.74408e-07 | 63  0.56016  1.02908e-07
 64  0.98385  3.14143e-08 | 65  0.28521 -2.71537e-09 | 66  0.43994  2.38454e-07
 67  0.57886 -6.60135e-08 | 68  0.00331 -5.31853e-09 | 69  0.31787 -7.44636e-08
 70  0.62821  8.32088e-09 | 71  0.78162  1.05569e-06 | 72  0.29601  2.79969e-07
 73  0.37071  2.24852e-06 | 74 -0.25945  9.49243e-07 | 75  0.13589 -1.53258e-07
 76 -0.33312 -3.92287e-09 | 77  0.32665  1.67410e-07 | 78  0.51657 -8.78223e-08
 79 -0.45739  1.83961e-05 | 80 -0.46410  1.47245e-08 | 81 -0.01910 -6.35022e-07
 82 -0.46123 -4.35471e-07 | 83 -0.01136 -3.69834e-08 | 84  0.28057 -3.18373e-10
 85  0.52641  1.89561e-09 | 86  0.20371  2.55014e-07 | 87  0.27350 -2.25657e-07
 88  0.50200  4.01495e-07 |
size of file gradfil1.tmp = 0
size of file gradfil2.tmp = 0
size of file varssave.tmp = 0
size of file cmpdiff.tmp = 0
