
Initial statistics: 1 variables; iteration 0; function evaluation 0; phase 1
Function value 8.0616181e+05; maximum gradient component mag 2.5760e+06

 - final statistics:
1 variables; iteration 8; function evaluation 17
Function value 5.2802e+03; maximum gradient component mag 1.5780e+00
Exit code = 1;  converg criter 1.0000e+01

Initial statistics: 10 variables; iteration 0; function evaluation 0; phase 2
Function value 5.2802057e+03; maximum gradient component mag 2.7389e+05

Intermediate statistics: 10 variables; iteration 20; function evaluation 39; phase 2
Function value 2.2666211e+03; maximum gradient component mag 2.5917e+03
10 variables; iteration 40; function evaluation 59; phase 2
Function value 1.9125608e+03; maximum gradient component mag -1.9737e+02
10 variables; iteration 60; function evaluation 79; phase 2
Function value 1.8956926e+03; maximum gradient component mag 7.1612e+01

 - final statistics:
10 variables; iteration 74; function evaluation 93
Function value 1.8939e+03; maximum gradient component mag 1.5289e+00
Exit code = 1;  converg criter 1.0000e+01

Initial statistics: 72 variables; iteration 0; function evaluation 0; phase 3
Function value 1.8938904e+03; maximum gradient component mag 1.7092e+05

Intermediate statistics: 72 variables; iteration 20; function evaluation 24; phase 3
Function value 1.5077544e+03; maximum gradient component mag -4.1510e+03
72 variables; iteration 40; function evaluation 47; phase 3
Function value 1.4935481e+03; maximum gradient component mag -8.1381e+03
72 variables; iteration 60; function evaluation 70; phase 3
Function value 1.4761421e+03; maximum gradient component mag -7.1334e+02
72 variables; iteration 80; function evaluation 92; phase 3
Function value 1.4517438e+03; maximum gradient component mag 7.0147e+02
Maximum number of function evaluations exceeded

 - final statistics:
72 variables; iteration 88; function evaluation 100
Function value 1.4517e+03; maximum gradient component mag 2.5861e+02
Exit code = 3;  converg criter 1.0000e+00

Initial statistics: 92 variables; iteration 0; function evaluation 0; phase 4
Function value 1.4517032e+03; maximum gradient component mag 2.5861e+02

Intermediate statistics: 92 variables; iteration 20; function evaluation 25; phase 4
Function value 1.4372369e+03; maximum gradient component mag -4.1367e+03
92 variables; iteration 40; function evaluation 45; phase 4
Function value 1.4364728e+03; maximum gradient component mag -3.3698e+03
92 variables; iteration 60; function evaluation 68; phase 4
Function value 1.4343414e+03; maximum gradient component mag 1.2670e+02
92 variables; iteration 80; function evaluation 94; phase 4
Function value 1.4334474e+03; maximum gradient component mag 8.3201e+02
92 variables; iteration 100; function evaluation 142; phase 4
Function value 1.4306864e+03; maximum gradient component mag -3.5405e+02
92 variables; iteration 120; function evaluation 162; phase 4
Function value 1.4306326e+03; maximum gradient component mag -7.0570e+00
92 variables; iteration 140; function evaluation 182; phase 4
Function value 1.4306323e+03; maximum gradient component mag -1.7918e-01
92 variables; iteration 160; function evaluation 202; phase 4
Function value 1.4306323e+03; maximum gradient component mag 2.0242e-02
  ic > imax  in fminim is answer attained ?
Function minimizer not making progress ... is minimum attained?
Minimprove criterion = 0.0000e+00

 - final statistics:
92 variables; iteration 179; function evaluation 254
Function value 1.4306e+03; maximum gradient component mag -1.4438e-04
Exit code = 1;  converg criter 1.0000e-04

Initial statistics: 93 variables; iteration 0; function evaluation 0; phase 5
Function value 1.4306323e+03; maximum gradient component mag -1.4438e-04
  ic > imax  in fminim is answer attained ?
Function minimizer not making progress ... is minimum attained?
Minimprove criterion = 0.0000e+00
Warning: the following parameters had issues
  selparm[19] is within 0.1% of upper bound: 5.3000e+01 < 2.4992e+02 < 2.5000e+02
  selparm[28] is within 0.1% of upper bound: -2.0000e+00 < 9.9991e+00 < 1.0000e+01
  selparm[31] is within 0.1% of upper bound: 5.0000e+01 < 2.5698e+02 < 2.5700e+02


 - final statistics:
93 variables; iteration 1; function evaluation 30
Function value 1.4306e+03; maximum gradient component mag -1.4438e-04
Exit code = 1;  converg criter 1.0000e-04
size of file gradfil1.tmp = 0
size of file gradfil2.tmp = 0
size of file varssave.tmp = 0
size of file cmpdiff.tmp = 0
