
 - final statistics:
1 variables; iteration 0; function evaluation 0
Function value 3.0195e+03; maximum gradient component mag 3.9383e+00
Exit code = 0;  converg criter 1.0000e+01

Initial statistics: 8 variables; iteration 0; function evaluation 0; phase 2
Function value 3.0194849e+03; maximum gradient component mag 1.5889e+03

 - final statistics:
8 variables; iteration 10; function evaluation 19
Function value 2.9653e+03; maximum gradient component mag 5.2558e-01
Exit code = 1;  converg criter 1.0000e+01

Initial statistics: 75 variables; iteration 0; function evaluation 0; phase 3
Function value 2.9652817e+03; maximum gradient component mag 4.8927e+03

Intermediate statistics: 75 variables; iteration 20; function evaluation 27; phase 3
Function value 2.9568361e+03; maximum gradient component mag 1.9359e+03
75 variables; iteration 40; function evaluation 47; phase 3
Function value 2.9559941e+03; maximum gradient component mag 1.5693e+03
75 variables; iteration 60; function evaluation 69; phase 3
Function value 2.9550222e+03; maximum gradient component mag 6.5348e+01
75 variables; iteration 80; function evaluation 98; phase 3
Function value 2.9543133e+03; maximum gradient component mag 7.3316e+00
Maximum number of function evaluations exceeded

 - final statistics:
75 variables; iteration 83; function evaluation 100
Function value 2.9543e+03; maximum gradient component mag 1.1354e+00
Exit code = 3;  converg criter 1.0000e+00

Initial statistics: 91 variables; iteration 0; function evaluation 0; phase 4
Function value 2.9543129e+03; maximum gradient component mag 3.5880e+01

Intermediate statistics: 91 variables; iteration 20; function evaluation 25; phase 4
Function value 2.9542371e+03; maximum gradient component mag -1.1920e+03
91 variables; iteration 40; function evaluation 45; phase 4
Function value 2.9542153e+03; maximum gradient component mag -2.4931e+02
91 variables; iteration 60; function evaluation 65; phase 4
Function value 2.9542110e+03; maximum gradient component mag -3.4199e+01
91 variables; iteration 80; function evaluation 92; phase 4
Function value 2.9542096e+03; maximum gradient component mag -5.4531e+00

 - final statistics:
91 variables; iteration 96; function evaluation 113
Function value 2.9542e+03; maximum gradient component mag -7.5787e-05
Exit code = 1;  converg criter 1.0000e-04

 - final statistics:
92 variables; iteration 0; function evaluation 0
Function value 2.9542e+03; maximum gradient component mag -7.5784e-05
Exit code = 0;  converg criter 1.0000e-04
size of file gradfil1.tmp = 0
size of file gradfil2.tmp = 0
size of file varssave.tmp = 0
size of file cmpdiff.tmp = 0
