
 - final statistics:
1 variables; iteration 0; function evaluation 0
Function value inf; maximum gradient component mag 0.0000e+00
Exit code = 0;  converg criter 1.0000e+01
Var    Value     Gradient |Var    Value     Gradient |Var    Value     Gradient
  1 -0.73545          nan |

 - final statistics:
9 variables; iteration 0; function evaluation 0
Function value inf; maximum gradient component mag 0.0000e+00
Exit code = 0;  converg criter 1.0000e+01
Var    Value     Gradient |Var    Value     Gradient |Var    Value     Gradient
  1 -0.73545          nan |  2 -0.21635          nan |  3 -0.02640          nan
  4 -0.04367          nan |  5  0.01479          nan |  6 -0.27600          nan
  7 -0.11442          nan |  8  0.17908          nan |  9 -0.07472          nan

 - final statistics:
25 variables; iteration 0; function evaluation 0
Function value inf; maximum gradient component mag 0.0000e+00
Exit code = 0;  converg criter 1.0000e+00
Var    Value     Gradient |Var    Value     Gradient |Var    Value     Gradient
  1 -0.73545          nan |  2 -0.21635          nan |  3 -0.02640          nan
  4  0.28175          nan |  5  0.55144          nan |  6 -0.04367          nan
  7 -0.22342          nan |  8  0.33600          nan |  9  0.01479          nan
 10  0.32933          nan | 11  0.51441          nan | 12 -0.27600          nan
 13 -0.57938          nan | 14 -0.11442          nan | 15  0.13145          nan
 16  0.19409          nan | 17  0.55303          nan | 18  0.17908          nan
 19  0.35158          nan | 20  0.30106          nan | 21  0.02018          nan
 22 -0.07472          nan | 23  0.06876          nan | 24  0.28388          nan
 25  0.52063          nan |

Initial statistics: 72 variables; iteration 0; function evaluation 0; phase 4
Function value inf; maximum gradient component mag -2.3388e+04
Var    Value     Gradient |Var    Value     Gradient |Var    Value     Gradient
  1 -0.73545          nan |  2  0.00000 -2.33879e+04 |  3  0.00000  9.82149e+02
  4  0.00000 -3.61303e+03 |  5  0.00000 -4.18484e+03 |  6  0.00000 -1.65443e+02
  7  0.00000  6.03439e+02 |  8  0.00000  1.17167e+03 |  9  0.00000 -6.00718e+02
 10  0.00000  5.87127e+02 | 11  0.00000  3.03180e+02 | 12  0.00000  6.52847e+02
 13  0.00000  1.27384e+03 | 14  0.00000  2.14435e+02 | 15  0.00000  7.72212e+02
 16  0.00000 -3.38694e+03 | 17  0.00000  1.65178e+03 | 18  0.00000  2.46171e+03
 19  0.00000  2.91084e+03 | 20  0.00000  1.17022e+03 | 21  0.00000 -6.69893e+02
 22  0.00000 -1.84179e+03 | 23  0.00000 -2.36268e+03 | 24  0.00000  1.67254e+02
 25  0.00000  6.76192e+02 | 26  0.00000  3.72226e+02 | 27  0.00000 -1.08086e+03
 28  0.00000  1.65749e+03 | 29  0.00000  5.45230e+03 | 30  0.00000  1.22052e+03
 31  0.00000  1.04940e+03 | 32  0.00000  1.33149e+03 | 33  0.00000  9.88602e+02
 34  0.00000  1.07837e+03 | 35  0.00000  1.03634e+03 | 36  0.00000  1.14247e+03
 37  0.00000  1.06340e+03 | 38  0.00000  1.18012e+03 | 39  0.00000  1.05332e+03
 40  0.00000  1.15271e+03 | 41  0.00000  1.18857e+03 | 42  0.00000  1.20784e+02
 43  0.00000  7.19720e+02 | 44  0.00000  6.98339e+02 | 45  0.00000  6.99225e+02
 46  0.00000  5.48446e+02 | 47  0.00000  4.90605e+02 | 48  0.00000  1.45079e+03
 49 -0.21635          nan | 50 -0.02640          nan | 51  0.28175          nan
 52  0.55144          nan | 53 -0.04367          nan | 54 -0.22342          nan
 55  0.33600          nan | 56  0.01479          nan | 57  0.32933          nan
 58  0.51441          nan | 59 -0.27600          nan | 60 -0.57938          nan
 61 -0.11442          nan | 62  0.13145          nan | 63  0.19409          nan
 64  0.55303          nan | 65  0.17908          nan | 66  0.35158          nan
 67  0.30106          nan | 68  0.02018          nan | 69 -0.07472          nan
 70  0.06876          nan | 71  0.28388          nan | 72  0.52063          nan
  ic > imax  in fminim is answer attained ?
Var    Value     Gradient |Var    Value     Gradient |Var    Value     Gradient
  1 -0.73545          nan |  2  0.00000 -2.33879e+04 |  3  0.00000  9.82149e+02
  4  0.00000 -3.61303e+03 |  5  0.00000 -4.18484e+03 |  6  0.00000 -1.65443e+02
  7  0.00000  6.03439e+02 |  8  0.00000  1.17167e+03 |  9  0.00000 -6.00718e+02
 10  0.00000  5.87127e+02 | 11  0.00000  3.03180e+02 | 12  0.00000  6.52847e+02
 13  0.00000  1.27384e+03 | 14  0.00000  2.14435e+02 | 15  0.00000  7.72212e+02
 16  0.00000 -3.38694e+03 | 17  0.00000  1.65178e+03 | 18  0.00000  2.46171e+03
 19  0.00000  2.91084e+03 | 20  0.00000  1.17022e+03 | 21  0.00000 -6.69893e+02
 22  0.00000 -1.84179e+03 | 23  0.00000 -2.36268e+03 | 24  0.00000  1.67254e+02
 25  0.00000  6.76192e+02 | 26  0.00000  3.72226e+02 | 27  0.00000 -1.08086e+03
 28  0.00000  1.65749e+03 | 29  0.00000  5.45230e+03 | 30  0.00000  1.22052e+03
 31  0.00000  1.04940e+03 | 32  0.00000  1.33149e+03 | 33  0.00000  9.88602e+02
 34  0.00000  1.07837e+03 | 35  0.00000  1.03634e+03 | 36  0.00000  1.14247e+03
 37  0.00000  1.06340e+03 | 38  0.00000  1.18012e+03 | 39  0.00000  1.05332e+03
 40  0.00000  1.15271e+03 | 41  0.00000  1.18857e+03 | 42  0.00000  1.20784e+02
 43  0.00000  7.19720e+02 | 44  0.00000  6.98339e+02 | 45  0.00000  6.99225e+02
 46  0.00000  5.48446e+02 | 47  0.00000  4.90605e+02 | 48  0.00000  1.45079e+03
 49 -0.21635          nan | 50 -0.02640          nan | 51  0.28175          nan
 52  0.55144          nan | 53 -0.04367          nan | 54 -0.22342          nan
 55  0.33600          nan | 56  0.01479          nan | 57  0.32933          nan
 58  0.51441          nan | 59 -0.27600          nan | 60 -0.57938          nan
 61 -0.11442          nan | 62  0.13145          nan | 63  0.19409          nan
 64  0.55303          nan | 65  0.17908          nan | 66  0.35158          nan
 67  0.30106          nan | 68  0.02018          nan | 69 -0.07472          nan
 70  0.06876          nan | 71  0.28388          nan | 72  0.52063          nan
Function minimizer not making progress ... is minimum attained?
Minimprove criterion = 0.0000e+00

 - final statistics:
72 variables; iteration 1; function evaluation 30
Function value nan; maximum gradient component mag -2.3388e+04
Exit code = 1;  converg criter 1.0000e+00
Var    Value     Gradient |Var    Value     Gradient |Var    Value     Gradient
  1 -0.73545          nan |  2  0.00000 -2.33879e+04 |  3  0.00000  9.82149e+02
  4  0.00000 -3.61303e+03 |  5  0.00000 -4.18484e+03 |  6  0.00000 -1.65443e+02
  7  0.00000  6.03439e+02 |  8  0.00000  1.17167e+03 |  9  0.00000 -6.00718e+02
 10  0.00000  5.87127e+02 | 11  0.00000  3.03180e+02 | 12  0.00000  6.52847e+02
 13  0.00000  1.27384e+03 | 14  0.00000  2.14435e+02 | 15  0.00000  7.72212e+02
 16  0.00000 -3.38694e+03 | 17  0.00000  1.65178e+03 | 18  0.00000  2.46171e+03
 19  0.00000  2.91084e+03 | 20  0.00000  1.17022e+03 | 21  0.00000 -6.69893e+02
 22  0.00000 -1.84179e+03 | 23  0.00000 -2.36268e+03 | 24  0.00000  1.67254e+02
 25  0.00000  6.76192e+02 | 26  0.00000  3.72226e+02 | 27  0.00000 -1.08086e+03
 28  0.00000  1.65749e+03 | 29  0.00000  5.45230e+03 | 30  0.00000  1.22052e+03
 31  0.00000  1.04940e+03 | 32  0.00000  1.33149e+03 | 33  0.00000  9.88602e+02
 34  0.00000  1.07837e+03 | 35  0.00000  1.03634e+03 | 36  0.00000  1.14247e+03
 37  0.00000  1.06340e+03 | 38  0.00000  1.18012e+03 | 39  0.00000  1.05332e+03
 40  0.00000  1.15271e+03 | 41  0.00000  1.18857e+03 | 42  0.00000  1.20784e+02
 43  0.00000  7.19720e+02 | 44  0.00000  6.98339e+02 | 45  0.00000  6.99225e+02
 46  0.00000  5.48446e+02 | 47  0.00000  4.90605e+02 | 48  0.00000  1.45079e+03
 49 -0.21635          nan | 50 -0.02640          nan | 51  0.28175          nan
 52  0.55144          nan | 53 -0.04367          nan | 54 -0.22342          nan
 55  0.33600          nan | 56  0.01479          nan | 57  0.32933          nan
 58  0.51441          nan | 59 -0.27600          nan | 60 -0.57938          nan
 61 -0.11442          nan | 62  0.13145          nan | 63  0.19409          nan
 64  0.55303          nan | 65  0.17908          nan | 66  0.35158          nan
 67  0.30106          nan | 68  0.02018          nan | 69 -0.07472          nan
 70  0.06876          nan | 71  0.28388          nan | 72  0.52063          nan

Initial statistics: 87 variables; iteration 0; function evaluation 0; phase 5
Function value inf; maximum gradient component mag -5.2769e+04
Var    Value     Gradient |Var    Value     Gradient |Var    Value     Gradient
  1 -0.73545          nan |  2  0.00000 -5.98388e+03 |  3  0.00000 -1.87760e+03
  4  0.00000 -2.41385e+03 |  5  0.00000 -3.07499e+03 |  6  0.00000 -3.86058e+03
  7  0.00000 -4.75840e+03 |  8  0.00000 -5.74492e+03 |  9  0.00000 -6.76827e+03
 10  0.00000 -7.78048e+03 | 11  0.00000 -8.81500e+03 | 12  0.00000 -1.01491e+04
 13  0.00000 -1.24036e+04 | 14  0.00000 -1.69139e+04 | 15  0.00000 -2.57324e+04
 16  0.00000 -5.27694e+04 | 17  0.00000 -2.33879e+04 | 18  0.00000  9.82149e+02
 19  0.00000 -3.61303e+03 | 20  0.00000 -4.18484e+03 | 21  0.00000 -1.65443e+02
 22  0.00000  6.03439e+02 | 23  0.00000  1.17167e+03 | 24  0.00000 -6.00718e+02
 25  0.00000  5.87127e+02 | 26  0.00000  3.03180e+02 | 27  0.00000  6.52847e+02
 28  0.00000  1.27384e+03 | 29  0.00000  2.14435e+02 | 30  0.00000  7.72212e+02
 31  0.00000 -3.38694e+03 | 32  0.00000  1.65178e+03 | 33  0.00000  2.46171e+03
 34  0.00000  2.91084e+03 | 35  0.00000  1.17022e+03 | 36  0.00000 -6.69893e+02
 37  0.00000 -1.84179e+03 | 38  0.00000 -2.36268e+03 | 39  0.00000  1.67254e+02
 40  0.00000  6.76192e+02 | 41  0.00000  3.72226e+02 | 42  0.00000 -1.08086e+03
 43  0.00000  1.65749e+03 | 44  0.00000  5.45230e+03 | 45  0.00000  1.22052e+03
 46  0.00000  1.04940e+03 | 47  0.00000  1.33149e+03 | 48  0.00000  9.88602e+02
 49  0.00000  1.07837e+03 | 50  0.00000  1.03634e+03 | 51  0.00000  1.14247e+03
 52  0.00000  1.06340e+03 | 53  0.00000  1.18012e+03 | 54  0.00000  1.05332e+03
 55  0.00000  1.15271e+03 | 56  0.00000  1.18857e+03 | 57  0.00000  1.20784e+02
 58  0.00000  7.19720e+02 | 59  0.00000  6.98339e+02 | 60  0.00000  6.99225e+02
 61  0.00000  5.48446e+02 | 62  0.00000  4.90605e+02 | 63  0.00000  1.45079e+03
 64 -0.21635          nan | 65 -0.02640          nan | 66  0.28175          nan
 67  0.55144          nan | 68 -0.04367          nan | 69 -0.22342          nan
 70  0.33600          nan | 71  0.01479          nan | 72  0.32933          nan
 73  0.51441          nan | 74 -0.27600          nan | 75 -0.57938          nan
 76 -0.11442          nan | 77  0.13145          nan | 78  0.19409          nan
 79  0.55303          nan | 80  0.17908          nan | 81  0.35158          nan
 82  0.30106          nan | 83  0.02018          nan | 84 -0.07472          nan
 85  0.06876          nan | 86  0.28388          nan | 87  0.52063          nan
  ic > imax  in fminim is answer attained ?
Var    Value     Gradient |Var    Value     Gradient |Var    Value     Gradient
  1 -0.73545          nan |  2  0.00000 -5.98388e+03 |  3  0.00000 -1.87760e+03
  4  0.00000 -2.41385e+03 |  5  0.00000 -3.07499e+03 |  6  0.00000 -3.86058e+03
  7  0.00000 -4.75840e+03 |  8  0.00000 -5.74492e+03 |  9  0.00000 -6.76827e+03
 10  0.00000 -7.78048e+03 | 11  0.00000 -8.81500e+03 | 12  0.00000 -1.01491e+04
 13  0.00000 -1.24036e+04 | 14  0.00000 -1.69139e+04 | 15  0.00000 -2.57324e+04
 16  0.00000 -5.27694e+04 | 17  0.00000 -2.33879e+04 | 18  0.00000  9.82149e+02
 19  0.00000 -3.61303e+03 | 20  0.00000 -4.18484e+03 | 21  0.00000 -1.65443e+02
 22  0.00000  6.03439e+02 | 23  0.00000  1.17167e+03 | 24  0.00000 -6.00718e+02
 25  0.00000  5.87127e+02 | 26  0.00000  3.03180e+02 | 27  0.00000  6.52847e+02
 28  0.00000  1.27384e+03 | 29  0.00000  2.14435e+02 | 30  0.00000  7.72212e+02
 31  0.00000 -3.38694e+03 | 32  0.00000  1.65178e+03 | 33  0.00000  2.46171e+03
 34  0.00000  2.91084e+03 | 35  0.00000  1.17022e+03 | 36  0.00000 -6.69893e+02
 37  0.00000 -1.84179e+03 | 38  0.00000 -2.36268e+03 | 39  0.00000  1.67254e+02
 40  0.00000  6.76192e+02 | 41  0.00000  3.72226e+02 | 42  0.00000 -1.08086e+03
 43  0.00000  1.65749e+03 | 44  0.00000  5.45230e+03 | 45  0.00000  1.22052e+03
 46  0.00000  1.04940e+03 | 47  0.00000  1.33149e+03 | 48  0.00000  9.88602e+02
 49  0.00000  1.07837e+03 | 50  0.00000  1.03634e+03 | 51  0.00000  1.14247e+03
 52  0.00000  1.06340e+03 | 53  0.00000  1.18012e+03 | 54  0.00000  1.05332e+03
 55  0.00000  1.15271e+03 | 56  0.00000  1.18857e+03 | 57  0.00000  1.20784e+02
 58  0.00000  7.19720e+02 | 59  0.00000  6.98339e+02 | 60  0.00000  6.99225e+02
 61  0.00000  5.48446e+02 | 62  0.00000  4.90605e+02 | 63  0.00000  1.45079e+03
 64 -0.21635          nan | 65 -0.02640          nan | 66  0.28175          nan
 67  0.55144          nan | 68 -0.04367          nan | 69 -0.22342          nan
 70  0.33600          nan | 71  0.01479          nan | 72  0.32933          nan
 73  0.51441          nan | 74 -0.27600          nan | 75 -0.57938          nan
 76 -0.11442          nan | 77  0.13145          nan | 78  0.19409          nan
 79  0.55303          nan | 80  0.17908          nan | 81  0.35158          nan
 82  0.30106          nan | 83  0.02018          nan | 84 -0.07472          nan
 85  0.06876          nan | 86  0.28388          nan | 87  0.52063          nan
Function minimizer not making progress ... is minimum attained?
Minimprove criterion = 0.0000e+00

 - final statistics:
87 variables; iteration 1; function evaluation 30
Function value nan; maximum gradient component mag -5.2769e+04
Exit code = 1;  converg criter 1.0000e-04
Var    Value     Gradient |Var    Value     Gradient |Var    Value     Gradient
  1 -0.73545          nan |  2  0.00000 -5.98388e+03 |  3  0.00000 -1.87760e+03
  4  0.00000 -2.41385e+03 |  5  0.00000 -3.07499e+03 |  6  0.00000 -3.86058e+03
  7  0.00000 -4.75840e+03 |  8  0.00000 -5.74492e+03 |  9  0.00000 -6.76827e+03
 10  0.00000 -7.78048e+03 | 11  0.00000 -8.81500e+03 | 12  0.00000 -1.01491e+04
 13  0.00000 -1.24036e+04 | 14  0.00000 -1.69139e+04 | 15  0.00000 -2.57324e+04
 16  0.00000 -5.27694e+04 | 17  0.00000 -2.33879e+04 | 18  0.00000  9.82149e+02
 19  0.00000 -3.61303e+03 | 20  0.00000 -4.18484e+03 | 21  0.00000 -1.65443e+02
 22  0.00000  6.03439e+02 | 23  0.00000  1.17167e+03 | 24  0.00000 -6.00718e+02
 25  0.00000  5.87127e+02 | 26  0.00000  3.03180e+02 | 27  0.00000  6.52847e+02
 28  0.00000  1.27384e+03 | 29  0.00000  2.14435e+02 | 30  0.00000  7.72212e+02
 31  0.00000 -3.38694e+03 | 32  0.00000  1.65178e+03 | 33  0.00000  2.46171e+03
 34  0.00000  2.91084e+03 | 35  0.00000  1.17022e+03 | 36  0.00000 -6.69893e+02
 37  0.00000 -1.84179e+03 | 38  0.00000 -2.36268e+03 | 39  0.00000  1.67254e+02
 40  0.00000  6.76192e+02 | 41  0.00000  3.72226e+02 | 42  0.00000 -1.08086e+03
 43  0.00000  1.65749e+03 | 44  0.00000  5.45230e+03 | 45  0.00000  1.22052e+03
 46  0.00000  1.04940e+03 | 47  0.00000  1.33149e+03 | 48  0.00000  9.88602e+02
 49  0.00000  1.07837e+03 | 50  0.00000  1.03634e+03 | 51  0.00000  1.14247e+03
 52  0.00000  1.06340e+03 | 53  0.00000  1.18012e+03 | 54  0.00000  1.05332e+03
 55  0.00000  1.15271e+03 | 56  0.00000  1.18857e+03 | 57  0.00000  1.20784e+02
 58  0.00000  7.19720e+02 | 59  0.00000  6.98339e+02 | 60  0.00000  6.99225e+02
 61  0.00000  5.48446e+02 | 62  0.00000  4.90605e+02 | 63  0.00000  1.45079e+03
 64 -0.21635          nan | 65 -0.02640          nan | 66  0.28175          nan
 67  0.55144          nan | 68 -0.04367          nan | 69 -0.22342          nan
 70  0.33600          nan | 71  0.01479          nan | 72  0.32933          nan
 73  0.51441          nan | 74 -0.27600          nan | 75 -0.57938          nan
 76 -0.11442          nan | 77  0.13145          nan | 78  0.19409          nan
 79  0.55303          nan | 80  0.17908          nan | 81  0.35158          nan
 82  0.30106          nan | 83  0.02018          nan | 84 -0.07472          nan
 85  0.06876          nan | 86  0.28388          nan | 87  0.52063          nan

Initial statistics: 88 variables; iteration 0; function evaluation 0; phase 6
Function value inf; maximum gradient component mag -5.2769e+04
Var    Value     Gradient |Var    Value     Gradient |Var    Value     Gradient
  1 -0.73545          nan |  2  0.00000 -5.98388e+03 |  3  0.00000 -1.87760e+03
  4  0.00000 -2.41385e+03 |  5  0.00000 -3.07499e+03 |  6  0.00000 -3.86058e+03
  7  0.00000 -4.75840e+03 |  8  0.00000 -5.74492e+03 |  9  0.00000 -6.76827e+03
 10  0.00000 -7.78048e+03 | 11  0.00000 -8.81500e+03 | 12  0.00000 -1.01491e+04
 13  0.00000 -1.24036e+04 | 14  0.00000 -1.69139e+04 | 15  0.00000 -2.57324e+04
 16  0.00000 -5.27694e+04 | 17  0.00000 -2.33879e+04 | 18  0.00000  9.82149e+02
 19  0.00000 -3.61303e+03 | 20  0.00000 -4.18484e+03 | 21  0.00000 -1.65443e+02
 22  0.00000  6.03439e+02 | 23  0.00000  1.17167e+03 | 24  0.00000 -6.00718e+02
 25  0.00000  5.87127e+02 | 26  0.00000  3.03180e+02 | 27  0.00000  6.52847e+02
 28  0.00000  1.27384e+03 | 29  0.00000  2.14435e+02 | 30  0.00000  7.72212e+02
 31  0.00000 -3.38694e+03 | 32  0.00000  1.65178e+03 | 33  0.00000  2.46171e+03
 34  0.00000  2.91084e+03 | 35  0.00000  1.17022e+03 | 36  0.00000 -6.69893e+02
 37  0.00000 -1.84179e+03 | 38  0.00000 -2.36268e+03 | 39  0.00000  1.67254e+02
 40  0.00000  6.76192e+02 | 41  0.00000  3.72226e+02 | 42  0.00000 -1.08086e+03
 43  0.00000  1.65749e+03 | 44  0.00000  5.45230e+03 | 45  0.00000  1.22052e+03
 46  0.00000  1.04940e+03 | 47  0.00000  1.33149e+03 | 48  0.00000  9.88602e+02
 49  0.00000  1.07837e+03 | 50  0.00000  1.03634e+03 | 51  0.00000  1.14247e+03
 52  0.00000  1.06340e+03 | 53  0.00000  1.18012e+03 | 54  0.00000  1.05332e+03
 55  0.00000  1.15271e+03 | 56  0.00000  1.18857e+03 | 57  0.00000  1.20784e+02
 58  0.00000  7.19720e+02 | 59  0.00000  6.98339e+02 | 60  0.00000  6.99225e+02
 61  0.00000  5.48446e+02 | 62  0.00000  4.90605e+02 | 63  0.00000  1.45079e+03
 64  0.00000  0.00000e+00 | 65 -0.21635          nan | 66 -0.02640          nan
 67  0.28175          nan | 68  0.55144          nan | 69 -0.04367          nan
 70 -0.22342          nan | 71  0.33600          nan | 72  0.01479          nan
 73  0.32933          nan | 74  0.51441          nan | 75 -0.27600          nan
 76 -0.57938          nan | 77 -0.11442          nan | 78  0.13145          nan
 79  0.19409          nan | 80  0.55303          nan | 81  0.17908          nan
 82  0.35158          nan | 83  0.30106          nan | 84  0.02018          nan
 85 -0.07472          nan | 86  0.06876          nan | 87  0.28388          nan
 88  0.52063          nan |
  ic > imax  in fminim is answer attained ?
Var    Value     Gradient |Var    Value     Gradient |Var    Value     Gradient
  1 -0.73545          nan |  2  0.00000 -5.98388e+03 |  3  0.00000 -1.87760e+03
  4  0.00000 -2.41385e+03 |  5  0.00000 -3.07499e+03 |  6  0.00000 -3.86058e+03
  7  0.00000 -4.75840e+03 |  8  0.00000 -5.74492e+03 |  9  0.00000 -6.76827e+03
 10  0.00000 -7.78048e+03 | 11  0.00000 -8.81500e+03 | 12  0.00000 -1.01491e+04
 13  0.00000 -1.24036e+04 | 14  0.00000 -1.69139e+04 | 15  0.00000 -2.57324e+04
 16  0.00000 -5.27694e+04 | 17  0.00000 -2.33879e+04 | 18  0.00000  9.82149e+02
 19  0.00000 -3.61303e+03 | 20  0.00000 -4.18484e+03 | 21  0.00000 -1.65443e+02
 22  0.00000  6.03439e+02 | 23  0.00000  1.17167e+03 | 24  0.00000 -6.00718e+02
 25  0.00000  5.87127e+02 | 26  0.00000  3.03180e+02 | 27  0.00000  6.52847e+02
 28  0.00000  1.27384e+03 | 29  0.00000  2.14435e+02 | 30  0.00000  7.72212e+02
 31  0.00000 -3.38694e+03 | 32  0.00000  1.65178e+03 | 33  0.00000  2.46171e+03
 34  0.00000  2.91084e+03 | 35  0.00000  1.17022e+03 | 36  0.00000 -6.69893e+02
 37  0.00000 -1.84179e+03 | 38  0.00000 -2.36268e+03 | 39  0.00000  1.67254e+02
 40  0.00000  6.76192e+02 | 41  0.00000  3.72226e+02 | 42  0.00000 -1.08086e+03
 43  0.00000  1.65749e+03 | 44  0.00000  5.45230e+03 | 45  0.00000  1.22052e+03
 46  0.00000  1.04940e+03 | 47  0.00000  1.33149e+03 | 48  0.00000  9.88602e+02
 49  0.00000  1.07837e+03 | 50  0.00000  1.03634e+03 | 51  0.00000  1.14247e+03
 52  0.00000  1.06340e+03 | 53  0.00000  1.18012e+03 | 54  0.00000  1.05332e+03
 55  0.00000  1.15271e+03 | 56  0.00000  1.18857e+03 | 57  0.00000  1.20784e+02
 58  0.00000  7.19720e+02 | 59  0.00000  6.98339e+02 | 60  0.00000  6.99225e+02
 61  0.00000  5.48446e+02 | 62  0.00000  4.90605e+02 | 63  0.00000  1.45079e+03
 64  0.00000  0.00000e+00 | 65 -0.21635          nan | 66 -0.02640          nan
 67  0.28175          nan | 68  0.55144          nan | 69 -0.04367          nan
 70 -0.22342          nan | 71  0.33600          nan | 72  0.01479          nan
 73  0.32933          nan | 74  0.51441          nan | 75 -0.27600          nan
 76 -0.57938          nan | 77 -0.11442          nan | 78  0.13145          nan
 79  0.19409          nan | 80  0.55303          nan | 81  0.17908          nan
 82  0.35158          nan | 83  0.30106          nan | 84  0.02018          nan
 85 -0.07472          nan | 86  0.06876          nan | 87  0.28388          nan
 88  0.52063          nan |
Function minimizer not making progress ... is minimum attained?
Minimprove criterion = 0.0000e+00

 - final statistics:
88 variables; iteration 1; function evaluation 30
Function value nan; maximum gradient component mag -5.2769e+04
Exit code = 1;  converg criter 1.0000e-04
Var    Value     Gradient |Var    Value     Gradient |Var    Value     Gradient
  1 -0.73545          nan |  2  0.00000 -5.98388e+03 |  3  0.00000 -1.87760e+03
  4  0.00000 -2.41385e+03 |  5  0.00000 -3.07499e+03 |  6  0.00000 -3.86058e+03
  7  0.00000 -4.75840e+03 |  8  0.00000 -5.74492e+03 |  9  0.00000 -6.76827e+03
 10  0.00000 -7.78048e+03 | 11  0.00000 -8.81500e+03 | 12  0.00000 -1.01491e+04
 13  0.00000 -1.24036e+04 | 14  0.00000 -1.69139e+04 | 15  0.00000 -2.57324e+04
 16  0.00000 -5.27694e+04 | 17  0.00000 -2.33879e+04 | 18  0.00000  9.82149e+02
 19  0.00000 -3.61303e+03 | 20  0.00000 -4.18484e+03 | 21  0.00000 -1.65443e+02
 22  0.00000  6.03439e+02 | 23  0.00000  1.17167e+03 | 24  0.00000 -6.00718e+02
 25  0.00000  5.87127e+02 | 26  0.00000  3.03180e+02 | 27  0.00000  6.52847e+02
 28  0.00000  1.27384e+03 | 29  0.00000  2.14435e+02 | 30  0.00000  7.72212e+02
 31  0.00000 -3.38694e+03 | 32  0.00000  1.65178e+03 | 33  0.00000  2.46171e+03
 34  0.00000  2.91084e+03 | 35  0.00000  1.17022e+03 | 36  0.00000 -6.69893e+02
 37  0.00000 -1.84179e+03 | 38  0.00000 -2.36268e+03 | 39  0.00000  1.67254e+02
 40  0.00000  6.76192e+02 | 41  0.00000  3.72226e+02 | 42  0.00000 -1.08086e+03
 43  0.00000  1.65749e+03 | 44  0.00000  5.45230e+03 | 45  0.00000  1.22052e+03
 46  0.00000  1.04940e+03 | 47  0.00000  1.33149e+03 | 48  0.00000  9.88602e+02
 49  0.00000  1.07837e+03 | 50  0.00000  1.03634e+03 | 51  0.00000  1.14247e+03
 52  0.00000  1.06340e+03 | 53  0.00000  1.18012e+03 | 54  0.00000  1.05332e+03
 55  0.00000  1.15271e+03 | 56  0.00000  1.18857e+03 | 57  0.00000  1.20784e+02
 58  0.00000  7.19720e+02 | 59  0.00000  6.98339e+02 | 60  0.00000  6.99225e+02
 61  0.00000  5.48446e+02 | 62  0.00000  4.90605e+02 | 63  0.00000  1.45079e+03
 64  0.00000  0.00000e+00 | 65 -0.21635          nan | 66 -0.02640          nan
 67  0.28175          nan | 68  0.55144          nan | 69 -0.04367          nan
 70 -0.22342          nan | 71  0.33600          nan | 72  0.01479          nan
 73  0.32933          nan | 74  0.51441          nan | 75 -0.27600          nan
 76 -0.57938          nan | 77 -0.11442          nan | 78  0.13145          nan
 79  0.19409          nan | 80  0.55303          nan | 81  0.17908          nan
 82  0.35158          nan | 83  0.30106          nan | 84  0.02018          nan
 85 -0.07472          nan | 86  0.06876          nan | 87  0.28388          nan
 88  0.52063          nan |
Estimating row 1 out of 88 for hessian
Estimating row 2 out of 88 for hessian
Estimating row 3 out of 88 for hessian
Estimating row 4 out of 88 for hessian
Estimating row 5 out of 88 for hessian
Estimating row 6 out of 88 for hessian
Estimating row 7 out of 88 for hessian
Estimating row 8 out of 88 for hessian
Estimating row 9 out of 88 for hessian
Estimating row 10 out of 88 for hessian
Estimating row 11 out of 88 for hessian
Estimating row 12 out of 88 for hessian
Estimating row 13 out of 88 for hessian
Estimating row 14 out of 88 for hessian
Estimating row 15 out of 88 for hessian
Estimating row 16 out of 88 for hessian
Estimating row 17 out of 88 for hessian
Estimating row 18 out of 88 for hessian
Estimating row 19 out of 88 for hessian
Estimating row 20 out of 88 for hessian
Estimating row 21 out of 88 for hessian
Estimating row 22 out of 88 for hessian
Estimating row 23 out of 88 for hessian
Estimating row 24 out of 88 for hessian
Estimating row 25 out of 88 for hessian
Estimating row 26 out of 88 for hessian
Estimating row 27 out of 88 for hessian
Estimating row 28 out of 88 for hessian
Estimating row 29 out of 88 for hessian
Estimating row 30 out of 88 for hessian
Estimating row 31 out of 88 for hessian
Estimating row 32 out of 88 for hessian
Estimating row 33 out of 88 for hessian
Estimating row 34 out of 88 for hessian
Estimating row 35 out of 88 for hessian
Estimating row 36 out of 88 for hessian
Estimating row 37 out of 88 for hessian
Estimating row 38 out of 88 for hessian
Estimating row 39 out of 88 for hessian
Estimating row 40 out of 88 for hessian
Estimating row 41 out of 88 for hessian
Estimating row 42 out of 88 for hessian
Estimating row 43 out of 88 for hessian
Estimating row 44 out of 88 for hessian
Estimating row 45 out of 88 for hessian
Estimating row 46 out of 88 for hessian
Estimating row 47 out of 88 for hessian
Estimating row 48 out of 88 for hessian
Estimating row 49 out of 88 for hessian
Estimating row 50 out of 88 for hessian
Estimating row 51 out of 88 for hessian
Estimating row 52 out of 88 for hessian
Estimating row 53 out of 88 for hessian
Estimating row 54 out of 88 for hessian
Estimating row 55 out of 88 for hessian
Estimating row 56 out of 88 for hessian
Estimating row 57 out of 88 for hessian
Estimating row 58 out of 88 for hessian
Estimating row 59 out of 88 for hessian
Estimating row 60 out of 88 for hessian
Estimating row 61 out of 88 for hessian
Estimating row 62 out of 88 for hessian
Estimating row 63 out of 88 for hessian
Estimating row 64 out of 88 for hessian
Estimating row 65 out of 88 for hessian
Estimating row 66 out of 88 for hessian
Estimating row 67 out of 88 for hessian
Estimating row 68 out of 88 for hessian
Estimating row 69 out of 88 for hessian
Estimating row 70 out of 88 for hessian
Estimating row 71 out of 88 for hessian
Estimating row 72 out of 88 for hessian
Estimating row 73 out of 88 for hessian
Estimating row 74 out of 88 for hessian
Estimating row 75 out of 88 for hessian
Estimating row 76 out of 88 for hessian
Estimating row 77 out of 88 for hessian
Estimating row 78 out of 88 for hessian
Estimating row 79 out of 88 for hessian
Estimating row 80 out of 88 for hessian
Estimating row 81 out of 88 for hessian
Estimating row 82 out of 88 for hessian
Estimating row 83 out of 88 for hessian
Estimating row 84 out of 88 for hessian
Estimating row 85 out of 88 for hessian
Estimating row 86 out of 88 for hessian
Estimating row 87 out of 88 for hessian
Estimating row 88 out of 88 for hessian
