
 - final statistics:
1 variables; iteration 0; function evaluation 0
Function value 1.9098e+03; maximum gradient component mag 3.1284e-07
Exit code = 0;  converg criter 1.0000e+01
Var    Value     Gradient |Var    Value     Gradient |Var    Value     Gradient
  1 -0.59291  3.12843e-07 |

 - final statistics:
10 variables; iteration 0; function evaluation 0
Function value 1.9098e+03; maximum gradient component mag 1.4260e-05
Exit code = 0;  converg criter 1.0000e+01
Var    Value     Gradient |Var    Value     Gradient |Var    Value     Gradient
  1 -0.59291  3.12864e-07 |  2 -0.46916  3.38397e-07 |  3 -0.02924  1.22062e-06
  4  0.06327  1.42600e-05 |  5  0.04270 -6.42146e-06 |  6 -0.34882 -5.35186e-07
  7 -0.16692  8.74480e-07 |  8  0.22146 -6.46522e-06 |  9 -0.04285 -6.67342e-06
 10  0.05839 -5.50947e-07 |

 - final statistics:
70 variables; iteration 0; function evaluation 0
Function value 1.9098e+03; maximum gradient component mag -3.9875e-05
Exit code = 0;  converg criter 1.0000e+00
Var    Value     Gradient |Var    Value     Gradient |Var    Value     Gradient
  1 -0.59291  3.12890e-07 |  2 -0.00531 -3.75013e-07 |  3  0.01558 -4.84373e-07
  4  0.00474 -8.23497e-07 |  5 -0.01169 -1.22211e-06 |  6 -0.01915 -1.32023e-06
  7 -0.02957 -1.12275e-06 |  8 -0.02249 -9.68352e-07 |  9  0.01882 -9.83116e-07
 10 -0.01917 -4.24805e-07 | 11 -0.00742  1.70753e-07 | 12  0.06359  5.44202e-07
 13 -0.02695  2.82888e-07 | 14 -0.00206  4.54882e-07 | 15  0.05517  1.29949e-06
 16  0.00320  9.02659e-07 | 17 -0.00806  7.84427e-07 | 18 -0.01660  7.17764e-07
 19  0.03167  1.15654e-06 | 20  0.03454  6.94364e-07 | 21  0.05615  5.67080e-07
 22  0.00363  3.45815e-07 | 23  0.00264  9.17284e-07 | 24 -0.00749  4.61149e-07
 25 -0.01041  2.54421e-07 | 26 -0.03648  1.72928e-07 | 27  0.00387  6.03909e-08
 28 -0.01557 -7.84141e-09 | 29 -0.00459 -2.90736e-07 | 30  0.02335 -5.97497e-09
 31  0.02505 -4.67530e-07 | 32  0.03467 -3.27315e-07 | 33  0.01997 -5.23343e-07
 34 -0.02753 -3.37348e-07 | 35 -0.01506  1.09665e-08 | 36 -0.02357 -1.15048e-07
 37 -0.05317 -5.85812e-08 | 38 -0.03413  5.22646e-08 | 39 -0.46916  3.38397e-07
 40 -0.02924  1.22062e-06 | 41  0.28689 -1.35761e-06 | 42  0.44834  2.03364e-06
 43  0.06327  1.42600e-05 | 44  0.22573 -1.89269e-07 | 45  0.56800  1.20088e-05
 46  0.04270 -6.42146e-06 | 47  0.32329 -1.75055e-07 | 48  0.51790 -8.18398e-06
 49 -0.34882 -5.35186e-07 | 50  0.31582 -6.06304e-07 | 51  0.17081  9.69906e-07
 52  0.45891 -6.57769e-07 | 53 -0.16692  8.74481e-07 | 54  0.25563 -3.58545e-07
 55  0.55285  8.40406e-07 | 56  0.22146 -6.46521e-06 | 57  0.35685  2.66071e-06
 58  0.31097  1.15890e-05 | 59  0.00855  3.52900e-06 | 60 -0.04285 -6.67342e-06
 61  0.03674 -1.31430e-06 | 62  0.28700  9.70836e-06 | 63  0.52381 -3.25795e-06
 64 -0.45743 -3.98748e-05 | 65 -0.47161  6.66139e-07 | 66 -0.01941 -2.52973e-07
 67 -0.48559 -1.54909e-07 | 68  0.05839 -5.50946e-07 | 69  0.23202 -7.62438e-07
 70  0.46141 -8.70390e-07 |

 - final statistics:
85 variables; iteration 0; function evaluation 0
Function value 1.9098e+03; maximum gradient component mag -3.9873e-05
Exit code = 0;  converg criter 1.0000e-04
Var    Value     Gradient |Var    Value     Gradient |Var    Value     Gradient
  1 -0.59291  3.12906e-07 |  2  0.00052 -3.50182e-07 |  3  0.00173 -5.20758e-07
  4  0.00397 -8.65554e-07 |  5  0.00720 -8.54567e-07 |  6  0.00508 -7.17310e-07
  7 -0.01816 -8.32521e-07 |  8 -0.01909 -6.75731e-07 |  9 -0.02860 -2.22305e-07
 10 -0.04986 -1.01632e-07 | 11 -0.03449 -9.92949e-08 | 12  0.04980 -1.41696e-07
 13  0.00895 -1.88610e-08 | 14 -0.01098 -2.06498e-07 | 15  0.07647  5.39727e-08
 16  0.02344  2.60491e-07 | 17 -0.00531 -3.75013e-07 | 18  0.01558 -4.84373e-07
 19  0.00474 -8.23496e-07 | 20 -0.01169 -1.22211e-06 | 21 -0.01915 -1.32023e-06
 22 -0.02957 -1.12275e-06 | 23 -0.02249 -9.68352e-07 | 24  0.01882 -9.83115e-07
 25 -0.01917 -4.24805e-07 | 26 -0.00742  1.70753e-07 | 27  0.06359  5.44203e-07
 28 -0.02695  2.82889e-07 | 29 -0.00206  4.54882e-07 | 30  0.05517  1.29949e-06
 31  0.00320  9.02660e-07 | 32 -0.00806  7.84427e-07 | 33 -0.01660  7.17765e-07
 34  0.03167  1.15654e-06 | 35  0.03454  6.94363e-07 | 36  0.05615  5.67080e-07
 37  0.00363  3.45814e-07 | 38  0.00264  9.17284e-07 | 39 -0.00749  4.61148e-07
 40 -0.01041  2.54421e-07 | 41 -0.03648  1.72928e-07 | 42  0.00387  6.03902e-08
 43 -0.01557 -7.84185e-09 | 44 -0.00459 -2.90736e-07 | 45  0.02335 -5.97562e-09
 46  0.02505 -4.67531e-07 | 47  0.03467 -3.27315e-07 | 48  0.01997 -5.23344e-07
 49 -0.02753 -3.37348e-07 | 50 -0.01506  1.09657e-08 | 51 -0.02357 -1.15049e-07
 52 -0.05317 -5.85815e-08 | 53 -0.03413  5.22642e-08 | 54 -0.46916  3.38397e-07
 55 -0.02924  1.22063e-06 | 56  0.28689 -1.35761e-06 | 57  0.44834  2.03365e-06
 58  0.06327  1.42600e-05 | 59  0.22573 -1.89272e-07 | 60  0.56800  1.20088e-05
 61  0.04270 -6.42145e-06 | 62  0.32329 -1.75059e-07 | 63  0.51790 -8.18397e-06
 64 -0.34882 -5.35185e-07 | 65  0.31582 -6.06304e-07 | 66  0.17081  9.69906e-07
 67  0.45891 -6.57769e-07 | 68 -0.16692  8.74481e-07 | 69  0.25563 -3.58545e-07
 70  0.55285  8.40406e-07 | 71  0.22146 -6.46521e-06 | 72  0.35685  2.66071e-06
 73  0.31097  1.15890e-05 | 74  0.00855  3.52900e-06 | 75 -0.04285 -6.67342e-06
 76  0.03674 -1.31430e-06 | 77  0.28700  9.70836e-06 | 78  0.52381 -3.25795e-06
 79 -0.45743 -3.98728e-05 | 80 -0.47161  6.66139e-07 | 81 -0.01941 -2.52972e-07
 82 -0.48559 -1.54899e-07 | 83  0.05839 -5.50944e-07 | 84  0.23202 -7.62440e-07
 85  0.46141 -8.70389e-07 |

 - final statistics:
86 variables; iteration 0; function evaluation 0
Function value 1.9098e+03; maximum gradient component mag -3.9869e-05
Exit code = 0;  converg criter 1.0000e-04
Var    Value     Gradient |Var    Value     Gradient |Var    Value     Gradient
  1 -0.59291  3.12931e-07 |  2  0.00052 -3.50182e-07 |  3  0.00173 -5.20758e-07
  4  0.00397 -8.65555e-07 |  5  0.00720 -8.54567e-07 |  6  0.00508 -7.17310e-07
  7 -0.01816 -8.32521e-07 |  8 -0.01909 -6.75731e-07 |  9 -0.02860 -2.22305e-07
 10 -0.04986 -1.01632e-07 | 11 -0.03449 -9.92947e-08 | 12  0.04980 -1.41696e-07
 13  0.00895 -1.88607e-08 | 14 -0.01098 -2.06498e-07 | 15  0.07647  5.39733e-08
 16  0.02344  2.60491e-07 | 17 -0.00531 -3.75012e-07 | 18  0.01558 -4.84372e-07
 19  0.00474 -8.23496e-07 | 20 -0.01169 -1.22211e-06 | 21 -0.01915 -1.32022e-06
 22 -0.02957 -1.12275e-06 | 23 -0.02249 -9.68351e-07 | 24  0.01882 -9.83115e-07
 25 -0.01917 -4.24805e-07 | 26 -0.00742  1.70754e-07 | 27  0.06359  5.44204e-07
 28 -0.02695  2.82889e-07 | 29 -0.00206  4.54883e-07 | 30  0.05517  1.29949e-06
 31  0.00320  9.02661e-07 | 32 -0.00806  7.84428e-07 | 33 -0.01660  7.17765e-07
 34  0.03167  1.15654e-06 | 35  0.03454  6.94363e-07 | 36  0.05615  5.67080e-07
 37  0.00363  3.45813e-07 | 38  0.00264  9.17284e-07 | 39 -0.00749  4.61148e-07
 40 -0.01041  2.54421e-07 | 41 -0.03648  1.72928e-07 | 42  0.00387  6.03900e-08
 43 -0.01557 -7.84200e-09 | 44 -0.00459 -2.90736e-07 | 45  0.02335 -5.97564e-09
 46  0.02505 -4.67531e-07 | 47  0.03467 -3.27316e-07 | 48  0.01997 -5.23344e-07
 49 -0.02753 -3.37349e-07 | 50 -0.01506  1.09646e-08 | 51 -0.02357 -1.15050e-07
 52 -0.05317 -5.85819e-08 | 53 -0.03413  5.22633e-08 | 54  0.00000  0.00000e+00
 55 -0.46916  3.38397e-07 | 56 -0.02924  1.22064e-06 | 57  0.28689 -1.35762e-06
 58  0.44834  2.03365e-06 | 59  0.06327  1.42600e-05 | 60  0.22573 -1.89274e-07
 61  0.56800  1.20088e-05 | 62  0.04270 -6.42145e-06 | 63  0.32329 -1.75063e-07
 64  0.51790 -8.18397e-06 | 65 -0.34882 -5.35185e-07 | 66  0.31582 -6.06304e-07
 67  0.17081  9.69906e-07 | 68  0.45891 -6.57769e-07 | 69 -0.16692  8.74482e-07
 70  0.25563 -3.58545e-07 | 71  0.55285  8.40406e-07 | 72  0.22146 -6.46521e-06
 73  0.35685  2.66071e-06 | 74  0.31097  1.15890e-05 | 75  0.00855  3.52900e-06
 76 -0.04285 -6.67342e-06 | 77  0.03674 -1.31430e-06 | 78  0.28700  9.70836e-06
 79  0.52381 -3.25794e-06 | 80 -0.45743 -3.98689e-05 | 81 -0.47161  6.66139e-07
 82 -0.01941 -2.52968e-07 | 83 -0.48559 -1.54879e-07 | 84  0.05839 -5.50942e-07
 85  0.23202 -7.62441e-07 | 86  0.46141 -8.70389e-07 |
Estimating row 1 out of 86 for hessian
Estimating row 2 out of 86 for hessian
Estimating row 3 out of 86 for hessian
Estimating row 4 out of 86 for hessian
Estimating row 5 out of 86 for hessian
Estimating row 6 out of 86 for hessian
Estimating row 7 out of 86 for hessian
Estimating row 8 out of 86 for hessian
Estimating row 9 out of 86 for hessian
Estimating row 10 out of 86 for hessian
Estimating row 11 out of 86 for hessian
Estimating row 12 out of 86 for hessian
Estimating row 13 out of 86 for hessian
Estimating row 14 out of 86 for hessian
Estimating row 15 out of 86 for hessian
Estimating row 16 out of 86 for hessian
Estimating row 17 out of 86 for hessian
Estimating row 18 out of 86 for hessian
Estimating row 19 out of 86 for hessian
Estimating row 20 out of 86 for hessian
Estimating row 21 out of 86 for hessian
Estimating row 22 out of 86 for hessian
Estimating row 23 out of 86 for hessian
Estimating row 24 out of 86 for hessian
Estimating row 25 out of 86 for hessian
Estimating row 26 out of 86 for hessian
Estimating row 27 out of 86 for hessian
Estimating row 28 out of 86 for hessian
Estimating row 29 out of 86 for hessian
Estimating row 30 out of 86 for hessian
Estimating row 31 out of 86 for hessian
Estimating row 32 out of 86 for hessian
Estimating row 33 out of 86 for hessian
Estimating row 34 out of 86 for hessian
Estimating row 35 out of 86 for hessian
Estimating row 36 out of 86 for hessian
Estimating row 37 out of 86 for hessian
Estimating row 38 out of 86 for hessian
Estimating row 39 out of 86 for hessian
Estimating row 40 out of 86 for hessian
Estimating row 41 out of 86 for hessian
Estimating row 42 out of 86 for hessian
Estimating row 43 out of 86 for hessian
Estimating row 44 out of 86 for hessian
Estimating row 45 out of 86 for hessian
Estimating row 46 out of 86 for hessian
Estimating row 47 out of 86 for hessian
Estimating row 48 out of 86 for hessian
Estimating row 49 out of 86 for hessian
Estimating row 50 out of 86 for hessian
Estimating row 51 out of 86 for hessian
Estimating row 52 out of 86 for hessian
Estimating row 53 out of 86 for hessian
Estimating row 54 out of 86 for hessian
Estimating row 55 out of 86 for hessian
Estimating row 56 out of 86 for hessian
Estimating row 57 out of 86 for hessian
Estimating row 58 out of 86 for hessian
Estimating row 59 out of 86 for hessian
Estimating row 60 out of 86 for hessian
Estimating row 61 out of 86 for hessian
Estimating row 62 out of 86 for hessian
Estimating row 63 out of 86 for hessian
Estimating row 64 out of 86 for hessian
Estimating row 65 out of 86 for hessian
Estimating row 66 out of 86 for hessian
Estimating row 67 out of 86 for hessian
Estimating row 68 out of 86 for hessian
Estimating row 69 out of 86 for hessian
Estimating row 70 out of 86 for hessian
Estimating row 71 out of 86 for hessian
Estimating row 72 out of 86 for hessian
Estimating row 73 out of 86 for hessian
Estimating row 74 out of 86 for hessian
Estimating row 75 out of 86 for hessian
Estimating row 76 out of 86 for hessian
Estimating row 77 out of 86 for hessian
Estimating row 78 out of 86 for hessian
Estimating row 79 out of 86 for hessian
Estimating row 80 out of 86 for hessian
Estimating row 81 out of 86 for hessian
Estimating row 82 out of 86 for hessian
Estimating row 83 out of 86 for hessian
Estimating row 84 out of 86 for hessian
Estimating row 85 out of 86 for hessian
Estimating row 86 out of 86 for hessian
size of file gradfil1.tmp = 125040000
size of file gradfil2.tmp = 0
size of file varssave.tmp = 0
size of file cmpdiff.tmp = 800000032
