
Initial statistics: 1 variables; iteration 0; function evaluation 0; phase 1
Function value 2.0006420e+06; maximum gradient component mag 2.1740e+05

 - final statistics:
1 variables; iteration 7; function evaluation 19
Function value 1.7916e+06; maximum gradient component mag 2.5229e+00
Exit code = 1;  converg criter 1.0000e+01

Initial statistics: 10 variables; iteration 0; function evaluation 0; phase 2
Function value 1.7915646e+06; maximum gradient component mag 5.0563e+05

Intermediate statistics: 10 variables; iteration 20; function evaluation 41; phase 2
Function value 1.7184670e+06; maximum gradient component mag 1.5896e+05
  ic > imax  in fminim is answer attained ?
Function minimizer not making progress ... is minimum attained?
Minimprove criterion = 0.0000e+00

 - final statistics:
10 variables; iteration 33; function evaluation 85
Function value 1.6054e+06; maximum gradient component mag 3.1456e+03
Exit code = 1;  converg criter 1.0000e+01

Initial statistics: 72 variables; iteration 0; function evaluation 0; phase 3
Function value 1.6054190e+06; maximum gradient component mag -3.3567e+05

Intermediate statistics: 72 variables; iteration 20; function evaluation 46; phase 3
Function value 1.2204821e+04; maximum gradient component mag -4.7938e+03
72 variables; iteration 40; function evaluation 78; phase 3
Function value 8.5795558e+03; maximum gradient component mag 1.7392e+03
Maximum number of function evaluations exceeded

 - final statistics:
72 variables; iteration 59; function evaluation 100
Function value 7.4694e+03; maximum gradient component mag 1.3506e+03
Exit code = 3;  converg criter 1.0000e+00

Initial statistics: 92 variables; iteration 0; function evaluation 0; phase 4
Function value 7.3893934e+03; maximum gradient component mag -6.0110e+03

Intermediate statistics: 92 variables; iteration 20; function evaluation 33; phase 4
Function value 2.8291364e+03; maximum gradient component mag 9.3434e+02
92 variables; iteration 40; function evaluation 65; phase 4
Function value 2.4798689e+03; maximum gradient component mag -1.3023e+03
92 variables; iteration 60; function evaluation 109; phase 4
Function value 2.1645698e+03; maximum gradient component mag 3.0750e+03
92 variables; iteration 80; function evaluation 130; phase 4
Function value 1.9885989e+03; maximum gradient component mag 7.3605e+02
92 variables; iteration 100; function evaluation 157; phase 4
Function value 1.8568852e+03; maximum gradient component mag 3.4501e+02
92 variables; iteration 120; function evaluation 177; phase 4
Function value 1.8375019e+03; maximum gradient component mag 8.8789e+01
92 variables; iteration 140; function evaluation 197; phase 4
Function value 1.8327153e+03; maximum gradient component mag 8.1181e+01
92 variables; iteration 160; function evaluation 217; phase 4
Function value 1.8155903e+03; maximum gradient component mag 7.6448e+01
92 variables; iteration 180; function evaluation 237; phase 4
Function value 1.8119780e+03; maximum gradient component mag 2.8932e+01
92 variables; iteration 200; function evaluation 257; phase 4
Function value 1.8110192e+03; maximum gradient component mag 3.0346e+01
92 variables; iteration 220; function evaluation 288; phase 4
Function value 1.8101044e+03; maximum gradient component mag 3.9582e+01
92 variables; iteration 240; function evaluation 308; phase 4
Function value 1.8090077e+03; maximum gradient component mag 3.3864e+01
92 variables; iteration 260; function evaluation 339; phase 4
Function value 1.8083525e+03; maximum gradient component mag 3.6533e+01
92 variables; iteration 280; function evaluation 362; phase 4
Function value 1.8080190e+03; maximum gradient component mag 3.5773e+01
92 variables; iteration 300; function evaluation 386; phase 4
Function value 1.8063508e+03; maximum gradient component mag 3.6011e+01
92 variables; iteration 320; function evaluation 408; phase 4
Function value 1.8019668e+03; maximum gradient component mag 3.7524e+01
92 variables; iteration 340; function evaluation 428; phase 4
Function value 1.8007696e+03; maximum gradient component mag 3.8068e+01
92 variables; iteration 360; function evaluation 455; phase 4
Function value 1.7994573e+03; maximum gradient component mag 2.8819e+01
92 variables; iteration 380; function evaluation 475; phase 4
Function value 1.7991977e+03; maximum gradient component mag 1.9101e+01
92 variables; iteration 400; function evaluation 496; phase 4
Function value 1.7991031e+03; maximum gradient component mag 1.4187e+01
92 variables; iteration 420; function evaluation 516; phase 4
Function value 1.7989054e+03; maximum gradient component mag 4.3637e+00
92 variables; iteration 440; function evaluation 547; phase 4
Function value 1.7978555e+03; maximum gradient component mag 1.0365e+01
92 variables; iteration 460; function evaluation 571; phase 4
Function value 1.7974969e+03; maximum gradient component mag -9.2382e-01
92 variables; iteration 480; function evaluation 591; phase 4
Function value 1.7974665e+03; maximum gradient component mag -1.4393e+00
92 variables; iteration 500; function evaluation 611; phase 4
Function value 1.7974428e+03; maximum gradient component mag -7.2209e-01
92 variables; iteration 520; function evaluation 640; phase 4
Function value 1.7973651e+03; maximum gradient component mag 1.2905e+00
92 variables; iteration 540; function evaluation 661; phase 4
Function value 1.7973100e+03; maximum gradient component mag -2.1696e-01
92 variables; iteration 560; function evaluation 681; phase 4
Function value 1.7973030e+03; maximum gradient component mag 6.3128e-01
92 variables; iteration 580; function evaluation 701; phase 4
Function value 1.7972974e+03; maximum gradient component mag 9.4353e-01
92 variables; iteration 600; function evaluation 721; phase 4
Function value 1.7972864e+03; maximum gradient component mag -1.8619e-01
92 variables; iteration 620; function evaluation 744; phase 4
Function value 1.7972864e+03; maximum gradient component mag -7.4374e-04

 - final statistics:
92 variables; iteration 622; function evaluation 746
Function value 1.7973e+03; maximum gradient component mag -4.4240e-05
Exit code = 1;  converg criter 1.0000e-04
Warning: the following parameters had issues
  init_F[1] is within 0.1% of lower bound: 0.0000e+00 < 2.5578e-07 < 3.0000e+00
  selparm[16] is within 0.1% of upper bound: -6.0000e+00 < 9.9864e+00 < 1.0000e+01
  selparm[19] is within 0.1% of upper bound: 5.3000e+01 < 2.4995e+02 < 2.5000e+02
  selparm[28] is within 1% of upper bound: -2.0000e+00 < 9.9163e+00 < 1.0000e+01
  selparm[31] is within 0.1% of upper bound: 5.0000e+01 < 2.5699e+02 < 2.5700e+02
  selparm[43] is within 0.1% of upper bound: 1.8000e+01 < 2.4987e+02 < 2.5000e+02


 - final statistics:
93 variables; iteration 0; function evaluation 0
Function value 1.7973e+03; maximum gradient component mag -4.4240e-05
Exit code = 0;  converg criter 1.0000e-04
size of file gradfil1.tmp = 0
size of file gradfil2.tmp = 0
size of file varssave.tmp = 0
size of file cmpdiff.tmp = 0
