
 - final statistics:
1 variables; iteration 0; function evaluation 0
Function value 2.9561e+03; maximum gradient component mag 1.8835e-01
Exit code = 0;  converg criter 1.0000e+01

Initial statistics: 8 variables; iteration 0; function evaluation 0; phase 2
Function value 2.9560686e+03; maximum gradient component mag -3.4276e+02

 - final statistics:
8 variables; iteration 10; function evaluation 18
Function value 2.9532e+03; maximum gradient component mag 6.6193e-02
Exit code = 1;  converg criter 1.0000e+01

Initial statistics: 75 variables; iteration 0; function evaluation 0; phase 3
Function value 2.9532037e+03; maximum gradient component mag -1.1056e+03

Intermediate statistics: 75 variables; iteration 20; function evaluation 25; phase 3
Function value 2.9526431e+03; maximum gradient component mag 1.9616e+02
75 variables; iteration 40; function evaluation 46; phase 3
Function value 2.9526280e+03; maximum gradient component mag 1.8516e+02
75 variables; iteration 60; function evaluation 68; phase 3
Function value 2.9525840e+03; maximum gradient component mag 5.9754e+01

 - final statistics:
75 variables; iteration 78; function evaluation 92
Function value 2.9526e+03; maximum gradient component mag -3.4944e-01
Exit code = 1;  converg criter 1.0000e+00

Initial statistics: 91 variables; iteration 0; function evaluation 0; phase 4
Function value 2.9525729e+03; maximum gradient component mag -4.8703e+00

Intermediate statistics: 91 variables; iteration 20; function evaluation 23; phase 4
Function value 2.9525717e+03; maximum gradient component mag 4.9295e+01
91 variables; iteration 40; function evaluation 43; phase 4
Function value 2.9525714e+03; maximum gradient component mag 4.0702e+01
91 variables; iteration 60; function evaluation 66; phase 4
Function value 2.9525709e+03; maximum gradient component mag 6.9850e+00
91 variables; iteration 80; function evaluation 92; phase 4
Function value 2.9525708e+03; maximum gradient component mag 9.0522e-01

 - final statistics:
91 variables; iteration 94; function evaluation 115
Function value 2.9526e+03; maximum gradient component mag 8.7221e-05
Exit code = 1;  converg criter 1.0000e-04

 - final statistics:
92 variables; iteration 0; function evaluation 0
Function value 2.9526e+03; maximum gradient component mag 8.7221e-05
Exit code = 0;  converg criter 1.0000e-04
size of file gradfil1.tmp = 0
size of file gradfil2.tmp = 0
size of file varssave.tmp = 0
size of file cmpdiff.tmp = 0
