
 - final statistics:
1 variables; iteration 0; function evaluation 0
Function value 1.3965e+03; maximum gradient component mag -1.6040e-01
Exit code = 0;  converg criter 1.0000e+01

Initial statistics: 10 variables; iteration 0; function evaluation 0; phase 2
Function value 1.3965414e+03; maximum gradient component mag -1.5712e+02

 - final statistics:
10 variables; iteration 13; function evaluation 17
Function value 1.3950e+03; maximum gradient component mag 1.8876e-01
Exit code = 1;  converg criter 1.0000e+01

Initial statistics: 72 variables; iteration 0; function evaluation 0; phase 3
Function value 1.3950423e+03; maximum gradient component mag -6.2942e+02

Intermediate statistics: 72 variables; iteration 20; function evaluation 23; phase 3
Function value 1.3946131e+03; maximum gradient component mag 9.9254e+02
72 variables; iteration 40; function evaluation 44; phase 3
Function value 1.3945744e+03; maximum gradient component mag 9.5054e+02
72 variables; iteration 60; function evaluation 65; phase 3
Function value 1.3945177e+03; maximum gradient component mag 5.6358e+02

 - final statistics:
72 variables; iteration 76; function evaluation 85
Function value 1.3945e+03; maximum gradient component mag 7.0589e-01
Exit code = 1;  converg criter 1.0000e+00

Initial statistics: 92 variables; iteration 0; function evaluation 0; phase 4
Function value 1.3944869e+03; maximum gradient component mag -3.9357e+00

Intermediate statistics: 92 variables; iteration 20; function evaluation 25; phase 4
Function value 1.3944774e+03; maximum gradient component mag -6.4709e+01
92 variables; iteration 40; function evaluation 46; phase 4
Function value 1.3944737e+03; maximum gradient component mag -5.5819e+01
92 variables; iteration 60; function evaluation 67; phase 4
Function value 1.3944686e+03; maximum gradient component mag -2.2756e+01
92 variables; iteration 80; function evaluation 96; phase 4
Function value 1.3944666e+03; maximum gradient component mag -3.4781e+00

 - final statistics:
92 variables; iteration 100; function evaluation 128
Function value 1.3945e+03; maximum gradient component mag -9.3409e-06
Exit code = 1;  converg criter 1.0000e-04

 - final statistics:
93 variables; iteration 0; function evaluation 0
Function value 1.3945e+03; maximum gradient component mag -9.3409e-06
Exit code = 0;  converg criter 1.0000e-04
size of file gradfil1.tmp = 0
size of file gradfil2.tmp = 0
size of file varssave.tmp = 0
size of file cmpdiff.tmp = 0
