
 - final statistics:
1 variables; iteration 0; function evaluation 0
Function value 2.9578e+03; maximum gradient component mag 6.2560e-01
Exit code = 0;  converg criter 1.0000e+01

Initial statistics: 8 variables; iteration 0; function evaluation 0; phase 2
Function value 2.9577935e+03; maximum gradient component mag 4.3060e+02

 - final statistics:
8 variables; iteration 10; function evaluation 18
Function value 2.9535e+03; maximum gradient component mag 5.6138e-01
Exit code = 1;  converg criter 1.0000e+01

Initial statistics: 75 variables; iteration 0; function evaluation 0; phase 3
Function value 2.9535165e+03; maximum gradient component mag 1.3623e+03

Intermediate statistics: 75 variables; iteration 20; function evaluation 23; phase 3
Function value 2.9527424e+03; maximum gradient component mag 3.3235e+02
75 variables; iteration 40; function evaluation 44; phase 3
Function value 2.9527264e+03; maximum gradient component mag 3.1169e+02
75 variables; iteration 60; function evaluation 66; phase 3
Function value 2.9526876e+03; maximum gradient component mag 1.4159e+02

 - final statistics:
75 variables; iteration 78; function evaluation 92
Function value 2.9527e+03; maximum gradient component mag -1.5219e-01
Exit code = 1;  converg criter 1.0000e+00

Initial statistics: 91 variables; iteration 0; function evaluation 0; phase 4
Function value 2.9526653e+03; maximum gradient component mag 7.6360e+00

Intermediate statistics: 91 variables; iteration 20; function evaluation 23; phase 4
Function value 2.9526611e+03; maximum gradient component mag 1.4940e+02
91 variables; iteration 40; function evaluation 43; phase 4
Function value 2.9526609e+03; maximum gradient component mag 1.2032e+02
91 variables; iteration 60; function evaluation 65; phase 4
Function value 2.9526605e+03; maximum gradient component mag 2.7405e+01
91 variables; iteration 80; function evaluation 91; phase 4
Function value 2.9526605e+03; maximum gradient component mag 3.9054e+00

 - final statistics:
91 variables; iteration 96; function evaluation 112
Function value 2.9527e+03; maximum gradient component mag -6.0568e-05
Exit code = 1;  converg criter 1.0000e-04

 - final statistics:
92 variables; iteration 0; function evaluation 0
Function value 2.9527e+03; maximum gradient component mag -6.0560e-05
Exit code = 0;  converg criter 1.0000e-04
size of file gradfil1.tmp = 0
size of file gradfil2.tmp = 0
size of file varssave.tmp = 0
size of file cmpdiff.tmp = 0
