
Initial statistics: 1 variables; iteration 0; function evaluation 0; phase 1
Function value 2.1964289e+06; maximum gradient component mag -9.8643e+05
Var    Value     Gradient |Var    Value     Gradient |Var    Value     Gradient
  1 -0.70368 -9.86426e+05 |

 - final statistics:
1 variables; iteration 13; function evaluation 22
Function value 1.0255e+03; maximum gradient component mag -5.3667e+00
Exit code = 1;  converg criter 1.0000e+01
Var    Value     Gradient |Var    Value     Gradient |Var    Value     Gradient
  1 -0.44319 -5.36669e+00 |

Initial statistics: 8 variables; iteration 0; function evaluation 0; phase 2
Function value 1.0254683e+03; maximum gradient component mag -4.6806e+02
Var    Value     Gradient |Var    Value     Gradient |Var    Value     Gradient
  1 -0.44319 -5.36669e+00 |  2  0.00000  9.38670e+00 |  3 -0.04813  2.04745e+02
  4  0.04422  5.22460e+01 |  5  0.02102  2.46613e+02 |  6 -0.19716 -4.68056e+02
  7  0.17760 -7.03300e+01 |  8 -0.06799 -3.86815e+02 |

 - final statistics:
8 variables; iteration 14; function evaluation 36
Function value 9.9396e+02; maximum gradient component mag 5.8890e+00
Exit code = 1;  converg criter 1.0000e+01
Var    Value     Gradient |Var    Value     Gradient |Var    Value     Gradient
  1 -0.53520 -1.80183e+00 |  2 -0.31936  4.09817e-01 |  3 -0.04616  5.88898e+00
  4  0.04632  3.21129e+00 |  5  0.01852  5.01583e+00 |  6 -0.10735  5.08030e-01
  7  0.19966  1.49208e+00 |  8 -0.02491  1.89701e+00 |

Initial statistics: 11 variables; iteration 0; function evaluation 0; phase 3
Function value 9.9395662e+02; maximum gradient component mag -4.6983e+01
Var    Value     Gradient |Var    Value     Gradient |Var    Value     Gradient
  1 -0.53520 -1.80183e+00 |  2 -0.31936  4.09817e-01 |  3 -0.04616  5.88898e+00
  4  0.04632  3.21129e+00 |  5  0.01852  5.01583e+00 |  6 -0.00909 -4.98949e-01
  7 -0.57651 -3.19525e-01 |  8 -0.10735  5.08030e-01 |  9  0.19966  1.49208e+00
 10 -0.02491  1.89701e+00 | 11  0.03693 -4.69827e+01 |

 - final statistics:
11 variables; iteration 13; function evaluation 19
Function value 9.9389e+02; maximum gradient component mag 3.3603e-02
Exit code = 1;  converg criter 1.0000e+00
Var    Value     Gradient |Var    Value     Gradient |Var    Value     Gradient
  1 -0.53488 -6.97152e-03 |  2 -0.34157  4.37677e-04 |  3 -0.04629 -2.11089e-02
  4  0.04620 -8.71518e-03 |  5  0.01830 -6.85179e-03 |  6 -0.00611 -1.17758e-03
  7 -0.56720 -1.57796e-04 |  8 -0.10756 -1.65465e-04 |  9  0.19929 -2.94021e-03
 10 -0.02517 -3.63745e-03 | 11  0.03933  3.36029e-02 |

Initial statistics: 74 variables; iteration 0; function evaluation 0; phase 4
Function value 9.9389142e+02; maximum gradient component mag 5.0758e+02
Var    Value     Gradient |Var    Value     Gradient |Var    Value     Gradient
  1 -0.53488 -6.97152e-03 |  2  0.00000  3.27576e+01 |  3  0.00000  5.55644e+01
  4  0.00000  7.25543e+01 |  5  0.00000  7.45640e+01 |  6  0.00000  3.36220e+01
  7  0.00000 -3.14362e+01 |  8  0.00000 -3.08933e+01 |  9  0.00000 -3.36140e+01
 10  0.00000 -7.15444e+01 | 11  0.00000 -6.76068e+01 | 12  0.00000 -9.73389e+00
 13  0.00000  7.54742e-01 | 14  0.00000  1.39761e+00 | 15  0.00000  2.11621e+01
 16  0.00000  5.20574e+01 | 17  0.00000  6.44880e+01 | 18  0.00000  3.95533e+01
 19  0.00000 -2.50375e+01 | 20  0.00000  5.13588e+01 | 21  0.00000 -1.87332e+01
 22  0.00000 -1.91239e+02 | 23  0.00000  1.61453e+02 | 24  0.00000 -2.71685e+01
 25  0.00000 -2.93530e+02 | 26  0.00000  2.73247e+01 | 27  0.00000  1.06663e+02
 28  0.00000  9.35670e+01 | 29  0.00000 -5.97742e+01 | 30  0.00000 -2.99021e+02
 31  0.00000 -2.59428e+02 | 32  0.00000 -3.61446e+01 | 33  0.00000  1.19636e+02
 34  0.00000  1.63423e+02 | 35  0.00000  2.23552e+02 | 36  0.00000  3.22099e+02
 37  0.00000  1.21280e+02 | 38  0.00000  1.27449e+02 | 39  0.00000  5.46978e+01
 40  0.00000 -2.03759e+02 | 41  0.00000 -2.57483e+02 | 42  0.00000 -2.78021e+02
 43  0.00000 -1.37166e+02 | 44  0.00000  1.02247e+02 | 45  0.00000  1.01824e+02
 46  0.00000  8.07192e+01 | 47  0.00000  2.53219e+01 | 48  0.00000  2.43133e-01
 49 -0.34157  4.37677e-04 | 50 -0.04629 -2.11089e-02 | 51  0.28213  1.31315e+01
 52  0.44466  3.00429e+01 | 53  0.04620 -8.71518e-03 | 54  0.21824 -2.07024e+01
 55  0.56040 -2.10378e+00 | 56  0.01830 -6.85179e-03 | 57  0.31510 -1.42810e+02
 58  0.51632 -5.72426e+01 | 59 -0.00611 -1.17758e-03 | 60 -0.56720 -1.57796e-04
 61 -0.10756 -1.65465e-04 | 62  0.27945 -1.68155e+01 | 63  0.43663 -7.14892e+01
 64  0.19929 -2.94021e-03 | 65  0.34997  9.46528e+00 | 66  0.30652  1.37419e+01
 67  0.02023  1.11649e+01 | 68 -0.02517 -3.63745e-03 | 69  0.00520  2.84515e+01
 70  0.33042  5.07581e+02 | 71  0.52774  1.64118e+02 | 72  0.03933  3.36029e-02
 73  0.21956 -6.84376e+01 | 74  0.42687 -4.09082e+01 |

Intermediate statistics: 74 variables; iteration 20; function evaluation 25; phase 4
Function value 9.4440060e+02; maximum gradient component mag 9.6480e+02
Var    Value     Gradient |Var    Value     Gradient |Var    Value     Gradient
  1 -0.56344 -1.32129e+01 |  2 -0.00697 -5.88839e+00 |  3 -0.01441 -1.65578e+00
  4 -0.02235  3.14788e+00 |  5 -0.04330  3.90446e+00 |  6 -0.03908 -6.48288e+00
  7  0.05675 -9.10157e+00 |  8  0.00071 -1.66360e+01 |  9 -0.03103 -2.00713e+01
 10  0.09366 -5.55388e+00 | 11  0.00736 -1.95756e+01 | 12 -0.00752 -1.18885e+01
 13  0.02624 -1.43855e+01 | 14 -0.00353 -2.71312e+01 | 15 -0.01901 -3.25517e+01
 16 -0.01049 -3.56473e+01 | 17 -0.02538 -4.58400e+01 | 18 -0.03327 -6.04472e+01
 19  0.02702 -4.51770e+01 | 20 -0.01257  2.57537e+01 | 21 -0.01424 -1.11742e+01
 22  0.04827 -9.65867e+00 | 23 -0.04097  8.44727e+01 | 24  0.00558  7.11189e+01
 25  0.04042 -2.20331e+01 | 26 -0.00397  9.57464e+01 | 27 -0.00531  8.61854e+01
 28 -0.00894  3.92227e+01 | 29  0.00007 -5.05184e+01 | 30  0.02982 -1.21764e+02
 31  0.02826 -1.03715e+02 | 32 -0.00313 -4.12453e+01 | 33 -0.00417  1.30414e+01
 34 -0.00914  2.61675e+01 | 35 -0.00843  7.53097e+01 | 36 -0.02192  1.27841e+02
 37 -0.00087  2.74560e+01 | 38 -0.00571  4.11299e+01 | 39 -0.00962  1.06728e+01
 40  0.02700 -6.56335e+01 | 41  0.01758 -1.05291e+02 | 42  0.02910 -1.13802e+02
 43  0.01944 -6.74856e+01 | 44 -0.02800  1.05394e+01 | 45 -0.00066  3.93907e+01
 46 -0.01576  4.62096e+00 | 47 -0.01841 -9.91378e+00 | 48 -0.00024 -7.10434e+00
 49 -0.37449  3.94167e+00 | 50 -0.03852  1.02505e+02 | 51  0.28543  1.40242e+01
 52  0.44855  9.74273e+01 | 53  0.05246  9.22751e+01 | 54  0.21829 -1.15384e+02
 55  0.56674  9.37102e+00 | 56  0.02882  2.08427e+02 | 57  0.31287 -4.45070e+02
 58  0.51776  2.98419e+01 | 59  0.00444  1.53672e+00 | 60 -0.56837 -6.34532e-01
 61 -0.19899 -4.76912e-01 | 62  0.23786 -1.01948e+01 | 63  0.54280 -1.29998e+01
 64  0.20237 -1.48273e+01 | 65  0.35067  7.44888e-01 | 66  0.30819  3.64853e+01
 67  0.01630  1.08067e+00 | 68 -0.07239 -6.68269e+02 | 69  0.03332 -6.55021e+01
 70  0.32400  9.64797e+02 | 71  0.51133 -2.59742e+02 | 72  0.06421  4.21867e+02
 73  0.21991 -4.84216e+02 | 74  0.42969  3.08230e+01 |
74 variables; iteration 40; function evaluation 51; phase 4
Function value 9.1826315e+02; maximum gradient component mag 4.7835e+02
Var    Value     Gradient |Var    Value     Gradient |Var    Value     Gradient
  1 -0.55560  3.95971e+01 |  2  0.00064 -2.76568e+01 |  3 -0.04457 -3.89356e+01
  4 -0.04404 -3.41282e+01 |  5 -0.05492 -2.30114e+01 |  6 -0.05759 -2.46529e+01
  7  0.07421  6.53920e+00 |  8 -0.00994 -1.00898e+01 |  9 -0.04522 -1.38499e+01
 10  0.10636  5.26488e+01 | 11  0.01307  1.55216e+01 | 12  0.00938  2.90498e+01
 13  0.03582  3.90056e+01 | 14 -0.00628 -1.83483e+00 | 15 -0.01378 -7.13049e+00
 16 -0.01184  8.06288e+00 | 17 -0.00728  8.03076e+00 | 18 -0.03024 -2.47569e+01
 19  0.01555 -4.34532e+01 | 20 -0.01974 -1.20034e+01 | 21 -0.01799 -2.99471e+01
 22  0.05988 -1.18547e+01 | 23 -0.06699  1.07539e+01 | 24  0.00874  4.29251e+01
 25  0.05036 -2.75119e+01 | 26 -0.00695  3.79497e+01 | 27 -0.00644  5.21253e+01
 28 -0.00657  5.20140e+01 | 29  0.01273  3.01144e+01 | 30  0.04360 -1.47382e+01
 31  0.02981 -7.20128e+01 | 32 -0.00135 -4.26439e+01 | 33 -0.00795 -2.22340e+01
 34 -0.01494 -9.67576e+00 | 35  0.00056  9.81087e+01 | 36 -0.02451  1.01928e+02
 37 -0.00593 -2.62798e+01 | 38 -0.00686  8.81660e+00 | 39 -0.00769  1.27107e+00
 40  0.02572 -6.30596e+01 | 41  0.02997 -4.27819e+01 | 42  0.03585 -6.55497e+01
 43  0.02232 -6.04335e+01 | 44 -0.03966 -1.69394e+01 | 45  0.00246  3.56711e+01
 46 -0.01261  1.20630e+01 | 47 -0.01523 -3.66898e+00 | 48  0.00556 -3.07221e+00
 49 -1.69066 -9.21982e+00 | 50 -0.04332  1.09677e+02 | 51  0.28244 -7.15562e+01
 52  0.44893  8.01024e+01 | 53  0.04318  3.32452e+01 | 54  0.21207 -9.62802e+01
 55  0.55746 -1.92341e+01 | 56  0.03154  1.91202e+02 | 57  0.31683 -3.33484e+02
 58  0.51412  3.66497e+01 | 59  0.02447  8.50886e+00 | 60 -0.54812 -1.24763e+00
 61 -0.19174  3.62746e+01 | 62  0.23414 -5.57991e+01 | 63  0.53697 -9.36340e+00
 64  0.20476 -8.54914e+00 | 65  0.34835 -8.75974e+00 | 66  0.31050  2.25463e+01
 67  0.00749 -1.36535e+01 | 68 -0.07524 -2.98173e+02 | 69  0.10341 -3.48163e+01
 70  0.29775  4.78346e+02 | 71  0.50477 -8.43477e+01 | 72  0.06290  2.39516e+02
 73  0.22709 -2.69454e+02 | 74  0.42161  8.41409e+00 |
74 variables; iteration 60; function evaluation 73; phase 4
Function value 9.0615911e+02; maximum gradient component mag -1.7462e+02
Var    Value     Gradient |Var    Value     Gradient |Var    Value     Gradient
  1 -0.56044  4.56396e+01 |  2 -0.03833 -1.66156e+01 |  3 -0.02067 -1.12948e+01
  4 -0.03783 -1.35187e+01 |  5 -0.04133 -5.66425e+00 |  6 -0.06473 -2.35465e+01
  7  0.06328 -4.34477e+00 |  8 -0.00356 -7.47948e+00 |  9 -0.01924 -1.64636e+00
 10  0.10117  2.60746e+01 | 11  0.00857 -1.01446e+01 | 12  0.01124  1.12610e+01
 13  0.01067  4.31651e+00 | 14  0.02238  2.07536e+01 | 15 -0.00856 -3.30200e+00
 16 -0.03541 -3.57508e+00 | 17  0.00487  2.36711e+01 | 18 -0.03856 -1.46274e+01
 19  0.01667 -2.37855e+01 | 20 -0.01946 -1.04610e+01 | 21 -0.01174 -1.68207e+01
 22  0.06127 -1.43803e+01 | 23 -0.05613  2.22367e+01 | 24  0.00344  5.95007e+00
 25  0.06327  4.15749e+00 | 26 -0.01235 -4.46256e+00 | 27 -0.01450  8.98194e+00
 28 -0.00513  4.02424e+01 | 29  0.01564  3.68348e+01 | 30  0.04106 -1.61416e+01
 31  0.03541 -3.38385e+01 | 32  0.00426 -1.03133e+01 | 33 -0.01057 -1.37426e+01
 34 -0.01022 -1.47558e+00 | 35 -0.00446  4.97079e+01 | 36 -0.03459  5.17437e+01
 37  0.00270 -1.01254e+01 | 38 -0.01390 -1.69436e+01 | 39 -0.00280  1.86123e+01
 40  0.03008 -3.13456e+01 | 41  0.03096 -2.02871e+01 | 42  0.04188 -1.73990e+01
 43  0.02971 -1.94090e+01 | 44 -0.04217 -1.52722e+01 | 45 -0.00055  2.32333e+01
 46 -0.01315  1.04054e+01 | 47 -0.02241 -6.86346e+00 | 48 -0.01753 -7.15737e+00
 49 -1.27443 -4.48007e-01 | 50 -0.04187  7.82693e+01 | 51  0.28346 -2.56409e+01
 52  0.44834  6.51598e+01 | 53  0.05154  2.40376e+01 | 54  0.21998 -4.35757e+01
 55  0.55656 -9.62242e+00 | 56  0.03189  1.01257e+02 | 57  0.31909 -1.74618e+02
 58  0.51442  1.60471e+01 | 59  0.02968  8.63437e-01 | 60 -0.45250  3.98217e+00
 61 -0.17899  3.32881e+01 | 62  0.24517 -3.85104e+01 | 63  0.54517  7.05733e+00
 64  0.18933 -1.38012e+01 | 65  0.35356 -9.33358e+00 | 66  0.30320  1.28121e+01
 67  0.01209 -1.19032e+01 | 68 -0.06915 -7.08816e+01 | 69  0.11130 -1.01108e+01
 70  0.28284  1.02253e+02 | 71  0.50032 -4.29016e+01 | 72  0.07037  1.00534e+02
 73  0.23866 -9.06256e+01 | 74  0.40777 -1.62296e+01 |
74 variables; iteration 80; function evaluation 100; phase 4
Function value 9.0050747e+02; maximum gradient component mag -1.4967e+01
Var    Value     Gradient |Var    Value     Gradient |Var    Value     Gradient
  1 -0.53567 -7.29720e+00 |  2 -0.01818 -1.05969e-01 |  3 -0.02164 -4.69989e-01
  4 -0.03205 -3.83383e-01 |  5 -0.05356 -5.70847e-01 |  6 -0.03633 -2.71522e-01
  7  0.05205  1.04260e+00 |  8  0.01012  4.08426e-01 |  9 -0.00935  1.85001e-01
 10  0.08014 -7.91599e-01 | 11  0.02330  2.10059e-01 | 12 -0.00654  3.75760e-01
 13  0.01848 -2.41212e+00 | 14  0.00735 -3.98959e-01 | 15 -0.01307  4.05733e-02
 16 -0.01898 -1.37741e+00 | 17 -0.02880 -5.32749e-01 | 18 -0.01901 -1.00385e-01
 19  0.02046  7.90867e-01 | 20 -0.01810  2.85322e-01 | 21 -0.00482  2.62382e+00
 22  0.06648  1.11088e+00 | 23 -0.07038 -7.18654e-01 | 24  0.00547  1.30764e+00
 25  0.06441  1.56088e+00 | 26 -0.00794  1.74175e+00 | 27 -0.01374 -3.59701e-01
 28 -0.01442 -1.11107e-01 | 29  0.00856  7.15931e-01 | 30  0.04287  1.93587e+00
 31  0.03768 -1.21611e+00 | 32  0.00069 -1.25054e+00 | 33 -0.01107  1.21035e-01
 34 -0.00921 -8.01563e-01 | 35 -0.01202 -2.83717e+00 | 36 -0.04745 -1.13486e-01
 37  0.00546  1.27441e+00 | 38 -0.01060  2.16160e+00 | 39 -0.01144 -2.09289e+00
 40  0.03442 -2.34570e+00 | 41  0.03089 -1.56580e+00 | 42  0.04211  6.40492e-01
 43  0.02839 -1.55466e+00 | 44 -0.03626  1.12402e+00 | 45 -0.01066  1.96255e+00
 46 -0.01899  1.14460e+00 | 47 -0.02242 -1.34661e-01 | 48 -0.00199  8.11036e-02
 49 -1.34511 -7.66011e-02 | 50 -0.04808 -1.23142e+00 | 51  0.28175  6.90099e-01
 52  0.44424 -4.74785e+00 | 53  0.04533 -6.25406e-01 | 54  0.21890  7.34133e-01
 55  0.55942  4.49264e-01 | 56  0.02182 -5.42397e-01 | 57  0.31917 -1.05259e+00
 58  0.51634 -8.49079e-01 | 59 -0.00544  8.41138e-02 | 60 -0.57966 -1.39538e-01
 61 -0.19815  2.22772e-01 | 62  0.24241  1.64374e+00 | 63  0.54546  1.63940e+00
 64  0.18117 -3.14129e-01 | 65  0.34843  2.87085e-01 | 66  0.30174  1.45616e-01
 67  0.02277  1.47576e+00 | 68 -0.08081 -1.47938e+01 | 69  0.11806  2.97963e-01
 70  0.27447  8.93563e+00 | 71  0.50689 -1.49674e+01 | 72  0.04174  8.23156e-02
 73  0.22485 -8.17530e-01 | 74  0.43932  8.16829e-01 |
Maximum number of function evaluations exceeded

 - final statistics:
74 variables; iteration 81; function evaluation 100
Function value 9.0051e+02; maximum gradient component mag -1.4967e+01
Exit code = 3;  converg criter 1.0000e+00
Var    Value     Gradient |Var    Value     Gradient |Var    Value     Gradient
  1 -0.53567 -7.29720e+00 |  2 -0.01818 -1.05969e-01 |  3 -0.02164 -4.69989e-01
  4 -0.03205 -3.83383e-01 |  5 -0.05356 -5.70847e-01 |  6 -0.03633 -2.71522e-01
  7  0.05205  1.04260e+00 |  8  0.01012  4.08426e-01 |  9 -0.00935  1.85001e-01
 10  0.08014 -7.91599e-01 | 11  0.02330  2.10059e-01 | 12 -0.00654  3.75760e-01
 13  0.01848 -2.41212e+00 | 14  0.00735 -3.98959e-01 | 15 -0.01307  4.05733e-02
 16 -0.01898 -1.37741e+00 | 17 -0.02880 -5.32749e-01 | 18 -0.01901 -1.00385e-01
 19  0.02046  7.90867e-01 | 20 -0.01810  2.85322e-01 | 21 -0.00482  2.62382e+00
 22  0.06648  1.11088e+00 | 23 -0.07038 -7.18654e-01 | 24  0.00547  1.30764e+00
 25  0.06441  1.56088e+00 | 26 -0.00794  1.74175e+00 | 27 -0.01374 -3.59701e-01
 28 -0.01442 -1.11107e-01 | 29  0.00856  7.15931e-01 | 30  0.04287  1.93587e+00
 31  0.03768 -1.21611e+00 | 32  0.00069 -1.25054e+00 | 33 -0.01107  1.21035e-01
 34 -0.00921 -8.01563e-01 | 35 -0.01202 -2.83717e+00 | 36 -0.04745 -1.13486e-01
 37  0.00546  1.27441e+00 | 38 -0.01060  2.16160e+00 | 39 -0.01144 -2.09289e+00
 40  0.03442 -2.34570e+00 | 41  0.03089 -1.56580e+00 | 42  0.04211  6.40492e-01
 43  0.02839 -1.55466e+00 | 44 -0.03626  1.12402e+00 | 45 -0.01066  1.96255e+00
 46 -0.01899  1.14460e+00 | 47 -0.02242 -1.34661e-01 | 48 -0.00199  8.11036e-02
 49 -1.34511 -7.66011e-02 | 50 -0.04808 -1.23142e+00 | 51  0.28175  6.90099e-01
 52  0.44424 -4.74785e+00 | 53  0.04533 -6.25406e-01 | 54  0.21890  7.34133e-01
 55  0.55942  4.49264e-01 | 56  0.02182 -5.42397e-01 | 57  0.31917 -1.05259e+00
 58  0.51634 -8.49079e-01 | 59 -0.00544  8.41138e-02 | 60 -0.57966 -1.39538e-01
 61 -0.19815  2.22772e-01 | 62  0.24241  1.64374e+00 | 63  0.54546  1.63940e+00
 64  0.18117 -3.14129e-01 | 65  0.34843  2.87085e-01 | 66  0.30174  1.45616e-01
 67  0.02277  1.47576e+00 | 68 -0.08081 -1.47938e+01 | 69  0.11806  2.97963e-01
 70  0.27447  8.93563e+00 | 71  0.50689 -1.49674e+01 | 72  0.04174  8.23156e-02
 73  0.22485 -8.17530e-01 | 74  0.43932  8.16829e-01 |

Initial statistics: 89 variables; iteration 0; function evaluation 0; phase 5
Function value 9.0050747e+02; maximum gradient component mag -1.4967e+01
Var    Value     Gradient |Var    Value     Gradient |Var    Value     Gradient
  1 -0.53567 -7.29720e+00 |  2  0.00000  2.51512e-01 |  3  0.00000  6.39477e-02
  4  0.00000  7.44309e-02 |  5  0.00000  8.70844e-02 |  6  0.00000  1.02237e-01
  7  0.00000  1.17153e-01 |  8  0.00000  1.18054e-01 |  9  0.00000  1.06475e-01
 10  0.00000  4.69414e-02 | 11  0.00000 -1.02308e-01 | 12  0.00000 -4.24452e-01
 13  0.00000 -1.06327e+00 | 14  0.00000 -2.14416e+00 | 15  0.00000 -3.63100e+00
 16  0.00000 -3.43299e+00 | 17 -0.01818 -1.12967e-01 | 18 -0.02164 -4.76986e-01
 19 -0.03205 -3.90375e-01 | 20 -0.05356 -5.77824e-01 | 21 -0.03633 -2.78512e-01
 22  0.05205  1.03562e+00 | 23  0.01012  4.01426e-01 | 24 -0.00935  1.78001e-01
 25  0.08014 -7.98544e-01 | 26  0.02330  2.03063e-01 | 27 -0.00654  3.68759e-01
 28  0.01848 -2.41911e+00 | 29  0.00735 -4.05960e-01 | 30 -0.01307  3.35739e-02
 31 -0.01898 -1.38441e+00 | 32 -0.02880 -5.39743e-01 | 33 -0.01901 -1.07382e-01
 34  0.02046  7.83870e-01 | 35 -0.01810  2.78324e-01 | 36 -0.00482  2.61682e+00
 37  0.06648  1.10391e+00 | 38 -0.07038 -7.25612e-01 | 39  0.00547  1.30064e+00
 40  0.06441  1.55392e+00 | 41 -0.00794  1.73475e+00 | 42 -0.01374 -3.66701e-01
 43 -0.01442 -1.18106e-01 | 44  0.00855  7.08931e-01 | 45  0.04287  1.92889e+00
 46  0.03768 -1.22310e+00 | 47  0.00069 -1.25754e+00 | 48 -0.01107  1.14036e-01
 49 -0.00921 -8.08563e-01 | 50 -0.01202 -2.84416e+00 | 51 -0.04745 -1.20467e-01
 52  0.00546  1.26741e+00 | 53 -0.01060  2.15460e+00 | 54 -0.01144 -2.09989e+00
 55  0.03442 -2.35270e+00 | 56  0.03089 -1.57279e+00 | 57  0.04211  6.33507e-01
 58  0.02839 -1.56166e+00 | 59 -0.03626  1.11703e+00 | 60 -0.01066  1.95555e+00
 61 -0.01899  1.13760e+00 | 62 -0.02242 -1.41657e-01 | 63 -0.00199  7.41027e-02
 64 -0.65489  7.66011e-02 | 65 -0.04808 -1.23142e+00 | 66  0.28175  6.90099e-01
 67  0.44424 -4.74785e+00 | 68  0.04533 -6.25406e-01 | 69  0.21890  7.34133e-01
 70  0.55942  4.49264e-01 | 71  0.02182 -5.42397e-01 | 72  0.31917 -1.05259e+00
 73  0.51634 -8.49079e-01 | 74 -0.00544  8.41138e-02 | 75 -0.57966 -1.39538e-01
 76 -0.19815  2.22772e-01 | 77  0.24241  1.64374e+00 | 78  0.54546  1.63940e+00
 79  0.18117 -3.14129e-01 | 80  0.34843  2.87085e-01 | 81  0.30174  1.45616e-01
 82  0.02277  1.47576e+00 | 83 -0.08081 -1.47938e+01 | 84  0.11806  2.97963e-01
 85  0.27447  8.93563e+00 | 86  0.50689 -1.49674e+01 | 87  0.04174  8.23156e-02
 88  0.22485 -8.17530e-01 | 89  0.43932  8.16829e-01 |

Intermediate statistics: 89 variables; iteration 20; function evaluation 22; phase 5
Function value 9.0028312e+02; maximum gradient component mag 5.9429e+01
Var    Value     Gradient |Var    Value     Gradient |Var    Value     Gradient
  1 -0.51220 -3.04910e+00 |  2 -0.00072 -3.77489e-02 |  3 -0.00019 -1.25528e-02
  4 -0.00023 -1.87920e-02 |  5 -0.00028 -2.77671e-02 |  6 -0.00034 -4.10838e-02
  7 -0.00042 -6.18009e-02 |  8 -0.00049 -9.68678e-02 |  9 -0.00056 -1.52699e-01
 10 -0.00059 -2.47699e-01 | 11 -0.00051 -4.10917e-01 | 12 -0.00021 -6.94994e-01
 13  0.00056 -1.18614e+00 | 14  0.00203 -1.98092e+00 | 15  0.00425 -3.11621e+00
 16  0.00276 -3.87241e+00 | 17 -0.01988 -2.05854e+00 | 18 -0.02188 -1.88619e+00
 19 -0.03222 -1.27378e+00 | 20 -0.05326 -3.32621e-01 | 21 -0.03536  1.10587e+00
 22  0.05365  4.28009e+00 | 23  0.01214  3.44142e+00 | 24 -0.00816  2.66133e+00
 25  0.08275  2.92250e+00 | 26  0.02187  4.06088e-01 | 27 -0.00809  5.35167e-01
 28  0.02199  1.95120e-01 | 29  0.00689  6.80524e-01 | 30 -0.01347  2.35451e+00
 31 -0.01631  1.74695e+00 | 32 -0.02771  1.75680e+00 | 33 -0.01954  5.16940e-01
 34  0.01894 -3.52379e+00 | 35 -0.01874 -3.50662e+00 | 36 -0.00464  1.18394e+00
 37  0.06627 -2.97146e+00 | 38 -0.07159 -1.93289e+00 | 39  0.00549  7.59101e-01
 40  0.06422 -2.97239e-01 | 41 -0.00767  2.09977e+00 | 42 -0.01419 -3.92530e-01
 43 -0.01485 -1.29565e+00 | 44  0.00828 -1.47931e+00 | 45  0.04263  1.46073e+00
 46  0.03840  4.54141e+00 | 47  0.00004 -3.38337e-01 | 48 -0.01168 -1.52113e+00
 49 -0.00954 -1.08875e+00 | 50 -0.01166  1.31816e+00 | 51 -0.04683  3.35273e+00
 52  0.00492 -6.15718e-01 | 53 -0.01048  2.52533e+00 | 54 -0.01194 -1.79138e+00
 55  0.03532  3.23947e+00 | 56  0.03031 -2.78237e+00 | 57  0.04210 -2.75536e-01
 58  0.02766 -2.58560e+00 | 59 -0.03676  1.76995e+00 | 60 -0.01098  3.19786e+00
 61 -0.01997  1.44908e+00 | 62 -0.02308  5.21107e-01 | 63 -0.00239  1.96985e-01
 64 -0.65248  2.49246e-01 | 65 -0.05178 -5.72826e+01 | 66  0.28107  5.94290e+01
 67  0.44423 -1.90944e+01 | 68  0.04310 -3.90483e+00 | 69  0.21818  4.63173e+00
 70  0.55633  2.69625e-02 | 71  0.01830  5.83073e+00 | 72  0.31839 -1.06833e+01
 73  0.51655  1.73567e+00 | 74 -0.00753 -1.43576e-01 | 75 -0.57941  9.87971e-02
 76 -0.20603  1.88336e+00 | 77  0.23869  1.52853e+00 | 78  0.54730  2.75386e+00
 79  0.17491  9.70457e+00 | 80  0.35088  9.73822e-01 | 81  0.29920 -2.16171e+01
 82  0.02196  1.51482e+00 | 83 -0.07562  7.44402e+00 | 84  0.07602  4.09443e+00
 85  0.27701 -2.24176e+00 | 86  0.51734  5.29566e+00 | 87  0.04011  1.63311e+01
 88  0.22371 -1.88837e+01 | 89  0.43778  1.90488e+00 |
89 variables; iteration 40; function evaluation 42; phase 5
Function value 9.0022085e+02; maximum gradient component mag -4.5575e+01
Var    Value     Gradient |Var    Value     Gradient |Var    Value     Gradient
  1 -0.50785 -3.86124e+00 |  2  0.00012  2.16135e-01 |  3  0.00003  5.58194e-02
  4  0.00005  6.57575e-02 |  5  0.00006  7.75849e-02 |  6  0.00009  9.21218e-02
  7  0.00012  1.07215e-01 |  8  0.00019  1.12092e-01 |  9  0.00029  1.09984e-01
 10  0.00046  7.27689e-02 | 11  0.00078 -3.06783e-02 | 12  0.00136 -2.66842e-01
 13  0.00241 -7.62847e-01 | 14  0.00415 -1.66745e+00 | 15  0.00656 -3.02191e+00
 16  0.00708 -2.98722e+00 | 17 -0.01883 -1.24462e+00 | 18 -0.02126 -1.02105e+00
 19 -0.03242 -9.23791e-01 | 20 -0.05339 -2.02353e-01 | 21 -0.03520  8.66591e-01
 22  0.05139  1.33561e+00 | 23  0.01058  1.04969e+00 | 24 -0.00916  1.08295e+00
 25  0.08183  1.50877e+00 | 26  0.02074  2.07696e-01 | 27 -0.00943  2.17847e-01
 28  0.02235  5.23675e-01 | 29  0.00575  7.30278e-01 | 30 -0.01485  1.48034e+00
 31 -0.01692  1.07120e+00 | 32 -0.02733  1.67512e+00 | 33 -0.01922  5.62856e-01
 34  0.01951 -2.79062e+00 | 35 -0.01797 -2.63603e+00 | 36 -0.00457  6.03459e-01
 37  0.06646 -3.68304e+00 | 38 -0.07093 -1.58709e+00 | 39  0.00544 -1.00712e+00
 40  0.06479 -4.26098e-01 | 41 -0.00775  2.83801e-01 | 42 -0.01411 -1.44812e+00
 43 -0.01440 -3.13398e-01 | 44  0.00932  2.69463e+00 | 45  0.04312  2.70369e+00
 46  0.03782 -3.23245e-01 | 47  0.00024 -2.04310e+00 | 48 -0.01138 -7.29858e-01
 49 -0.00903  1.74432e+00 | 50 -0.01105  3.63273e+00 | 51 -0.04711  2.33835e+00
 52  0.00530 -8.41100e-01 | 53 -0.01085 -3.71184e-02 | 54 -0.01159 -1.91789e+00
 55  0.03549  3.85008e+00 | 56  0.03095 -8.06591e-01 | 57  0.04201 -1.26109e+00
 58  0.02797 -2.69500e+00 | 59 -0.03680  1.21928e+00 | 60 -0.01065  3.47526e+00
 61 -0.01961  1.96257e+00 | 62 -0.02289  4.26305e-01 | 63 -0.00172  2.09524e-01
 64 -0.56662  4.52021e-01 | 65 -0.05235 -4.55751e+01 | 66  0.28068  4.07270e+01
 67  0.44456 -1.48548e+01 | 68  0.04288 -6.24070e+00 | 69  0.21819  6.81177e+00
 70  0.55560 -8.43738e-01 | 71  0.01757 -3.97731e+00 | 72  0.31840  1.07998e+00
 73  0.51654 -2.53571e+00 | 74 -0.01324 -4.75835e-01 | 75 -0.60303 -8.98006e-01
 76 -0.20825  8.81854e-01 | 77  0.23714  4.46005e-01 | 78  0.54774  1.07290e+00
 79  0.17666  5.79507e+00 | 80  0.35191  1.64774e+00 | 81  0.30082 -8.86025e+00
 82  0.02037  1.54255e+00 | 83 -0.07521  7.36773e+00 | 84  0.06794  3.71030e+00
 85  0.27722 -2.32705e+00 | 86  0.51971  7.56767e+00 | 87  0.04050  7.91346e+00
 88  0.22456 -8.32507e+00 | 89  0.43632 -3.72501e-01 |
89 variables; iteration 60; function evaluation 64; phase 5
Function value 9.0016371e+02; maximum gradient component mag -2.2735e+01
Var    Value     Gradient |Var    Value     Gradient |Var    Value     Gradient
  1 -0.50421 -3.75332e+00 |  2 -0.00206 -5.06919e-01 |  3 -0.00055 -1.36192e-01
  4 -0.00067 -1.67993e-01 |  5 -0.00082 -2.08704e-01 |  6 -0.00101 -2.62740e-01
  7 -0.00125 -3.31759e-01 |  8 -0.00146 -4.06075e-01 |  9 -0.00171 -5.03926e-01
 10 -0.00182 -6.02631e-01 | 11 -0.00166 -6.91345e-01 | 12 -0.00083 -7.24411e-01
 13  0.00150 -5.85806e-01 | 14  0.00592 -2.69667e-01 | 15  0.00872 -1.01776e+00
 16  0.00968 -3.77066e-01 | 17 -0.01803  2.66053e-01 | 18 -0.02043  2.53335e-01
 19 -0.03162 -4.40940e-02 | 20 -0.05294  1.15436e-01 | 21 -0.03533  4.27669e-01
 22  0.05138  2.02380e-01 | 23  0.01053  7.58677e-02 | 24 -0.00907  3.96638e-01
 25  0.08253  7.76046e-01 | 26  0.02047 -3.93763e-01 | 27 -0.00992 -3.84379e-01
 28  0.02320  3.64803e-01 | 29  0.00657  1.35606e+00 | 30 -0.01632 -8.40989e-01
 31 -0.01667  1.01448e-01 | 32 -0.02764  7.18739e-01 | 33 -0.02000 -1.34586e-01
 34  0.01994 -1.43401e+00 | 35 -0.01691 -2.74486e-01 | 36 -0.00545 -3.45340e-01
 37  0.06667 -2.73844e+00 | 38 -0.07097 -1.51101e+00 | 39  0.00542 -1.66033e+00
 40  0.06479 -2.07209e+00 | 41 -0.00826 -1.63544e+00 | 42 -0.01362 -6.50837e-01
 43 -0.01367  9.32659e-01 | 44  0.00859 -1.76024e-01 | 45  0.04303  4.24780e-01
 46  0.03760 -1.50734e+00 | 47  0.00052 -7.83049e-01 | 48 -0.01151  1.77893e-01
 49 -0.00917  1.47115e+00 | 50 -0.01132  1.72200e+00 | 51 -0.04762  4.99675e-01
 52  0.00549 -5.40195e-02 | 53 -0.01107 -1.13185e-01 | 54 -0.01091  1.70472e-01
 55  0.03486  1.76941e+00 | 56  0.03157  1.83932e+00 | 57  0.04190  5.26919e-01
 58  0.02888  7.46279e-01 | 59 -0.03799 -5.47701e-01 | 60 -0.01054  2.57659e+00
 61 -0.02014  2.48642e-01 | 62 -0.02345 -3.15272e-01 | 63 -0.00304 -3.41670e-01
 64 -0.56450  1.67229e-01 | 65 -0.05227 -2.27348e+01 | 66  0.28059  1.62548e+01
 67  0.44432 -9.71229e+00 | 68  0.04240 -6.94153e+00 | 69  0.21790  6.40969e+00
 70  0.55559 -1.14693e+00 | 71  0.01714 -1.05860e+01 | 72  0.31846  1.03079e+01
 73  0.51644 -5.54507e+00 | 74 -0.00799 -6.53191e-02 | 75 -0.58036  8.17191e-02
 76 -0.21004  2.02381e-01 | 77  0.23637  1.19281e-01 | 78  0.54781 -2.25086e-01
 79  0.17467 -7.50539e-01 | 80  0.35369  1.62269e-01 | 81  0.30066  2.57560e+00
 82  0.01894 -5.23732e-01 | 83 -0.07371  9.00405e+00 | 84  0.05930  3.52425e+00
 85  0.27800 -1.99864e+00 | 86  0.52074  8.79761e+00 | 87  0.03934 -1.72864e+00
 88  0.22436  1.69180e+00 | 89  0.43755 -8.55390e-02 |
89 variables; iteration 80; function evaluation 92; phase 5
Function value 9.0011099e+02; maximum gradient component mag -1.0992e+01
Var    Value     Gradient |Var    Value     Gradient |Var    Value     Gradient
  1 -0.49061 -2.18561e+00 |  2 -0.00072  6.98138e-03 |  3 -0.00014  1.80847e-02
  4 -0.00017  2.17578e-02 |  5 -0.00021  2.56499e-02 |  6 -0.00025  3.07098e-02
  7 -0.00030  3.63639e-02 |  8 -0.00031  4.68142e-02 |  9 -0.00029  6.53460e-02
 10 -0.00011  1.06558e-01 | 11  0.00036  1.82499e-01 | 12  0.00122  2.57264e-01
 13  0.00216  1.02897e-01 | 14  0.00620  6.19042e-01 | 15  0.00992  6.28075e-01
 16  0.00716  1.35853e-01 | 17 -0.02049 -4.99626e-01 | 18 -0.01830  1.28328e+00
 19 -0.03297 -8.27033e-01 | 20 -0.05292 -1.03251e-01 | 21 -0.03519  2.45424e-01
 22  0.05224  5.33866e-02 | 23  0.01037 -4.63571e-01 | 24 -0.00831  1.06087e-01
 25  0.08201 -5.51160e-01 | 26  0.02193  6.29208e-01 | 27 -0.00960 -1.37091e-01
 28  0.02394  2.91869e-01 | 29  0.00649  5.78481e-01 | 30 -0.01537 -4.04220e-02
 31 -0.01510  6.88711e-01 | 32 -0.02852  8.58671e-03 | 33 -0.02005  7.60567e-02
 34  0.02011 -3.52434e-01 | 35 -0.01702 -2.55155e-01 | 36 -0.00601 -7.84136e-01
 37  0.06658 -1.43747e+00 | 38 -0.07081 -2.00022e-01 | 39  0.00529 -9.08533e-01
 40  0.06465 -1.37509e+00 | 41 -0.00799 -4.27685e-01 | 42 -0.01369 -4.95750e-01
 43 -0.01423 -3.07206e-01 | 44  0.00861 -3.70626e-01 | 45  0.04273 -5.00023e-01
 46  0.03763 -3.47657e-01 | 47  0.00029 -9.72293e-02 | 48 -0.01181 -4.53251e-02
 49 -0.00939  5.72790e-01 | 50 -0.01181 -8.63029e-02 | 51 -0.04754  8.53004e-01
 52  0.00531 -5.80797e-02 | 53 -0.01110  3.64909e-01 | 54 -0.01099  2.92096e-01
 55  0.03467  6.64256e-01 | 56  0.03132  6.61662e-01 | 57  0.04196  7.51324e-01
 58  0.02861  8.06450e-01 | 59 -0.03725  5.99219e-01 | 60 -0.01154  1.04425e-01
 61 -0.01985  6.95515e-01 | 62 -0.02280  6.04711e-01 | 63 -0.00379 -5.34613e-01
 64 -0.60773 -9.41469e-02 | 65 -0.05287 -1.09917e+01 | 66  0.28041  7.15665e+00
 67  0.44413 -5.44818e+00 | 68  0.04214 -3.28847e+00 | 69  0.21789  3.53061e+00
 70  0.55436 -9.76013e-01 | 71  0.01612 -6.53017e+00 | 72  0.31819  5.63167e+00
 73  0.51660 -2.99720e+00 | 74 -0.00828  3.16088e-01 | 75 -0.58320 -7.66243e-02
 76 -0.21153 -1.27018e-01 | 77  0.23551  4.27090e-02 | 78  0.54768 -6.59482e-02
 79  0.17176 -1.27227e+00 | 80  0.35317 -7.00964e-02 | 81  0.29974  2.21651e+00
 82  0.02029 -2.49427e-01 | 83 -0.07226  4.55604e+00 | 84  0.03594  1.36727e+00
 85  0.27871 -1.13620e+00 | 86  0.52315  4.81719e+00 | 87  0.03870 -2.15809e+00
 88  0.22416  1.89015e+00 | 89  0.43697 -5.59245e-01 |
89 variables; iteration 100; function evaluation 128; phase 5
Function value 9.0007316e+02; maximum gradient component mag -1.4068e+00
Var    Value     Gradient |Var    Value     Gradient |Var    Value     Gradient
  1 -0.44852 -4.55582e-01 |  2 -0.00044  9.08995e-02 |  3  0.00002  7.15914e-02
  4 -0.00067 -1.60234e-01 |  5 -0.00025  2.20078e-03 |  6 -0.00070 -1.36071e-01
  7 -0.00026  3.51507e-02 |  8 -0.00063 -8.37180e-02 |  9 -0.00035  1.44018e-02
 10 -0.00009  6.70309e-02 | 11 -0.00006 -3.70285e-02 | 12  0.00087  2.11763e-02
 13  0.00235 -2.00072e-02 | 14  0.00527 -7.98950e-03 | 15  0.00947 -5.39296e-03
 16  0.00843  7.14591e-03 | 17 -0.01892 -1.64819e-02 | 18 -0.02084 -1.15570e-02
 19 -0.03137  1.64913e-02 | 20 -0.05303 -1.67821e-02 | 21 -0.03572 -2.23903e-02
 22  0.05195  3.06591e-03 | 23  0.01110 -5.92991e-02 | 24 -0.00888  3.37110e-02
 25  0.08273 -5.59103e-02 | 26  0.02097 -4.33196e-02 | 27 -0.00967 -2.73831e-02
 28  0.02411 -7.26271e-02 | 29  0.00620 -9.88227e-02 | 30 -0.01531 -6.76962e-02
 31 -0.01542 -1.10019e-01 | 32 -0.02782 -1.32537e-01 | 33 -0.02033 -7.69775e-02
 34  0.02019 -1.38623e-02 | 35 -0.01686  5.43016e-03 | 36 -0.00591  1.16693e-02
 37  0.06671  1.02247e-01 | 38 -0.07130  4.48892e-02 | 39  0.00539  1.18977e-01
 40  0.06481  1.33733e-01 | 41 -0.00787  8.85210e-03 | 42 -0.01365 -3.00193e-02
 43 -0.01419 -5.47702e-02 | 44  0.00869 -3.91017e-02 | 45  0.04286 -3.85410e-02
 46  0.03757 -4.92192e-02 | 47  0.00006 -3.36002e-02 | 48 -0.01184  3.27447e-03
 49 -0.00961 -2.30029e-02 | 50 -0.01168  1.27301e-02 | 51 -0.04788 -2.54567e-02
 52  0.00545  7.79049e-02 | 53 -0.01115  3.91943e-02 | 54 -0.01098  4.64666e-02
 55  0.03466  1.86148e-02 | 56  0.03134  4.25417e-02 | 57  0.04201  9.37287e-02
 58  0.02848  8.30487e-02 | 59 -0.03756  5.00614e-02 | 60 -0.01144  8.59443e-02
 61 -0.02015  4.68078e-02 | 62 -0.02342  7.02117e-03 | 63 -0.00217  8.45227e-04
 64 -0.60708  4.26902e-03 | 65 -0.05403 -1.40678e+00 | 66  0.28011  1.02764e+00
 67  0.44404 -6.96962e-01 | 68  0.04086 -4.69600e-01 | 69  0.21723  4.11078e-01
 70  0.55366 -5.24600e-02 | 71  0.01479 -6.91266e-01 | 72  0.31798  6.67859e-01
 73  0.51654 -4.48413e-01 | 74 -0.01009 -2.40125e-02 | 75 -0.58466  2.89319e-03
 76 -0.21394 -7.87781e-02 | 77  0.23421  5.59537e-02 | 78  0.54752 -4.30881e-02
 79  0.16933 -9.89074e-02 | 80  0.35264 -2.84154e-02 | 81  0.29916  1.70996e-01
 82  0.02114 -1.67971e-02 | 83 -0.06893 -1.32872e+00 | 84 -0.02037 -4.34310e-01
 85  0.28033  6.60700e-01 | 86  0.52715 -1.09625e+00 | 87  0.03770 -2.12529e-01
 88  0.22379  1.86970e-01 | 89  0.43665 -4.86325e-02 |
89 variables; iteration 120; function evaluation 153; phase 5
Function value 9.0005337e+02; maximum gradient component mag 1.0966e-01
Var    Value     Gradient |Var    Value     Gradient |Var    Value     Gradient
  1 -0.24050 -6.19733e-04 |  2 -0.00071 -8.13152e-04 |  3 -0.00018  1.37152e-03
  4 -0.00023 -3.02598e-03 |  5 -0.00026 -8.69306e-04 |  6 -0.00032 -4.22454e-03
  7 -0.00036  3.92930e-03 |  8 -0.00039  1.75089e-03 |  9 -0.00041 -4.39825e-03
 10 -0.00028  3.84997e-03 | 11  0.00004  6.53482e-04 | 12  0.00080  5.50659e-04
 13  0.00240  1.10998e-04 | 14  0.00528  1.16904e-03 | 15  0.00946  1.76471e-03
 16  0.00840  1.64910e-03 | 17 -0.01896  2.70561e-04 | 18 -0.02091  1.75872e-03
 19 -0.03152  1.34632e-04 | 20 -0.05311 -2.26598e-05 | 21 -0.03577  8.01955e-04
 22  0.05187  6.21501e-04 | 23  0.01121  7.39233e-04 | 24 -0.00900  4.53205e-04
 25  0.08280  1.76339e-03 | 26  0.02086  2.74115e-03 | 27 -0.00985  2.51156e-03
 28  0.02421  4.11120e-03 | 29  0.00620  5.98290e-03 | 30 -0.01547  6.26374e-03
 31 -0.01552  7.78555e-03 | 32 -0.02789  7.59129e-03 | 33 -0.02007  4.57696e-03
 34  0.02029 -1.64719e-03 | 35 -0.01684 -3.69340e-03 | 36 -0.00571 -6.11111e-03
 37  0.06678 -1.54622e-02 | 38 -0.07136 -6.21568e-03 | 39  0.00545 -1.22312e-02
 40  0.06496 -1.60833e-02 | 41 -0.00798 -5.33878e-03 | 42 -0.01355 -2.03997e-03
 43 -0.01413 -1.25779e-03 | 44  0.00875 -1.27055e-03 | 45  0.04293 -1.19841e-03
 46  0.03758 -1.85449e-03 | 47  0.00000 -1.21275e-03 | 48 -0.01187  9.29329e-05
 49 -0.00960  8.51845e-04 | 50 -0.01167  7.43218e-04 | 51 -0.04786  1.21373e-03
 52  0.00547  1.66429e-03 | 53 -0.01112  1.60599e-03 | 54 -0.01096  1.48965e-03
 55  0.03471  2.12845e-03 | 56  0.03139  2.53927e-03 | 57  0.04206  3.37211e-03
 58  0.02846  3.23057e-03 | 59 -0.03761  2.09956e-03 | 60 -0.01145  2.42244e-03
 61 -0.02021  2.58900e-03 | 62 -0.02350  1.14051e-03 | 63 -0.00217 -1.49953e-04
 64 -0.61221 -4.41593e-04 | 65 -0.05462 -5.64673e-02 | 66  0.27996  3.99740e-02
 67  0.44399 -2.66467e-02 | 68  0.04040 -1.85993e-02 | 69  0.21705  1.69042e-02
 70  0.55309 -3.76966e-03 | 71  0.01405 -2.90612e-02 | 72  0.31784  2.58523e-02
 73  0.51658 -1.57807e-02 | 74 -0.01055 -1.71889e-05 | 75 -0.58536 -6.94223e-05
 76 -0.21500 -2.28097e-03 | 77  0.23369  1.34691e-03 | 78  0.54747 -1.26819e-03
 79  0.16799 -5.35062e-03 | 80  0.35286 -9.43701e-04 | 81  0.29883  8.86302e-03
 82  0.02125 -9.47625e-04 | 83 -0.07234  1.09660e-01 | 84  0.01455  1.24510e-02
 85  0.27895 -4.12294e-02 | 86  0.52471  9.79568e-02 | 87  0.03722 -9.36904e-03
 88  0.22363  7.51499e-03 | 89  0.43647 -2.42898e-03 |

 - final statistics:
89 variables; iteration 135; function evaluation 168
Function value 9.0005e+02; maximum gradient component mag -5.1962e-05
Exit code = 1;  converg criter 1.0000e-04
Var    Value     Gradient |Var    Value     Gradient |Var    Value     Gradient
  1  0.03578 -2.68204e-08 |  2 -0.00071 -5.96862e-06 |  3 -0.00019 -9.18352e-07
  4 -0.00022 -1.66642e-07 |  5 -0.00026 -8.34460e-07 |  6 -0.00031  1.14468e-06
  7 -0.00037  2.37277e-06 |  8 -0.00039  3.01602e-06 |  9 -0.00039  1.03763e-06
 10 -0.00029 -1.09752e-06 | 11  0.00004  1.68055e-06 | 12  0.00080 -1.38580e-06
 13  0.00240  3.74358e-06 | 14  0.00528  3.32548e-06 | 15  0.00946  4.40507e-06
 16  0.00840  2.56402e-06 | 17 -0.01895  2.51884e-06 | 18 -0.02092  2.49707e-06
 19 -0.03152 -1.99354e-06 | 20 -0.05311  9.76128e-07 | 21 -0.03577  1.78386e-06
 22  0.05187 -2.67934e-06 | 23  0.01121  2.96373e-06 | 24 -0.00900 -5.90352e-06
 25  0.08280 -2.70500e-06 | 26  0.02086 -2.23409e-06 | 27 -0.00985 -1.97073e-06
 28  0.02421 -3.04086e-06 | 29  0.00620 -1.42701e-06 | 30 -0.01547 -4.58627e-06
 31 -0.01553 -4.11646e-06 | 32 -0.02789 -2.48763e-06 | 33 -0.02006 -3.87575e-06
 34  0.02029 -2.65869e-06 | 35 -0.01684  9.91214e-07 | 36 -0.00570 -5.08515e-08
 37  0.06678  2.58215e-07 | 38 -0.07136  1.62251e-06 | 39  0.00545  2.63871e-06
 40  0.06496  2.32297e-06 | 41 -0.00798  1.39692e-06 | 42 -0.01355 -2.67089e-06
 43 -0.01413  7.73094e-07 | 44  0.00875 -6.85400e-07 | 45  0.04293  3.73923e-07
 46  0.03758 -6.67847e-07 | 47  0.00000 -1.07673e-06 | 48 -0.01187 -4.34231e-07
 49 -0.00960  2.87687e-06 | 50 -0.01167  1.01102e-06 | 51 -0.04786  4.68840e-06
 52  0.00547 -1.02667e-06 | 53 -0.01112  1.81222e-06 | 54 -0.01096 -2.07507e-07
 55  0.03471  3.70016e-06 | 56  0.03139  2.07059e-06 | 57  0.04206  1.46931e-06
 58  0.02846  1.57477e-06 | 59 -0.03761  1.79658e-06 | 60 -0.01145  1.51744e-06
 61 -0.02021  3.58735e-06 | 62 -0.02350  2.37124e-06 | 63 -0.00217 -1.15116e-07
 64 -0.61215 -1.16997e-06 | 65 -0.05462 -5.19617e-05 | 66  0.27996  3.64348e-05
 67  0.44399 -2.25809e-05 | 68  0.04040 -1.25503e-05 | 69  0.21705  1.41057e-05
 70  0.55309 -5.41085e-06 | 71  0.01405 -2.41650e-05 | 72  0.31784  1.59555e-05
 73  0.51658 -9.68628e-06 | 74 -0.01055  1.50342e-06 | 75 -0.58536 -2.87561e-07
 76 -0.21500  4.88499e-07 | 77  0.23368 -1.34819e-08 | 78  0.54747  2.54313e-07
 79  0.16799 -2.06183e-06 | 80  0.35285  2.78676e-07 | 81  0.29883  3.73971e-06
 82  0.02126 -7.80050e-07 | 83 -0.07238 -3.84517e-05 | 84  0.01489 -2.82630e-06
 85  0.27893  1.73236e-05 | 86  0.52468 -2.99052e-05 | 87  0.03722 -4.80980e-06
 88  0.22363  2.72049e-06 | 89  0.43647 -1.90342e-06 |

 - final statistics:
90 variables; iteration 0; function evaluation 0
Function value 9.0005e+02; maximum gradient component mag -5.1962e-05
Exit code = 0;  converg criter 1.0000e-04
Var    Value     Gradient |Var    Value     Gradient |Var    Value     Gradient
  1  0.03578 -2.68207e-08 |  2 -0.00071 -5.96862e-06 |  3 -0.00019 -9.18352e-07
  4 -0.00022 -1.66642e-07 |  5 -0.00026 -8.34460e-07 |  6 -0.00031  1.14468e-06
  7 -0.00037  2.37277e-06 |  8 -0.00039  3.01602e-06 |  9 -0.00039  1.03763e-06
 10 -0.00029 -1.09752e-06 | 11  0.00004  1.68055e-06 | 12  0.00080 -1.38580e-06
 13  0.00240  3.74358e-06 | 14  0.00528  3.32548e-06 | 15  0.00946  4.40507e-06
 16  0.00840  2.56402e-06 | 17 -0.01895  2.45510e-06 | 18 -0.02092  2.43333e-06
 19 -0.03152 -2.05724e-06 | 20 -0.05311  9.12577e-07 | 21 -0.03577  1.72019e-06
 22  0.05187 -2.74291e-06 | 23  0.01121  2.89997e-06 | 24 -0.00900 -5.96729e-06
 25  0.08280 -2.76824e-06 | 26  0.02086 -2.29783e-06 | 27 -0.00985 -2.03449e-06
 28  0.02421 -3.10459e-06 | 29  0.00620 -1.49078e-06 | 30 -0.01547 -4.65002e-06
 31 -0.01553 -4.18022e-06 | 32 -0.02789 -2.55134e-06 | 33 -0.02006 -3.93949e-06
 34  0.02029 -2.72243e-06 | 35 -0.01684  9.27463e-07 | 36 -0.00570 -1.14622e-07
 37  0.06678  1.94792e-07 | 38 -0.07136  1.55914e-06 | 39  0.00545  2.57493e-06
 40  0.06496  2.25953e-06 | 41 -0.00798  1.33315e-06 | 42 -0.01355 -2.73465e-06
 43 -0.01413  7.09337e-07 | 44  0.00875 -7.49167e-07 | 45  0.04293  3.10295e-07
 46  0.03758 -7.31509e-07 | 47  0.00000 -1.14050e-06 | 48 -0.01187 -4.97993e-07
 49 -0.00960  2.81311e-06 | 50 -0.01167  9.47260e-07 | 51 -0.04786  4.62481e-06
 52  0.00547 -1.09044e-06 | 53 -0.01112  1.74845e-06 | 54 -0.01096 -2.71271e-07
 55  0.03471  3.63648e-06 | 56  0.03139  2.00689e-06 | 57  0.04206  1.40568e-06
 58  0.02846  1.51106e-06 | 59 -0.03761  1.73292e-06 | 60 -0.01145  1.45367e-06
 61 -0.02021  3.52361e-06 | 62 -0.02350  2.30751e-06 | 63 -0.00217 -1.78889e-07
 64  0.00000  0.00000e+00 | 65 -0.61215 -1.16997e-06 | 66 -0.05462 -5.19617e-05
 67  0.27996  3.64348e-05 | 68  0.44399 -2.25809e-05 | 69  0.04040 -1.25503e-05
 70  0.21705  1.41057e-05 | 71  0.55309 -5.41085e-06 | 72  0.01405 -2.41650e-05
 73  0.31784  1.59555e-05 | 74  0.51658 -9.68629e-06 | 75 -0.01055  1.50342e-06
 76 -0.58536 -2.87561e-07 | 77 -0.21500  4.88499e-07 | 78  0.23368 -1.34819e-08
 79  0.54747  2.54313e-07 | 80  0.16799 -2.06183e-06 | 81  0.35285  2.78675e-07
 82  0.29883  3.73971e-06 | 83  0.02126 -7.80051e-07 | 84 -0.07238 -3.84517e-05
 85  0.01489 -2.82630e-06 | 86  0.27893  1.73236e-05 | 87  0.52468 -2.99052e-05
 88  0.03722 -4.80980e-06 | 89  0.22363  2.72049e-06 | 90  0.43647 -1.90342e-06
Estimating row 1 out of 90 for hessian
Estimating row 2 out of 90 for hessian
Estimating row 3 out of 90 for hessian
Estimating row 4 out of 90 for hessian
Estimating row 5 out of 90 for hessian
Estimating row 6 out of 90 for hessian
Estimating row 7 out of 90 for hessian
Estimating row 8 out of 90 for hessian
Estimating row 9 out of 90 for hessian
Estimating row 10 out of 90 for hessian
Estimating row 11 out of 90 for hessian
Estimating row 12 out of 90 for hessian
Estimating row 13 out of 90 for hessian
Estimating row 14 out of 90 for hessian
Estimating row 15 out of 90 for hessian
Estimating row 16 out of 90 for hessian
Estimating row 17 out of 90 for hessian
Estimating row 18 out of 90 for hessian
Estimating row 19 out of 90 for hessian
Estimating row 20 out of 90 for hessian
Estimating row 21 out of 90 for hessian
Estimating row 22 out of 90 for hessian
Estimating row 23 out of 90 for hessian
Estimating row 24 out of 90 for hessian
Estimating row 25 out of 90 for hessian
Estimating row 26 out of 90 for hessian
Estimating row 27 out of 90 for hessian
Estimating row 28 out of 90 for hessian
Estimating row 29 out of 90 for hessian
Estimating row 30 out of 90 for hessian
Estimating row 31 out of 90 for hessian
Estimating row 32 out of 90 for hessian
Estimating row 33 out of 90 for hessian
Estimating row 34 out of 90 for hessian
Estimating row 35 out of 90 for hessian
Estimating row 36 out of 90 for hessian
Estimating row 37 out of 90 for hessian
Estimating row 38 out of 90 for hessian
Estimating row 39 out of 90 for hessian
Estimating row 40 out of 90 for hessian
Estimating row 41 out of 90 for hessian
Estimating row 42 out of 90 for hessian
Estimating row 43 out of 90 for hessian
Estimating row 44 out of 90 for hessian
Estimating row 45 out of 90 for hessian
Estimating row 46 out of 90 for hessian
Estimating row 47 out of 90 for hessian
Estimating row 48 out of 90 for hessian
Estimating row 49 out of 90 for hessian
Estimating row 50 out of 90 for hessian
Estimating row 51 out of 90 for hessian
Estimating row 52 out of 90 for hessian
Estimating row 53 out of 90 for hessian
Estimating row 54 out of 90 for hessian
Estimating row 55 out of 90 for hessian
Estimating row 56 out of 90 for hessian
Estimating row 57 out of 90 for hessian
Estimating row 58 out of 90 for hessian
Estimating row 59 out of 90 for hessian
Estimating row 60 out of 90 for hessian
Estimating row 61 out of 90 for hessian
Estimating row 62 out of 90 for hessian
Estimating row 63 out of 90 for hessian
Estimating row 64 out of 90 for hessian
Estimating row 65 out of 90 for hessian
Estimating row 66 out of 90 for hessian
Estimating row 67 out of 90 for hessian
Estimating row 68 out of 90 for hessian
Estimating row 69 out of 90 for hessian
Estimating row 70 out of 90 for hessian
Estimating row 71 out of 90 for hessian
Estimating row 72 out of 90 for hessian
Estimating row 73 out of 90 for hessian
Estimating row 74 out of 90 for hessian
Estimating row 75 out of 90 for hessian
Estimating row 76 out of 90 for hessian
Estimating row 77 out of 90 for hessian
Estimating row 78 out of 90 for hessian
Estimating row 79 out of 90 for hessian
Estimating row 80 out of 90 for hessian
Estimating row 81 out of 90 for hessian
Estimating row 82 out of 90 for hessian
Estimating row 83 out of 90 for hessian
Estimating row 84 out of 90 for hessian
Estimating row 85 out of 90 for hessian
Estimating row 86 out of 90 for hessian
Estimating row 87 out of 90 for hessian
Estimating row 88 out of 90 for hessian
Estimating row 89 out of 90 for hessian
Estimating row 90 out of 90 for hessian
size of file gradfil1.tmp = 123840000
size of file gradfil2.tmp = 0
size of file varssave.tmp = 0
size of file cmpdiff.tmp = 800000032
