
Initial statistics: 1 variables; iteration 0; function evaluation 0; phase 1
Function value 2.1983520e+06; maximum gradient component mag -1.3202e+06
Var    Value     Gradient |Var    Value     Gradient |Var    Value     Gradient
  1 -0.70368 -1.32020e+06 |

 - final statistics:
1 variables; iteration 2; function evaluation 10
Function value 3.6365e+03; maximum gradient component mag 5.0236e-01
Exit code = 1;  converg criter 1.0000e+01
Var    Value     Gradient |Var    Value     Gradient |Var    Value     Gradient
  1 -0.36577  5.02359e-01 |

Initial statistics: 9 variables; iteration 0; function evaluation 0; phase 2
Function value 3.6364935e+03; maximum gradient component mag 5.5061e+02
Var    Value     Gradient |Var    Value     Gradient |Var    Value     Gradient
  1 -0.36577  5.02359e-01 |  2  0.00000  1.01242e+01 |  3 -0.04813  2.46222e+02
  4  0.04422  5.50609e+02 |  5  0.02102  2.63574e+02 |  6  0.11444  1.15418e+02
  7 -0.19716 -4.65619e+02 |  8  0.17760 -6.67058e+01 |  9 -0.06799 -3.68436e+02

 - final statistics:
9 variables; iteration 12; function evaluation 27
Function value 3.5926e+03; maximum gradient component mag -2.6817e+00
Exit code = 1;  converg criter 1.0000e+01
Var    Value     Gradient |Var    Value     Gradient |Var    Value     Gradient
  1 -0.30602  2.66764e-02 |  2 -0.45330  2.58071e-01 |  3 -0.05163  1.41564e+00
  4  0.03136 -2.68171e+00 |  5  0.01200  9.82066e-01 |  6 -0.04733 -3.55112e-01
  7 -0.11330 -8.86270e-01 |  8  0.19106  1.23675e-01 |  9 -0.03354 -5.80141e-03

Initial statistics: 76 variables; iteration 0; function evaluation 0; phase 3
Function value 3.5926365e+03; maximum gradient component mag 5.2186e+02
Var    Value     Gradient |Var    Value     Gradient |Var    Value     Gradient
  1 -0.30602  2.66764e-02 |  2  0.00000  3.08108e+01 |  3  0.00000  5.32035e+01
  4  0.00000  7.07208e+01 |  5  0.00000  7.40663e+01 |  6  0.00000  3.45442e+01
  7  0.00000 -2.96550e+01 |  8  0.00000 -2.70173e+01 |  9  0.00000 -2.86858e+01
 10  0.00000 -6.56003e+01 | 11  0.00000 -5.84569e+01 | 12  0.00000  1.00772e+00
 13  0.00000  1.00402e+01 | 14  0.00000  8.31232e+00 | 15  0.00000  3.04351e+01
 16  0.00000  6.32110e+01 | 17  0.00000  7.73626e+01 | 18  0.00000  5.48887e+01
 19  0.00000 -6.18835e+00 | 20  0.00000  7.31119e+01 | 21  0.00000  8.77910e+00
 22  0.00000 -2.80899e+02 | 23  0.00000  1.48239e+02 | 24  0.00000  3.07171e+01
 25  0.00000 -3.14041e+02 | 26  0.00000 -1.49695e+01 | 27  0.00000  9.03419e+01
 28  0.00000  1.06446e+02 | 29  0.00000 -2.24987e+02 | 30  0.00000 -4.60566e+02
 31  0.00000 -4.42968e+02 | 32  0.00000 -5.22429e+01 | 33  0.00000  4.81799e+01
 34  0.00000  1.53018e+02 | 35  0.00000  2.17634e+02 | 36  0.00000  3.47228e+02
 37  0.00000  1.24677e+02 | 38  0.00000  1.57206e+02 | 39  0.00000  5.33338e+01
 40  0.00000 -1.92029e+02 | 41  0.00000 -2.38378e+02 | 42  0.00000 -2.68454e+02
 43  0.00000 -1.04146e+02 | 44  0.00000  1.55255e+02 | 45  0.00000  1.62790e+02
 46  0.00000  1.78413e+02 | 47  0.00000  1.41700e+02 | 48  0.00000  1.03612e+02
 49 -0.45330  2.58071e-01 | 50 -0.05163  1.41564e+00 | 51  0.28213  9.52664e+01
 52  0.44466  6.83736e+01 | 53  0.03136 -2.68171e+00 | 54  0.21824  8.28365e+01
 55  0.56040  1.22695e+02 | 56  0.01200  9.82066e-01 | 57  0.31510 -1.04399e+02
 58  0.51632 -4.69728e+01 | 59 -0.04733 -3.55112e-01 | 60 -0.41904 -1.65985e+00
 61  0.33042 -2.90205e+01 | 62  0.62903 -2.17699e+01 | 63 -0.11330 -8.86270e-01
 64  0.27945 -8.15739e+00 | 65  0.43663 -7.05098e+01 | 66  0.19106  1.23675e-01
 67  0.34997  1.08017e+01 | 68  0.30652  2.12691e+01 | 69  0.02023  1.14906e+01
 70 -0.03354 -5.80141e-03 | 71  0.00520  3.07259e+01 | 72  0.33042  5.21855e+02
 73  0.52774  1.78841e+02 | 74 -0.47611 -2.88297e+02 | 75  0.43675  3.10393e+02
 76  0.26064 -2.51598e+02 |

Intermediate statistics: 76 variables; iteration 20; function evaluation 26; phase 3
Function value 3.4193560e+03; maximum gradient component mag 1.1717e+03
Var    Value     Gradient |Var    Value     Gradient |Var    Value     Gradient
  1 -0.30743 -1.57896e-01 |  2 -0.01852 -1.42112e+01 |  3 -0.02546 -1.34428e+01
  4 -0.03698 -1.22254e+01 |  5 -0.05862 -1.11811e+01 |  6 -0.04627 -1.47098e+01
  7  0.04999 -1.34651e+01 |  8 -0.00457 -1.88409e+01 |  9 -0.02879 -2.10679e+01
 10  0.08211 -1.37653e+01 | 11  0.00656 -2.23404e+01 | 12 -0.01955 -2.27238e+01
 13  0.01222 -3.00806e+01 | 14 -0.00266 -3.61443e+01 | 15 -0.02463 -4.27335e+01
 16 -0.02715 -5.95339e+01 | 17 -0.04242 -7.25164e+01 | 18 -0.03539 -8.26499e+01
 19  0.03199 -5.74441e+01 | 20 -0.01418  7.90086e+00 | 21 -0.00633 -1.25760e+01
 22  0.05774 -2.58775e+01 | 23 -0.02122  4.34111e+01 | 24  0.00424  8.43850e+01
 25  0.06049  1.08491e+02 | 26  0.01256  9.86679e+01 | 27  0.00373  4.65866e+01
 28 -0.00844 -1.59702e+01 | 29  0.02557 -8.35579e+01 | 30  0.03922 -1.50184e+02
 31  0.04635 -1.68531e+02 | 32 -0.00006 -1.03011e+02 | 33  0.00404 -6.58044e+00
 34  0.00278  5.56628e+01 | 35  0.00155  1.11386e+02 | 36 -0.01411  1.37797e+02
 37  0.00860  4.89647e+01 | 38 -0.00502  3.61942e+01 | 39 -0.00245 -1.76262e+01
 40  0.02313 -6.43894e+01 | 41  0.02080 -8.23710e+01 | 42  0.02910 -7.28137e+01
 43  0.01392 -3.27437e+01 | 44 -0.01540  2.99977e+01 | 45 -0.00810  4.39211e+01
 46 -0.02479  1.16456e+01 | 47 -0.03167  9.40264e+00 | 48 -0.03424 -1.90317e+01
 49 -0.47134  2.42751e+00 | 50 -0.05283 -4.98032e+02 | 51  0.29564  1.17171e+03
 52  0.45612  1.48353e+02 | 53  0.02877 -6.40266e+02 | 54  0.22829  6.88960e+02
 55  0.52389 -5.95128e+01 | 56  0.01220  3.10803e+02 | 57  0.30871 -5.60599e+02
 58  0.51766  6.28681e+01 | 59 -0.03736  5.83028e+00 | 60 -0.41207 -2.63645e-01
 61  0.34686 -5.58522e+00 | 62  0.70130 -9.28983e-01 | 63 -0.21105 -1.10078e+01
 64  0.23801  1.35954e+01 | 65  0.54065 -7.57592e+00 | 66  0.16735 -8.42901e+01
 67  0.35261 -8.56661e+00 | 68  0.30902  1.76488e+02 | 69  0.02131 -7.57878e+00
 70 -0.09074 -7.77661e+02 | 71  0.00690 -7.54564e+01 | 72  0.31054  8.91157e+02
 73  0.51190 -3.96220e+02 | 74 -0.41515 -7.02529e+01 | 75  0.24150  1.33351e+02
 76  0.27564  5.88027e+01 |
76 variables; iteration 40; function evaluation 50; phase 3
Function value 3.3941519e+03; maximum gradient component mag 7.5386e+02
Var    Value     Gradient |Var    Value     Gradient |Var    Value     Gradient
  1 -0.36252 -1.28042e-01 |  2 -0.02627 -1.65209e+01 |  3 -0.02111 -1.53862e+01
  4 -0.03078 -1.52642e+01 |  5 -0.05277 -1.11643e+01 |  6 -0.02799 -9.14223e+00
  7  0.00761 -3.86506e+01 |  8  0.01625 -1.69864e+01 |  9  0.01527  3.31880e+00
 10  0.07952 -7.58155e+00 | 11  0.03114  9.21718e+00 | 12 -0.05672 -1.79032e+01
 13  0.07477  3.53392e+01 | 14 -0.00123 -3.16506e+00 | 15 -0.04765 -1.10569e+01
 16  0.01718  1.40520e+01 | 17 -0.02807 -8.22717e+00 | 18 -0.02016 -2.12364e+01
 19  0.02247 -2.12197e+01 | 20 -0.01768  3.68235e+00 | 21 -0.00614 -3.35148e+00
 22  0.05806 -1.59200e+01 | 23 -0.02601  2.45076e+01 | 24 -0.00166  3.45143e+01
 25  0.05473  1.86349e+01 | 26  0.00110  1.03942e+01 | 27 -0.00821 -1.42418e+01
 28 -0.00915 -4.00471e+00 | 29  0.02517 -5.47013e+01 | 30  0.04022 -7.44636e+01
 31  0.05569 -3.23212e+01 | 32  0.00352 -5.71554e+01 | 33 -0.00588 -5.49715e+01
 34 -0.00174  1.34242e+01 | 35 -0.00534  5.75189e+01 | 36 -0.02325  8.90531e+01
 37  0.00658  4.80211e+01 | 38 -0.01128  3.53763e+01 | 39  0.00169  4.93785e+01
 40  0.02520 -2.95147e+00 | 41  0.02002 -4.63608e+01 | 42  0.02900 -3.78010e+01
 43  0.01139 -2.65202e+01 | 44 -0.02586 -9.92251e+00 | 45 -0.01851  4.12570e+00
 46 -0.02811  9.68080e+00 | 47 -0.08190 -1.14646e+02 | 48 -0.02399  1.32862e+01
 49 -1.08042 -2.32922e-01 | 50 -0.05394 -3.06333e+02 | 51  0.29045  7.53863e+02
 52  0.45079  1.08832e+02 | 53  0.04413 -4.18727e+02 | 54  0.23467  5.13265e+02
 55  0.50214 -8.33015e+01 | 56  0.00687  2.26324e+02 | 57  0.30929 -4.20408e+02
 58  0.52267  6.66896e+01 | 59 -0.54330  1.46197e+01 | 60 -0.23938 -7.77514e+00
 61 -0.16628 -6.97276e+00 | 62  1.12580  1.45168e+01 | 63 -0.31467 -2.10474e+01
 64  0.18890  3.38847e+01 | 65  0.64445  2.31033e+01 | 66  0.17152 -4.85392e+01
 67  0.39540  5.49346e+00 | 68  0.30966  1.25865e+02 | 69 -0.01195 -1.39191e+00
 70 -0.09885 -3.81727e+02 | 71  0.11683 -6.19084e+01 | 72  0.29381  5.40349e+02
 73  0.50450 -1.26725e+02 | 74 -0.42115 -3.26690e+01 | 75  0.23018  9.58440e+01
 76  0.28573  7.17514e+01 |
76 variables; iteration 60; function evaluation 74; phase 3
Function value 3.3688385e+03; maximum gradient component mag 3.2022e+02
Var    Value     Gradient |Var    Value     Gradient |Var    Value     Gradient
  1 -0.53239 -3.05540e+01 |  2 -0.02369 -3.94935e+00 |  3 -0.03599 -1.41421e+01
  4 -0.04907 -1.85916e+01 |  5 -0.06784 -1.64681e+01 |  6 -0.04045 -8.99437e+00
  7  0.02750 -9.90678e+00 |  8  0.03656  1.76216e+01 |  9 -0.00029  5.29070e+00
 10  0.04819 -2.48336e+01 | 11  0.00937 -1.61884e+01 | 12 -0.01984 -4.54997e+00
 13  0.04182  1.66547e+01 | 14 -0.02051 -2.07288e+01 | 15 -0.01090 -4.88267e-01
 16 -0.01243 -8.76670e+00 | 17 -0.04412 -2.40101e+01 | 18 -0.02705 -2.60699e+01
 19  0.02539 -1.75296e+01 | 20 -0.02147 -2.36599e+01 | 21 -0.01611 -2.95063e+01
 22  0.06953  2.99848e+01 | 23 -0.01914  4.74081e+01 | 24 -0.00049  2.21623e+01
 25  0.06401  3.34370e+01 | 26  0.00331 -1.86706e+01 | 27 -0.00176  1.02127e+00
 28  0.00582  6.85444e+01 | 29  0.02227 -6.46869e+01 | 30  0.05941  6.72798e+01
 31  0.05722 -2.42164e+00 | 32  0.01151 -1.35644e+01 | 33  0.00525 -6.17770e+00
 34 -0.00785 -4.36080e+01 | 35 -0.00469  1.38724e+01 | 36 -0.02851  2.54150e+01
 37  0.00985  2.42486e+01 | 38 -0.01576 -2.76998e+01 | 39 -0.00220  3.22115e+00
 40  0.03523  5.09978e+01 | 41  0.02123 -3.57617e+01 | 42  0.03431  1.68454e+00
 43  0.02199  2.70737e+01 | 44 -0.02750 -2.82319e+01 | 45 -0.01706 -7.11227e+00
 46 -0.01901  4.31668e+01 | 47 -0.05110 -3.41390e+01 | 48 -0.02648  6.52515e+00
 49 -1.22683  6.23621e-01 | 50 -0.05631 -3.07387e+02 | 51  0.28126  3.20215e+02
 52  0.45051 -4.90381e+01 | 53  0.03696 -2.86665e+02 | 54  0.22225  2.56417e+02
 55  0.51621 -6.08785e+01 | 56  0.01199 -4.26443e+00 | 57  0.31500 -1.03339e+02
 58  0.51738 -4.12472e+01 | 59 -0.47174 -1.94606e-01 | 60  0.47445  7.68851e-01
 61  0.04288 -3.93724e+00 | 62  1.20538 -3.61799e-01 | 63 -0.19885  1.55385e+00
 64  0.23906 -6.16294e+00 | 65  0.53284 -1.03578e+01 | 66  0.17736 -5.02502e+01
 67  0.34564 -1.93996e+01 | 68  0.30760  9.10718e+01 | 69  0.01707 -2.15665e+01
 70 -0.08915 -1.32379e+02 | 71  0.09738 -3.38122e+01 | 72  0.26994  6.32400e+01
 73  0.51453 -8.27229e+01 | 74 -0.43884 -5.01194e+01 | 75  0.20499  8.44561e+01
 76  0.28875  6.38503e+01 |
Maximum number of function evaluations exceeded

 - final statistics:
76 variables; iteration 80; function evaluation 100
Function value 3.3560e+03; maximum gradient component mag 9.3860e+01
Exit code = 3;  converg criter 1.0000e+00
Var    Value     Gradient |Var    Value     Gradient |Var    Value     Gradient
  1 -0.54638  2.04722e+01 |  2 -0.02454  5.50272e-01 |  3 -0.02428 -1.54629e+00
  4 -0.03677 -5.21963e+00 |  5 -0.05749 -6.59077e+00 |  6 -0.05337 -1.19746e+01
  7  0.04987  5.98909e-01 |  8  0.01670  5.06301e+00 |  9 -0.01545 -1.55562e+00
 10  0.07428 -5.40137e+00 | 11  0.02044 -1.62990e+00 | 12 -0.00563  7.32939e+00
 13  0.01346 -3.83239e+00 | 14  0.00583 -1.76396e+00 | 15 -0.01760 -3.82325e+00
 16 -0.01832 -5.59343e+00 | 17 -0.02841 -8.70140e+00 | 18 -0.03282 -1.91935e+01
 19  0.01954 -1.31840e+01 | 20 -0.01923 -5.00098e+00 | 21 -0.00938  6.64645e-01
 22  0.06655  3.27533e+01 | 23 -0.03072  1.57609e+00 | 24 -0.00375  8.50794e+00
 25  0.06280  4.20511e+01 | 26  0.00606 -1.34202e+00 | 27 -0.00470 -1.29379e+01
 28 -0.01207 -2.27123e+00 | 29  0.03616  1.75541e+01 | 30  0.05116  4.10159e+01
 31  0.05877  2.86940e+01 | 32  0.01302  8.24008e+00 | 33  0.00323 -4.13476e+00
 34 -0.00485 -2.03312e+01 | 35 -0.00828 -8.95919e+00 | 36 -0.03649 -2.13073e+01
 37  0.00615 -4.40329e+00 | 38 -0.01427 -1.81056e+01 | 39 -0.00427 -8.52194e+00
 40  0.02922  1.90851e+01 | 41  0.02878  2.30608e+01 | 42  0.03488  2.46359e+01
 43  0.01872  1.41912e+01 | 44 -0.02529 -1.68515e+01 | 45 -0.01583 -5.99003e+00
 46 -0.02943 -2.97837e+00 | 47 -0.04127  3.59137e+00 | 48 -0.03912 -1.32310e+01
 49 -1.18182  6.74105e-01 | 50 -0.04970 -8.85084e+01 | 51  0.28085  1.85381e+01
 52  0.44503 -5.32183e+01 | 53  0.03877 -4.83459e+01 | 54  0.21763 -3.37933e+00
 55  0.52335 -1.64816e+01 | 56  0.01739 -9.19610e+01 | 57  0.32015  9.38600e+01
 58  0.51558 -5.85359e+01 | 59 -0.49167 -2.57724e+01 | 60  0.15716  1.61183e+00
 61  0.07229  1.44645e+01 | 62  1.20187 -1.82862e+00 | 63 -0.19322 -9.87523e+00
 64  0.24772  1.70600e+01 | 65  0.54437  1.09938e+00 | 66  0.19139 -7.96776e+00
 67  0.35400 -3.43436e-01 | 68  0.30961  3.25321e+01 | 69  0.01343 -2.56234e+00
 70 -0.08268 -7.53329e+01 | 71  0.09372 -2.14575e+01 | 72  0.27064  9.14033e+00
 73  0.51377 -5.87748e+01 | 74 -0.45236 -3.28213e+01 | 75  0.17281  4.45734e+01
 76  0.22638  6.61109e+01 |

Initial statistics: 92 variables; iteration 0; function evaluation 0; phase 4
Function value 3.3560445e+03; maximum gradient component mag 2.5974e+02
Var    Value     Gradient |Var    Value     Gradient |Var    Value     Gradient
  1 -0.54638  2.04722e+01 |  2  0.00000  4.79715e-01 |  3  0.00000  1.25415e-01
  4  0.00000  1.57230e-01 |  5  0.00000  2.00002e-01 |  6  0.00000  2.59272e-01
  7  0.00000  3.39262e-01 |  8  0.00000  4.36926e-01 |  9  0.00000  5.76129e-01
 10  0.00000  7.56935e-01 | 11  0.00000  1.00206e+00 | 12  0.00000  1.34276e+00
 13  0.00000  1.81616e+00 | 14  0.00000  2.47227e+00 | 15  0.00000  3.27482e+00
 16  0.00000  4.58746e+00 | 17 -0.02457 -3.70492e-01 | 18 -0.02432 -2.46707e+00
 19 -0.03681 -6.13952e+00 | 20 -0.05752 -7.50843e+00 | 21 -0.05341 -1.28927e+01
 22  0.04984 -3.19715e-01 | 23  0.01667  4.14188e+00 | 24 -0.01549 -2.47680e+00
 25  0.07425 -6.31660e+00 | 26  0.02041 -2.55088e+00 | 27 -0.00567  6.40797e+00
 28  0.01343 -4.75364e+00 | 29  0.00580 -2.68537e+00 | 30 -0.01763 -4.74434e+00
 31 -0.01835 -6.51449e+00 | 32 -0.02845 -9.62190e+00 | 33 -0.03286 -2.01136e+01
 34  0.01951 -1.41051e+01 | 35 -0.01926 -5.92200e+00 | 36 -0.00941 -2.56704e-01
 37  0.06652  3.18371e+01 | 38 -0.03076  6.55714e-01 | 39 -0.00378  7.58651e+00
 40  0.06277  4.11343e+01 | 41  0.00602 -2.26343e+00 | 42 -0.00473 -1.38593e+01
 43 -0.01211 -3.19251e+00 | 44  0.03612  1.66342e+01 | 45  0.05112  4.00976e+01
 46  0.05873  2.77766e+01 | 47  0.01299  7.31883e+00 | 48  0.00320 -5.05620e+00
 49 -0.00488 -2.12526e+01 | 50 -0.00832 -9.88056e+00 | 51 -0.03653 -2.22271e+01
 52  0.00612 -5.32470e+00 | 53 -0.01431 -1.90268e+01 | 54 -0.00430 -9.44336e+00
 55  0.02919  1.81646e+01 | 56  0.02875  2.21403e+01 | 57  0.03484  2.37159e+01
 58  0.01868  1.32702e+01 | 59 -0.02533 -1.77721e+01 | 60 -0.01587 -6.91118e+00
 61 -0.02947 -3.89882e+00 | 62 -0.04131  2.67185e+00 | 63 -0.03916 -1.41506e+01
 64 -0.81818 -6.74105e-01 | 65 -0.04970 -8.85084e+01 | 66  0.28085  1.85381e+01
 67  0.44503 -5.32183e+01 | 68  0.03877 -4.83459e+01 | 69  0.21763 -3.37933e+00
 70  0.52335 -1.64816e+01 | 71  0.01739 -9.19610e+01 | 72  0.32015  9.38600e+01
 73  0.51558 -5.85359e+01 | 74 -0.49167 -2.57724e+01 | 75  0.15716  1.61183e+00
 76  0.07229  1.44645e+01 | 77  0.79813  1.82862e+00 | 78 -0.19322 -9.87523e+00
 79  0.24772  1.70600e+01 | 80  0.54437  1.09938e+00 | 81  0.19139 -7.96776e+00
 82  0.35400 -3.43436e-01 | 83  0.30961  3.25321e+01 | 84  0.01343 -2.56234e+00
 85 -0.08268 -7.53329e+01 | 86  0.09372 -2.14575e+01 | 87  0.27064  9.14033e+00
 88  0.51377 -5.87748e+01 | 89 -0.45236 -3.28213e+01 | 90  0.17281  4.45734e+01
 91  0.22638  6.61109e+01 | 92  0.01592  2.59740e+02 |

Intermediate statistics: 92 variables; iteration 20; function evaluation 35; phase 4
Function value 3.2869761e+03; maximum gradient component mag -2.5424e+03
Var    Value     Gradient |Var    Value     Gradient |Var    Value     Gradient
  1 -0.58771 -1.00175e+03 |  2 -0.00492 -1.39504e+00 |  3 -0.00126 -3.50118e-01
  4 -0.00155 -4.28323e-01 |  5 -0.00192 -5.26580e-01 |  6 -0.00241 -6.52453e-01
  7 -0.00304 -8.08635e-01 |  8 -0.00373 -9.76034e-01 |  9 -0.00465 -1.17937e+00
 10 -0.00564 -1.37280e+00 | 11 -0.00668 -1.52960e+00 | 12 -0.00764 -1.58927e+00
 13 -0.00827 -1.44321e+00 | 14 -0.00851 -1.08250e+00 | 15 -0.00842 -6.74419e-01
 16 -0.01742 -3.18336e+00 | 17 -0.02100  5.23069e-01 | 18 -0.02733 -2.92130e+00
 19 -0.03315  3.88693e-01 | 20 -0.05329  5.56017e+00 | 21 -0.00201  2.40021e+01
 22  0.03607 -2.34142e+01 | 23 -0.02339 -2.81583e+01 | 24 -0.00129 -1.01213e+01
 25  0.08078 -1.81125e+01 | 26  0.01129 -1.81262e+01 | 27 -0.02316 -3.02980e+01
 28  0.03110 -2.04362e+01 | 29 -0.00809 -2.94736e+01 | 30 -0.01144 -3.06798e+01
 31 -0.04126 -5.03367e+01 | 32 -0.05774 -4.97607e+01 | 33  0.01928 -3.16585e+01
 34  0.00159 -7.40643e+01 | 35 -0.01511 -3.56515e+01 | 36 -0.00595 -3.03678e+01
 37  0.06952  4.02906e+01 | 38 -0.01912  4.54670e+01 | 39  0.00547  4.84829e+01
 40  0.06767  7.95539e+01 | 41  0.01642  1.15205e+01 | 42 -0.00210 -7.87774e+01
 43 -0.03316  1.24848e+01 | 44  0.04314 -3.87364e+01 | 45  0.03880 -1.83757e+01
 46  0.05965 -1.01708e+02 | 47  0.01342  4.72930e+01 | 48  0.00607 -1.53418e+01
 49 -0.00666 -9.99434e+00 | 50 -0.01840 -6.84254e+01 | 51 -0.03681 -2.04704e+01
 52  0.00151 -3.70705e+01 | 53 -0.01286  2.89582e-02 | 54 -0.00172 -1.74426e+01
 55  0.02578  1.11558e+01 | 56  0.02703  3.37216e+01 | 57  0.03016  6.17568e+00
 58  0.00906 -2.66906e+01 | 59 -0.02719  5.34773e+01 | 60 -0.02245  3.55475e+01
 61 -0.02807  3.12385e+01 | 62 -0.05212 -1.40022e+01 | 63 -0.02478  1.93338e+01
 64 -0.80943 -5.36825e-01 | 65 -0.04652 -7.59161e+02 | 66  0.27495 -1.17531e+02
 67  0.42397 -7.21641e+02 | 68  0.04487 -1.26400e+03 | 69  0.24939  1.56419e+03
 70  0.52940 -1.39888e+02 | 71  0.02224  4.52529e+02 | 72  0.29843 -1.11969e+03
 73  0.52133  1.75426e+01 | 74 -0.37287  5.05849e+01 | 75  0.12876 -2.14709e+00
 76  0.04901 -3.98188e+01 | 77  0.76821  1.32594e-01 | 78 -0.19269 -1.66100e+01
 79  0.23765 -1.83431e+01 | 80  0.54665 -2.52324e+01 | 81  0.15712 -1.74892e+02
 82  0.35388 -1.87729e+01 | 83  0.30377  3.09817e+02 | 84  0.03731 -9.49017e+00
 85 -0.04368 -3.74659e+02 | 86 -0.04051 -1.79190e+01 | 87  0.30356  5.04905e+02
 88  0.51864 -1.52122e+02 | 89 -0.45659 -2.54244e+03 | 90  0.13104  8.34363e+02
 91  0.05067  6.19032e+00 | 92 -0.16645  5.50072e+02 |
92 variables; iteration 40; function evaluation 58; phase 4
Function value 3.2306123e+03; maximum gradient component mag 2.2789e+03
Var    Value     Gradient |Var    Value     Gradient |Var    Value     Gradient
  1 -0.57999 -4.79795e+02 |  2  0.01407  4.93508e+00 |  3  0.00346  1.21155e+00
  4  0.00422  1.47656e+00 |  5  0.00519  1.81068e+00 |  6  0.00646  2.24338e+00
  7  0.00804  2.76786e+00 |  8  0.00962  3.26499e+00 |  9  0.01192  3.96999e+00
 10  0.01417  4.54521e+00 | 11  0.01630  4.85361e+00 | 12  0.01793  4.46889e+00
 13  0.01814  2.42664e+00 | 14  0.01574 -2.68244e+00 | 15  0.00310 -1.25357e+01
 16  0.08636 -1.65632e+00 | 17 -0.08753 -3.59736e+01 | 18 -0.02742 -1.57841e+01
 19 -0.03801  2.29337e+00 | 20 -0.00985  5.97766e+01 | 21  0.05426  1.27027e+02
 22  0.07225  6.48024e+01 | 23  0.05527  4.43878e+01 | 24 -0.07607 -2.78148e+01
 25  0.04658 -4.04796e+01 | 26  0.03117 -2.17472e+01 | 27  0.01491  3.31987e+00
 28  0.00151 -5.45732e+00 | 29  0.01577 -3.39350e+01 | 30 -0.09472 -1.12687e+02
 31  0.00069 -1.89432e+01 | 32  0.00879  7.36916e+00 | 33  0.00619 -1.07014e+01
 34  0.00367 -1.08231e+02 | 35 -0.09049 -1.43652e+02 | 36  0.01922 -2.78603e+01
 37  0.06370 -1.59427e+01 | 38 -0.01873  3.82324e+01 | 39  0.01656  1.28334e+02
 40  0.08855  3.13084e+02 | 41  0.03683  1.68201e+02 | 42  0.02074  4.31752e+01
 43 -0.03729  1.13541e+01 | 44  0.04641 -3.41795e+01 | 45  0.05825  1.58821e+02
 46  0.07067 -4.26247e+01 | 47  0.01390  5.89151e+01 | 48  0.01759  1.56479e+00
 49 -0.02126 -8.93322e+01 | 50 -0.01914 -1.02504e+02 | 51 -0.03263 -1.71839e+00
 52  0.00866 -4.53926e+01 | 53 -0.03258 -1.18576e+02 | 54  0.00543 -3.32023e+00
 55  0.04398  1.54821e+02 | 56  0.01013 -3.28246e+01 | 57  0.03500 -4.61352e+00
 58  0.00389 -5.73929e+01 | 59 -0.05080 -3.27970e+01 | 60 -0.04302 -6.83437e+01
 61 -0.04485 -5.84084e+01 | 62 -0.09349 -9.92872e+01 | 63 -0.05590 -4.09063e+01
 64 -0.10450  3.40440e+00 | 65 -0.04593 -5.98092e+02 | 66  0.27833 -7.74323e+01
 67  0.42203 -6.29781e+02 | 68  0.02040 -1.88420e+03 | 69  0.26240  2.27891e+03
 70  0.54702 -1.91286e+02 | 71  0.05264  9.96802e+02 | 72  0.30620 -1.77205e+03
 73  0.49074  8.36419e+01 | 74 -0.05117  3.15639e+01 | 75 -0.75213 -1.15375e-02
 76  0.31343 -6.53395e+01 | 77  0.83800  8.05705e-01 | 78 -0.11603  9.02592e+00
 79  0.27503 -7.53857e+01 | 80  0.44074 -8.61912e+01 | 81  0.21540 -1.16159e+02
 82  0.00007  8.72211e-02 | 83  0.34457  3.67089e+02 | 84  0.52920  1.58604e+00
 85 -0.05838 -2.12307e+02 | 86 -0.12431 -4.92270e+00 | 87  0.28496  2.18279e+02
 88  0.53515 -8.57446e+01 | 89 -0.42647 -1.37189e+03 | 90  0.12161  2.88091e+02
 91 -0.03734 -6.93209e+02 | 92 -0.30068  9.57775e+02 |
92 variables; iteration 60; function evaluation 79; phase 4
Function value 3.2048308e+03; maximum gradient component mag 2.3718e+03
Var    Value     Gradient |Var    Value     Gradient |Var    Value     Gradient
  1 -0.57662 -4.07790e+02 |  2  0.01566  5.44117e+00 |  3  0.00408  1.41266e+00
  4  0.00503  1.73298e+00 |  5  0.00622  2.12959e+00 |  6  0.00775  2.62656e+00
  7  0.00965  3.22740e+00 |  8  0.01183  3.86935e+00 |  9  0.01456  4.60538e+00
 10  0.01745  5.18339e+00 | 11  0.02025  5.28869e+00 | 12  0.02212  4.12867e+00
 13  0.02129  8.42196e-02 | 14  0.01461 -9.03215e+00 | 15  0.02121 -1.89335e+01
 16  0.02866 -2.00715e+01 | 17 -0.01789 -7.58740e+00 | 18 -0.01154  6.23270e+00
 19 -0.01437  2.66474e+01 | 20 -0.01148  5.72678e+01 | 21 -0.00394  5.23234e+01
 22  0.07683  5.30847e+01 | 23  0.05904  3.82075e+01 | 24 -0.01025 -1.41984e+01
 25 -0.00448 -5.95005e+01 | 26  0.05059 -1.36558e+00 | 27  0.00988  2.16551e+01
 28  0.01401 -1.69189e+00 | 29  0.00647 -4.85690e+00 | 30 -0.01828 -2.62371e+01
 31 -0.00379 -1.34518e+01 | 32 -0.05239 -2.38497e+01 | 33 -0.00718 -1.81576e+00
 34  0.02431 -1.51041e+01 | 35 -0.03565 -5.67563e+01 | 36 -0.00548 -4.59114e+01
 37  0.05732 -6.38901e+01 | 38 -0.02314  2.30563e+01 | 39  0.01443  1.24651e+02
 40  0.08295  2.71273e+02 | 41  0.02697  1.26544e+02 | 42  0.02056  6.67165e+01
 43 -0.04254  2.29947e+01 | 44  0.05967  1.24723e+02 | 45  0.04214  9.45724e+01
 46  0.07358  4.57725e+00 | 47  0.00916  4.56196e+01 | 48  0.00545 -5.57682e+01
 49 -0.02039 -7.52830e+01 | 50 -0.02231 -9.12557e+01 | 51 -0.03855  4.32128e+00
 52  0.01274  1.46657e+00 | 53 -0.04790 -1.72949e+02 | 54 -0.00632 -7.40048e+01
 55  0.04068  1.56091e+02 | 56  0.00897  2.59617e+00 | 57  0.03750  3.32749e+01
 58 -0.01157 -1.23102e+02 | 59 -0.06918 -9.97082e+01 | 60 -0.04959 -8.42324e+01
 61 -0.04382 -3.66593e+01 | 62 -0.11417 -1.27771e+02 | 63 -0.04447 -1.07078e+01
 64 -0.16192  5.74721e+00 | 65 -0.04596 -5.59845e+02 | 66  0.27953 -4.92772e+00
 67  0.42336 -5.61362e+02 | 68  0.02966 -1.85939e+03 | 69  0.27106  2.37179e+03
 70  0.53208 -2.18774e+02 | 71  0.06401  1.00580e+03 | 72  0.31261 -1.71165e+03
 73  0.47898  5.71768e+01 | 74 -0.12833  4.87474e+01 | 75 -0.40788 -1.47456e+00
 76  0.25416 -1.12668e+02 | 77  0.71097 -1.45423e+01 | 78 -0.15878 -8.58247e+01
 79  0.26027  4.02066e+01 | 80  0.48288 -7.20460e+01 | 81  0.25555 -6.14574e+01
 82 -0.94875 -3.87492e-02 | 83  0.35565  2.91692e+02 | 84  1.46891 -1.59139e+00
 85 -0.03471 -1.21182e+02 | 86 -0.15973 -2.73878e+00 | 87  0.29293  1.09040e+02
 88  0.51513 -9.05270e+01 | 89 -0.42125 -2.68015e+02 | 90  0.11948 -4.67652e+01
 91 -0.05299 -7.47473e+02 | 92 -0.32544  8.44180e+02 |
92 variables; iteration 80; function evaluation 101; phase 4
Function value 3.1370243e+03; maximum gradient component mag -1.8663e+03
Var    Value     Gradient |Var    Value     Gradient |Var    Value     Gradient
  1 -0.57679  7.46132e+01 |  2 -0.04519 -1.56844e+01 |  3 -0.01228 -4.26914e+00
  4 -0.01529 -5.31139e+00 |  5 -0.01913 -6.63963e+00 |  6 -0.02419 -8.39508e+00
  7 -0.03051 -1.05790e+01 |  8 -0.03831 -1.32678e+01 |  9 -0.04788 -1.65421e+01
 10 -0.05840 -2.01184e+01 | 11 -0.06665 -2.28648e+01 | 12 -0.06037 -2.05364e+01
 13 -0.00475 -6.28080e-01 | 14  0.13022  4.76932e+01 | 15  0.02748  9.99886e+00
 16 -0.02314 -1.12262e+01 | 17 -0.03942 -1.42505e+01 | 18 -0.10937 -3.46338e+01
 19  0.02064  3.69546e+01 | 20  0.00180  5.38006e+01 | 21 -0.02344  2.13925e+01
 22  0.05992  4.87711e+00 | 23 -0.01472 -8.01347e+00 | 24  0.04481  1.36776e+01
 25  0.05294 -3.03842e+01 | 26  0.04414 -5.04114e+00 | 27  0.05223  8.76578e+01
 28 -0.07350 -2.39467e+01 | 29  0.08339  1.31159e+02 | 30 -0.02269 -7.63546e-01
 31 -0.05052 -8.80725e+00 | 32 -0.06361 -9.47462e+00 | 33 -0.01651  3.42112e+01
 34  0.05122  9.92633e+01 | 35 -0.04390 -2.62604e+01 | 36  0.01777  2.55096e+01
 37  0.04865 -1.08524e+02 | 38 -0.01869  4.12092e+00 | 39  0.00140  5.41199e+00
 40  0.08571  1.98619e+02 | 41  0.00173 -3.63202e+01 | 42  0.02095  3.80612e+01
 43 -0.03905  3.67410e+01 | 44  0.07520  2.16965e+02 | 45  0.02942 -4.80934e+00
 46  0.08357  9.35665e+01 | 47  0.01646  8.77011e+01 | 48  0.00962 -4.65867e+01
 49 -0.02127 -8.07988e+01 | 50 -0.00535  1.25116e+01 | 51 -0.01962  1.18380e+02
 52  0.01547  3.27626e+01 | 53 -0.02942 -9.25903e+01 | 54  0.00238 -1.79231e+01
 55  0.04386  1.77653e+02 | 56  0.03072  9.39579e+01 | 57  0.02682 -3.72549e+01
 58  0.01140 -8.30112e+01 | 59 -0.07638 -1.68453e+02 | 60 -0.05434 -1.77176e+02
 61 -0.04349 -6.34085e+01 | 62 -0.08809 -6.50820e+01 | 63 -0.06228 -4.11639e+01
 64 -0.59669 -5.01738e-01 | 65 -0.03427 -3.46216e+01 | 66  0.28833  6.74925e+01
 67  0.43257 -1.06040e+02 | 68  0.04505 -1.11232e+03 | 69  0.25547  1.53559e+03
 70  0.53827 -5.89853e+01 | 71  0.06667  5.41119e+02 | 72  0.32820 -6.86061e+02
 73  0.48394  4.23693e+01 | 74 -0.13529 -8.19111e+00 | 75 -0.31154 -4.49885e+00
 76  0.28693 -2.17246e+01 | 77  0.68170 -2.53379e+01 | 78 -0.14937 -1.36376e+02
 79  0.28001  1.28303e+02 | 80  0.51169 -4.96180e+01 | 81  0.21846 -8.63906e+01
 82 -1.17964  1.11869e-02 | 83  0.32998  2.33200e+02 | 84  1.83781 -2.17851e+01
 85  0.00595  2.30426e+02 | 86 -0.27094  7.70173e-01 | 87  0.30445 -2.45711e+02
 88  0.49777  3.40512e+01 | 89 -0.42993 -1.86632e+03 | 90  0.11494  4.06008e+02
 91 -0.03494 -7.96840e+02 | 92 -0.30951  9.35978e+02 |
92 variables; iteration 100; function evaluation 133; phase 4
Function value 2.9963647e+03; maximum gradient component mag 7.6493e+01
Var    Value     Gradient |Var    Value     Gradient |Var    Value     Gradient
  1 -0.56316  7.64927e+01 |  2  0.00733  2.55581e+00 |  3  0.00444  1.55103e+00
  4  0.00393  1.36876e+00 |  5  0.00183  6.31805e-01 |  6  0.01424  4.96382e+00
  7 -0.00005 -4.21819e-02 |  8 -0.00156 -5.87464e-01 |  9 -0.00304 -1.14673e+00
 10 -0.00271 -1.12171e+00 | 11 -0.00569 -2.37240e+00 | 12  0.00267 -8.36896e-02
 13 -0.00479 -4.32210e+00 | 14 -0.00954 -1.06641e+01 | 15  0.00867 -1.75095e+01
 16  0.14596 -1.18007e+01 | 17 -0.01049 -9.85499e+00 | 18 -0.01831 -8.09139e+00
 19 -0.02275  1.87259e+00 | 20 -0.04867  5.23987e+00 | 21 -0.02469  1.52644e+01
 22  0.05415  1.87876e+01 | 23  0.00778  6.62871e+00 | 24  0.01481  5.09303e-01
 25  0.00217 -4.83008e+01 | 26  0.02822 -3.66268e+00 | 27 -0.01041  3.44006e+00
 28  0.00584  5.13809e+00 | 29  0.00077  1.29736e+01 | 30 -0.01801 -3.90384e+00
 31 -0.01073  3.85583e+00 | 32 -0.04547 -1.59788e+01 | 33 -0.02963 -1.78088e+01
 34  0.01957 -1.51869e+01 | 35 -0.02369 -1.01730e+01 | 36 -0.00154  5.69466e+00
 37  0.05996  3.75672e+00 | 38 -0.02886  6.59035e-01 | 39 -0.00099  3.61188e+00
 40  0.05550  1.09103e+01 | 41  0.00747 -2.06404e+00 | 42  0.00327 -1.60956e+00
 43 -0.02500  2.67622e+00 | 44  0.05252  2.59385e+00 | 45  0.03355  1.41978e+00
 46  0.07057  3.93138e-01 | 47 -0.00012 -1.08025e+00 | 48  0.01510  3.65891e+00
 49 -0.01228 -4.27546e+00 | 50 -0.00775 -8.07195e-01 | 51 -0.03808 -3.24306e+00
 52  0.01127 -1.09813e+00 | 53 -0.01362  1.91049e+00 | 54  0.00487 -6.63315e-01
 55  0.02655 -3.02531e+00 | 56  0.02510 -5.65070e+00 | 57  0.03611 -6.58928e+00
 58  0.02364  3.22973e-02 | 59 -0.03299 -2.38273e+00 | 60 -0.01671 -4.25011e-01
 61 -0.02331 -6.75344e+00 | 62 -0.06229 -4.06056e+00 | 63 -0.03484 -2.93138e+00
 64  0.71675  6.03860e+00 | 65 -0.04213  9.16384e-01 | 66  0.28369 -1.23040e+01
 67  0.44521 -1.08486e+01 | 68  0.04777 -1.62395e+00 | 69  0.22316 -4.97783e+00
 70  0.52594 -2.65881e-01 | 71  0.02368  2.88950e+01 | 72  0.32010 -2.59347e+01
 73  0.51889  1.16591e+01 | 74 -0.01450 -1.34203e+00 | 75 -1.06198  4.82509e-02
 76  0.34809 -3.96207e+00 | 77  0.69659 -4.98751e+00 | 78 -0.16793 -2.02774e+01
 79  0.25080  9.41656e+00 | 80  0.50929 -1.33917e+01 | 81  0.25582 -4.44739e+00
 82 -0.82160 -1.20496e-02 | 83  0.32948  8.82391e+00 | 84  1.88742  3.99267e+00
 85 -0.04832 -3.89411e+01 | 86 -0.32656 -1.92139e-01 | 87  0.28655  2.52275e+01
 88  0.53393 -2.38507e+01 | 89 -0.43455  6.04278e+01 | 90  0.07196  3.37024e+01
 91 -0.03641  1.41013e+00 | 92 -0.41764  4.63235e+01 |
92 variables; iteration 120; function evaluation 159; phase 4
Function value 2.9710397e+03; maximum gradient component mag -1.3584e+03
Var    Value     Gradient |Var    Value     Gradient |Var    Value     Gradient
  1 -0.62831 -1.40475e+02 |  2 -0.00368 -1.25021e+00 |  3  0.03439  1.20227e+01
  4  0.00943  3.31751e+00 |  5 -0.00880 -3.05264e+00 |  6 -0.01111 -3.85686e+00
  7  0.00332  1.20068e+00 |  8 -0.01920 -6.67440e+00 |  9 -0.02177 -7.57495e+00
 10  0.03189  1.11388e+01 | 11  0.00906  3.06616e+00 | 12 -0.00140 -8.45488e-01
 13  0.01807  5.16488e+00 | 14  0.01164  1.51991e+00 | 15  0.04085  8.40001e+00
 16 -0.02504 -1.15251e+01 | 17 -0.00907  5.16303e+00 | 18 -0.00325  1.05192e+01
 19 -0.01395  9.48118e+00 | 20 -0.05018 -1.60985e-01 | 21 -0.01811  3.37773e+00
 22  0.04162 -1.40592e+01 | 23  0.01974  1.75732e+00 | 24 -0.00667 -1.14205e+00
 25  0.06889 -1.05382e+01 | 26  0.03337  1.83754e+00 | 27  0.01638  1.92700e+01
 28 -0.00854 -3.88075e+00 | 29  0.01419  1.95374e+01 | 30 -0.00114  1.59509e+01
 31 -0.02464  7.75151e+00 | 32 -0.03348  1.17071e+01 | 33 -0.02528  2.12010e+01
 34  0.01661  2.22488e+01 | 35 -0.02969 -5.46629e+00 | 36 -0.01771 -8.91490e+00
 37  0.05913  6.86383e+00 | 38 -0.02624  3.40150e-01 | 39 -0.00437  2.53427e+00
 40  0.04620 -6.44958e-01 | 41  0.00165 -1.93368e+00 | 42 -0.00739 -8.84641e+00
 43 -0.02521  6.10992e+00 | 44  0.03748 -8.14464e+00 | 45  0.02555 -5.02326e+00
 46  0.06181  1.39180e+00 | 47  0.00714  1.29737e+01 | 48  0.00950 -7.14660e+00
 49 -0.01003 -5.83511e+00 | 50 -0.01194 -1.48088e+01 | 51 -0.03837 -6.51448e-01
 52  0.00538 -1.62113e+01 | 53 -0.01738 -8.14845e+00 | 54 -0.00157 -6.56053e+00
 55  0.02140 -1.50418e+00 | 56  0.01863  2.90589e-01 | 57  0.03156  1.03672e+01
 58  0.02149  4.03273e+00 | 59 -0.03351 -5.43923e+00 | 60 -0.02354 -1.68925e+01
 61 -0.02026  1.18472e+01 | 62 -0.05912  1.57430e+01 | 63 -0.03382  9.51286e+00
 64 -0.10010  7.67799e-01 | 65  0.02497  4.67090e+01 | 66  0.30064 -2.30296e+01
 67  0.46727  1.32317e+01 | 68  0.11250 -1.78253e+01 | 69  0.24630  2.55377e+01
 70  0.60862 -1.08603e+01 | 71  0.10877  2.60291e+01 | 72  0.33432 -5.03823e+01
 73  0.52522  2.38203e+00 | 74  0.29017  9.23361e+00 | 75 -1.95879 -2.03005e-01
 76  0.40210 -4.28452e+01 | 77  0.89970  1.61680e-01 | 78 -0.09536 -4.28109e+01
 79  0.28170  4.03619e+01 | 80  0.56781 -1.49288e+01 | 81  0.45220  1.66056e+01
 82 -0.42986 -2.42895e-03 | 83  0.35565 -3.65577e+01 | 84  1.97156 -2.34686e+00
 85  0.04718  3.10344e+01 | 86 -0.51181 -5.42833e-03 | 87  0.31408 -2.01901e+01
 88  0.52192 -6.80099e+00 | 89 -0.44585 -1.35836e+03 | 90 -0.03484  2.54865e+02
 91 -0.02988 -5.86868e+01 | 92 -0.44702 -5.03013e+00 |
92 variables; iteration 140; function evaluation 182; phase 4
Function value 2.9581711e+03; maximum gradient component mag -5.9402e+02
Var    Value     Gradient |Var    Value     Gradient |Var    Value     Gradient
  1 -0.63066 -5.84435e+01 |  2 -0.00013 -2.02804e-02 |  3 -0.00030 -9.16793e-02
  4  0.00056  2.13756e-01 |  5  0.00025  1.12198e-01 |  6 -0.00011 -4.87061e-03
  7  0.00001  4.92228e-02 |  8 -0.00063 -1.65389e-01 |  9 -0.00022 -2.08089e-02
 10  0.00029  1.36182e-01 | 11 -0.00014 -9.71958e-02 | 12  0.00059 -7.85053e-02
 13  0.00276  1.09390e-01 | 14  0.00450 -4.47952e-01 | 15  0.00592 -1.63670e+00
 16  0.00163 -2.20086e+00 | 17 -0.01677 -1.06549e+00 | 18 -0.01512 -7.35488e-01
 19 -0.02156 -3.85633e-01 | 20 -0.04316  1.61987e-02 | 21 -0.02465  1.83369e+00
 22  0.05208 -1.89188e+00 | 23  0.00070 -4.84275e-01 | 24 -0.01179 -1.36304e-01
 25  0.07264 -5.13575e-01 | 26  0.03133 -5.02646e-02 | 27  0.00468  3.53875e-01
 28  0.00575 -1.68052e+00 | 29  0.00909  3.17564e-01 | 30 -0.00292 -5.33874e-02
 31 -0.02182 -5.54381e-01 | 32 -0.03042 -1.74951e+00 | 33 -0.02844 -1.75342e+00
 34  0.01444 -1.49268e+00 | 35 -0.02315  9.54671e-01 | 36 -0.01186 -7.52276e-01
 37  0.05985 -7.24781e-01 | 38 -0.02389  5.41854e-01 | 39 -0.00386  5.72665e-01
 40  0.04651  1.27617e-01 | 41  0.00199 -1.52369e+00 | 42 -0.00452 -9.88354e-01
 43 -0.02317 -1.30737e+00 | 44  0.03803 -1.75644e+00 | 45  0.02746  1.29353e-01
 46  0.06193 -1.95369e+00 | 47  0.00741  8.63132e-01 | 48  0.01059 -6.38955e-01
 49 -0.00787 -5.62624e-01 | 50 -0.00943 -1.61265e+00 | 51 -0.03828 -1.24683e+00
 52  0.00758 -8.73135e-01 | 53 -0.01574  7.48237e-01 | 54 -0.00056  2.09430e+00
 55  0.02212  1.71404e+00 | 56  0.01986  1.41661e+00 | 57  0.03162  2.45756e+00
 58  0.02215  1.42405e+00 | 59 -0.03062  2.25219e+00 | 60 -0.01874  1.39730e+00
 61 -0.02101  1.73815e+00 | 62 -0.06250  1.61358e+00 | 63 -0.03587 -9.22135e-03
 64 -0.14394  5.22865e-01 | 65  0.02765 -2.85494e+01 | 66  0.30081  2.12496e+01
 67  0.47296 -9.57344e+00 | 68  0.10805  1.16680e+01 | 69  0.24310 -3.88837e+00
 70  0.79740  9.29020e+00 | 71  0.11360 -1.44268e+01 | 72  0.33562  1.76154e+01
 73  0.52964 -3.39988e+00 | 74  0.63031  1.84987e+00 | 75 -2.85079 -1.34216e-02
 76  0.45904 -1.50012e+00 | 77  0.83861  1.31764e-02 | 78 -0.08691 -4.88408e-01
 79  0.28417  4.05424e+00 | 80  0.73272  3.26073e+00 | 81  0.41842 -1.38752e+00
 82  0.24318 -6.62426e-01 | 83  0.34706  2.01196e+00 | 84  1.99232 -3.24505e-01
 85  0.03781 -9.76811e+00 | 86 -0.67363 -8.70570e-03 | 87  0.30917  9.00319e+00
 88  0.54700 -4.46256e+00 | 89 -0.45573 -5.94017e+02 | 90 -0.23454  3.39644e+01
 91 -0.02193  2.59263e+01 | 92 -0.47464 -1.49173e+01 |
92 variables; iteration 160; function evaluation 203; phase 4
Function value 2.9534050e+03; maximum gradient component mag 4.1540e+02
Var    Value     Gradient |Var    Value     Gradient |Var    Value     Gradient
  1 -0.61993  6.36489e+01 |  2 -0.00077 -1.28583e-01 |  3 -0.00136 -4.27773e-01
  4 -0.00003  5.26680e-02 |  5  0.00043  2.34592e-01 |  6 -0.00090 -2.04905e-01
  7 -0.00071 -1.02572e-01 |  8 -0.00053 -6.53188e-04 |  9 -0.00097 -1.06657e-01
 10 -0.00077  7.59637e-03 | 11 -0.00053  1.15806e-01 | 12 -0.00008  2.26377e-01
 13  0.00051  2.17578e-01 | 14  0.00189  1.82037e-01 | 15  0.00641  9.83138e-01
 16  0.00809  2.85822e+00 | 17 -0.01655  8.06547e-01 | 18 -0.01684  3.38482e-01
 19 -0.02599 -2.10524e-01 | 20 -0.04551  3.18928e-01 | 21 -0.03053 -3.14419e-01
 22  0.05465 -5.57699e-02 | 23  0.00139 -7.29184e-01 | 24 -0.00930  9.43089e-01
 25  0.07329  4.93043e-01 | 26  0.02821  4.27708e-01 | 27  0.00158 -8.51722e-01
 28  0.00528 -1.44995e+00 | 29  0.00688  5.64468e-01 | 30 -0.00635 -4.25997e-01
 31 -0.02299  3.38149e-01 | 32 -0.02962  1.86696e+00 | 33 -0.02709  1.39878e+00
 34  0.01548  1.44292e+00 | 35 -0.02325  1.05023e+00 | 36 -0.01147 -1.53917e-01
 37  0.05926  9.73743e-01 | 38 -0.02677 -7.42326e-02 | 39 -0.00395 -9.55719e-01
 40  0.04880 -1.19920e+00 | 41  0.00287 -1.22108e+00 | 42 -0.00402 -2.13039e+00
 43 -0.02207  7.43431e-02 | 44  0.04180 -1.64901e+00 | 45  0.03008  6.93963e-01
 46  0.06463  1.29355e-01 | 47  0.00563  2.11676e-01 | 48  0.01137  4.58219e-01
 49 -0.00874  8.01238e-01 | 50 -0.00890  2.44563e-01 | 51 -0.03851 -1.33578e+00
 52  0.00867 -3.11626e-01 | 53 -0.01489  8.19657e-01 | 54  0.00082 -2.94192e-01
 55  0.02360 -1.78603e+00 | 56  0.02215  2.22665e-01 | 57  0.03337 -7.56743e-01
 58  0.02254 -9.81361e-01 | 59 -0.03150  1.16354e-02 | 60 -0.01826  1.47984e-01
 61 -0.02178 -1.20145e+00 | 62 -0.06255  9.91621e-01 | 63 -0.03472  1.48265e-01
 64 -0.27659 -5.77883e-01 | 65  0.00100  1.33839e+01 | 66  0.29435 -9.43633e+00
 67  0.45951  1.04559e+01 | 68  0.09022  1.65172e+00 | 69  0.23878 -1.25994e-01
 70  0.57628 -1.49517e-01 | 71  0.07843 -4.97425e+00 | 72  0.32961  9.15441e+00
 73  0.52319  1.66734e+00 | 74  0.24001  3.85318e+00 | 75 -2.28807 -1.92045e-01
 76  0.41049 -3.10873e+00 | 77  0.90307  6.48833e-02 | 78 -0.11738 -1.40634e+00
 79  0.27355 -3.34989e+00 | 80  0.56990 -3.81297e+00 | 81  0.29778  1.00722e+00
 82  0.34754 -2.25842e-01 | 83  0.32528 -1.15260e+01 | 84  2.00056 -7.72875e-01
 85  0.00619  5.70429e+00 | 86 -0.48115 -6.47139e-03 | 87  0.30159 -1.26379e+00
 88  0.53883  3.57982e+00 | 89 -0.45717  4.15402e+02 | 90 -0.35080  3.25611e+00
 91 -0.02029  3.64045e+00 | 92 -0.47842 -3.20356e+00 |
92 variables; iteration 180; function evaluation 224; phase 4
Function value 2.9528040e+03; maximum gradient component mag -5.6842e+02
Var    Value     Gradient |Var    Value     Gradient |Var    Value     Gradient
  1 -0.62067 -4.21753e+01 |  2 -0.00032 -1.97642e-02 |  3  0.00003  4.25293e-02
  4 -0.00018 -2.49036e-02 |  5 -0.00050 -1.22556e-01 |  6 -0.00012  2.45048e-02
  7 -0.00028 -1.50294e-02 |  8 -0.00050 -7.70249e-02 |  9 -0.00042 -3.62376e-02
 10 -0.00062 -1.15039e-01 | 11 -0.00044 -1.07903e-01 | 12 -0.00017 -1.86108e-01
 13  0.00085 -2.48249e-01 | 14  0.00283 -3.98897e-01 | 15  0.00608 -4.89715e-01
 16  0.00209 -8.98723e-01 | 17 -0.01707 -1.63645e-01 | 18 -0.01693 -1.61431e-01
 19 -0.02567 -2.47000e-01 | 20 -0.04687 -1.69040e-01 | 21 -0.02963  7.09486e-01
 22  0.05379  1.29772e-01 | 23  0.00323  3.31679e-01 | 24 -0.01253 -1.40597e-01
 25  0.07351  3.31581e-01 | 26  0.02813  4.41451e-01 | 27  0.00153  6.94606e-01
 28  0.00756  9.64253e-01 | 29  0.00656  5.97635e-02 | 30 -0.00604 -2.03330e-01
 31 -0.02201  3.72409e-01 | 32 -0.03010  4.95615e-01 | 33 -0.02694 -9.42593e-02
 34  0.01524 -1.13670e+00 | 35 -0.02354 -6.31917e-01 | 36 -0.01086 -6.35203e-02
 37  0.05932 -7.98561e-01 | 38 -0.02654 -4.18890e-01 | 39 -0.00371 -2.52296e-01
 40  0.04885 -4.46317e-01 | 41  0.00312  5.13907e-01 | 42 -0.00383 -6.13572e-01
 43 -0.02252 -4.48947e-01 | 44  0.04181 -7.44129e-01 | 45  0.02993 -2.49893e-01
 46  0.06472 -1.04887e+00 | 47  0.00584 -4.75834e-01 | 48  0.01155 -4.43386e-01
 49 -0.00887 -7.72809e-01 | 50 -0.00896 -5.89311e-01 | 51 -0.03836 -6.19191e-01
 52  0.00867  8.47717e-02 | 53 -0.01508  1.68480e-02 | 54  0.00086  1.04773e-01
 55  0.02381  2.17306e-02 | 56  0.02194 -8.52747e-02 | 57  0.03343  3.50442e-01
 58  0.02268  4.81805e-01 | 59 -0.03153  7.73881e-01 | 60 -0.01842  8.16925e-01
 61 -0.02151  9.08456e-01 | 62 -0.06308  5.84296e-01 | 63 -0.03527 -1.12712e-02
 64 -0.28425  2.67967e-02 | 65  0.00271 -5.49845e+00 | 66  0.29485  5.91671e+00
 67  0.45863 -1.19636e+00 | 68  0.09043 -3.13277e+00 | 69  0.23847  1.53900e-01
 70  0.58097  9.79965e-01 | 71  0.08141 -2.07484e+00 | 72  0.33010 -7.23855e-01
 73  0.52140 -3.77162e+00 | 74  0.22411 -9.30156e-01 | 75 -1.82569  3.53596e-01
 76  0.40468  2.11130e+00 | 77  0.60739  2.14812e-01 | 78 -0.11448 -7.56824e-01
 79  0.27536  2.54901e-01 | 80  0.57592 -1.65079e+00 | 81  0.31177  1.13384e+00
 82  0.36197  4.26443e-01 | 83  0.32942 -1.54443e+00 | 84  2.01900  1.13852e+00
 85  0.00644 -1.42061e+00 | 86 -0.47762 -1.28343e-02 | 87  0.30133  9.00233e-01
 88  0.53931 -1.11489e-01 | 89 -0.45729 -5.68423e+02 | 90 -0.37317  6.23155e+00
 91 -0.02015 -2.29580e+00 | 92 -0.47752 -5.14343e-01 |
92 variables; iteration 200; function evaluation 244; phase 4
Function value 2.9525257e+03; maximum gradient component mag 6.3511e+01
Var    Value     Gradient |Var    Value     Gradient |Var    Value     Gradient
  1 -0.61961 -1.94278e+01 |  2 -0.00030 -1.66009e-02 |  3 -0.00019 -3.44210e-02
  4 -0.00028 -5.94700e-02 |  5 -0.00020 -1.93558e-02 |  6 -0.00019 -1.59910e-03
  7 -0.00031 -2.53101e-02 |  8 -0.00027  1.92830e-03 |  9 -0.00039 -2.85295e-02
 10 -0.00055 -9.33376e-02 | 11 -0.00024 -4.29865e-02 | 12  0.00028 -3.96165e-02
 13  0.00154 -3.59317e-02 | 14  0.00393 -8.68564e-02 | 15  0.00784 -1.72092e-02
 16  0.00423 -1.99960e-01 | 17 -0.01689  1.37778e-01 | 18 -0.01698  1.10020e-01
 19 -0.02574 -8.60858e-02 | 20 -0.04711 -1.93174e-01 | 21 -0.03102  5.18852e-02
 22  0.05315 -1.95690e-01 | 23  0.00283 -4.03538e-02 | 24 -0.01255 -1.50236e-01
 25  0.07334 -1.21399e-02 | 26  0.02738  3.40291e-02 | 27  0.00037 -2.33337e-01
 28  0.00736 -1.56712e-01 | 29  0.00603 -3.54542e-01 | 30 -0.00665 -1.82415e-01
 31 -0.02238 -1.65291e-01 | 32 -0.03035  7.33165e-02 | 33 -0.02641  7.77964e-02
 34  0.01588 -2.33329e-02 | 35 -0.02299  2.47760e-01 | 36 -0.01075 -3.07706e-01
 37  0.05949 -7.42151e-01 | 38 -0.02651 -1.32257e-01 | 39 -0.00349 -2.99405e-02
 40  0.04922 -5.36531e-01 | 41  0.00313 -3.89032e-01 | 42 -0.00354  9.38174e-02
 43 -0.02223  6.75129e-02 | 44  0.04221 -5.95664e-01 | 45  0.03023 -5.39630e-02
 46  0.06505 -3.57015e-01 | 47  0.00589 -1.18859e-01 | 48  0.01171  1.73053e-01
 49 -0.00872  5.07012e-01 | 50 -0.00881  5.23721e-01 | 51 -0.03815  4.02074e-01
 52  0.00880  4.20699e-01 | 53 -0.01493  3.35066e-01 | 54  0.00111  3.80373e-01
 55  0.02403  1.32118e-01 | 56  0.02223  2.06309e-01 | 57  0.03369  4.30887e-01
 58  0.02284  4.32622e-01 | 59 -0.03152  3.70236e-01 | 60 -0.01826  4.94612e-01
 61 -0.02158 -4.51609e-02 | 62 -0.06318 -1.09608e-01 | 63 -0.03490  2.36900e-01
 64 -0.26878  5.82563e-02 | 65  0.00074 -2.39245e+00 | 66  0.29434  2.27548e+00
 67  0.45788 -2.60034e-01 | 68  0.08927  3.42079e-01 | 69  0.23825 -2.70208e+00
 70  0.57513 -2.34423e-01 | 71  0.07853 -1.41244e+00 | 72  0.32960  1.34906e+00
 73  0.52182 -7.31686e-01 | 74  0.17848 -3.15296e-01 | 75 -2.11488  7.71592e-02
 76  0.39402  6.06163e-01 | 77  0.47234 -1.16947e-01 | 78 -0.11857 -2.67279e-01
 79  0.27379  3.45633e-01 | 80  0.57891 -2.66682e-01 | 81  0.30761 -1.48569e+00
 82  0.33672 -1.85372e-01 | 83  0.32915  6.72746e+00 | 84  1.99918 -7.22487e-01
 85  0.00455  1.59719e-01 | 86 -0.44635 -1.35727e-02 | 87  0.30094  6.60708e-01
 88  0.53937  1.08077e+00 | 89 -0.45740  6.35107e+01 | 90 -0.42983  3.31700e-01
 91 -0.02001  5.26539e-01 | 92 -0.47805 -7.71401e-01 |
92 variables; iteration 220; function evaluation 264; phase 4
Function value 2.9525121e+03; maximum gradient component mag -1.0607e+01
Var    Value     Gradient |Var    Value     Gradient |Var    Value     Gradient
  1 -0.61909 -3.27752e-01 |  2 -0.00027  4.11408e-04 |  3 -0.00009  1.33730e-03
  4 -0.00012  4.20375e-04 |  5 -0.00015  7.94870e-04 |  6 -0.00020 -9.96939e-05
  7 -0.00025  7.74613e-04 |  8 -0.00030  5.42719e-04 |  9 -0.00035  4.08945e-04
 10 -0.00032  3.72535e-03 | 11 -0.00017  3.75740e-03 | 12  0.00031  6.21328e-03
 13  0.00151  9.03840e-03 | 14  0.00395  1.09554e-02 | 15  0.00750  8.37365e-03
 16  0.00446 -1.80632e-04 | 17 -0.01699  1.66177e-02 | 18 -0.01710  1.89606e-02
 19 -0.02565  1.78570e-02 | 20 -0.04685  2.30601e-02 | 21 -0.03116  2.92754e-02
 22  0.05335  3.37922e-02 | 23  0.00292  2.96716e-02 | 24 -0.01215  2.11729e-02
 25  0.07358  2.85674e-02 | 26  0.02727  1.47955e-02 | 27  0.00046  1.24052e-02
 28  0.00779  9.29168e-03 | 29  0.00627  4.87742e-03 | 30 -0.00661  6.99680e-03
 31 -0.02217  2.77459e-02 | 32 -0.03058  4.22624e-02 | 33 -0.02664  2.78726e-02
 34  0.01583  2.32926e-02 | 35 -0.02319  8.99551e-03 | 36 -0.01074 -1.43642e-03
 37  0.05942 -1.72337e-02 | 38 -0.02668 -5.43274e-03 | 39 -0.00358 -1.06382e-02
 40  0.04924 -3.72675e-02 | 41  0.00315 -2.46672e-02 | 42 -0.00358 -2.13325e-02
 43 -0.02228 -2.28924e-02 | 44  0.04235 -5.13343e-02 | 45  0.03023 -1.95578e-02
 46  0.06508 -4.72551e-02 | 47  0.00573 -2.27163e-02 | 48  0.01164 -2.83551e-02
 49 -0.00886 -1.20350e-02 | 50 -0.00889 -1.30586e-02 | 51 -0.03825 -1.13641e-02
 52  0.00876 -8.78509e-03 | 53 -0.01497 -5.55337e-03 | 54  0.00107  2.14225e-03
 55  0.02404 -3.52571e-03 | 56  0.02224  2.57087e-03 | 57  0.03367  1.34827e-02
 58  0.02277  1.50507e-02 | 59 -0.03161  1.78484e-02 | 60 -0.01835  1.31308e-02
 61 -0.02159  1.26718e-03 | 62 -0.06312  3.48850e-03 | 63 -0.03498  9.01120e-03
 64 -0.27824 -6.50970e-03 | 65 -0.00007 -1.48802e-01 | 66  0.29414  4.45791e-02
 67  0.45741 -1.34779e-01 | 68  0.08868 -3.29579e-02 | 69  0.23817  4.33319e-02
 70  0.57336 -1.56360e-02 | 71  0.07746 -9.47120e-03 | 72  0.32942  6.79722e-02
 73  0.52173  2.78080e-02 | 74  0.17493 -1.69282e-02 | 75 -2.11507  1.68243e-03
 76  0.39341  5.67610e-02 | 77  0.47411  1.58260e-03 | 78 -0.12062  4.12021e-02
 79  0.27297 -3.86282e-02 | 80  0.57859  1.83861e-02 | 81  0.30026 -1.51352e-02
 82  0.35068 -8.82228e-04 | 83  0.32706  5.70273e-02 | 84  2.00614 -1.42886e-02
 85  0.00359  4.29481e-02 | 86 -0.43565 -1.60253e-02 | 87  0.30069 -4.04417e-02
 88  0.53843  4.19020e-02 | 89 -0.45741 -1.06067e+01 | 90 -0.46475  6.05195e-03
 91 -0.01997  5.95796e-02 | 92 -0.47797 -1.27000e-01 |
92 variables; iteration 240; function evaluation 286; phase 4
Function value 2.9525114e+03; maximum gradient component mag 1.0745e+00
Var    Value     Gradient |Var    Value     Gradient |Var    Value     Gradient
  1 -0.61908  3.94696e-01 |  2 -0.00027 -4.48714e-04 |  3 -0.00008  3.40457e-03
  4 -0.00012  2.81650e-04 |  5 -0.00016 -1.57779e-03 |  6 -0.00020 -7.76078e-04
  7 -0.00025 -9.56028e-05 |  8 -0.00030 -2.35274e-03 |  9 -0.00035 -2.40457e-03
 10 -0.00033 -5.60278e-04 | 11 -0.00018 -2.84782e-03 | 12  0.00029 -5.73763e-03
 13  0.00149 -9.04065e-03 | 14  0.00394 -1.13768e-02 | 15  0.00753 -6.21246e-03
 16  0.00455  5.59866e-03 | 17 -0.01700 -3.74669e-03 | 18 -0.01711 -3.69843e-03
 19 -0.02564 -2.61397e-03 | 20 -0.04687 -1.17734e-02 | 21 -0.03123 -3.57541e-02
 22  0.05335  2.92723e-03 | 23  0.00290  3.59762e-03 | 24 -0.01216  2.82678e-03
 25  0.07356  1.57017e-02 | 26  0.02726  2.89174e-02 | 27  0.00044  3.31493e-02
 28  0.00778  2.64858e-02 | 29  0.00627  5.21128e-02 | 30 -0.00661  5.92850e-02
 31 -0.02219  2.72971e-02 | 32 -0.03062  1.25065e-02 | 33 -0.02662  1.31953e-02
 34  0.01585  3.69707e-02 | 35 -0.02318  2.84764e-02 | 36 -0.01073 -4.96485e-03
 37  0.05943 -2.35050e-02 | 38 -0.02667 -7.20466e-03 | 39 -0.00358 -3.95753e-03
 40  0.04925  4.92185e-03 | 41  0.00316  1.39916e-02 | 42 -0.00356  2.41731e-02
 43 -0.02227  8.75464e-03 | 44  0.04237  2.80307e-02 | 45  0.03023 -8.77594e-04
 46  0.06510  3.48919e-02 | 47  0.00573  6.33719e-03 | 48  0.01165 -7.42175e-03
 49 -0.00886 -8.22476e-03 | 50 -0.00888  7.04314e-03 | 51 -0.03825  4.61264e-03
 52  0.00877 -2.16476e-03 | 53 -0.01496 -9.33527e-03 | 54  0.00108 -1.22554e-03
 55  0.02405  3.82086e-03 | 56  0.02225  1.20312e-02 | 57  0.03368  9.65588e-04
 58  0.02278 -3.94728e-03 | 59 -0.03161 -5.38890e-03 | 60 -0.01835 -7.15371e-03
 61 -0.02159 -2.54757e-02 | 62 -0.06313 -4.04550e-02 | 63 -0.03497  1.60672e-02
 64 -0.27759  3.56211e-03 | 65 -0.00010 -9.99103e-02 | 66  0.29414  9.47419e-02
 67  0.45742 -1.45047e-02 | 68  0.08865 -1.27561e-02 | 69  0.23816  1.44202e-02
 70  0.57336  1.87995e-02 | 71  0.07743 -2.42998e-02 | 72  0.32941 -6.82955e-02
 73  0.52171 -7.04936e-02 | 74  0.17442 -3.50736e-03 | 75 -2.11569 -1.80260e-04
 76  0.39326 -3.91835e-02 | 77  0.47390 -4.19681e-04 | 78 -0.12064 -6.39680e-02
 79  0.27297  7.47095e-02 | 80  0.57852 -1.85752e-02 | 81  0.30016  4.99728e-02
 82  0.35086 -2.09315e-03 | 83  0.32703 -1.39840e-01 | 84  2.00625  5.10427e-03
 85  0.00345  1.88594e-01 | 86 -0.33038 -3.72593e-02 | 87  0.30065 -8.26839e-02
 88  0.53826  1.57793e-01 | 89 -0.45741  1.07449e+00 | 90 -0.82646 -1.12353e-02
 91 -0.01997 -3.15338e-02 | 92 -0.47795  7.15483e-02 |
92 variables; iteration 260; function evaluation 314; phase 4
Function value 2.9524351e+03; maximum gradient component mag -1.1213e+02
Var    Value     Gradient |Var    Value     Gradient |Var    Value     Gradient
  1 -0.61915  1.80549e+01 |  2 -0.00022  3.09121e-02 |  3 -0.00028 -6.08319e-02
  4 -0.00010  1.25313e-02 |  5 -0.00000  6.20297e-02 |  6 -0.00015  2.76871e-02
  7 -0.00023  2.55649e-02 |  8 -0.00014  7.88263e-02 |  9 -0.00019  8.68831e-02
 10 -0.00026  7.14737e-02 | 11 -0.00005  1.12804e-01 | 12  0.00062  2.12080e-01
 13  0.00188  2.83801e-01 | 14  0.00438  3.85107e-01 | 15  0.00747  3.30651e-01
 16  0.00328 -3.81498e-02 | 17 -0.01688  1.85685e-01 | 18 -0.01715  2.01697e-01
 19 -0.02581  2.35997e-01 | 20 -0.04664  4.55788e-01 | 21 -0.03054  7.17888e-01
 22  0.05318  5.83929e-01 | 23  0.00291  3.73604e-01 | 24 -0.01198  3.63082e-01
 25  0.07359  6.40601e-01 | 26  0.02718  2.44277e-01 | 27  0.00046  1.82787e-01
 28  0.00770  4.63072e-01 | 29  0.00622  5.87338e-01 | 30 -0.00689  4.21449e-01
 31 -0.02222  1.24624e+00 | 32 -0.03063  1.26473e+00 | 33 -0.02611  8.19502e-01
 34  0.01566  6.35015e-02 | 35 -0.02342 -4.48714e-01 | 36 -0.01057 -2.41807e-01
 37  0.05936 -1.14651e+00 | 38 -0.02669 -9.15836e-01 | 39 -0.00363 -1.27578e+00
 40  0.04916 -1.90762e+00 | 41  0.00299 -9.50639e-01 | 42 -0.00364 -8.22187e-01
 43 -0.02230 -5.46860e-01 | 44  0.04223 -1.02809e+00 | 45  0.03023 -2.55046e-01
 46  0.06497 -9.18847e-01 | 47  0.00573 -3.37508e-01 | 48  0.01161 -1.86942e-01
 49 -0.00885 -5.70385e-02 | 50 -0.00893 -2.87778e-01 | 51 -0.03829 -3.32299e-01
 52  0.00873 -1.10875e-01 | 53 -0.01496  7.86253e-02 | 54  0.00105 -3.78116e-02
 55  0.02401 -1.58784e-01 | 56  0.02221 -2.09863e-01 | 57  0.03367  2.58847e-02
 58  0.02278  1.13600e-01 | 59 -0.03153  2.36943e-01 | 60 -0.01831  1.09324e-01
 61 -0.02152  8.33968e-02 | 62 -0.06289  4.10418e-01 | 63 -0.03507 -3.04313e-01
 64 -0.28123 -1.62248e-01 | 65  0.00008 -2.00718e-01 | 66  0.29418 -2.53267e-01
 67  0.45745 -3.16463e-01 | 68  0.08883 -5.52758e-01 | 69  0.23822  2.47544e-01
 70  0.57331 -3.97699e-01 | 71  0.07759  7.70519e-02 | 72  0.32946  1.80981e+00
 73  0.52204  1.30522e+00 | 74  0.17806 -2.39019e-01 | 75 -2.11015  9.94069e-03
 76  0.39450  1.19332e+00 | 77  0.47652  4.00279e-02 | 78 -0.12068  1.00763e+00
 79  0.27280 -1.36166e+00 | 80  0.57932  3.44842e-01 | 81  0.30124 -7.55305e-01
 82  0.34866  2.52338e-02 | 83  0.32738  2.66869e+00 | 84  2.00492 -2.29925e-01
 85 -0.00267  9.66083e+00 | 86  0.01968  6.89762e-01 | 87  0.29832 -6.03976e+00
 88  0.52921  6.03475e+00 | 89 -0.45741 -1.12128e+02 | 90 -0.44683  8.35568e-02
 91 -0.01999  1.48973e+00 | 92 -0.47817 -2.11357e+00 |

 - final statistics:
92 variables; iteration 278; function evaluation 332
Function value 2.9524e+03; maximum gradient component mag 3.0061e-05
Exit code = 1;  converg criter 1.0000e-04
Var    Value     Gradient |Var    Value     Gradient |Var    Value     Gradient
  1 -0.61920  3.00608e-05 |  2 -0.00027  1.74805e-08 |  3 -0.00009 -2.62165e-07
  4 -0.00012  1.20658e-08 |  5 -0.00015 -1.54375e-08 |  6 -0.00020  1.18201e-07
  7 -0.00025  4.68097e-08 |  8 -0.00030  5.97696e-08 |  9 -0.00034  1.13342e-07
 10 -0.00033 -1.73635e-07 | 11 -0.00018  3.38679e-08 | 12  0.00030  1.18841e-07
 13  0.00150  3.25086e-07 | 14  0.00396  5.24881e-07 | 15  0.00754  1.85793e-07
 16  0.00449  1.91081e-06 | 17 -0.01706  3.46317e-07 | 18 -0.01719  2.64426e-07
 19 -0.02571 -9.23975e-07 | 20 -0.04691 -8.96214e-07 | 21 -0.03125 -2.12381e-06
 22  0.05320 -1.16279e-06 | 23  0.00278  4.95067e-07 | 24 -0.01224  4.17208e-07
 25  0.07338 -1.45339e-06 | 26  0.02723 -7.72446e-08 | 27  0.00040 -9.00720e-07
 28  0.00757 -7.80147e-07 | 29  0.00615  1.57695e-06 | 30 -0.00677  3.19987e-07
 31 -0.02280 -9.87805e-07 | 32 -0.03091 -2.41323e-06 | 33 -0.02545  6.38911e-07
 34  0.01580  8.32576e-07 | 35 -0.02327  1.51269e-06 | 36 -0.01041 -1.17126e-06
 37  0.05950 -1.12103e-06 | 38 -0.02656  3.30576e-07 | 39 -0.00351  1.04173e-07
 40  0.04931 -1.01250e-06 | 41  0.00299 -8.47683e-07 | 42 -0.00344  1.70327e-06
 43 -0.02226 -8.90707e-07 | 44  0.04237  1.59942e-06 | 45  0.03025  6.29694e-07
 46  0.06511  3.23317e-06 | 47  0.00578  1.97885e-06 | 48  0.01168  1.30809e-06
 49 -0.00881  2.27590e-06 | 50 -0.00885  3.00461e-06 | 51 -0.03821  2.99486e-06
 52  0.00880  1.92232e-06 | 53 -0.01493 -1.83210e-07 | 54  0.00110  1.77695e-06
 55  0.02407  2.09572e-06 | 56  0.02227  1.39086e-06 | 57  0.03370  6.22651e-07
 58  0.02282  3.30308e-07 | 59 -0.03157 -7.33348e-07 | 60 -0.01831 -1.01310e-06
 61 -0.02154 -1.67826e-06 | 62 -0.06308 -1.00078e-06 | 63 -0.03494  4.39860e-07
 64 -0.27407 -6.83858e-07 | 65  0.00010  4.05121e-06 | 66  0.29419 -5.12000e-06
 67  0.45750 -2.49447e-06 | 68  0.08882  1.51794e-05 | 69  0.23822 -9.59439e-06
 70  0.57369  8.76005e-07 | 71  0.07767 -3.21495e-06 | 72  0.32945  1.44527e-06
 73  0.52175 -6.98441e-06 | 74  0.17621 -2.88192e-07 | 75 -2.11450 -7.41939e-08
 76  0.39364  1.58053e-06 | 77  0.47410 -2.21810e-08 | 78 -0.12004  2.47425e-06
 79  0.27319 -1.65968e-06 | 80  0.57881  5.48460e-07 | 81  0.30090  1.17699e-07
 82  0.35054 -4.37878e-07 | 83  0.32719  3.99176e-07 | 84  2.00628  4.37029e-07
 85 -0.00747  2.02038e-06 | 86  0.06486  6.38738e-07 | 87  0.29650 -1.63269e-06
 88  0.52240  3.31419e-06 | 89 -0.45741  1.56606e-05 | 90 -0.47246  1.78372e-07
 91 -0.01997  3.02292e-06 | 92 -0.47794 -8.65008e-06 |

 - final statistics:
93 variables; iteration 0; function evaluation 0
Function value 2.9524e+03; maximum gradient component mag 3.0061e-05
Exit code = 0;  converg criter 1.0000e-04
Var    Value     Gradient |Var    Value     Gradient |Var    Value     Gradient
  1 -0.61920  3.00610e-05 |  2 -0.00027  1.74805e-08 |  3 -0.00009 -2.62165e-07
  4 -0.00012  1.20658e-08 |  5 -0.00015 -1.54375e-08 |  6 -0.00020  1.18201e-07
  7 -0.00025  4.68098e-08 |  8 -0.00030  5.97696e-08 |  9 -0.00034  1.13342e-07
 10 -0.00033 -1.73635e-07 | 11 -0.00018  3.38679e-08 | 12  0.00030  1.18841e-07
 13  0.00150  3.25086e-07 | 14  0.00396  5.24881e-07 | 15  0.00754  1.85793e-07
 16  0.00449  1.91081e-06 | 17 -0.01706  7.47430e-08 | 18 -0.01719 -7.14690e-09
 19 -0.02571 -1.19542e-06 | 20 -0.04691 -1.16715e-06 | 21 -0.03125 -2.39515e-06
 22  0.05320 -1.43351e-06 | 23  0.00278  2.23399e-07 | 24 -0.01224  1.45587e-07
 25  0.07338 -1.72326e-06 | 26  0.02723 -3.48667e-07 | 27  0.00040 -1.17239e-06
 28  0.00757 -1.05180e-06 | 29  0.00615  1.30529e-06 | 30 -0.00677  4.83319e-08
 31 -0.02280 -1.25930e-06 | 32 -0.03091 -2.68458e-06 | 33 -0.02545  3.67458e-07
 34  0.01580  5.60990e-07 | 35 -0.02327  1.24120e-06 | 36 -0.01041 -1.44290e-06
 37  0.05950 -1.39151e-06 | 38 -0.02656  5.91435e-08 | 39 -0.00351 -1.67491e-07
 40  0.04931 -1.28335e-06 | 41  0.00299 -1.11935e-06 | 42 -0.00344  1.43161e-06
 43 -0.02226 -1.16221e-06 | 44  0.04237  1.32835e-06 | 45  0.03025  3.58331e-07
 46  0.06511  2.96292e-06 | 47  0.00578  1.70719e-06 | 48  0.01168  1.03647e-06
 49 -0.00881  2.00425e-06 | 50 -0.00885  2.73297e-06 | 51 -0.03821  2.72368e-06
 52  0.00880  1.65067e-06 | 53 -0.01493 -4.54807e-07 | 54  0.00110  1.50528e-06
 55  0.02407  1.82424e-06 | 56  0.02227  1.11935e-06 | 57  0.03370  3.51359e-07
 58  0.02282  5.88093e-08 | 59 -0.03157 -1.00469e-06 | 60 -0.01831 -1.28466e-06
 61 -0.02154 -1.94978e-06 | 62 -0.06308 -1.27112e-06 | 63 -0.03494  1.68596e-07
 64  0.00000  0.00000e+00 | 65 -0.27407 -6.83858e-07 | 66  0.00010  4.05124e-06
 67  0.29419 -5.12004e-06 | 68  0.45750 -2.49447e-06 | 69  0.08882  1.51794e-05
 70  0.23822 -9.59441e-06 | 71  0.57369  8.76007e-07 | 72  0.07767 -3.21493e-06
 73  0.32945  1.44525e-06 | 74  0.52175 -6.98441e-06 | 75  0.17621 -2.88192e-07
 76  0.11450  7.41940e-08 | 77  0.39364  1.58053e-06 | 78  0.47410 -2.21808e-08
 79 -0.12004  2.47425e-06 | 80  0.27319 -1.65969e-06 | 81  0.57881  5.48461e-07
 82  0.30090  1.17702e-07 | 83  0.35054 -4.37878e-07 | 84  0.32719  3.99170e-07
 85 -0.00628 -4.37029e-07 | 86 -0.00747  2.02038e-06 | 87  0.06486  6.38738e-07
 88  0.29650 -1.63269e-06 | 89  0.52240  3.31419e-06 | 90 -0.45741  1.56684e-05
 91 -0.47246  1.78372e-07 | 92 -0.01997  3.02292e-06 | 93 -0.47794 -8.65004e-06
Estimating row 1 out of 93 for hessian
Estimating row 2 out of 93 for hessian
Estimating row 3 out of 93 for hessian
Estimating row 4 out of 93 for hessian
Estimating row 5 out of 93 for hessian
Estimating row 6 out of 93 for hessian
Estimating row 7 out of 93 for hessian
Estimating row 8 out of 93 for hessian
Estimating row 9 out of 93 for hessian
Estimating row 10 out of 93 for hessian
Estimating row 11 out of 93 for hessian
Estimating row 12 out of 93 for hessian
Estimating row 13 out of 93 for hessian
Estimating row 14 out of 93 for hessian
Estimating row 15 out of 93 for hessian
Estimating row 16 out of 93 for hessian
Estimating row 17 out of 93 for hessian
Estimating row 18 out of 93 for hessian
Estimating row 19 out of 93 for hessian
Estimating row 20 out of 93 for hessian
Estimating row 21 out of 93 for hessian
Estimating row 22 out of 93 for hessian
Estimating row 23 out of 93 for hessian
Estimating row 24 out of 93 for hessian
Estimating row 25 out of 93 for hessian
Estimating row 26 out of 93 for hessian
Estimating row 27 out of 93 for hessian
Estimating row 28 out of 93 for hessian
Estimating row 29 out of 93 for hessian
Estimating row 30 out of 93 for hessian
Estimating row 31 out of 93 for hessian
Estimating row 32 out of 93 for hessian
Estimating row 33 out of 93 for hessian
Estimating row 34 out of 93 for hessian
Estimating row 35 out of 93 for hessian
Estimating row 36 out of 93 for hessian
Estimating row 37 out of 93 for hessian
Estimating row 38 out of 93 for hessian
Estimating row 39 out of 93 for hessian
Estimating row 40 out of 93 for hessian
Estimating row 41 out of 93 for hessian
Estimating row 42 out of 93 for hessian
Estimating row 43 out of 93 for hessian
Estimating row 44 out of 93 for hessian
Estimating row 45 out of 93 for hessian
Estimating row 46 out of 93 for hessian
Estimating row 47 out of 93 for hessian
Estimating row 48 out of 93 for hessian
Estimating row 49 out of 93 for hessian
Estimating row 50 out of 93 for hessian
Estimating row 51 out of 93 for hessian
Estimating row 52 out of 93 for hessian
Estimating row 53 out of 93 for hessian
Estimating row 54 out of 93 for hessian
Estimating row 55 out of 93 for hessian
Estimating row 56 out of 93 for hessian
Estimating row 57 out of 93 for hessian
Estimating row 58 out of 93 for hessian
Estimating row 59 out of 93 for hessian
Estimating row 60 out of 93 for hessian
Estimating row 61 out of 93 for hessian
Estimating row 62 out of 93 for hessian
Estimating row 63 out of 93 for hessian
Estimating row 64 out of 93 for hessian
Estimating row 65 out of 93 for hessian
Estimating row 66 out of 93 for hessian
Estimating row 67 out of 93 for hessian
Estimating row 68 out of 93 for hessian
Estimating row 69 out of 93 for hessian
Estimating row 70 out of 93 for hessian
Estimating row 71 out of 93 for hessian
Estimating row 72 out of 93 for hessian
Estimating row 73 out of 93 for hessian
Estimating row 74 out of 93 for hessian
Estimating row 75 out of 93 for hessian
Estimating row 76 out of 93 for hessian
Estimating row 77 out of 93 for hessian
Estimating row 78 out of 93 for hessian
Estimating row 79 out of 93 for hessian
Estimating row 80 out of 93 for hessian
Estimating row 81 out of 93 for hessian
Estimating row 82 out of 93 for hessian
Estimating row 83 out of 93 for hessian
Estimating row 84 out of 93 for hessian
Estimating row 85 out of 93 for hessian
Estimating row 86 out of 93 for hessian
Estimating row 87 out of 93 for hessian
Estimating row 88 out of 93 for hessian
Estimating row 89 out of 93 for hessian
Estimating row 90 out of 93 for hessian
Estimating row 91 out of 93 for hessian
Estimating row 92 out of 93 for hessian
Estimating row 93 out of 93 for hessian
size of file gradfil1.tmp = 118560000
size of file gradfil2.tmp = 0
size of file varssave.tmp = 0
size of file cmpdiff.tmp = 800000032
