
 - final statistics:
1 variables; iteration 0; function evaluation 0
Function value 3.0555e+03; maximum gradient component mag 5.1762e+00
Exit code = 0;  converg criter 1.0000e+01

Initial statistics: 8 variables; iteration 0; function evaluation 0; phase 2
Function value 3.0555224e+03; maximum gradient component mag 1.9977e+03

 - final statistics:
8 variables; iteration 11; function evaluation 17
Function value 2.9718e+03; maximum gradient component mag 1.9665e-01
Exit code = 1;  converg criter 1.0000e+01

Initial statistics: 75 variables; iteration 0; function evaluation 0; phase 3
Function value 2.9717551e+03; maximum gradient component mag 6.0920e+03

Intermediate statistics: 75 variables; iteration 20; function evaluation 27; phase 3
Function value 2.9596981e+03; maximum gradient component mag 3.8194e+03
75 variables; iteration 40; function evaluation 51; phase 3
Function value 2.9581647e+03; maximum gradient component mag 3.2866e+03
75 variables; iteration 60; function evaluation 77; phase 3
Function value 2.9562852e+03; maximum gradient component mag -1.4670e+02
Maximum number of function evaluations exceeded

 - final statistics:
75 variables; iteration 78; function evaluation 100
Function value 2.9558e+03; maximum gradient component mag -3.5037e+02
Exit code = 3;  converg criter 1.0000e+00

Initial statistics: 91 variables; iteration 0; function evaluation 0; phase 4
Function value 2.9558160e+03; maximum gradient component mag -3.5037e+02

Intermediate statistics: 91 variables; iteration 20; function evaluation 26; phase 4
Function value 2.9556465e+03; maximum gradient component mag 3.4887e+01
91 variables; iteration 40; function evaluation 46; phase 4
Function value 2.9556082e+03; maximum gradient component mag 2.6709e+01
91 variables; iteration 60; function evaluation 67; phase 4
Function value 2.9555236e+03; maximum gradient component mag 3.6057e+00
91 variables; iteration 80; function evaluation 97; phase 4
Function value 2.9555172e+03; maximum gradient component mag 1.0712e+00
91 variables; iteration 100; function evaluation 134; phase 4
Function value 2.9555161e+03; maximum gradient component mag 5.6222e-02

 - final statistics:
91 variables; iteration 108; function evaluation 145
Function value 2.9555e+03; maximum gradient component mag -5.0011e-05
Exit code = 1;  converg criter 1.0000e-04

 - final statistics:
92 variables; iteration 0; function evaluation 0
Function value 2.9555e+03; maximum gradient component mag -5.0003e-05
Exit code = 0;  converg criter 1.0000e-04
size of file gradfil1.tmp = 0
size of file gradfil2.tmp = 0
size of file varssave.tmp = 0
size of file cmpdiff.tmp = 0
