
Initial statistics: 1 variables; iteration 0; function evaluation 0; phase 1
Function value 2.1983520e+06; maximum gradient component mag -1.3202e+06
Var    Value     Gradient |Var    Value     Gradient |Var    Value     Gradient
  1 -0.70368 -1.32020e+06 |

 - final statistics:
1 variables; iteration 2; function evaluation 10
Function value 3.6365e+03; maximum gradient component mag 5.0236e-01
Exit code = 1;  converg criter 1.0000e+01
Var    Value     Gradient |Var    Value     Gradient |Var    Value     Gradient
  1 -0.36577  5.02359e-01 |

Initial statistics: 9 variables; iteration 0; function evaluation 0; phase 2
Function value 3.6364935e+03; maximum gradient component mag 5.5061e+02
Var    Value     Gradient |Var    Value     Gradient |Var    Value     Gradient
  1 -0.36577  5.02359e-01 |  2  0.00000  1.01242e+01 |  3 -0.04813  2.46222e+02
  4  0.04422  5.50609e+02 |  5  0.02102  2.63574e+02 |  6  0.11444  1.15418e+02
  7 -0.19716 -4.65619e+02 |  8  0.17760 -6.67058e+01 |  9 -0.06799 -3.68436e+02

 - final statistics:
9 variables; iteration 12; function evaluation 27
Function value 3.5926e+03; maximum gradient component mag -2.6817e+00
Exit code = 1;  converg criter 1.0000e+01
Var    Value     Gradient |Var    Value     Gradient |Var    Value     Gradient
  1 -0.30602  2.66764e-02 |  2 -0.45330  2.58071e-01 |  3 -0.05163  1.41564e+00
  4  0.03136 -2.68171e+00 |  5  0.01200  9.82066e-01 |  6 -0.04733 -3.55112e-01
  7 -0.11330 -8.86270e-01 |  8  0.19106  1.23675e-01 |  9 -0.03354 -5.80141e-03

Initial statistics: 76 variables; iteration 0; function evaluation 0; phase 3
Function value 3.5926365e+03; maximum gradient component mag 5.2186e+02
Var    Value     Gradient |Var    Value     Gradient |Var    Value     Gradient
  1 -0.30602  2.66764e-02 |  2  0.00000  3.08108e+01 |  3  0.00000  5.32035e+01
  4  0.00000  7.07208e+01 |  5  0.00000  7.40663e+01 |  6  0.00000  3.45442e+01
  7  0.00000 -2.96550e+01 |  8  0.00000 -2.70173e+01 |  9  0.00000 -2.86858e+01
 10  0.00000 -6.56003e+01 | 11  0.00000 -5.84569e+01 | 12  0.00000  1.00772e+00
 13  0.00000  1.00402e+01 | 14  0.00000  8.31232e+00 | 15  0.00000  3.04351e+01
 16  0.00000  6.32110e+01 | 17  0.00000  7.73626e+01 | 18  0.00000  5.48887e+01
 19  0.00000 -6.18835e+00 | 20  0.00000  7.31119e+01 | 21  0.00000  8.77910e+00
 22  0.00000 -2.80899e+02 | 23  0.00000  1.48239e+02 | 24  0.00000  3.07171e+01
 25  0.00000 -3.14041e+02 | 26  0.00000 -1.49695e+01 | 27  0.00000  9.03419e+01
 28  0.00000  1.06446e+02 | 29  0.00000 -2.24987e+02 | 30  0.00000 -4.60566e+02
 31  0.00000 -4.42968e+02 | 32  0.00000 -5.22429e+01 | 33  0.00000  4.81799e+01
 34  0.00000  1.53018e+02 | 35  0.00000  2.17634e+02 | 36  0.00000  3.47228e+02
 37  0.00000  1.24677e+02 | 38  0.00000  1.57206e+02 | 39  0.00000  5.33338e+01
 40  0.00000 -1.92029e+02 | 41  0.00000 -2.38378e+02 | 42  0.00000 -2.68454e+02
 43  0.00000 -1.04146e+02 | 44  0.00000  1.55255e+02 | 45  0.00000  1.62790e+02
 46  0.00000  1.78413e+02 | 47  0.00000  1.41700e+02 | 48  0.00000  1.03612e+02
 49 -0.45330  2.58071e-01 | 50 -0.05163  1.41564e+00 | 51  0.28213  9.52664e+01
 52  0.44466  6.83736e+01 | 53  0.03136 -2.68171e+00 | 54  0.21824  8.28365e+01
 55  0.56040  1.22695e+02 | 56  0.01200  9.82066e-01 | 57  0.31510 -1.04399e+02
 58  0.51632 -4.69728e+01 | 59 -0.04733 -3.55112e-01 | 60 -0.41904 -1.65985e+00
 61  0.33042 -2.90205e+01 | 62  0.62903 -2.17699e+01 | 63 -0.11330 -8.86270e-01
 64  0.27945 -8.15739e+00 | 65  0.43663 -7.05098e+01 | 66  0.19106  1.23675e-01
 67  0.34997  1.08017e+01 | 68  0.30652  2.12691e+01 | 69  0.02023  1.14906e+01
 70 -0.03354 -5.80141e-03 | 71  0.00520  3.07259e+01 | 72  0.33042  5.21855e+02
 73  0.52774  1.78841e+02 | 74 -0.47611 -2.88297e+02 | 75  0.43675  3.10393e+02
 76  0.26064 -2.51598e+02 |

Intermediate statistics: 76 variables; iteration 20; function evaluation 26; phase 3
Function value 3.4193560e+03; maximum gradient component mag 1.1717e+03
Var    Value     Gradient |Var    Value     Gradient |Var    Value     Gradient
  1 -0.30743 -1.57896e-01 |  2 -0.01852 -1.42112e+01 |  3 -0.02546 -1.34428e+01
  4 -0.03698 -1.22254e+01 |  5 -0.05862 -1.11811e+01 |  6 -0.04627 -1.47098e+01
  7  0.04999 -1.34651e+01 |  8 -0.00457 -1.88409e+01 |  9 -0.02879 -2.10679e+01
 10  0.08211 -1.37653e+01 | 11  0.00656 -2.23404e+01 | 12 -0.01955 -2.27238e+01
 13  0.01222 -3.00806e+01 | 14 -0.00266 -3.61443e+01 | 15 -0.02463 -4.27335e+01
 16 -0.02715 -5.95339e+01 | 17 -0.04242 -7.25164e+01 | 18 -0.03539 -8.26499e+01
 19  0.03199 -5.74441e+01 | 20 -0.01418  7.90086e+00 | 21 -0.00633 -1.25760e+01
 22  0.05774 -2.58775e+01 | 23 -0.02122  4.34111e+01 | 24  0.00424  8.43850e+01
 25  0.06049  1.08491e+02 | 26  0.01256  9.86679e+01 | 27  0.00373  4.65866e+01
 28 -0.00844 -1.59702e+01 | 29  0.02557 -8.35579e+01 | 30  0.03922 -1.50184e+02
 31  0.04635 -1.68531e+02 | 32 -0.00006 -1.03011e+02 | 33  0.00404 -6.58044e+00
 34  0.00278  5.56628e+01 | 35  0.00155  1.11386e+02 | 36 -0.01411  1.37797e+02
 37  0.00860  4.89647e+01 | 38 -0.00502  3.61942e+01 | 39 -0.00245 -1.76262e+01
 40  0.02313 -6.43894e+01 | 41  0.02080 -8.23710e+01 | 42  0.02910 -7.28137e+01
 43  0.01392 -3.27437e+01 | 44 -0.01540  2.99977e+01 | 45 -0.00810  4.39211e+01
 46 -0.02479  1.16456e+01 | 47 -0.03167  9.40264e+00 | 48 -0.03424 -1.90317e+01
 49 -0.47134  2.42751e+00 | 50 -0.05283 -4.98032e+02 | 51  0.29564  1.17171e+03
 52  0.45612  1.48353e+02 | 53  0.02877 -6.40266e+02 | 54  0.22829  6.88960e+02
 55  0.52389 -5.95128e+01 | 56  0.01220  3.10803e+02 | 57  0.30871 -5.60599e+02
 58  0.51766  6.28681e+01 | 59 -0.03736  5.83028e+00 | 60 -0.41207 -2.63645e-01
 61  0.34686 -5.58522e+00 | 62  0.70130 -9.28983e-01 | 63 -0.21105 -1.10078e+01
 64  0.23801  1.35954e+01 | 65  0.54065 -7.57592e+00 | 66  0.16735 -8.42901e+01
 67  0.35261 -8.56661e+00 | 68  0.30902  1.76488e+02 | 69  0.02131 -7.57878e+00
 70 -0.09074 -7.77661e+02 | 71  0.00690 -7.54564e+01 | 72  0.31054  8.91157e+02
 73  0.51190 -3.96220e+02 | 74 -0.41515 -7.02529e+01 | 75  0.24150  1.33351e+02
 76  0.27564  5.88027e+01 |
76 variables; iteration 40; function evaluation 50; phase 3
Function value 3.3941519e+03; maximum gradient component mag 7.5386e+02
Var    Value     Gradient |Var    Value     Gradient |Var    Value     Gradient
  1 -0.36252 -1.28042e-01 |  2 -0.02627 -1.65209e+01 |  3 -0.02111 -1.53862e+01
  4 -0.03078 -1.52642e+01 |  5 -0.05277 -1.11643e+01 |  6 -0.02799 -9.14223e+00
  7  0.00761 -3.86506e+01 |  8  0.01625 -1.69864e+01 |  9  0.01527  3.31880e+00
 10  0.07952 -7.58155e+00 | 11  0.03114  9.21718e+00 | 12 -0.05672 -1.79032e+01
 13  0.07477  3.53392e+01 | 14 -0.00123 -3.16506e+00 | 15 -0.04765 -1.10569e+01
 16  0.01718  1.40520e+01 | 17 -0.02807 -8.22717e+00 | 18 -0.02016 -2.12364e+01
 19  0.02247 -2.12197e+01 | 20 -0.01768  3.68235e+00 | 21 -0.00614 -3.35148e+00
 22  0.05806 -1.59200e+01 | 23 -0.02601  2.45076e+01 | 24 -0.00166  3.45143e+01
 25  0.05473  1.86349e+01 | 26  0.00110  1.03942e+01 | 27 -0.00821 -1.42418e+01
 28 -0.00915 -4.00471e+00 | 29  0.02517 -5.47013e+01 | 30  0.04022 -7.44636e+01
 31  0.05569 -3.23212e+01 | 32  0.00352 -5.71554e+01 | 33 -0.00588 -5.49715e+01
 34 -0.00174  1.34242e+01 | 35 -0.00534  5.75189e+01 | 36 -0.02325  8.90531e+01
 37  0.00658  4.80211e+01 | 38 -0.01128  3.53763e+01 | 39  0.00169  4.93785e+01
 40  0.02520 -2.95147e+00 | 41  0.02002 -4.63608e+01 | 42  0.02900 -3.78010e+01
 43  0.01139 -2.65202e+01 | 44 -0.02586 -9.92251e+00 | 45 -0.01851  4.12570e+00
 46 -0.02811  9.68080e+00 | 47 -0.08190 -1.14646e+02 | 48 -0.02399  1.32862e+01
 49 -1.08042 -2.32922e-01 | 50 -0.05394 -3.06333e+02 | 51  0.29045  7.53863e+02
 52  0.45079  1.08832e+02 | 53  0.04413 -4.18727e+02 | 54  0.23467  5.13265e+02
 55  0.50214 -8.33015e+01 | 56  0.00687  2.26324e+02 | 57  0.30929 -4.20408e+02
 58  0.52267  6.66896e+01 | 59 -0.54330  1.46197e+01 | 60 -0.23938 -7.77514e+00
 61 -0.16628 -6.97276e+00 | 62  1.12580  1.45168e+01 | 63 -0.31467 -2.10474e+01
 64  0.18890  3.38847e+01 | 65  0.64445  2.31033e+01 | 66  0.17152 -4.85392e+01
 67  0.39540  5.49346e+00 | 68  0.30966  1.25865e+02 | 69 -0.01195 -1.39191e+00
 70 -0.09885 -3.81727e+02 | 71  0.11683 -6.19084e+01 | 72  0.29381  5.40349e+02
 73  0.50450 -1.26725e+02 | 74 -0.42115 -3.26690e+01 | 75  0.23018  9.58440e+01
 76  0.28573  7.17514e+01 |
76 variables; iteration 60; function evaluation 74; phase 3
Function value 3.3688385e+03; maximum gradient component mag 3.2022e+02
Var    Value     Gradient |Var    Value     Gradient |Var    Value     Gradient
  1 -0.53239 -3.05540e+01 |  2 -0.02369 -3.94935e+00 |  3 -0.03599 -1.41421e+01
  4 -0.04907 -1.85916e+01 |  5 -0.06784 -1.64681e+01 |  6 -0.04045 -8.99437e+00
  7  0.02750 -9.90678e+00 |  8  0.03656  1.76216e+01 |  9 -0.00029  5.29070e+00
 10  0.04819 -2.48336e+01 | 11  0.00937 -1.61884e+01 | 12 -0.01984 -4.54997e+00
 13  0.04182  1.66547e+01 | 14 -0.02051 -2.07288e+01 | 15 -0.01090 -4.88267e-01
 16 -0.01243 -8.76670e+00 | 17 -0.04412 -2.40101e+01 | 18 -0.02705 -2.60699e+01
 19  0.02539 -1.75296e+01 | 20 -0.02147 -2.36599e+01 | 21 -0.01611 -2.95063e+01
 22  0.06953  2.99848e+01 | 23 -0.01914  4.74081e+01 | 24 -0.00049  2.21623e+01
 25  0.06401  3.34370e+01 | 26  0.00331 -1.86706e+01 | 27 -0.00176  1.02127e+00
 28  0.00582  6.85444e+01 | 29  0.02227 -6.46869e+01 | 30  0.05941  6.72798e+01
 31  0.05722 -2.42164e+00 | 32  0.01151 -1.35644e+01 | 33  0.00525 -6.17770e+00
 34 -0.00785 -4.36080e+01 | 35 -0.00469  1.38724e+01 | 36 -0.02851  2.54150e+01
 37  0.00985  2.42486e+01 | 38 -0.01576 -2.76998e+01 | 39 -0.00220  3.22115e+00
 40  0.03523  5.09978e+01 | 41  0.02123 -3.57617e+01 | 42  0.03431  1.68454e+00
 43  0.02199  2.70737e+01 | 44 -0.02750 -2.82319e+01 | 45 -0.01706 -7.11227e+00
 46 -0.01901  4.31668e+01 | 47 -0.05110 -3.41390e+01 | 48 -0.02648  6.52515e+00
 49 -1.22683  6.23621e-01 | 50 -0.05631 -3.07387e+02 | 51  0.28126  3.20215e+02
 52  0.45051 -4.90381e+01 | 53  0.03696 -2.86665e+02 | 54  0.22225  2.56417e+02
 55  0.51621 -6.08785e+01 | 56  0.01199 -4.26443e+00 | 57  0.31500 -1.03339e+02
 58  0.51738 -4.12472e+01 | 59 -0.47174 -1.94606e-01 | 60  0.47445  7.68851e-01
 61  0.04288 -3.93724e+00 | 62  1.20538 -3.61799e-01 | 63 -0.19885  1.55385e+00
 64  0.23906 -6.16294e+00 | 65  0.53284 -1.03578e+01 | 66  0.17736 -5.02502e+01
 67  0.34564 -1.93996e+01 | 68  0.30760  9.10718e+01 | 69  0.01707 -2.15665e+01
 70 -0.08915 -1.32379e+02 | 71  0.09738 -3.38122e+01 | 72  0.26994  6.32400e+01
 73  0.51453 -8.27229e+01 | 74 -0.43884 -5.01194e+01 | 75  0.20499  8.44561e+01
 76  0.28875  6.38503e+01 |
Maximum number of function evaluations exceeded

 - final statistics:
76 variables; iteration 80; function evaluation 100
Function value 3.3560e+03; maximum gradient component mag 9.3860e+01
Exit code = 3;  converg criter 1.0000e+00
Var    Value     Gradient |Var    Value     Gradient |Var    Value     Gradient
  1 -0.54638  2.04722e+01 |  2 -0.02454  5.50273e-01 |  3 -0.02428 -1.54630e+00
  4 -0.03677 -5.21963e+00 |  5 -0.05749 -6.59077e+00 |  6 -0.05337 -1.19746e+01
  7  0.04987  5.98909e-01 |  8  0.01670  5.06301e+00 |  9 -0.01545 -1.55562e+00
 10  0.07428 -5.40137e+00 | 11  0.02044 -1.62990e+00 | 12 -0.00563  7.32939e+00
 13  0.01346 -3.83239e+00 | 14  0.00583 -1.76396e+00 | 15 -0.01760 -3.82325e+00
 16 -0.01832 -5.59343e+00 | 17 -0.02841 -8.70140e+00 | 18 -0.03282 -1.91935e+01
 19  0.01954 -1.31840e+01 | 20 -0.01923 -5.00098e+00 | 21 -0.00938  6.64644e-01
 22  0.06655  3.27533e+01 | 23 -0.03072  1.57609e+00 | 24 -0.00375  8.50795e+00
 25  0.06280  4.20511e+01 | 26  0.00606 -1.34202e+00 | 27 -0.00470 -1.29379e+01
 28 -0.01207 -2.27123e+00 | 29  0.03616  1.75541e+01 | 30  0.05116  4.10159e+01
 31  0.05877  2.86940e+01 | 32  0.01302  8.24008e+00 | 33  0.00323 -4.13476e+00
 34 -0.00485 -2.03312e+01 | 35 -0.00828 -8.95919e+00 | 36 -0.03649 -2.13073e+01
 37  0.00615 -4.40329e+00 | 38 -0.01427 -1.81056e+01 | 39 -0.00427 -8.52194e+00
 40  0.02922  1.90851e+01 | 41  0.02878  2.30608e+01 | 42  0.03488  2.46359e+01
 43  0.01872  1.41912e+01 | 44 -0.02529 -1.68515e+01 | 45 -0.01583 -5.99003e+00
 46 -0.02943 -2.97837e+00 | 47 -0.04127  3.59137e+00 | 48 -0.03912 -1.32310e+01
 49 -1.18182  6.74105e-01 | 50 -0.04970 -8.85084e+01 | 51  0.28085  1.85381e+01
 52  0.44503 -5.32183e+01 | 53  0.03877 -4.83459e+01 | 54  0.21763 -3.37933e+00
 55  0.52335 -1.64816e+01 | 56  0.01739 -9.19610e+01 | 57  0.32015  9.38600e+01
 58  0.51558 -5.85359e+01 | 59 -0.49167 -2.57723e+01 | 60  0.15716  1.61183e+00
 61  0.07229  1.44645e+01 | 62  1.20187 -1.82862e+00 | 63 -0.19322 -9.87523e+00
 64  0.24772  1.70600e+01 | 65  0.54437  1.09938e+00 | 66  0.19139 -7.96776e+00
 67  0.35400 -3.43436e-01 | 68  0.30961  3.25321e+01 | 69  0.01343 -2.56234e+00
 70 -0.08268 -7.53329e+01 | 71  0.09372 -2.14575e+01 | 72  0.27064  9.14033e+00
 73  0.51377 -5.87748e+01 | 74 -0.45236 -3.28213e+01 | 75  0.17281  4.45734e+01
 76  0.22638  6.61109e+01 |

Initial statistics: 92 variables; iteration 0; function evaluation 0; phase 4
Function value 3.3560445e+03; maximum gradient component mag 2.5974e+02
Var    Value     Gradient |Var    Value     Gradient |Var    Value     Gradient
  1 -0.54638  2.04722e+01 |  2  0.00000  4.79715e-01 |  3  0.00000  1.25415e-01
  4  0.00000  1.57230e-01 |  5  0.00000  2.00002e-01 |  6  0.00000  2.59272e-01
  7  0.00000  3.39262e-01 |  8  0.00000  4.36926e-01 |  9  0.00000  5.76129e-01
 10  0.00000  7.56935e-01 | 11  0.00000  1.00207e+00 | 12  0.00000  1.34276e+00
 13  0.00000  1.81616e+00 | 14  0.00000  2.47227e+00 | 15  0.00000  3.27482e+00
 16  0.00000  4.58746e+00 | 17 -0.02457 -3.70491e-01 | 18 -0.02432 -2.46707e+00
 19 -0.03681 -6.13952e+00 | 20 -0.05752 -7.50843e+00 | 21 -0.05341 -1.28927e+01
 22  0.04984 -3.19716e-01 | 23  0.01667  4.14188e+00 | 24 -0.01549 -2.47680e+00
 25  0.07425 -6.31660e+00 | 26  0.02041 -2.55088e+00 | 27 -0.00567  6.40797e+00
 28  0.01343 -4.75364e+00 | 29  0.00580 -2.68537e+00 | 30 -0.01763 -4.74434e+00
 31 -0.01835 -6.51449e+00 | 32 -0.02845 -9.62191e+00 | 33 -0.03286 -2.01136e+01
 34  0.01951 -1.41051e+01 | 35 -0.01926 -5.92200e+00 | 36 -0.00941 -2.56704e-01
 37  0.06652  3.18371e+01 | 38 -0.03076  6.55714e-01 | 39 -0.00378  7.58651e+00
 40  0.06277  4.11343e+01 | 41  0.00602 -2.26343e+00 | 42 -0.00473 -1.38593e+01
 43 -0.01211 -3.19251e+00 | 44  0.03612  1.66342e+01 | 45  0.05112  4.00976e+01
 46  0.05873  2.77766e+01 | 47  0.01299  7.31883e+00 | 48  0.00320 -5.05620e+00
 49 -0.00488 -2.12526e+01 | 50 -0.00832 -9.88056e+00 | 51 -0.03653 -2.22271e+01
 52  0.00612 -5.32470e+00 | 53 -0.01431 -1.90268e+01 | 54 -0.00430 -9.44336e+00
 55  0.02919  1.81646e+01 | 56  0.02875  2.21403e+01 | 57  0.03484  2.37159e+01
 58  0.01868  1.32702e+01 | 59 -0.02533 -1.77721e+01 | 60 -0.01587 -6.91118e+00
 61 -0.02947 -3.89882e+00 | 62 -0.04131  2.67185e+00 | 63 -0.03916 -1.41506e+01
 64 -0.81818 -6.74105e-01 | 65 -0.04970 -8.85084e+01 | 66  0.28085  1.85381e+01
 67  0.44503 -5.32183e+01 | 68  0.03877 -4.83459e+01 | 69  0.21763 -3.37933e+00
 70  0.52335 -1.64816e+01 | 71  0.01739 -9.19610e+01 | 72  0.32015  9.38600e+01
 73  0.51558 -5.85359e+01 | 74 -0.49167 -2.57723e+01 | 75  0.15716  1.61183e+00
 76  0.07229  1.44645e+01 | 77  0.79813  1.82862e+00 | 78 -0.19322 -9.87523e+00
 79  0.24772  1.70600e+01 | 80  0.54437  1.09938e+00 | 81  0.19139 -7.96776e+00
 82  0.35400 -3.43436e-01 | 83  0.30961  3.25321e+01 | 84  0.01343 -2.56234e+00
 85 -0.08268 -7.53329e+01 | 86  0.09372 -2.14575e+01 | 87  0.27064  9.14033e+00
 88  0.51377 -5.87748e+01 | 89 -0.45236 -3.28213e+01 | 90  0.17281  4.45734e+01
 91  0.22638  6.61109e+01 | 92  0.01592  2.59740e+02 |

Intermediate statistics: 92 variables; iteration 20; function evaluation 35; phase 4
Function value 3.2869761e+03; maximum gradient component mag -2.5424e+03
Var    Value     Gradient |Var    Value     Gradient |Var    Value     Gradient
  1 -0.58771 -1.00175e+03 |  2 -0.00492 -1.39504e+00 |  3 -0.00126 -3.50118e-01
  4 -0.00155 -4.28323e-01 |  5 -0.00192 -5.26580e-01 |  6 -0.00241 -6.52453e-01
  7 -0.00304 -8.08635e-01 |  8 -0.00373 -9.76034e-01 |  9 -0.00465 -1.17937e+00
 10 -0.00564 -1.37280e+00 | 11 -0.00668 -1.52960e+00 | 12 -0.00764 -1.58927e+00
 13 -0.00827 -1.44321e+00 | 14 -0.00851 -1.08250e+00 | 15 -0.00842 -6.74421e-01
 16 -0.01742 -3.18337e+00 | 17 -0.02100  5.23058e-01 | 18 -0.02733 -2.92130e+00
 19 -0.03315  3.88690e-01 | 20 -0.05329  5.56015e+00 | 21 -0.00201  2.40021e+01
 22  0.03607 -2.34142e+01 | 23 -0.02339 -2.81583e+01 | 24 -0.00129 -1.01213e+01
 25  0.08078 -1.81126e+01 | 26  0.01129 -1.81262e+01 | 27 -0.02316 -3.02980e+01
 28  0.03110 -2.04362e+01 | 29 -0.00809 -2.94736e+01 | 30 -0.01144 -3.06798e+01
 31 -0.04126 -5.03367e+01 | 32 -0.05774 -4.97607e+01 | 33  0.01928 -3.16585e+01
 34  0.00159 -7.40643e+01 | 35 -0.01511 -3.56515e+01 | 36 -0.00595 -3.03678e+01
 37  0.06952  4.02906e+01 | 38 -0.01912  4.54670e+01 | 39  0.00547  4.84828e+01
 40  0.06767  7.95539e+01 | 41  0.01642  1.15205e+01 | 42 -0.00210 -7.87774e+01
 43 -0.03316  1.24848e+01 | 44  0.04314 -3.87364e+01 | 45  0.03880 -1.83758e+01
 46  0.05965 -1.01708e+02 | 47  0.01342  4.72930e+01 | 48  0.00607 -1.53418e+01
 49 -0.00666 -9.99435e+00 | 50 -0.01840 -6.84254e+01 | 51 -0.03681 -2.04704e+01
 52  0.00151 -3.70705e+01 | 53 -0.01286  2.89582e-02 | 54 -0.00172 -1.74426e+01
 55  0.02578  1.11557e+01 | 56  0.02703  3.37216e+01 | 57  0.03016  6.17566e+00
 58  0.00906 -2.66906e+01 | 59 -0.02719  5.34773e+01 | 60 -0.02245  3.55475e+01
 61 -0.02807  3.12384e+01 | 62 -0.05212 -1.40022e+01 | 63 -0.02478  1.93338e+01
 64 -0.80943 -5.36825e-01 | 65 -0.04652 -7.59161e+02 | 66  0.27495 -1.17531e+02
 67  0.42397 -7.21642e+02 | 68  0.04487 -1.26400e+03 | 69  0.24939  1.56419e+03
 70  0.52940 -1.39888e+02 | 71  0.02224  4.52529e+02 | 72  0.29843 -1.11969e+03
 73  0.52133  1.75426e+01 | 74 -0.37287  5.05849e+01 | 75  0.12876 -2.14709e+00
 76  0.04901 -3.98188e+01 | 77  0.76821  1.32594e-01 | 78 -0.19269 -1.66100e+01
 79  0.23765 -1.83431e+01 | 80  0.54665 -2.52324e+01 | 81  0.15712 -1.74892e+02
 82  0.35388 -1.87729e+01 | 83  0.30377  3.09817e+02 | 84  0.03731 -9.49017e+00
 85 -0.04368 -3.74659e+02 | 86 -0.04051 -1.79190e+01 | 87  0.30356  5.04905e+02
 88  0.51864 -1.52123e+02 | 89 -0.45659 -2.54245e+03 | 90  0.13104  8.34363e+02
 91  0.05067  6.18995e+00 | 92 -0.16645  5.50072e+02 |
92 variables; iteration 40; function evaluation 58; phase 4
Function value 3.2306123e+03; maximum gradient component mag 2.2789e+03
Var    Value     Gradient |Var    Value     Gradient |Var    Value     Gradient
  1 -0.57999 -4.79796e+02 |  2  0.01407  4.93507e+00 |  3  0.00346  1.21155e+00
  4  0.00422  1.47655e+00 |  5  0.00519  1.81068e+00 |  6  0.00646  2.24337e+00
  7  0.00804  2.76785e+00 |  8  0.00962  3.26497e+00 |  9  0.01192  3.96997e+00
 10  0.01417  4.54519e+00 | 11  0.01630  4.85358e+00 | 12  0.01793  4.46886e+00
 13  0.01814  2.42661e+00 | 14  0.01574 -2.68245e+00 | 15  0.00310 -1.25357e+01
 16  0.08636 -1.65618e+00 | 17 -0.08753 -3.59736e+01 | 18 -0.02742 -1.57839e+01
 19 -0.03801  2.29358e+00 | 20 -0.00985  5.97769e+01 | 21  0.05426  1.27026e+02
 22  0.07225  6.48028e+01 | 23  0.05527  4.43878e+01 | 24 -0.07607 -2.78150e+01
 25  0.04658 -4.04800e+01 | 26  0.03117 -2.17470e+01 | 27  0.01491  3.31985e+00
 28  0.00151 -5.45742e+00 | 29  0.01577 -3.39345e+01 | 30 -0.09472 -1.12687e+02
 31  0.00069 -1.89437e+01 | 32  0.00879  7.36865e+00 | 33  0.00619 -1.07010e+01
 34  0.00367 -1.08230e+02 | 35 -0.09049 -1.43652e+02 | 36  0.01922 -2.78601e+01
 37  0.06370 -1.59444e+01 | 38 -0.01873  3.82322e+01 | 39  0.01656  1.28334e+02
 40  0.08855  3.13084e+02 | 41  0.03683  1.68199e+02 | 42  0.02074  4.31758e+01
 43 -0.03729  1.13544e+01 | 44  0.04641 -3.41793e+01 | 45  0.05825  1.58821e+02
 46  0.07067 -4.26249e+01 | 47  0.01390  5.89156e+01 | 48  0.01759  1.56551e+00
 49 -0.02126 -8.93320e+01 | 50 -0.01914 -1.02505e+02 | 51 -0.03263 -1.71773e+00
 52  0.00866 -4.53906e+01 | 53 -0.03258 -1.18575e+02 | 54  0.00543 -3.32173e+00
 55  0.04398  1.54821e+02 | 56  0.01013 -3.28231e+01 | 57  0.03500 -4.61379e+00
 58  0.00389 -5.73935e+01 | 59 -0.05080 -3.27985e+01 | 60 -0.04302 -6.83438e+01
 61 -0.04485 -5.84085e+01 | 62 -0.09349 -9.92877e+01 | 63 -0.05590 -4.09063e+01
 64 -0.10450  3.40438e+00 | 65 -0.04593 -5.98093e+02 | 66  0.27833 -7.74310e+01
 67  0.42203 -6.29782e+02 | 68  0.02040 -1.88420e+03 | 69  0.26240  2.27891e+03
 70  0.54702 -1.91285e+02 | 71  0.05264  9.96803e+02 | 72  0.30620 -1.77205e+03
 73  0.49074  8.36409e+01 | 74 -0.05116  3.15636e+01 | 75 -0.75213 -1.15376e-02
 76  0.31343 -6.53390e+01 | 77  0.83800  8.05701e-01 | 78 -0.11603  9.02578e+00
 79  0.27503 -7.53859e+01 | 80  0.44074 -8.61911e+01 | 81  0.21540 -1.16160e+02
 82  0.00007  8.72200e-02 | 83  0.34457  3.67092e+02 | 84  0.52920  1.58600e+00
 85 -0.05838 -2.12308e+02 | 86 -0.12431 -4.92274e+00 | 87  0.28496  2.18281e+02
 88  0.53515 -8.57451e+01 | 89 -0.42647 -1.37189e+03 | 90  0.12161  2.88089e+02
 91 -0.03734 -6.93209e+02 | 92 -0.30068  9.57775e+02 |
92 variables; iteration 60; function evaluation 79; phase 4
Function value 3.2048306e+03; maximum gradient component mag 2.3718e+03
Var    Value     Gradient |Var    Value     Gradient |Var    Value     Gradient
  1 -0.57662 -4.07788e+02 |  2  0.01566  5.44113e+00 |  3  0.00408  1.41265e+00
  4  0.00503  1.73297e+00 |  5  0.00622  2.12958e+00 |  6  0.00775  2.62654e+00
  7  0.00965  3.22737e+00 |  8  0.01183  3.86932e+00 |  9  0.01456  4.60534e+00
 10  0.01745  5.18334e+00 | 11  0.02025  5.28864e+00 | 12  0.02212  4.12862e+00
 13  0.02129  8.41817e-02 | 14  0.01461 -9.03215e+00 | 15  0.02121 -1.89333e+01
 16  0.02865 -2.00717e+01 | 17 -0.01789 -7.58742e+00 | 18 -0.01154  6.23296e+00
 19 -0.01437  2.66477e+01 | 20 -0.01148  5.72677e+01 | 21 -0.00394  5.23219e+01
 22  0.07683  5.30848e+01 | 23  0.05904  3.82074e+01 | 24 -0.01025 -1.41977e+01
 25 -0.00448 -5.95002e+01 | 26  0.05059 -1.36583e+00 | 27  0.00988  2.16554e+01
 28  0.01401 -1.69166e+00 | 29  0.00647 -4.85639e+00 | 30 -0.01828 -2.62369e+01
 31 -0.00379 -1.34527e+01 | 32 -0.05239 -2.38506e+01 | 33 -0.00718 -1.81598e+00
 34  0.02431 -1.51022e+01 | 35 -0.03565 -5.67552e+01 | 36 -0.00548 -4.59113e+01
 37  0.05732 -6.38921e+01 | 38 -0.02314  2.30582e+01 | 39  0.01443  1.24649e+02
 40  0.08295  2.71274e+02 | 41  0.02697  1.26543e+02 | 42  0.02056  6.67163e+01
 43 -0.04254  2.29957e+01 | 44  0.05967  1.24722e+02 | 45  0.04214  9.45726e+01
 46  0.07358  4.57830e+00 | 47  0.00916  4.56234e+01 | 48  0.00545 -5.57718e+01
 49 -0.02039 -7.52828e+01 | 50 -0.02231 -9.12560e+01 | 51 -0.03855  4.31978e+00
 52  0.01274  1.46894e+00 | 53 -0.04790 -1.72948e+02 | 54 -0.00632 -7.40042e+01
 55  0.04068  1.56094e+02 | 56  0.00897  2.59629e+00 | 57  0.03750  3.32739e+01
 58 -0.01157 -1.23103e+02 | 59 -0.06918 -9.97086e+01 | 60 -0.04959 -8.42338e+01
 61 -0.04382 -3.66593e+01 | 62 -0.11417 -1.27772e+02 | 63 -0.04447 -1.07076e+01
 64 -0.16193  5.74719e+00 | 65 -0.04596 -5.59845e+02 | 66  0.27953 -4.92756e+00
 67  0.42336 -5.61360e+02 | 68  0.02966 -1.85939e+03 | 69  0.27106  2.37178e+03
 70  0.53208 -2.18773e+02 | 71  0.06401  1.00579e+03 | 72  0.31261 -1.71165e+03
 73  0.47898  5.71750e+01 | 74 -0.12833  4.87467e+01 | 75 -0.40788 -1.47461e+00
 76  0.25416 -1.12667e+02 | 77  0.71097 -1.45424e+01 | 78 -0.15878 -8.58246e+01
 79  0.26027  4.02080e+01 | 80  0.48288 -7.20452e+01 | 81  0.25555 -6.14565e+01
 82 -0.94877 -3.87591e-02 | 83  0.35565  2.91690e+02 | 84  1.46892 -1.59160e+00
 85 -0.03471 -1.21182e+02 | 86 -0.15973 -2.73880e+00 | 87  0.29293  1.09040e+02
 88  0.51513 -9.05277e+01 | 89 -0.42125 -2.68010e+02 | 90  0.11948 -4.67660e+01
 91 -0.05299 -7.47472e+02 | 92 -0.32544  8.44180e+02 |
92 variables; iteration 80; function evaluation 101; phase 4
Function value 3.1370889e+03; maximum gradient component mag -1.8668e+03
Var    Value     Gradient |Var    Value     Gradient |Var    Value     Gradient
  1 -0.57681  7.48314e+01 |  2 -0.04511 -1.56610e+01 |  3 -0.01225 -4.26021e+00
  4 -0.01525 -5.29982e+00 |  5 -0.01908 -6.62471e+00 |  6 -0.02413 -8.37588e+00
  7 -0.03043 -1.05553e+01 |  8 -0.03822 -1.32388e+01 |  9 -0.04777 -1.65093e+01
 10 -0.05830 -2.00868e+01 | 11 -0.06660 -2.28492e+01 | 12 -0.06045 -2.05670e+01
 13 -0.00500 -7.14388e-01 | 14  0.13041  4.77899e+01 | 15  0.02773  1.01000e+01
 16 -0.02346 -1.13637e+01 | 17 -0.03946 -1.44336e+01 | 18 -0.10926 -3.48003e+01
 19  0.01926  3.55516e+01 | 20  0.00273  5.43105e+01 | 21 -0.02303  2.15455e+01
 22  0.05912  4.41541e+00 | 23 -0.01442 -7.91564e+00 | 24  0.04509  1.41325e+01
 25  0.05351 -2.99899e+01 | 26  0.04358 -5.35132e+00 | 27  0.05259  8.82540e+01
 28 -0.07386 -2.40273e+01 | 29  0.08335  1.31327e+02 | 30 -0.02247 -4.58641e-01
 31 -0.05048 -8.77007e+00 | 32 -0.06385 -9.61980e+00 | 33 -0.01676  3.40382e+01
 34  0.05147  1.00102e+02 | 35 -0.04379 -2.59452e+01 | 36  0.01768  2.53522e+01
 37  0.04867 -1.08572e+02 | 38 -0.01868  4.10207e+00 | 39  0.00141  5.40869e+00
 40  0.08571  1.98454e+02 | 41  0.00170 -3.64634e+01 | 42  0.02097  3.81962e+01
 43 -0.03900  3.69216e+01 | 44  0.07518  2.16799e+02 | 45  0.02944 -4.78632e+00
 46  0.08356  9.33800e+01 | 47  0.01647  8.76400e+01 | 48  0.00964 -4.65840e+01
 49 -0.02126 -8.07875e+01 | 50 -0.00534  1.25551e+01 | 51 -0.01959  1.18513e+02
 52  0.01548  3.28503e+01 | 53 -0.02939 -9.24956e+01 | 54  0.00238 -1.79920e+01
 55  0.04388  1.77713e+02 | 56  0.03074  9.40036e+01 | 57  0.02680 -3.73956e+01
 58  0.01142 -8.29790e+01 | 59 -0.07636 -1.68454e+02 | 60 -0.05436 -1.77273e+02
 61 -0.04345 -6.33333e+01 | 62 -0.08818 -6.53060e+01 | 63 -0.06225 -4.11117e+01
 64 -0.59774 -4.96345e-01 | 65 -0.03424 -3.47230e+01 | 66  0.28835  6.77395e+01
 67  0.43255 -1.06212e+02 | 68  0.04507 -1.11199e+03 | 69  0.25547  1.53540e+03
 70  0.53827 -5.89205e+01 | 71  0.06678  5.40961e+02 | 72  0.32826 -6.85291e+02
 73  0.48384  4.20608e+01 | 74 -0.13520 -8.36949e+00 | 75 -0.31159 -4.48565e+00
 76  0.28722 -2.12330e+01 | 77  0.68197 -2.52321e+01 | 78 -0.14966 -1.36859e+02
 79  0.27975  1.28497e+02 | 80  0.51183 -4.98085e+01 | 81  0.21905 -8.60393e+01
 82 -1.17953  1.11794e-02 | 83  0.33025  2.33835e+02 | 84  1.83789 -2.21347e+01
 85  0.00623  2.30502e+02 | 86 -0.27094  7.71204e-01 | 87  0.30459 -2.45284e+02
 88  0.49755  3.38981e+01 | 89 -0.42993 -1.86676e+03 | 90  0.11493  4.06138e+02
 91 -0.03493 -7.96809e+02 | 92 -0.30951  9.35966e+02 |
92 variables; iteration 100; function evaluation 133; phase 4
Function value 2.9970892e+03; maximum gradient component mag -5.7366e+02
Var    Value     Gradient |Var    Value     Gradient |Var    Value     Gradient
  1 -0.56419  8.33404e+01 |  2  0.01643  5.72345e+00 |  3 -0.01576 -5.51435e+00
  4  0.03248  1.13250e+01 |  5  0.02660  9.27015e+00 |  6  0.03023  1.05230e+01
  7 -0.05277 -1.83964e+01 |  8  0.00804  2.73360e+00 |  9  0.00498  1.60935e+00
 10 -0.03109 -1.10449e+01 | 11  0.00303  5.46612e-01 | 12  0.00065 -9.49090e-01
 13 -0.00229 -3.82421e+00 | 14 -0.00329 -9.55188e+00 | 15  0.02629 -1.63207e+01
 16  0.14382 -1.76426e+01 | 17 -0.01318 -1.33471e+01 | 18 -0.01594 -9.18472e+00
 19 -0.02500 -6.96178e-01 | 20 -0.04868  4.17000e+00 | 21 -0.02599  1.29843e+01
 22  0.05015  1.41499e+01 | 23  0.00674  5.68051e+00 | 24  0.00857  6.12993e-01
 25  0.01226 -4.13961e+01 | 26  0.02536  2.83015e-02 | 27 -0.01109  4.54837e+00
 28  0.00894  1.19604e+01 | 29 -0.00174  1.34672e+01 | 30 -0.01583  5.78213e-01
 31 -0.01384  5.54182e+00 | 32 -0.04509 -1.27804e+01 | 33 -0.02538 -1.15134e+01
 34  0.01971 -1.06082e+01 | 35 -0.02232 -7.57695e+00 | 36 -0.00370  1.13221e-01
 37  0.05933 -2.08145e+00 | 38 -0.02776  5.56282e+00 | 39  0.00012  1.04921e+01
 40  0.05431  3.65036e+00 | 41  0.00778 -2.02848e+00 | 42  0.00182 -6.41591e+00
 43 -0.02353  3.18652e+00 | 44  0.05127 -8.23620e+00 | 45  0.03359 -2.16377e-01
 46  0.06979 -5.39490e+00 | 47  0.00047  1.07382e+00 | 48  0.01435  1.38439e-02
 49 -0.01114  1.44891e+00 | 50 -0.00787 -1.15474e+00 | 51 -0.03811 -5.21580e+00
 52  0.01092 -3.68885e+00 | 53 -0.01293  6.49972e+00 | 54  0.00585  5.03396e+00
 55  0.02599 -8.04344e+00 | 56  0.02438 -1.12143e+01 | 57  0.03739  2.70608e-01
 58  0.02357  1.93267e+00 | 59 -0.03095  4.54087e+00 | 60 -0.01707 -1.40925e+00
 61 -0.02204 -3.31018e+00 | 62 -0.06184 -3.57126e+00 | 63 -0.03339  5.53671e-01
 64  0.80620  5.12222e+00 | 65 -0.04211  3.13436e+00 | 66  0.28349 -2.07249e+01
 67  0.44578 -7.52318e+00 | 68  0.04815  1.10091e+01 | 69  0.22298 -2.25013e+01
 70  0.52607 -1.81804e-01 | 71  0.02440  2.07646e+01 | 72  0.32043 -1.33347e+01
 73  0.51850  7.62817e+00 | 74 -0.01003 -1.06897e+00 | 75 -1.08552  4.26917e-02
 76  0.35059 -2.19643e+00 | 77  0.70207 -3.92113e+00 | 78 -0.16664 -1.32256e+01
 79  0.25029  7.08833e+00 | 80  0.50941 -8.11189e+00 | 81  0.25828  2.16511e+00
 82 -0.80128 -1.08214e-02 | 83  0.32992  1.82214e+00 | 84  1.88665 -1.43444e+00
 85 -0.04698 -3.61403e+01 | 86 -0.32922 -1.76856e-01 | 87  0.28734  2.61775e+01
 88  0.53340 -2.33071e+01 | 89 -0.43525 -5.73657e+02 | 90  0.06973  8.26612e+01
 91 -0.03886 -2.56368e+02 | 92 -0.42320  2.00104e+01 |
92 variables; iteration 120; function evaluation 159; phase 4
Function value 2.9802999e+03; maximum gradient component mag 8.0934e+02
Var    Value     Gradient |Var    Value     Gradient |Var    Value     Gradient
  1 -0.62404 -3.48544e+02 |  2  0.00614  3.67254e+00 |  3 -0.02154 -7.16343e+00
  4 -0.00692 -1.87396e+00 |  5  0.01481  6.04425e+00 |  6 -0.00758 -1.66135e+00
  7  0.03065  1.25300e+01 |  8 -0.00053  1.80105e+00 |  9 -0.00060  2.58701e+00
 10  0.00182  4.71078e+00 | 11  0.01221  1.06733e+01 | 12  0.00356  1.00266e+01
 13  0.00546  1.50496e+01 | 14  0.02157  2.89772e+01 | 15  0.02735  3.95866e+01
 16 -0.09204 -1.87148e+01 | 17 -0.02132  1.52950e+01 | 18 -0.01377  1.11326e+01
 19 -0.03503 -1.57936e+00 | 20 -0.04914 -3.78499e+00 | 21 -0.03159 -8.82165e+00
 22  0.04721 -2.47110e+01 | 23 -0.00045 -1.23768e+01 | 24 -0.03284 -7.52706e+00
 25  0.10532  3.38685e+01 | 26  0.02497  1.67565e-01 | 27 -0.00081 -1.58949e+01
 28  0.00626 -1.04954e+01 | 29  0.00814 -1.46281e+01 | 30 -0.00225 -4.51852e+00
 31 -0.02063 -3.63939e-02 | 32 -0.02715  5.34722e+00 | 33 -0.02609  8.21233e+00
 34  0.01626  1.14457e+01 | 35 -0.02194  9.13176e+00 | 36 -0.00977  3.12354e+00
 37  0.05784 -2.05106e+01 | 38 -0.02559 -4.12725e+00 | 39 -0.00230  1.00410e+00
 40  0.04821 -1.33115e+01 | 41  0.00444 -2.14394e+00 | 42 -0.00171 -2.95152e+00
 43 -0.02625 -4.98390e+00 | 44  0.04157 -1.96696e+01 | 45  0.02930 -1.26806e+01
 46  0.06530 -1.77552e+01 | 47  0.00646 -7.14946e+00 | 48  0.01372  1.34344e+00
 49 -0.00840  3.75788e+00 | 50 -0.00723  7.99299e+00 | 51 -0.03682  8.33456e+00
 52  0.00958  6.86515e+00 | 53 -0.01389  1.14600e+01 | 54  0.00293  1.38995e+01
 55  0.02454  5.45351e+00 | 56  0.02155  1.30613e+00 | 57  0.03458  1.41727e+01
 58  0.02443  1.74787e+01 | 59 -0.03093  1.17111e+01 | 60 -0.01788  8.46921e+00
 61 -0.02339 -2.63964e+00 | 62 -0.06860 -8.43578e+00 | 63 -0.03662  2.22803e+00
 64 -0.63716 -7.84365e+00 | 65  0.00687 -4.31653e+01 | 66  0.29619  8.86712e+01
 67  0.46521  1.60332e+01 | 68  0.09745 -4.65101e+01 | 69  0.24167  6.36412e+01
 70  0.58396 -9.00649e+00 | 71  0.09090  2.08011e+01 | 72  0.33182 -2.77871e+01
 73  0.52178  2.48986e+00 | 74  0.20580 -5.06940e+00 | 75 -1.76064  1.94728e-02
 76  0.40333  1.89839e+01 | 77  0.90734  1.85446e-01 | 78 -0.11282  2.86731e+01
 79  0.27633 -2.55612e+01 | 80  0.59967  7.90285e+00 | 81  0.40862 -3.18824e+01
 82 -0.44145 -1.09824e-02 | 83  0.35647  1.46563e+02 | 84  1.95134  2.99602e+00
 85  0.01306 -3.41075e+00 | 86 -0.45560 -1.64074e-02 | 87  0.30363  1.00423e+01
 88  0.53615 -2.73506e+00 | 89 -0.43883  8.09340e+02 | 90  0.01687  8.10270e+01
 91 -0.03523  7.32720e+01 | 92 -0.43389  3.38071e+01 |
92 variables; iteration 140; function evaluation 180; phase 4
Function value 2.9595857e+03; maximum gradient component mag -5.1319e+02
Var    Value     Gradient |Var    Value     Gradient |Var    Value     Gradient
  1 -0.62897  4.47864e+01 |  2 -0.00103 -3.20626e-01 |  3 -0.00224 -7.60735e-01
  4 -0.00145 -4.75891e-01 |  5  0.00049  2.20852e-01 |  6 -0.00213 -6.68731e-01
  7  0.00241  9.66889e-01 |  8 -0.00225 -6.03692e-01 |  9 -0.00142 -2.10812e-01
 10 -0.00056  2.42732e-01 | 11 -0.00303 -4.14141e-01 | 12 -0.00244  9.77053e-02
 13 -0.00095  1.03500e+00 | 14  0.00245  2.76709e+00 | 15  0.01096  6.53296e+00
 16  0.03185  1.68646e+01 | 17 -0.01976  2.97171e+00 | 18 -0.01470  2.32797e+00
 19 -0.02189 -7.28794e-01 | 20 -0.04556 -3.64947e+00 | 21 -0.03228 -6.39299e+00
 22  0.04924 -1.14909e+01 | 23 -0.00014 -6.89312e+00 | 24 -0.01762 -7.85115e+00
 25  0.07238 -1.23892e+01 | 26  0.02624 -1.10426e+01 | 27 -0.00060 -1.08428e+01
 28  0.00732 -1.15930e+01 | 29  0.00469 -1.12782e+01 | 30 -0.00464 -7.08335e+00
 31 -0.02471 -8.99310e+00 | 32 -0.02962 -8.07380e+00 | 33 -0.02723 -7.73634e+00
 34  0.01673 -6.63293e+00 | 35 -0.02196 -8.76928e-01 | 36 -0.00926  1.11788e+00
 37  0.06119  1.93033e+00 | 38 -0.02340  1.88124e-01 | 39 -0.00296 -6.12534e-01
 40  0.04872  6.48490e+00 | 41  0.00350  3.47461e+00 | 42 -0.00262  7.62767e+00
 43 -0.02258  4.56045e+00 | 44  0.04046  1.13945e+01 | 45  0.02874  8.26901e+00
 46  0.06421  1.56748e+01 | 47  0.00816  1.07057e+01 | 48  0.01232  1.02939e+01
 49 -0.00698  9.60803e+00 | 50 -0.00763  1.03683e+01 | 51 -0.03699  6.90636e+00
 52  0.00941  1.07383e+01 | 53 -0.01445  6.07259e+00 | 54  0.00048  2.25018e+00
 55  0.02348  3.51330e+00 | 56  0.02152  3.56371e+00 | 57  0.03238 -2.45756e+00
 58  0.02303 -1.95804e+00 | 59 -0.03071 -2.01195e+00 | 60 -0.01764 -2.60337e-01
 61 -0.02099 -3.42641e+00 | 62 -0.06299 -2.35198e+00 | 63 -0.03423  1.06632e+00
 64 -0.06990 -1.90609e+00 | 65  0.02281  2.44905e+01 | 66  0.29979 -2.82439e+01
 67  0.46904  4.37123e+00 | 68  0.10638  1.37784e+01 | 69  0.24339 -3.11643e+00
 70  0.66814  1.03973e+01 | 71  0.10620  8.08533e+00 | 72  0.33435 -1.69679e+01
 73  0.52647 -6.09014e-01 | 74  0.52444  2.27147e+00 | 75 -2.49923 -9.49883e-03
 76  0.45075 -5.69786e-01 | 77  0.85300  1.68765e-02 | 78 -0.09922  3.19730e+00
 79  0.27900 -3.42175e+00 | 80  0.78019  3.56895e+00 | 81  0.41687  6.44130e-01
 82  0.20677  2.36008e-01 | 83  0.34991  2.00505e+01 | 84  1.98048 -3.25895e+00
 85  0.03568 -9.05521e+00 | 86 -0.61815 -8.32793e-03 | 87  0.30948  2.05257e+01
 88  0.54670 -2.31219e+00 | 89 -0.45346 -5.13187e+02 | 90 -0.15677  6.62237e+01
 91 -0.02350  4.40627e+01 | 92 -0.46974 -1.91152e+01 |
92 variables; iteration 160; function evaluation 201; phase 4
Function value 2.9538667e+03; maximum gradient component mag -3.3787e+02
Var    Value     Gradient |Var    Value     Gradient |Var    Value     Gradient
  1 -0.61971  6.38714e+01 |  2 -0.00107 -2.35320e-01 |  3 -0.00075 -2.14868e-01
  4 -0.00086 -2.41116e-01 |  5 -0.00026 -1.17554e-02 |  6 -0.00104 -2.57383e-01
  7  0.00007  1.62706e-01 |  8 -0.00115 -2.28750e-01 |  9 -0.00102 -1.36259e-01
 10 -0.00072  6.75525e-03 | 11 -0.00146 -2.35306e-01 | 12 -0.00089 -8.93321e-02
 13 -0.00019 -6.55105e-02 | 14  0.00081 -2.32825e-01 | 15  0.00696  1.12586e+00
 16  0.00531  1.77916e+00 | 17 -0.01673  2.84048e-01 | 18 -0.01711 -2.40426e-01
 19 -0.02603 -7.38125e-01 | 20 -0.04728 -1.08108e+00 | 21 -0.02828  2.82349e-01
 22  0.05392 -1.93456e+00 | 23  0.00106 -2.18024e+00 | 24 -0.01048 -7.97235e-01
 25  0.07285 -1.02426e+00 | 26  0.02854  1.51531e-01 | 27  0.00143 -8.15557e-01
 28  0.00640 -6.41286e-01 | 29  0.00645 -8.00541e-01 | 30 -0.00587 -4.54967e-01
 31 -0.02252 -7.77009e-02 | 32 -0.02986  6.72030e-01 | 33 -0.02729 -2.41170e-01
 34  0.01514 -1.01645e+00 | 35 -0.02346  1.41761e-01 | 36 -0.01085  1.51590e+00
 37  0.05949  4.75504e+00 | 38 -0.02679  1.25599e+00 | 39 -0.00381  1.29985e+00
 40  0.04910  3.10872e+00 | 41  0.00296  2.76250e-01 | 42 -0.00371 -5.22541e-01
 43 -0.02213  1.12720e+00 | 44  0.04202 -1.12549e-02 | 45  0.03017  1.54950e+00
 46  0.06477  3.81969e-01 | 47  0.00553  1.36156e-01 | 48  0.01155  4.54805e-01
 49 -0.00893 -4.24475e-01 | 50 -0.00890 -1.04294e+00 | 51 -0.03843 -1.93514e+00
 52  0.00872 -1.31873e+00 | 53 -0.01497 -6.59952e-01 | 54  0.00084 -1.34417e+00
 55  0.02373 -1.71600e+00 | 56  0.02214 -4.83107e-01 | 57  0.03342 -1.47094e+00
 58  0.02252 -1.60580e+00 | 59 -0.03171 -5.94216e-01 | 60 -0.01824  3.25810e-01
 61 -0.02172 -1.09506e+00 | 62 -0.06259  5.78364e-01 | 63 -0.03510 -7.41281e-01
 64 -0.29148 -5.22457e-01 | 65  0.00076  6.93116e+00 | 66  0.29429 -1.22495e+01
 67  0.45798  2.73869e-01 | 68  0.08951 -1.89672e-01 | 69  0.23857  3.97266e+00
 70  0.57692  1.40106e+00 | 71  0.07801  4.76163e+00 | 72  0.32935 -9.35847e+00
 73  0.52304  3.52168e+00 | 74  0.26820  5.00591e+00 | 75 -2.22637 -2.82744e-01
 76  0.41694 -5.17961e+00 | 77  0.87617  1.04728e-01 | 78 -0.11528 -3.00042e+00
 79  0.27499 -1.14785e-01 | 80  0.56490 -5.17200e+00 | 81  0.30090 -4.85621e-01
 82  0.35901  7.96908e-01 | 83  0.32697  9.98651e-01 | 84  2.01078 -4.51503e-01
 85  0.00560 -2.63184e+00 | 86 -0.49278 -1.33801e-02 | 87  0.30147  4.53671e+00
 88  0.53698 -2.70353e+00 | 89 -0.45679 -3.37865e+02 | 90 -0.30274  1.36337e+01
 91 -0.02044  7.21960e+00 | 92 -0.47669  6.09560e-01 |
