
Initial statistics: 1 variables; iteration 0; function evaluation 0; phase 1
Function value 7.9948098e+05; maximum gradient component mag 1.6409e+06

 - final statistics:
1 variables; iteration 8; function evaluation 18
Function value 3.5485e+03; maximum gradient component mag 1.7280e-01
Exit code = 1;  converg criter 1.0000e+01

Initial statistics: 10 variables; iteration 0; function evaluation 0; phase 2
Function value 3.5485299e+03; maximum gradient component mag -1.5435e+04

Intermediate statistics: 10 variables; iteration 20; function evaluation 36; phase 2
Function value 2.2230253e+03; maximum gradient component mag -9.4503e+01

 - final statistics:
10 variables; iteration 28; function evaluation 44
Function value 2.2199e+03; maximum gradient component mag -6.8672e+00
Exit code = 1;  converg criter 1.0000e+01

Initial statistics: 72 variables; iteration 0; function evaluation 0; phase 3
Function value 2.2198812e+03; maximum gradient component mag 5.2238e+03

Intermediate statistics: 72 variables; iteration 20; function evaluation 26; phase 3
Function value 1.9764537e+03; maximum gradient component mag -3.0877e+03
72 variables; iteration 40; function evaluation 49; phase 3
Function value 1.9651726e+03; maximum gradient component mag -5.2003e+03
72 variables; iteration 60; function evaluation 70; phase 3
Function value 1.9502738e+03; maximum gradient component mag -1.0555e+03
72 variables; iteration 80; function evaluation 93; phase 3
Function value 1.9211554e+03; maximum gradient component mag -3.4345e+02
Maximum number of function evaluations exceeded

 - final statistics:
72 variables; iteration 87; function evaluation 100
Function value 1.9205e+03; maximum gradient component mag 8.9099e+01
Exit code = 3;  converg criter 1.0000e+00

Initial statistics: 87 variables; iteration 0; function evaluation 0; phase 4
Function value 1.9205197e+03; maximum gradient component mag -2.8274e+02

Intermediate statistics: 87 variables; iteration 20; function evaluation 25; phase 4
Function value 1.9002424e+03; maximum gradient component mag -1.7947e+03
87 variables; iteration 40; function evaluation 45; phase 4
Function value 1.8991391e+03; maximum gradient component mag -1.9651e+03
87 variables; iteration 60; function evaluation 66; phase 4
Function value 1.8971422e+03; maximum gradient component mag -5.1226e+02
87 variables; iteration 80; function evaluation 97; phase 4
Function value 1.8964016e+03; maximum gradient component mag 4.7697e+01
87 variables; iteration 100; function evaluation 122; phase 4
Function value 1.8959807e+03; maximum gradient component mag -8.4323e+00
87 variables; iteration 120; function evaluation 143; phase 4
Function value 1.8959790e+03; maximum gradient component mag 2.3488e+00
87 variables; iteration 140; function evaluation 163; phase 4
Function value 1.8959787e+03; maximum gradient component mag 1.1955e-02
  ic > imax  in fminim is answer attained ?
Function minimizer not making progress ... is minimum attained?
Minimprove criterion = 0.0000e+00

 - final statistics:
87 variables; iteration 145; function evaluation 197
Function value 1.8960e+03; maximum gradient component mag 3.4438e-04
Exit code = 1;  converg criter 1.0000e-04

Initial statistics: 88 variables; iteration 0; function evaluation 0; phase 5
Function value 1.8959787e+03; maximum gradient component mag 3.4439e-04
  ic > imax  in fminim is answer attained ?
Function minimizer not making progress ... is minimum attained?
Minimprove criterion = 0.0000e+00
Warning: the following parameters had issues
  selparm[19] is within 0.1% of upper bound: 5.3000e+01 < 2.4994e+02 < 2.5000e+02


 - final statistics:
88 variables; iteration 1; function evaluation 30
Function value 1.8960e+03; maximum gradient component mag 3.4439e-04
Exit code = 1;  converg criter 1.0000e-04
size of file gradfil1.tmp = 0
size of file gradfil2.tmp = 0
size of file varssave.tmp = 0
size of file cmpdiff.tmp = 0
