
Initial statistics: 1 variables; iteration 0; function evaluation 0; phase 1
Function value 1.7903117e+06; maximum gradient component mag 1.4592e+06

 - final statistics:
1 variables; iteration 10; function evaluation 18
Function value 1.5242e+06; maximum gradient component mag -7.5859e-01
Exit code = 1;  converg criter 1.0000e+01

Initial statistics: 10 variables; iteration 0; function evaluation 0; phase 2
Function value 1.5241743e+06; maximum gradient component mag 6.4158e+05

Intermediate statistics: 10 variables; iteration 20; function evaluation 65; phase 2
Function value 3.6534155e+04; maximum gradient component mag 7.4179e+04
10 variables; iteration 40; function evaluation 92; phase 2
Function value 1.8888096e+04; maximum gradient component mag -1.4731e+04
Maximum number of function evaluations exceeded

 - final statistics:
10 variables; iteration 49; function evaluation 100
Function value 1.6118e+04; maximum gradient component mag -2.9324e+03
Exit code = 3;  converg criter 1.0000e+01

Initial statistics: 72 variables; iteration 0; function evaluation 0; phase 3
Function value 1.6117803e+04; maximum gradient component mag 3.7185e+05

Intermediate statistics: 72 variables; iteration 20; function evaluation 27; phase 3
Function value 2.9282779e+03; maximum gradient component mag -3.6916e+03
72 variables; iteration 40; function evaluation 55; phase 3
Function value 2.7345927e+03; maximum gradient component mag 2.7056e+03
72 variables; iteration 60; function evaluation 88; phase 3
Function value 2.3250874e+03; maximum gradient component mag 9.4669e+03
Maximum number of function evaluations exceeded

 - final statistics:
72 variables; iteration 68; function evaluation 100
Function value 2.2088e+03; maximum gradient component mag -3.3206e+04
Exit code = 3;  converg criter 1.0000e+00

Initial statistics: 92 variables; iteration 0; function evaluation 0; phase 4
Function value 2.2055823e+03; maximum gradient component mag -3.3206e+04

Intermediate statistics: 92 variables; iteration 20; function evaluation 29; phase 4
Function value 1.7277434e+03; maximum gradient component mag -2.9045e+04
92 variables; iteration 40; function evaluation 49; phase 4
Function value 1.6886613e+03; maximum gradient component mag -2.5483e+04
92 variables; iteration 60; function evaluation 71; phase 4
Function value 1.6022989e+03; maximum gradient component mag -1.1706e+04
92 variables; iteration 80; function evaluation 95; phase 4
Function value 1.5702597e+03; maximum gradient component mag -4.5847e+03
92 variables; iteration 100; function evaluation 123; phase 4
Function value 1.5473309e+03; maximum gradient component mag -1.6472e+03
92 variables; iteration 120; function evaluation 144; phase 4
Function value 1.5304768e+03; maximum gradient component mag -2.8714e+02
92 variables; iteration 140; function evaluation 165; phase 4
Function value 1.5159781e+03; maximum gradient component mag -8.2395e+02
92 variables; iteration 160; function evaluation 185; phase 4
Function value 1.5067340e+03; maximum gradient component mag 5.6205e+02
92 variables; iteration 180; function evaluation 215; phase 4
Function value 1.5039512e+03; maximum gradient component mag 2.2263e+02
92 variables; iteration 200; function evaluation 235; phase 4
Function value 1.5037487e+03; maximum gradient component mag -6.1947e+01
92 variables; iteration 220; function evaluation 255; phase 4
Function value 1.5037372e+03; maximum gradient component mag 3.0647e+00
92 variables; iteration 240; function evaluation 275; phase 4
Function value 1.5037369e+03; maximum gradient component mag 1.1287e+00
92 variables; iteration 260; function evaluation 295; phase 4
Function value 1.5037364e+03; maximum gradient component mag 1.2051e+00
92 variables; iteration 280; function evaluation 315; phase 4
Function value 1.5037357e+03; maximum gradient component mag -2.7448e-01
92 variables; iteration 300; function evaluation 335; phase 4
Function value 1.5037356e+03; maximum gradient component mag 5.3106e-01
92 variables; iteration 320; function evaluation 355; phase 4
Function value 1.5037356e+03; maximum gradient component mag -2.1569e-01

 - final statistics:
92 variables; iteration 325; function evaluation 360
Function value 1.5037e+03; maximum gradient component mag 3.3171e-05
Exit code = 1;  converg criter 1.0000e-04
Warning: the following parameters had issues
  selparm[16] is within 1% of upper bound: -6.0000e+00 < 9.9032e+00 < 1.0000e+01
  selparm[19] is within 0.1% of upper bound: 5.3000e+01 < 2.4995e+02 < 2.5000e+02
  selparm[31] is within 0.1% of upper bound: 5.0000e+01 < 2.5699e+02 < 2.5700e+02


 - final statistics:
93 variables; iteration 0; function evaluation 0
Function value 1.5037e+03; maximum gradient component mag 3.3175e-05
Exit code = 0;  converg criter 1.0000e-04
size of file gradfil1.tmp = 0
size of file gradfil2.tmp = 0
size of file varssave.tmp = 0
size of file cmpdiff.tmp = 0
