
 - final statistics:
1 variables; iteration 0; function evaluation 0
Function value 1.4705e+03; maximum gradient component mag 8.1523e+00
Exit code = 0;  converg criter 1.0000e+01

Initial statistics: 10 variables; iteration 0; function evaluation 0; phase 2
Function value 1.4705479e+03; maximum gradient component mag 1.0481e+03

 - final statistics:
10 variables; iteration 13; function evaluation 20
Function value 1.4174e+03; maximum gradient component mag 2.2351e-01
Exit code = 1;  converg criter 1.0000e+01

Initial statistics: 72 variables; iteration 0; function evaluation 0; phase 3
Function value 1.4174143e+03; maximum gradient component mag 2.3837e+03

Intermediate statistics: 72 variables; iteration 20; function evaluation 25; phase 3
Function value 1.4089001e+03; maximum gradient component mag -4.0276e+02
72 variables; iteration 40; function evaluation 49; phase 3
Function value 1.4066323e+03; maximum gradient component mag -3.0527e+02
72 variables; iteration 60; function evaluation 75; phase 3
Function value 1.4038976e+03; maximum gradient component mag -5.5915e+01
Maximum number of function evaluations exceeded

 - final statistics:
72 variables; iteration 69; function evaluation 100
Function value 1.3996e+03; maximum gradient component mag -8.6925e+01
Exit code = 3;  converg criter 1.0000e+00

Initial statistics: 92 variables; iteration 0; function evaluation 0; phase 4
Function value 1.3996453e+03; maximum gradient component mag -8.6105e+01

Intermediate statistics: 92 variables; iteration 20; function evaluation 24; phase 4
Function value 1.3989079e+03; maximum gradient component mag 3.6011e+02
92 variables; iteration 40; function evaluation 45; phase 4
Function value 1.3987636e+03; maximum gradient component mag 2.5119e+02
92 variables; iteration 60; function evaluation 68; phase 4
Function value 1.3985882e+03; maximum gradient component mag 4.2501e+01
92 variables; iteration 80; function evaluation 100; phase 4
Function value 1.3985610e+03; maximum gradient component mag -2.3372e-01
92 variables; iteration 100; function evaluation 154; phase 4
Function value 1.3983961e+03; maximum gradient component mag 3.3690e-01

 - final statistics:
92 variables; iteration 110; function evaluation 164
Function value 1.3984e+03; maximum gradient component mag -9.5843e-05
Exit code = 1;  converg criter 1.0000e-04

 - final statistics:
93 variables; iteration 0; function evaluation 0
Function value 1.3984e+03; maximum gradient component mag -9.5840e-05
Exit code = 0;  converg criter 1.0000e-04
size of file gradfil1.tmp = 0
size of file gradfil2.tmp = 0
size of file varssave.tmp = 0
size of file cmpdiff.tmp = 0
