
Initial statistics: 1 variables; iteration 0; function evaluation 0; phase 1
Function value 2.2469651e+06; maximum gradient component mag -5.6294e+05
Var    Value     Gradient |Var    Value     Gradient |Var    Value     Gradient
  1 -0.77131 -5.62938e+05 |

 - final statistics:
1 variables; iteration 4; function evaluation 10
Function value 3.1447e+03; maximum gradient component mag 6.4950e-01
Exit code = 1;  converg criter 1.0000e+01
Var    Value     Gradient |Var    Value     Gradient |Var    Value     Gradient
  1 -0.30903  6.49500e-01 |

Initial statistics: 14 variables; iteration 0; function evaluation 0; phase 2
Function value 3.1447057e+03; maximum gradient component mag 7.1856e+03
Var    Value     Gradient |Var    Value     Gradient |Var    Value     Gradient
  1 -0.30903  6.49500e-01 |  2  0.00000  8.93517e+00 |  3 -0.04813 -7.40762e+02
  4  0.04422  6.17227e+01 |  5  0.02102  2.64835e+02 |  6  0.11444  1.15476e+02
  7 -0.19716 -4.65794e+02 |  8  0.17760 -6.64213e+01 |  9 -0.06799 -2.67813e+02
 10 -0.44598 -6.08573e+01 | 11  0.04422  7.18562e+03 | 12 -0.04813 -1.41517e+03
 13 -0.44598 -1.60240e+00 | 14 -0.44598 -9.10967e+01 |

Intermediate statistics: 14 variables; iteration 20; function evaluation 55; phase 2
Function value 2.2065882e+03; maximum gradient component mag -4.3359e+01
Var    Value     Gradient |Var    Value     Gradient |Var    Value     Gradient
  1  3.49394  7.70656e-01 |  2 -1.52564  2.86147e-01 |  3 -0.03169 -4.33590e+01
  4  0.04379 -2.06467e+01 |  5  0.01394 -2.85601e+01 |  6 -0.04033  1.06061e+00
  7 -0.11131 -3.73042e+00 |  8  0.19331 -8.00661e+00 |  9 -0.03187 -1.43083e+00
 10 -0.21632 -3.44108e+00 | 11 -0.18502 -2.67605e+01 | 12  0.09172 -1.06691e+01
 13 -0.24332  4.71298e-01 | 14 -0.16410 -9.18404e+00 |

 - final statistics:
14 variables; iteration 26; function evaluation 62
Function value 2.2059e+03; maximum gradient component mag -8.7006e+00
Exit code = 1;  converg criter 1.0000e+01
Var    Value     Gradient |Var    Value     Gradient |Var    Value     Gradient
  1  3.44519 -8.70060e+00 |  2 -1.62834 -1.80900e-01 |  3 -0.02490 -8.64103e+00
  4  0.04945 -5.07471e+00 |  5  0.02222 -8.25268e+00 |  6 -0.02784  9.12550e-01
  7 -0.10398  2.90473e-01 |  8  0.20466 -1.14917e+00 |  9 -0.02376 -2.34464e+00
 10 -0.20697  5.42278e-01 | 11 -0.17709 -3.37752e+00 | 12  0.09928 -2.95418e+00
 13 -0.23920  5.19599e-01 | 14 -0.14571  2.14399e+00 |

Initial statistics: 81 variables; iteration 0; function evaluation 0; phase 3
Function value 2.2059421e+03; maximum gradient component mag 5.0296e+02
Var    Value     Gradient |Var    Value     Gradient |Var    Value     Gradient
  1 -0.55481 -8.70060e+00 |  2  0.00000 -7.28855e+00 |  3  0.00000  4.75579e+00
  4  0.00000  2.71966e+00 |  5  0.00000  1.69649e+01 |  6  0.00000  4.62606e+01
  7  0.00000  5.48554e+01 |  8  0.00000  4.37947e+01 |  9  0.00000  1.42833e+01
 10  0.00000  9.56042e+00 | 11  0.00000 -1.02873e+02 | 12  0.00000 -3.87898e+02
 13  0.00000  1.00992e+02 | 14  0.00000  4.42348e+01 | 15  0.00000 -2.79476e+02
 16  0.00000  5.99179e+01 | 17  0.00000  1.76861e+02 | 18  0.00000  1.68960e+02
 19  0.00000 -3.11857e+01 | 20  0.00000 -2.58820e+02 | 21  0.00000 -3.54503e+02
 22  0.00000 -9.62005e+01 | 23  0.00000  8.43118e+01 | 24  0.00000  1.65408e+02
 25  0.00000  2.25373e+02 | 26  0.00000  3.39333e+02 | 27  0.00000  1.42955e+02
 28  0.00000  1.67310e+02 | 29  0.00000  7.13072e+01 | 30  0.00000 -1.85609e+02
 31  0.00000 -2.63510e+02 | 32  0.00000 -3.00851e+02 | 33  0.00000 -1.42680e+02
 34  0.00000  8.97428e+01 | 35  0.00000  9.19993e+01 | 36  0.00000  1.13475e+02
 37  0.00000  1.04067e+02 | 38  0.00000  7.14507e+01 | 39 -0.37166  1.80900e-01
 40 -0.02490 -8.64103e+00 | 41  0.28213  1.03833e+02 | 42 -0.06620  3.11249e+01
 43  0.04945 -5.07471e+00 | 44  0.21824 -2.80915e+01 | 45 -0.02168 -1.32409e+01
 46  0.02222 -8.25268e+00 | 47  0.31510 -1.60517e+02 | 48  0.51632 -6.66079e+01
 49 -0.02784  9.12550e-01 | 50 -0.41904 -1.66312e+00 | 51  0.33042 -4.06203e+01
 52  0.62903 -2.14077e+01 | 53 -0.10398  2.90473e-01 | 54  0.27945 -2.33315e+01
 55  0.43663 -7.27674e+01 | 56  0.20466 -1.14917e+00 | 57  0.34997  8.71381e+00
 58  0.30652  1.04724e+01 | 59  0.02023  1.10851e+01 | 60 -0.02376 -2.34464e+00
 61  0.00520  2.38810e+01 | 62  0.33042  4.07618e+02 | 63  0.52774  1.47527e+02
 64 -0.20697  5.42278e-01 | 65  0.43675  7.97908e+01 | 66  0.26064  1.83221e+01
 67  0.22764  8.55410e+01 | 68 -0.17709 -3.37752e+00 | 69  0.21824 -2.33936e+02
 70 -0.02168  5.02961e+02 | 71  0.09928 -2.95418e+00 | 72  0.28213  3.24644e+02
 73 -0.06620  1.20709e+02 | 74 -0.23920  5.19599e-01 | 75 -0.14571  2.14399e+00
 76  0.43675  2.81396e+00 | 77  0.43675  6.69112e+01 | 78  0.26064  1.15864e+00
 79  0.26064 -2.55173e+01 | 80  0.22764  3.55905e+00 | 81  0.22764 -1.15934e+01

Intermediate statistics: 81 variables; iteration 20; function evaluation 26; phase 3
Function value 2.1043340e+03; maximum gradient component mag 6.3745e+02
Var    Value     Gradient |Var    Value     Gradient |Var    Value     Gradient
  1 -0.52342 -1.45134e+01 |  2 -0.00227 -4.20438e+01 |  3  0.02512 -4.03796e+01
  4  0.00391 -3.48355e+01 |  5 -0.00086 -3.82266e+01 |  6 -0.02215 -4.47392e+01
  7 -0.01939 -4.30965e+01 |  8 -0.00538 -4.28660e+01 |  9  0.04349 -4.89083e+01
 10 -0.03766 -7.78571e+01 | 11 -0.00696 -1.14811e+02 | 12  0.05046 -1.69969e+02
 13 -0.01242  3.52268e+01 | 14  0.00053  1.18858e+01 | 15  0.03595 -1.24023e+02
 16 -0.00179  4.60412e-01 | 17 -0.01352  1.36799e+01 | 18 -0.02423 -1.14216e+01
 19 -0.00239 -8.70165e+01 | 20  0.00630 -1.85862e+02 | 21  0.01726 -2.18892e+02
 22 -0.00129 -6.92240e+01 | 23 -0.00554  4.74341e+01 | 24  0.00026  1.28690e+02
 25  0.00041  1.54348e+02 | 26 -0.01109  1.86676e+02 | 27  0.00304  6.57895e+01
 28 -0.00996  1.40639e+01 | 29 -0.01097 -6.95256e+01 | 30  0.00746 -1.87626e+02
 31  0.01256 -1.89907e+02 | 32  0.01986 -1.87309e+02 | 33  0.00833 -1.21463e+02
 34 -0.01284 -1.70219e+01 | 35 -0.00848 -2.20887e+01 | 36 -0.01373 -8.78112e+00
 37 -0.02952 -2.17847e+01 | 38 -0.03031 -3.22530e+01 | 39 -0.38200  1.60621e+00
 40 -0.03289  5.60456e+01 | 41  0.28019  5.66241e+01 | 42 -0.06373  1.99399e+02
 43  0.04741  7.75713e+01 | 44  0.21750 -8.06307e+01 | 45 -0.02128  5.97058e+01
 46  0.02194  3.52868e+02 | 47  0.31051 -5.89089e+02 | 48  0.52050  1.09512e+02
 49 -0.00986  8.78932e+00 | 50 -0.41251 -8.65694e-02 | 51  0.35696 -9.27207e+00
 52  0.70240  8.45403e-01 | 53 -0.18633 -4.75862e+00 | 54  0.23493 -2.61040e+01
 55  0.53231 -3.78176e+00 | 56  0.18974 -7.17203e+00 | 57  0.34725  2.96354e+00
 58  0.30402  1.50190e+01 | 59  0.02118  4.14327e+00 | 60 -0.06509 -2.58759e+02
 61 -0.00538 -1.18486e+01 | 62  0.30621  4.31569e+02 | 63  0.51500 -6.25549e+01
 64 -0.43321  1.63816e+01 | 65  0.11366 -8.22452e-02 | 66  0.30541  1.48519e+01
 67  0.05325 -4.08400e+00 | 68 -0.10693  1.31113e+02 | 69  0.27124 -3.07151e+01
 70 -0.04919  5.20310e+02 | 71  0.04219 -4.92648e+02 | 72  0.26488  6.37452e+02
 73 -0.07473 -2.20625e+02 | 74 -0.23620  1.18594e+00 | 75 -0.37705 -2.18623e+01
 76  0.40658  2.83449e+00 | 77  0.25189  2.48123e+01 | 78  0.25626  1.23037e+00
 79  0.36510 -1.17208e+01 | 80  0.20967  3.42803e+00 | 81  0.17884 -6.53732e+00
81 variables; iteration 40; function evaluation 47; phase 3
Function value 2.0916320e+03; maximum gradient component mag 5.8048e+02
Var    Value     Gradient |Var    Value     Gradient |Var    Value     Gradient
  1 -0.50616 -2.27916e+01 |  2  0.00361 -3.25304e+01 |  3  0.02523 -3.35500e+01
  4 -0.00576 -4.30299e+01 |  5  0.00453 -2.39486e+01 |  6 -0.02457 -2.85370e+01
  7  0.01830  7.04577e+00 |  8 -0.00839 -2.25636e+01 |  9  0.01404 -4.16247e+01
 10 -0.05392 -5.91422e+01 | 11  0.03284 -5.62413e+01 | 12  0.04737 -1.91730e+02
 13 -0.02495 -5.10835e+01 | 14 -0.00200 -4.08471e+01 | 15  0.04493 -9.93931e+01
 16 -0.00718 -3.27117e+01 | 17 -0.01482  1.87923e+01 | 18 -0.01882  2.16111e+01
 19 -0.00351 -8.60330e+01 | 20  0.00483 -1.88426e+02 | 21  0.02417 -1.74751e+02
 22 -0.00497 -9.42703e+01 | 23 -0.00919  9.05786e+00 | 24  0.00183  1.28168e+02
 25 -0.00422  1.27701e+02 | 26 -0.01061  1.98778e+02 | 27  0.00340  7.95171e+01
 28 -0.01527  2.31918e-02 | 29 -0.01292 -5.83066e+01 | 30  0.01277 -1.33799e+02
 31  0.01219 -1.62977e+02 | 32  0.01920 -1.68861e+02 | 33  0.00898 -9.76650e+01
 34 -0.01577 -8.04231e+00 | 35 -0.00411  1.97372e+01 | 36 -0.01902 -1.11352e+01
 37 -0.03207 -1.81734e+01 | 38 -0.02716 -1.77109e+01 | 39 -0.61447 -1.05775e+00
 40 -0.04090 -8.22012e+01 | 41  0.27721  1.27415e+02 | 42 -0.06313  7.23883e+01
 43  0.04288 -8.94288e+00 | 44  0.21559 -1.93738e+01 | 45 -0.02518 -2.17881e+01
 46  0.02015  2.36158e+02 | 47  0.31277 -4.15938e+02 | 48  0.51634  5.11734e+01
 49 -0.40201 -1.02684e+01 | 50 -0.34377 -3.17521e+00 | 51  0.11776 -5.61360e+00
 52  1.13572  1.13728e+01 | 53 -0.16681 -4.43030e+00 | 54  0.24747 -1.56524e+01
 55  0.50589 -1.47318e+01 | 56  0.25006 -1.96266e+00 | 57  0.34894 -5.77719e+00
 58  0.33177  6.75775e+01 | 59 -0.02025 -1.98253e+01 | 60 -0.02461  3.38157e+01
 61 -0.40262  2.96731e-01 | 62  0.31591  2.08847e+02 | 63  0.52717  1.12109e+02
 64 -0.43286  3.17076e+01 | 65  0.11330 -4.21020e+00 | 66  0.33844  5.43223e+01
 67 -0.01498  5.95762e-01 | 68 -0.11580  4.97823e+01 | 69  0.26625 -6.78637e+00
 70 -0.05064  3.85660e+02 | 71  0.05111 -4.27967e+02 | 72  0.26720  5.80477e+02
 73 -0.08127 -2.25612e+02 | 74 -0.46594 -4.48990e+01 | 75 -0.30235 -4.44148e-01
 76  0.02019  3.90781e+00 | 77  0.32209  3.41332e+01 | 78  0.03034 -3.74271e+00
 79  0.83124 -7.63126e-02 | 80 -0.09462  3.46384e+00 | 81 -0.04176 -7.55154e-01
81 variables; iteration 60; function evaluation 67; phase 3
Function value 2.0585615e+03; maximum gradient component mag -4.2119e+02
Var    Value     Gradient |Var    Value     Gradient |Var    Value     Gradient
  1 -0.51943 -2.09075e+01 |  2 -0.02488 -2.60273e+01 |  3  0.02700 -9.39497e+00
  4  0.00931  9.20769e+00 |  5 -0.02227 -1.22069e+01 |  6  0.00714  1.37311e+01
  7 -0.03022 -1.06644e+00 |  8 -0.00667  1.08252e+01 |  9  0.03734  3.20475e+01
 10 -0.00361  3.44928e+01 | 11  0.03784  4.84149e+01 | 12  0.07052 -2.83664e+01
 13 -0.03236 -3.88795e+01 | 14 -0.00378 -4.58017e+01 | 15  0.04256 -9.27933e+01
 16  0.00093  2.04929e+01 | 17 -0.02667 -1.31260e+01 | 18 -0.03513 -3.13996e+01
 19  0.00883 -3.82956e+00 | 20  0.01176 -8.91942e+01 | 21  0.04196  1.24879e+01
 22  0.00598 -2.34960e+01 | 23 -0.02913 -1.15806e+02 | 24 -0.00471  2.63463e+01
 25  0.00443  1.37391e+02 | 26 -0.04077  1.91051e+00 | 27 -0.00112  6.34892e-02
 28 -0.01342  1.07334e+01 | 29 -0.00641  2.46922e+01 | 30  0.02857  4.94562e+01
 31  0.03178  3.91757e+01 | 32  0.03181 -1.70693e+01 | 33  0.01852  1.51709e+00
 34 -0.01033  3.67489e+01 | 35 -0.01187 -1.13831e+01 | 36 -0.01870  2.55282e+00
 37 -0.03030  1.96075e+01 | 38 -0.06648 -5.77138e+01 | 39 -1.42993  2.19400e+00
 40 -0.03885 -4.12838e+01 | 41  0.27656  5.37050e+01 | 42 -0.06360  6.05250e+01
 43  0.03272 -6.37830e+01 | 44  0.20783  1.90955e+01 | 45 -0.01857  1.86195e+01
 46  0.02885  9.53258e+01 | 47  0.32131 -8.43291e+01 | 48  0.51101  2.09092e+01
 49 -0.44426 -1.18788e+01 | 50  0.54310  2.85426e-01 | 51  0.11119  6.71826e+00
 52  0.98716  1.56114e-01 | 53 -0.17249 -2.70247e+01 | 54  0.25802  2.12354e+01
 55  0.51074 -2.06398e+01 | 56  0.14245 -1.43217e+01 | 57  0.35859  1.21095e+01
 58  0.28392 -2.88144e+00 | 59  0.04305  2.27731e+01 | 60 -0.04549  9.02391e+01
 61 -0.27612  7.97198e-01 | 62  0.29622  1.12921e+01 | 63  0.53669  8.71524e+01
 64 -0.46312 -1.20072e+01 | 65  0.05427  5.03096e+00 | 66  0.34293  5.11306e+01
 67  0.01386  1.43240e+00 | 68 -0.10866 -4.64791e+01 | 69  0.26761 -2.66843e+01
 70 -0.06384 -4.45319e+01 | 71  0.03376 -6.90750e+01 | 72  0.22748  7.57839e+01
 73 -0.06542 -2.31429e+01 | 74 -0.43989 -4.21187e+02 | 75 -0.29973  2.41154e+01
 76  0.05851  8.54978e+01 | 77  0.31591  8.02588e+00 | 78  0.03328  2.12067e+01
 79  0.65191 -2.43164e-01 | 80 -0.07070  7.23595e+00 | 81  0.12297 -5.78012e+00
81 variables; iteration 80; function evaluation 89; phase 3
Function value 2.0492630e+03; maximum gradient component mag -3.4015e+02
Var    Value     Gradient |Var    Value     Gradient |Var    Value     Gradient
  1 -0.52800 -9.48242e+00 |  2 -0.00325  1.54215e+01 |  3  0.03636  2.25133e+01
  4  0.01100  1.82853e+01 |  5 -0.01886 -6.63495e+00 |  6 -0.01009  1.42803e+01
  7 -0.02071  1.50569e+01 |  8  0.01231  3.57482e+01 |  9  0.03277  3.54394e+01
 10 -0.00226  3.05240e+01 | 11  0.00703  8.47033e+00 | 12  0.08124  4.56369e+01
 13 -0.03185 -1.46594e+01 | 14 -0.01225 -6.51407e+01 | 15  0.04547 -5.73861e+01
 16 -0.00418  9.25438e+00 | 17 -0.02918 -1.85246e+01 | 18 -0.04050 -4.71576e+01
 19  0.00825  1.09676e+01 | 20  0.01828 -1.90732e+01 | 21  0.03990  3.02435e+01
 22  0.00784 -6.96550e+00 | 23 -0.03188 -1.28556e+02 | 24 -0.00746 -4.29527e+00
 25 -0.00355  7.67105e+01 | 26 -0.04284 -1.75291e+01 | 27 -0.00736 -3.98337e+01
 28 -0.01642  3.28787e-01 | 29 -0.00546  4.42674e+01 | 30  0.02876  7.14136e+01
 31  0.03085  5.56261e+01 | 32  0.03412  1.44733e+01 | 33  0.01791  5.29932e+00
 34 -0.01555  1.62379e+01 | 35 -0.01195 -1.12758e+01 | 36 -0.02332 -7.46354e+00
 37 -0.02079  5.06554e+01 | 38 -0.04720 -1.65534e+01 | 39 -1.57878 -1.10486e+00
 40 -0.03918  1.02316e+00 | 41  0.27526 -4.08398e+00 | 42 -0.06269  1.00645e+02
 43  0.04384 -1.66327e+01 | 44  0.21629  1.13481e+01 | 45 -0.02153  3.45229e+01
 46  0.02016  4.34951e+01 | 47  0.31812 -3.46815e+01 | 48  0.52083  4.72775e+01
 49 -0.45205 -2.37469e+01 | 50 -0.02633 -6.91413e+00 | 51  0.10901  1.32988e+01
 52  0.88897 -1.55199e+00 | 53 -0.15995 -2.05367e+01 | 54  0.26492  3.58147e+01
 55  0.51376 -7.81382e+00 | 56  0.18315  1.64127e+01 | 57  0.37416 -4.67907e+00
 58  0.30020 -4.35895e+01 | 59 -0.00564 -1.21246e+01 | 60 -0.06137  8.03446e+01
 61 -0.23019  7.37988e-01 | 62  0.28129 -5.89541e+01 | 63  0.53758  5.62293e+01
 64 -0.46322  2.76755e+00 | 65  0.04379 -2.00748e-01 | 66  0.34823  5.00074e+01
 67  0.01534  1.65235e+00 | 68 -0.10313 -3.03680e+01 | 69  0.26955 -4.77408e+01
 70 -0.06590 -7.00631e+01 | 71  0.02950  4.85355e+01 | 72  0.21612 -6.69918e+01
 73 -0.06060  3.75842e+01 | 74 -0.43529 -3.40145e+02 | 75 -0.32343  1.85138e+01
 76  0.03678  8.13566e+01 | 77  0.29044 -3.44062e+00 | 78  0.01773  2.03631e+01
 79  0.55868 -3.19849e-01 | 80 -0.10294  1.08713e+01 | 81  0.15442  3.14626e+00
Maximum number of function evaluations exceeded

 - final statistics:
81 variables; iteration 91; function evaluation 100
Function value 2.0346e+03; maximum gradient component mag -2.2077e+02
Exit code = 3;  converg criter 1.0000e+00
Var    Value     Gradient |Var    Value     Gradient |Var    Value     Gradient
  1 -0.48918 -1.08022e+01 |  2 -0.00292 -7.05725e+00 |  3  0.02959 -3.07306e+00
  4  0.00288 -4.97962e+00 |  5 -0.00047 -3.54832e+00 |  6 -0.01265 -2.33943e+00
  7 -0.01482 -3.20954e+00 |  8 -0.01078 -9.39243e+00 |  9  0.02657 -1.26316e+01
 10 -0.02478 -7.22106e+00 | 11  0.02028  7.04143e+00 | 12  0.07307 -8.98146e+00
 13 -0.02781 -5.97976e+00 | 14  0.00071  1.09162e+01 | 15  0.05655  1.43055e+01
 16 -0.00379  1.99105e+00 | 17 -0.02096  7.12269e+00 | 18 -0.02906  1.07673e+01
 19  0.00857 -1.70730e+00 | 20  0.02279 -1.62791e+00 | 21  0.03658  4.66250e-01
 22  0.00415  1.29745e+00 | 23 -0.00407  2.63727e+01 | 24 -0.00977 -1.71777e+00
 25 -0.01582 -1.18406e+01 | 26 -0.03777 -1.11376e+00 | 27 -0.00073  1.22325e+01
 28 -0.01675  1.21649e+00 | 29 -0.00984 -1.63565e+00 | 30  0.02066 -1.49896e+01
 31  0.02357 -1.38676e+01 | 32  0.03195 -5.29297e+00 | 33  0.01682  1.61543e+00
 34 -0.02069 -7.41392e-01 | 35 -0.01159 -2.38555e+00 | 36 -0.02272  1.27015e-01
 37 -0.04479 -1.46251e+01 | 38 -0.03320  4.14172e+00 | 39 -1.44257  9.47467e-01
 40 -0.03827  1.26708e+01 | 41  0.27749 -7.83124e+00 | 42 -0.06628  3.65053e+00
 43  0.04348  3.29908e+00 | 44  0.21721 -7.45331e+00 | 45 -0.02674 -1.34751e-01
 46  0.01492 -1.01086e+01 | 47  0.31837  7.58768e+00 | 48  0.51644 -6.81838e+00
 49 -0.38543  2.84063e+00 | 50  0.03961  6.20179e-01 | 51  0.14170 -5.41019e+00
 52  1.11399 -1.41242e+00 | 53 -0.17527  6.28778e+00 | 54  0.24555 -1.69081e+01
 55  0.52188  2.01529e+00 | 56  0.16779 -7.24929e-01 | 57  0.36523  1.39771e+00
 58  0.29750 -5.95628e+00 | 59  0.01138 -1.57968e+00 | 60 -0.05320 -1.63471e+01
 61 -0.24006 -2.48795e-01 | 62  0.28738  1.88078e+01 | 63  0.52172 -1.45295e+01
 64 -0.48092  1.37020e+01 | 65 -0.03442 -3.28796e-01 | 66  0.26743 -9.47345e-01
 67  0.13316  2.16566e+00 | 68 -0.09441 -7.15335e-01 | 69  0.27681  5.94855e+00
 70 -0.06692  1.50319e+01 | 71  0.04135  6.04955e+00 | 72  0.22932  9.21454e+00
 73 -0.06949 -1.24378e+01 | 74 -0.40908 -2.20766e+02 | 75 -0.34551  3.04783e+00
 76  0.07168  4.91499e+01 | 77  0.27370  2.71350e+00 | 78 -0.02891  1.88986e+01
 79  0.56617 -5.28591e-01 | 80 -0.18745 -8.05805e+00 | 81  0.12059 -4.33073e+00

Initial statistics: 96 variables; iteration 0; function evaluation 0; phase 4
Function value 2.0346428e+03; maximum gradient component mag -2.2077e+02
Var    Value     Gradient |Var    Value     Gradient |Var    Value     Gradient
  1 -0.48918 -1.08022e+01 |  2  0.00000  2.36748e-01 |  3  0.00000 -5.51933e-01
  4  0.00000 -1.88867e+00 |  5  0.00000 -2.98342e+00 |  6  0.00000  2.41628e+00
  7  0.00000  3.21144e+01 |  8  0.00000  4.99582e+01 |  9  0.00000  6.52596e+01
 10  0.00000  7.20187e+01 | 11  0.00000  3.36287e+01 | 12  0.00000 -3.44919e+01
 13  0.00000 -3.67434e+01 | 14  0.00000 -4.47793e+01 | 15  0.00000 -9.07940e+01
 16  0.00000 -6.77771e+01 | 17 -0.00289 -5.96489e+00 | 18  0.02962 -1.98187e+00
 19  0.00292 -3.88726e+00 | 20 -0.00044 -2.45594e+00 | 21 -0.01262 -1.24728e+00
 22 -0.01478 -2.11747e+00 | 23 -0.01075 -8.30022e+00 | 24  0.02660 -1.15401e+01
 25 -0.02475 -6.12953e+00 | 26  0.02032  8.13323e+00 | 27  0.07310 -7.89622e+00
 28 -0.02778 -4.88844e+00 | 29  0.00074  1.20086e+01 | 30  0.05658  1.53935e+01
 31 -0.00376  3.08341e+00 | 32 -0.02092  8.21449e+00 | 33 -0.02902  1.18586e+01
 34  0.00861 -6.15021e-01 | 35  0.02283 -5.36234e-01 | 36  0.03661  1.55682e+00
 37  0.00418  2.38980e+00 | 38 -0.00404  2.74650e+01 | 39 -0.00974 -6.25530e-01
 40 -0.01578 -1.07486e+01 | 41 -0.03774 -2.33114e-02 | 42 -0.00070  1.33249e+01
 43 -0.01672  2.30849e+00 | 44 -0.00981 -5.43406e-01 | 45  0.02070 -1.38978e+01
 46  0.02360 -1.27760e+01 | 47  0.03198 -4.20197e+00 | 48  0.01685  2.70742e+00
 49 -0.02065  3.50404e-01 | 50 -0.01155 -1.29336e+00 | 51 -0.02268  1.21869e+00
 52 -0.04475 -1.35355e+01 | 53 -0.03317  5.23263e+00 | 54 -0.55743 -9.47467e-01
 55 -0.03827  1.26708e+01 | 56  0.27749 -7.83124e+00 | 57 -0.06628  3.65053e+00
 58  0.04348  3.29908e+00 | 59  0.21721 -7.45331e+00 | 60 -0.02674 -1.34751e-01
 61  0.01492 -1.01086e+01 | 62  0.31837  7.58768e+00 | 63  0.51644 -6.81838e+00
 64 -0.38543  2.84063e+00 | 65  0.03961  6.20179e-01 | 66  0.14170 -5.41019e+00
 67  0.88601  1.41242e+00 | 68 -0.17527  6.28778e+00 | 69  0.24555 -1.69081e+01
 70  0.52188  2.01529e+00 | 71  0.16779 -7.24929e-01 | 72  0.36523  1.39771e+00
 73  0.29750 -5.95628e+00 | 74  0.01138 -1.57968e+00 | 75 -0.05320 -1.63471e+01
 76 -0.24006 -2.48795e-01 | 77  0.28738  1.88078e+01 | 78  0.52172 -1.45295e+01
 79 -0.48092  1.37020e+01 | 80 -0.03442 -3.28796e-01 | 81  0.26743 -9.47345e-01
 82  0.13316  2.16566e+00 | 83 -0.09441 -7.15335e-01 | 84  0.27681  5.94855e+00
 85 -0.06692  1.50319e+01 | 86  0.04135  6.04955e+00 | 87  0.22932  9.21454e+00
 88 -0.06949 -1.24378e+01 | 89 -0.40908 -2.20766e+02 | 90 -0.34551  3.04783e+00
 91  0.07168  4.91499e+01 | 92  0.27370  2.71350e+00 | 93 -0.02891  1.88986e+01
 94  0.56617 -5.28591e-01 | 95 -0.18745 -8.05805e+00 | 96  0.12059 -4.33073e+00

Intermediate statistics: 96 variables; iteration 20; function evaluation 26; phase 4
Function value 2.0214363e+03; maximum gradient component mag -2.0739e+02
Var    Value     Gradient |Var    Value     Gradient |Var    Value     Gradient
  1 -0.41021 -1.69632e-01 |  2  0.00292 -7.56894e-01 |  3  0.00582 -1.15140e+00
  4  0.01105 -1.85620e+00 |  5  0.01895 -3.14857e+00 |  6  0.01823 -5.02136e+00
  7 -0.01817 -6.77567e+00 |  8 -0.01717 -6.00788e+00 |  9 -0.02825 -5.92455e+00
 10 -0.05507 -7.25618e+00 | 11 -0.03671 -4.00145e+00 | 12  0.06312  6.25174e+00
 13  0.01190  1.96110e+00 | 14 -0.01125  1.32557e+00 | 15  0.09058  1.38641e+01
 16  0.02882  1.12719e+01 | 17 -0.00066  1.17013e+01 | 18  0.02342  6.54669e+00
 19  0.00828  9.01694e-01 | 20 -0.00763  8.23778e+00 | 21 -0.00981  6.21937e+00
 22 -0.01582  5.15222e+00 | 23 -0.00580  4.19501e+00 | 24  0.02642  1.54357e+00
 25 -0.01617  2.76831e+00 | 26  0.00993  2.26704e+00 | 27  0.07658  9.34239e+00
 28 -0.02757  2.74247e+00 | 29 -0.00391 -8.11855e+00 | 30  0.05533 -3.33215e+00
 31 -0.00375  2.42867e+00 | 32 -0.02364 -3.32180e-02 | 33 -0.03194  4.77902e+00
 34  0.01019  2.25392e+01 | 35  0.02252  1.16773e+01 | 36  0.03559  7.18689e+00
 37  0.00559  8.72855e+00 | 38 -0.00994 -3.42782e+00 | 39 -0.00826  5.37812e+00
 40 -0.01343  5.16307e+00 | 41 -0.03796 -1.77455e+00 | 42 -0.00292 -4.32809e+00
 43 -0.01535  5.34744e+00 | 44 -0.00950  4.67711e+00 | 45  0.02367  1.00490e+01
 46  0.02668  1.01962e+01 | 47  0.03341  1.55054e+00 | 48  0.01669 -6.78046e+00
 49 -0.01995 -5.52187e+00 | 50 -0.00992 -3.29927e+00 | 51 -0.02201 -6.18401e-01
 52 -0.03789  4.87151e+00 | 53 -0.03631  1.77416e+00 | 54 -0.56528  1.60136e+00
 55 -0.03930  1.98474e+02 | 56  0.27446 -2.07390e+02 | 57 -0.06493  1.76948e+02
 58  0.04490  9.66215e+01 | 59  0.21547 -1.10137e+02 | 60 -0.02801  1.65029e+01
 61  0.01244 -7.91037e+01 | 62  0.31844  7.17240e+01 | 63  0.51456 -5.05032e+01
 64 -0.37963 -8.51222e-01 | 65  0.03359  7.45334e-01 | 66  0.15271 -6.52120e-01
 67  0.87306  1.69388e+00 | 68 -0.20412 -3.41084e-01 | 69  0.24089  6.57697e+00
 70  0.54185  9.43192e-01 | 71  0.17461  1.39229e+01 | 72  0.35128  2.64603e+00
 73  0.29997 -2.65851e+01 | 74  0.01940  1.98847e+00 | 75 -0.06107 -4.27669e+00
 76 -0.23929 -1.04598e-01 | 77  0.28339  7.32537e+00 | 78  0.52569  5.46259e-01
 79 -0.48392  5.07730e+00 | 80 -0.04962  9.32226e-01 | 81  0.27667  2.19723e+00
 82  0.12396  1.43876e+00 | 83 -0.09538  3.48179e+01 | 84  0.27608 -2.53851e+01
 85 -0.06715  4.92605e+01 | 86  0.03217 -2.42674e+01 | 87  0.22087 -1.48573e+01
 88 -0.07128 -7.55706e+01 | 89 -0.40726 -4.14521e+01 | 90 -0.36887  2.13329e+00
 91 -0.01007  5.49683e+00 | 92  0.25269  2.55725e+00 | 93 -0.06617 -2.85449e+01
 94  0.56948 -2.17729e-01 | 95 -0.23024 -2.06836e+00 | 96  0.13676  1.48051e+00
96 variables; iteration 40; function evaluation 48; phase 4
Function value 2.0205510e+03; maximum gradient component mag 1.4132e+02
Var    Value     Gradient |Var    Value     Gradient |Var    Value     Gradient
  1 -0.33775 -2.32405e-01 |  2  0.00245 -1.23255e+00 |  3  0.00475 -1.95079e+00
  4  0.00873 -3.21768e+00 |  5  0.01463 -5.36774e+00 |  6  0.01579 -7.58279e+00
  7 -0.01749 -8.22453e+00 |  8 -0.01838 -8.51605e+00 |  9 -0.03040 -8.25777e+00
 10 -0.05515 -6.69118e+00 | 11 -0.03233  3.49286e-01 | 12  0.06181  1.04281e+01
 13  0.01831  7.71338e+00 | 14 -0.00334  5.84827e+00 | 15  0.08914  7.01989e+00
 16  0.02514  4.37442e+00 | 17 -0.00489  1.88714e+01 | 18  0.02431  1.36177e+01
 19  0.01740  2.61007e+01 | 20 -0.01563  1.35049e+01 | 21 -0.00787  1.51001e+01
 22 -0.01512  1.49280e+01 | 23 -0.00461  1.52952e+01 | 24  0.03022  1.42073e+01
 25 -0.01472  1.29381e+01 | 26  0.01069  1.02349e+01 | 27  0.07702  1.68218e+01
 28 -0.02586  1.73388e+01 | 29 -0.00327  7.99883e-01 | 30  0.05342 -1.23510e+01
 31 -0.00402  7.03302e+00 | 32 -0.02296  9.86254e+00 | 33 -0.03008  2.17638e+01
 34  0.00977  2.73907e+01 | 35  0.02280  1.61285e+01 | 36  0.03355 -5.38017e+00
 37  0.00540  9.25442e+00 | 38 -0.01113  1.75070e+00 | 39 -0.00626  3.37050e+01
 40 -0.01237  3.30620e+01 | 41 -0.03637  2.35303e+01 | 42 -0.00302  1.07375e+01
 43 -0.01582  1.63425e+01 | 44 -0.00900  1.85181e+01 | 45  0.02285  1.35310e+01
 46  0.02384  2.15883e+00 | 47  0.03304  1.36230e+01 | 48  0.01763  1.72417e+01
 49 -0.01967  1.43759e+01 | 50 -0.00953  1.63997e+01 | 51 -0.02199  1.62334e+01
 52 -0.03628  2.24737e+01 | 53 -0.03533  1.38266e+01 | 54 -0.61819  1.70010e+00
 55 -0.03913  7.40937e+01 | 56  0.27606 -8.60364e+01 | 57 -0.06656  3.19788e+01
 58  0.04373  4.39580e+01 | 59  0.21567 -6.69295e+01 | 60 -0.02926 -2.44580e+01
 61  0.01170 -1.30028e+02 | 62  0.31937  1.41322e+02 | 63  0.51385 -7.39500e+01
 64 -0.34573 -2.63085e-01 | 65  0.01495 -4.34414e+00 | 66  0.18123  1.47546e+00
 67  0.74775 -4.86395e-01 | 68 -0.22424 -6.94042e+00 | 69  0.22915  4.16892e+00
 70  0.55494 -7.96116e-01 | 71  0.17396 -5.21582e+00 | 72  0.34910  8.52643e-01
 73  0.30179  1.37334e+01 | 74  0.02131  1.18064e+00 | 75 -0.06463 -2.11061e+01
 76 -0.23198 -2.43578e-01 | 77  0.28274  2.33646e+01 | 78  0.52674 -6.43787e+00
 79 -0.48841 -6.68275e+01 | 80 -0.07347  8.65865e+00 | 81  0.27589 -3.29526e+00
 82  0.12268 -2.88937e+00 | 83 -0.09497 -6.30000e+00 | 84  0.27785  1.96468e+01
 85 -0.06839 -2.70991e+00 | 86  0.03211 -4.57432e+01 | 87  0.22271  1.56734e+01
 88 -0.07097 -7.35729e+01 | 89 -0.41230 -8.48778e+01 | 90 -0.41794  9.14063e+00
 91 -0.03720  1.13138e+01 | 92  0.19155 -6.86231e-01 | 93 -0.05712 -2.40292e+01
 94  0.59033 -2.48043e-01 | 95 -0.23354 -2.44161e+00 | 96  0.13343 -4.02863e-01
96 variables; iteration 60; function evaluation 69; phase 4
Function value 2.0193835e+03; maximum gradient component mag -8.1165e+01
Var    Value     Gradient |Var    Value     Gradient |Var    Value     Gradient
  1 -0.33253 -1.94371e-01 |  2  0.00150 -1.70924e+00 |  3  0.00236 -2.83789e+00
  4  0.00307 -4.84778e+00 |  5  0.00406 -7.80246e+00 |  6  0.00382 -1.05261e+01
  7 -0.02018 -9.53145e+00 |  8 -0.01800 -7.69268e+00 |  9 -0.02897 -5.89520e+00
 10 -0.05183 -3.02475e+00 | 11 -0.02523  5.61965e+00 | 12  0.05958  7.19532e+00
 13  0.01257  3.32044e+00 | 14  0.00055  7.36035e+00 | 15  0.09287  1.02238e+01
 16  0.02536  4.13526e+00 | 17 -0.00428  1.24623e+01 | 18  0.02841  8.42616e+00
 19  0.01846  1.65858e+01 | 20 -0.01956 -3.01458e-01 | 21 -0.00455  9.26844e+00
 22 -0.01195  9.52245e+00 | 23 -0.00511  7.35505e+00 | 24  0.02719  4.19001e+00
 25 -0.01724  2.22842e+00 | 26  0.00938 -8.11238e-01 | 27  0.07685  7.89866e+00
 28 -0.02711  6.89077e+00 | 29 -0.00325 -2.75189e+00 | 30  0.05374 -1.19472e+01
 31 -0.00375  4.22061e+00 | 32 -0.02194  6.33678e+00 | 33 -0.03361 -3.96825e+00
 34  0.00956  1.52898e+01 | 35  0.02323  1.24537e+01 | 36  0.03355 -1.05651e+01
 37  0.00623  1.04727e+01 | 38 -0.01010  5.90667e-02 | 39 -0.00869  9.84284e+00
 40 -0.01412  1.33968e+01 | 41 -0.03503  2.17014e+01 | 42 -0.00429 -3.95164e+00
 43 -0.01687  4.44896e+00 | 44 -0.00763  1.90206e+01 | 45  0.02101 -1.74261e+00
 46  0.02407 -2.51920e+00 | 47  0.03276  7.62201e+00 | 48  0.01668  8.00671e+00
 49 -0.02011  7.79413e+00 | 50 -0.01104  6.16097e+00 | 51 -0.02173  1.27626e+01
 52 -0.03578  1.69923e+01 | 53 -0.03635  4.59437e+00 | 54 -0.93640  3.10700e-01
 55 -0.03981 -5.86214e-01 | 56  0.27681 -4.79697e+00 | 57 -0.06686 -2.70336e+01
 58  0.04291  3.04498e+00 | 59  0.21679 -1.51756e+01 | 60 -0.02849 -2.01239e+01
 61  0.01014 -8.11647e+01 | 62  0.31772  7.73801e+01 | 63  0.51703 -3.62277e+01
 64 -0.35483 -4.87558e-02 | 65  0.13253 -5.20087e+00 | 66  0.17347  1.60697e-01
 67  0.60041 -2.81390e+00 | 68 -0.22537 -9.63468e-01 | 69  0.23034  5.45889e+00
 70  0.56045  6.27228e+00 | 71  0.16943 -4.95404e+00 | 72  0.35622  2.01433e+00
 73  0.29982  1.00742e+01 | 74  0.01785  1.06559e+00 | 75 -0.06537 -1.17972e+01
 76 -0.17180 -2.63322e-01 | 77  0.28164  1.32610e+01 | 78  0.52686  1.05305e+00
 79 -0.48903 -2.80803e+01 | 80 -0.08472  4.16088e+00 | 81  0.27521  2.64327e+00
 82  0.12563  3.67232e+00 | 83 -0.09716 -2.05801e+01 | 84  0.27646  1.97918e+01
 85 -0.06781 -1.58253e+01 | 86  0.03238 -2.63494e+01 | 87  0.22305  1.08802e+01
 88 -0.06877 -3.90167e+01 | 89 -0.41158 -2.09757e+01 | 90 -0.42695 -2.84412e+00
 91 -0.03284  6.43684e+00 | 92  0.18118  5.10449e+00 | 93 -0.04915 -1.30544e-01
 94  0.73381 -4.23023e-02 | 95 -0.21622  1.50080e+00 | 96  0.13182 -3.41589e-01
96 variables; iteration 80; function evaluation 93; phase 4
Function value 2.0188459e+03; maximum gradient component mag -6.7698e+01
Var    Value     Gradient |Var    Value     Gradient |Var    Value     Gradient
  1 -0.35135 -2.29952e-01 |  2  0.00200 -6.39234e-01 |  3  0.00366 -1.07681e+00
  4  0.00595 -1.92755e+00 |  5  0.00331 -4.95245e+00 |  6  0.00644 -5.01718e+00
  7 -0.01221 -1.19532e+00 |  8 -0.01558 -1.72795e+00 |  9 -0.02992 -3.05688e+00
 10 -0.05083 -1.30716e+00 | 11 -0.02702  3.70066e+00 | 12  0.05459  1.56267e+00
 13  0.01538  2.11859e+00 | 14 -0.00161  4.36375e+00 | 15  0.08925  5.05912e+00
 16  0.02574  3.24313e+00 | 17 -0.00636  3.94756e+00 | 18  0.02732  1.98998e+00
 19  0.01684  9.09219e+00 | 20 -0.01895 -6.13269e+00 | 21 -0.00832  1.31413e+00
 22 -0.01419  2.65572e+00 | 23 -0.00620  2.41503e+00 | 24  0.02830  3.19063e+00
 25 -0.01658  2.40346e+00 | 26  0.01473  6.19637e+00 | 27  0.07568  1.07043e-01
 28 -0.02641  3.84615e+00 | 29 -0.00330 -7.56051e+00 | 30  0.05457 -1.13930e+01
 31 -0.00490 -4.58897e+00 | 32 -0.02343 -2.75826e+00 | 33 -0.03166  3.91108e-01
 34  0.00806  1.08174e+00 | 35  0.02286  4.56211e+00 | 36  0.03488 -5.88634e+00
 37  0.00552  3.87734e+00 | 38 -0.01000 -6.24573e+00 | 39 -0.00819  5.11183e+00
 40 -0.01502 -5.55977e-01 | 41 -0.03644  6.63308e+00 | 42 -0.00345 -6.31857e+00
 43 -0.01654 -5.30577e-01 | 44 -0.00911  3.61652e+00 | 45  0.02128 -7.01518e+00
 46  0.02505 -2.82337e+00 | 47  0.03201 -3.53802e+00 | 48  0.01744  4.93343e+00
 49 -0.02022  2.70581e+00 | 50 -0.01107  8.92393e-01 | 51 -0.02037  1.14637e+01
 52 -0.03766  6.29446e+00 | 53 -0.03520  1.91268e+00 | 54 -0.83213  4.35868e-01
 55 -0.03993 -1.10413e+01 | 56  0.27701  1.28637e+01 | 57 -0.06664 -1.99787e+01
 58  0.04252 -4.86432e+00 | 59  0.21705 -5.96349e-02 | 60 -0.02755 -5.85340e+00
 61  0.01435 -1.49343e+01 | 62  0.31856  1.79008e+01 | 63  0.51516 -1.10501e+01
 64 -0.35702  5.42733e-01 | 65  0.14802 -1.33400e+00 | 66  0.17290  6.16076e-01
 67  0.60315  5.84418e-01 | 68 -0.22125  8.53474e-01 | 69  0.23238  3.41113e+00
 70  0.55687  5.79912e+00 | 71  0.17293  9.85971e-02 | 72  0.35040  1.89646e+00
 73  0.30088  2.18559e+00 | 74  0.02105  2.14553e+00 | 75 -0.06662  9.12861e+00
 76 -0.10030  2.56893e-01 | 77  0.28071 -5.44564e+00 | 78  0.52814  1.48216e+01
 79 -0.49127 -6.76981e+01 | 80 -0.10458  6.81810e+00 | 81  0.27491 -1.74990e+00
 82  0.12441 -2.74370e-01 | 83 -0.09701 -8.14763e+00 | 84  0.27621  7.81948e+00
 85 -0.06784 -7.08986e+00 | 86  0.03590 -1.31766e+00 | 87  0.22582  6.26207e+00
 88 -0.06833 -1.07916e+01 | 89 -0.41410 -4.78243e-01 | 90 -0.42894 -5.77831e+00
 91 -0.05149  4.59833e+00 | 92  0.17844  6.26310e+00 | 93 -0.04187  1.25741e+01
 94  0.80557 -2.30970e-02 | 95 -0.21500  1.48993e+00 | 96  0.12526 -2.52894e+00
96 variables; iteration 100; function evaluation 126; phase 4
Function value 2.0181973e+03; maximum gradient component mag -1.8342e+01
Var    Value     Gradient |Var    Value     Gradient |Var    Value     Gradient
  1 -0.34089 -1.49504e-01 |  2  0.00661  2.06226e+00 |  3  0.00094 -2.81300e-01
  4  0.00320 -1.25332e-01 |  5  0.00888  9.16984e-01 |  6  0.00839  1.02033e+00
  7 -0.01692  1.05472e-01 |  8 -0.01574  1.27442e+00 |  9 -0.02711  9.17658e-01
 10 -0.04827  9.34478e-01 | 11 -0.03329 -5.58696e-01 | 12  0.05426 -1.13854e+00
 13  0.01677  5.51673e-01 | 14 -0.00742 -5.34988e-01 | 15  0.08644 -5.99085e-01
 16  0.02272 -1.37068e+00 | 17 -0.00611 -9.29079e-01 | 18  0.02556 -2.92653e+00
 19  0.00989 -2.06997e+00 | 20 -0.01197 -2.46249e+00 | 21 -0.01041 -2.07105e+00
 22 -0.01438 -2.20288e-01 | 23 -0.00810 -1.25086e+00 | 24  0.02884  9.23722e-01
 25 -0.01520  3.62908e-01 | 26  0.00996 -3.35722e+00 | 27  0.07638 -4.15068e-01
 28 -0.02699  5.59064e-01 | 29 -0.00224 -2.45171e+00 | 30  0.05589 -2.36005e+00
 31 -0.00361 -3.34704e-01 | 32 -0.02207  5.90580e-01 | 33 -0.03074  1.61902e+00
 34  0.00842 -2.17661e+00 | 35  0.02310  9.87227e-01 | 36  0.03655  7.39188e-01
 37  0.00456 -3.12043e-01 | 38 -0.00819 -3.03490e-01 | 39 -0.00878 -7.25943e-01
 40 -0.01413 -1.60178e+00 | 41 -0.03769 -2.66258e+00 | 42 -0.00190 -1.01612e+00
 43 -0.01614 -1.10327e+00 | 44 -0.00972 -1.97947e+00 | 45  0.02269 -1.10580e+00
 46  0.02504 -3.22571e+00 | 47  0.03297 -5.45262e-01 | 48  0.01680 -1.42722e-01
 49 -0.02017  1.03886e+00 | 50 -0.01066  2.15078e-01 | 51 -0.02275 -1.64326e-01
 52 -0.03948 -6.23323e-01 | 53 -0.03597 -1.25159e+00 | 54 -0.87902  4.10611e-03
 55 -0.04061 -1.77687e+01 | 56  0.27684  1.81890e+01 | 57 -0.06639 -1.83416e+01
 58  0.04279 -9.62899e+00 | 59  0.21767  9.95515e+00 | 60 -0.02744 -2.34080e+00
 61  0.01352 -5.87015e-01 | 62  0.31801 -1.25420e-01 | 63  0.51636  3.97487e-01
 64 -0.36544  4.07183e-01 | 65  0.25990  5.84584e-01 | 66  0.16591 -3.22754e-01
 67  0.47281  3.46240e-01 | 68 -0.21335  8.54744e-01 | 69  0.23471  4.46183e-01
 70  0.54647  1.38991e+00 | 71  0.17157 -5.75937e-01 | 72  0.35045  8.05406e-01
 73  0.30024  1.01075e+00 | 74  0.02114  1.01807e+00 | 75 -0.06546  6.35889e+00
 76 -0.03889  1.75743e-01 | 77  0.28120 -1.66729e+00 | 78  0.52206  6.31062e+00
 79 -0.49323 -1.60252e+01 | 80 -0.13677  1.86952e+00 | 81  0.27371 -4.45171e-01
 82  0.12607  7.00088e-01 | 83 -0.09569 -2.22928e+00 | 84  0.27663  3.25677e+00
 85 -0.06801 -5.23663e+00 | 86  0.03279 -5.34592e-01 | 87  0.22347  1.44459e+00
 88 -0.06602  2.66750e+00 | 89 -0.41818 -1.57276e+01 | 90 -0.43285 -3.12399e+00
 91 -0.09142  3.35328e+00 | 92  0.16999  3.50066e+00 | 93 -0.04232 -2.27368e-01
 94  0.74670 -3.68169e-02 | 95 -0.22873 -8.64389e-01 | 96  0.13030 -7.57035e-01
96 variables; iteration 120; function evaluation 148; phase 4
Function value 2.0179231e+03; maximum gradient component mag -8.1169e+01
Var    Value     Gradient |Var    Value     Gradient |Var    Value     Gradient
  1 -0.27214 -1.58748e-02 |  2  0.00109 -4.68804e-03 |  3  0.00244  1.67629e-02
  4  0.00477  8.61599e-02 |  5  0.00781  7.35350e-02 |  6  0.00789  1.46396e-01
  7 -0.01515  1.20454e-01 |  8 -0.01633  3.15126e-02 |  9 -0.02698  1.22358e-04
 10 -0.04896 -2.25623e-02 | 11 -0.03192 -4.02073e-03 | 12  0.05661 -1.21167e-02
 13  0.01539  2.70937e-03 | 14 -0.00594 -3.60867e-02 | 15  0.08703 -1.26109e-01
 16  0.02377 -1.59340e-01 | 17 -0.00626 -1.17268e-01 | 18  0.02809 -1.50146e-01
 19  0.01028 -1.91065e-01 | 20 -0.01085 -1.77917e-01 | 21 -0.00847 -1.96675e-01
 22 -0.01572 -2.85539e-01 | 23 -0.00686 -2.81223e-01 | 24  0.02704 -3.65695e-01
 25 -0.01580 -1.36105e-01 | 26  0.01183  3.86487e-02 | 27  0.07592  5.24991e-01
 28 -0.02745  3.22836e-01 | 29 -0.00219  2.73958e-01 | 30  0.05582  6.09117e-01
 31 -0.00427  2.19521e-01 | 32 -0.02249  4.56453e-02 | 33 -0.03155  3.99852e-02
 34  0.00842 -1.53377e-02 | 35  0.02255  2.50287e-03 | 36  0.03617  4.63930e-02
 37  0.00440 -9.22627e-03 | 38 -0.00839 -7.88237e-02 | 39 -0.00895 -5.86197e-02
 40 -0.01415  1.01501e-01 | 41 -0.03748  4.95529e-02 | 42 -0.00204 -8.46871e-02
 43 -0.01619 -1.25042e-03 | 44 -0.00960  3.40025e-02 | 45  0.02258 -5.56638e-02
 46  0.02536 -9.91092e-02 | 47  0.03287 -3.31346e-02 | 48  0.01685  1.68345e-01
 49 -0.02043  7.04289e-02 | 50 -0.01069  2.08955e-02 | 51 -0.02277  6.99164e-02
 52 -0.03954  2.62731e-02 | 53 -0.03581  1.77861e-02 | 54 -1.05407 -2.22000e-02
 55 -0.04059 -4.27289e-01 | 56  0.27660  3.60538e-01 | 57 -0.06623 -4.87081e-01
 58  0.04316 -2.11168e-01 | 59  0.21764  1.77519e-01 | 60 -0.02751 -1.75021e-01
 61  0.01379 -3.42674e-01 | 62  0.31811  3.98248e-01 | 63  0.51614 -2.19955e-01
 64 -0.36541  2.61677e-02 | 65  0.25671  3.77254e-02 | 66  0.16623 -1.24878e-02
 67  0.47439  4.66217e-03 | 68 -0.21437  2.55288e-02 | 69  0.23408  2.01128e-02
 70  0.54646  5.50202e-02 | 71  0.17314  1.14469e-02 | 72  0.34933  2.96217e-02
 73  0.30083  7.60519e-02 | 74  0.02080 -1.75837e-02 | 75 -0.07656 -3.18737e+00
 76  0.06293 -2.26624e-01 | 77  0.27633  1.45058e+00 | 78  0.51217 -2.73705e+00
 79 -0.49839 -8.40203e+00 | 80 -0.26242  3.89242e-01 | 81  0.27507 -2.76942e-02
 82  0.12452  9.63795e-03 | 83 -0.09634 -2.01861e-01 | 84  0.27624  1.61014e-01
 85 -0.06780 -2.39841e-01 | 86  0.03295 -8.48712e-02 | 87  0.22347  4.85132e-02
 88 -0.06638 -1.61598e-01 | 89 -0.42567 -8.11687e+01 | 90 -0.43912  6.52942e-01
 91 -0.22713  2.69838e+00 | 92  0.15453 -4.30951e-01 | 93 -0.03412 -3.50568e-01
 94  0.82092 -7.47188e-03 | 95 -0.23210 -1.52634e-01 | 96  0.13206 -8.65141e-03
96 variables; iteration 140; function evaluation 169; phase 4
Function value 2.0178847e+03; maximum gradient component mag -5.1697e-01
Var    Value     Gradient |Var    Value     Gradient |Var    Value     Gradient
  1 -0.19695 -1.22339e-03 |  2  0.00112 -1.05613e-02 |  3  0.00242 -1.52937e-02
  4  0.00457 -2.24943e-02 |  5  0.00767 -3.65134e-02 |  6  0.00760 -4.75758e-02
  7 -0.01530 -3.82832e-02 |  8 -0.01631 -2.74618e-02 |  9 -0.02695 -1.54034e-02
 10 -0.04890 -4.04697e-03 | 11 -0.03190  1.56754e-03 | 12  0.05666  1.98549e-02
 13  0.01536  1.03022e-02 | 14 -0.00590  1.08226e-02 | 15  0.08706  3.02413e-02
 16  0.02388  1.85642e-02 | 17 -0.00616  6.99028e-03 | 18  0.02811  3.33034e-02
 19  0.01035  8.35073e-03 | 20 -0.01074  3.70200e-02 | 21 -0.00845  1.79643e-02
 22 -0.01558  4.80871e-03 | 23 -0.00679 -3.06817e-03 | 24  0.02710 -9.52575e-03
 25 -0.01615 -5.78644e-03 | 26  0.01177 -1.64288e-02 | 27  0.07589 -1.48357e-02
 28 -0.02750 -1.27879e-02 | 29 -0.00219  1.08921e-02 | 30  0.05578  4.30287e-02
 31 -0.00420  6.30092e-03 | 32 -0.02252 -3.48682e-03 | 33 -0.03157 -2.73817e-02
 34  0.00842 -1.46385e-02 | 35  0.02254 -4.53392e-02 | 36  0.03616  1.22849e-02
 37  0.00439 -1.79154e-03 | 38 -0.00839  8.41537e-03 | 39 -0.00894 -1.91878e-02
 40 -0.01417  1.25812e-03 | 41 -0.03749 -3.44215e-03 | 42 -0.00203  1.71946e-02
 43 -0.01620  9.72572e-03 | 44 -0.00961 -1.06422e-02 | 45  0.02258 -4.88977e-03
 46  0.02537  2.18809e-02 | 47  0.03288 -1.14533e-02 | 48  0.01682 -1.26618e-02
 49 -0.02044 -2.26697e-02 | 50 -0.01069 -1.14257e-02 | 51 -0.02279 -2.06703e-02
 52 -0.03955 -5.03066e-04 | 53 -0.03582 -5.46436e-03 | 54 -0.97818  9.74998e-03
 55 -0.04059 -2.84122e-02 | 56  0.27659  1.08042e-02 | 57 -0.06622  2.16808e-02
 58  0.04316 -3.96924e-03 | 59  0.21763  6.86039e-03 | 60 -0.02750  6.65790e-03
 61  0.01379  2.67775e-02 | 62  0.31811 -2.10743e-02 | 63  0.51616  1.45350e-02
 64 -0.36545 -3.44043e-04 | 65  0.25612  4.12182e-03 | 66  0.16621 -1.09049e-03
 67  0.47505  3.61038e-03 | 68 -0.21424 -1.23113e-03 | 69  0.23414 -7.81267e-03
 70  0.54635 -1.70606e-02 | 71  0.17309 -5.26400e-03 | 72  0.34921 -8.04181e-03
 73  0.30080 -4.59124e-04 | 74  0.02091 -8.86578e-03 | 75 -0.07337 -4.18502e-02
 76  0.04312  3.39103e-03 | 77  0.27774  1.29925e-02 | 78  0.51481 -6.06172e-02
 79 -0.49913  6.61941e-02 | 80 -0.35810 -1.74324e-03 | 81  0.27509  7.28718e-03
 82  0.12451  1.77189e-03 | 83 -0.09632 -7.34443e-03 | 84  0.27624 -2.02441e-03
 85 -0.06780  2.14795e-02 | 86  0.03295 -1.03251e-05 | 87  0.22346 -8.49994e-03
 88 -0.06637 -1.18902e-03 | 89 -0.42705 -5.16972e-01 | 90 -0.43865 -5.89223e-02
 91 -0.32355  2.24836e-02 | 92  0.15602  3.50406e-02 | 93 -0.03270  7.71127e-06
 94  0.85460  5.63741e-04 | 95 -0.23306  1.21708e-03 | 96  0.13202  6.43816e-03
96 variables; iteration 160; function evaluation 189; phase 4
Function value 2.0178845e+03; maximum gradient component mag -1.0279e-01
Var    Value     Gradient |Var    Value     Gradient |Var    Value     Gradient
  1 -0.18099 -7.02105e-04 |  2  0.00112  3.43334e-04 |  3  0.00241  4.62325e-04
  4  0.00456  9.02354e-04 |  5  0.00766  1.56075e-03 |  6  0.00760  1.98357e-03
  7 -0.01528  7.11851e-04 |  8 -0.01630  5.75469e-04 |  9 -0.02695 -5.21578e-05
 10 -0.04890 -2.53758e-04 | 11 -0.03190 -8.03955e-04 | 12  0.05665 -5.77511e-04
 13  0.01537 -8.01733e-04 | 14 -0.00590 -1.46096e-03 | 15  0.08706 -1.39500e-03
 16  0.02388 -1.59291e-03 | 17 -0.00616 -1.42333e-03 | 18  0.02810 -6.10345e-04
 19  0.01037 -2.01836e-03 | 20 -0.01076  8.13556e-04 | 21 -0.00846 -9.31845e-04
 22 -0.01557 -1.12513e-03 | 23 -0.00678 -1.41423e-03 | 24  0.02711 -1.06513e-03
 25 -0.01616 -2.08668e-04 | 26  0.01178 -5.54194e-04 | 27  0.07589  1.40356e-04
 28 -0.02750  4.89638e-04 | 29 -0.00219  2.12990e-03 | 30  0.05578  3.80316e-03
 31 -0.00419  8.88391e-04 | 32 -0.02252  3.32289e-04 | 33 -0.03156 -1.01777e-03
 34  0.00842 -2.80427e-04 | 35  0.02254 -2.69180e-03 | 36  0.03616  8.23442e-04
 37  0.00439 -5.02697e-04 | 38 -0.00839  7.51439e-04 | 39 -0.00894 -1.66815e-03
 40 -0.01417  8.67937e-04 | 41 -0.03749 -1.73228e-04 | 42 -0.00203  7.13139e-04
 43 -0.01620  4.84204e-04 | 44 -0.00961 -3.42490e-04 | 45  0.02258  1.03961e-03
 46  0.02537  2.52943e-03 | 47  0.03288  4.98591e-05 | 48  0.01682  2.76446e-04
 49 -0.02044 -8.28354e-04 | 50 -0.01069 -6.98847e-04 | 51 -0.02278 -7.81970e-04
 52 -0.03955 -3.40206e-04 | 53 -0.03582  5.79039e-05 | 54 -0.99839  2.66953e-04
 55 -0.04059 -7.32501e-03 | 56  0.27660  4.30414e-03 | 57 -0.06622 -6.52834e-03
 58  0.04316 -2.63469e-03 | 59  0.21763  2.60341e-03 | 60 -0.02750 -1.40849e-03
 61  0.01379 -2.82187e-03 | 62  0.31811  3.37157e-03 | 63  0.51616 -1.92971e-03
 64 -0.36544  4.42084e-04 | 65  0.25610  4.22210e-04 | 66  0.16622 -4.83361e-04
 67  0.47504  5.55223e-04 | 68 -0.21426  1.09711e-04 | 69  0.23414 -9.31895e-04
 70  0.54636 -6.11753e-04 | 71  0.17309 -7.05116e-04 | 72  0.34921 -1.88286e-04
 73  0.30080  7.96554e-04 | 74  0.02091 -5.57947e-04 | 75 -0.07328 -1.34659e-02
 76  0.04239 -2.44601e-03 | 77  0.27778  6.64396e-03 | 78  0.51490 -1.28674e-02
 79 -0.49913  6.02131e-02 | 80 -0.37405 -2.08367e-03 | 81  0.27509  7.80757e-04
 82  0.12451 -4.75483e-05 | 83 -0.09632 -2.87380e-03 | 84  0.27624  1.41543e-03
 85 -0.06780 -2.73002e-03 | 86  0.03295 -1.12490e-03 | 87  0.22346  8.76371e-04
 88 -0.06637 -5.62761e-04 | 89 -0.42706 -1.02795e-01 | 90 -0.43867 -1.24212e-03
 91 -0.33847  1.86380e-03 | 92  0.15593  2.25056e-04 | 93 -0.03269 -5.46826e-04
 94  0.85178 -1.05567e-04 | 95 -0.23306 -1.17241e-04 | 96  0.13201  4.33153e-04
96 variables; iteration 180; function evaluation 209; phase 4
Function value 2.0178844e+03; maximum gradient component mag 1.6969e-03
Var    Value     Gradient |Var    Value     Gradient |Var    Value     Gradient
  1 -0.07621 -1.64991e-05 |  2  0.00112 -2.08651e-06 |  3  0.00241 -2.08043e-06
  4  0.00456 -4.39351e-06 |  5  0.00766 -6.71323e-06 |  6  0.00760 -9.68956e-06
  7 -0.01528 -4.98254e-06 |  8 -0.01630 -1.30329e-06 |  9 -0.02695  5.03761e-07
 10 -0.04890  3.89969e-07 | 11 -0.03190  1.17707e-06 | 12  0.05665  5.05926e-06
 13  0.01537  8.65666e-07 | 14 -0.00590  2.53519e-06 | 15  0.08706  1.03191e-05
 16  0.02388  3.53697e-06 | 17 -0.00616 -1.90012e-06 | 18  0.02810  5.93010e-06
 19  0.01037 -1.65688e-06 | 20 -0.01076  4.45008e-06 | 21 -0.00846  2.81470e-06
 22 -0.01557  3.77163e-07 | 23 -0.00678  1.28830e-06 | 24  0.02711 -9.42002e-07
 25 -0.01617 -2.75239e-06 | 26  0.01178 -1.34159e-05 | 27  0.07589 -2.57880e-05
 28 -0.02750 -1.39957e-05 | 29 -0.00219 -1.46516e-05 | 30  0.05578 -4.84377e-06
 31 -0.00419 -5.72805e-06 | 32 -0.02252 -1.21578e-05 | 33 -0.03156 -2.30897e-05
 34  0.00842 -2.10798e-05 | 35  0.02254 -2.75324e-05 | 36  0.03616  6.46905e-06
 37  0.00439  8.73853e-07 | 38 -0.00839 -3.35750e-06 | 39 -0.00894 -2.27968e-06
 40 -0.01417  9.92964e-06 | 41 -0.03749  1.60548e-06 | 42 -0.00203  1.09867e-05
 43 -0.01620  1.35074e-05 | 44 -0.00961 -1.92298e-06 | 45  0.02258 -7.20915e-06
 46  0.02537  3.28729e-06 | 47  0.03288  6.73186e-06 | 48  0.01682  1.20173e-05
 49 -0.02044  7.48688e-06 | 50 -0.01069  1.47233e-05 | 51 -0.02278  3.57952e-06
 52 -0.03955 -1.75011e-06 | 53 -0.03582 -3.10751e-06 | 54 -0.99874  3.06141e-06
 55 -0.04058 -2.14036e-04 | 56  0.27660  1.86236e-04 | 57 -0.06622 -1.97823e-04
 58  0.04316 -8.65386e-05 | 59  0.21763  8.65588e-05 | 60 -0.02750 -3.91485e-05
 61  0.01379 -7.53945e-05 | 62  0.31811  9.30664e-05 | 63  0.51616 -3.54126e-05
 64 -0.36544 -1.55507e-06 | 65  0.25611  2.15847e-06 | 66  0.16622 -3.88512e-07
 67  0.47503  2.01402e-06 | 68 -0.21426  6.26793e-06 | 69  0.23414 -6.33638e-06
 70  0.54636  3.19022e-06 | 71  0.17309 -5.68879e-06 | 72  0.34921 -3.39012e-06
 73  0.30080  1.12420e-05 | 74  0.02091 -1.67518e-06 | 75 -0.07327  6.14118e-05
 76  0.04237  1.37921e-05 | 77  0.27778 -8.99891e-06 | 78  0.51490  6.09447e-05
 79 -0.49913 -9.83140e-04 | 80 -0.34553  4.89128e-05 | 81  0.27509  5.80115e-06
 82  0.12452  6.15374e-06 | 83 -0.09632 -6.35994e-05 | 84  0.27624  5.93942e-05
 85 -0.06780 -6.18758e-05 | 86  0.03295 -3.19318e-05 | 87  0.22346  1.91648e-05
 88 -0.06637 -3.12060e-05 | 89 -0.42706  1.69693e-03 | 90 -0.43867 -2.78469e-06
 91 -0.34316 -7.42956e-05 | 92  0.15593  3.98286e-06 | 93 -0.03269 -9.98029e-07
 94  0.85223 -3.54325e-07 | 95 -0.23306  3.25637e-06 | 96  0.13201 -4.33425e-07
96 variables; iteration 200; function evaluation 229; phase 4
Function value 2.0178844e+03; maximum gradient component mag -5.5390e-03
Var    Value     Gradient |Var    Value     Gradient |Var    Value     Gradient
  1  0.03522 -2.69586e-07 |  2  0.00112  4.72019e-06 |  3  0.00241  1.65284e-05
  4  0.00456  3.48388e-05 |  5  0.00766  3.84728e-05 |  6  0.00760  5.68211e-05
  7 -0.01528  4.09407e-05 |  8 -0.01630  2.72839e-05 |  9 -0.02695  1.77801e-06
 10 -0.04890 -9.13635e-06 | 11 -0.03190 -1.71885e-05 | 12  0.05665 -9.54463e-06
 13  0.01537 -1.58366e-05 | 14 -0.00590 -3.65477e-05 | 15  0.08706 -3.54171e-05
 16  0.02388 -2.79815e-05 | 17 -0.00616  1.95337e-06 | 18  0.02810 -1.16915e-05
 19  0.01037 -2.95727e-05 | 20 -0.01076  2.42401e-06 | 21 -0.00846 -2.12243e-06
 22 -0.01557 -3.38792e-06 | 23 -0.00678  1.09739e-05 | 24  0.02711  1.12853e-05
 25 -0.01617  1.30961e-05 | 26  0.01178  6.97105e-06 | 27  0.07589 -4.47232e-05
 28 -0.02750 -2.50310e-05 | 29 -0.00219 -1.41593e-05 | 30  0.05578 -1.30237e-05
 31 -0.00419 -3.74604e-05 | 32 -0.02252 -1.08673e-05 | 33 -0.03156  6.21503e-05
 34  0.00842  4.35647e-05 | 35  0.02254  2.46076e-05 | 36  0.03616 -6.84862e-05
 37  0.00439  3.80756e-06 | 38 -0.00839  8.98122e-05 | 39 -0.00894  1.24370e-05
 40 -0.01417 -8.74919e-05 | 41 -0.03749 -1.57537e-05 | 42 -0.00203 -1.10214e-05
 43 -0.01620 -3.57987e-05 | 44 -0.00961  3.11555e-05 | 45  0.02258  1.08745e-04
 46  0.02537  1.20888e-04 | 47  0.03288  5.45007e-06 | 48  0.01682 -4.55727e-05
 49 -0.02044 -5.10285e-05 | 50 -0.01069 -5.05045e-05 | 51 -0.02278  4.15630e-06
 52 -0.03955  1.22785e-05 | 53 -0.03582  5.43000e-06 | 54 -0.99876 -1.58442e-05
 55 -0.04058  9.72158e-05 | 56  0.27660 -2.75008e-06 | 57 -0.06622  1.36523e-04
 58  0.04316  1.37074e-04 | 59  0.21763 -1.52873e-04 | 60 -0.02750  6.13353e-06
 61  0.01379 -5.72783e-05 | 62  0.31811 -1.87283e-05 | 63  0.51616 -8.08170e-05
 64 -0.36544  1.96506e-05 | 65  0.25611 -3.05493e-05 | 66  0.16622 -2.04711e-05
 67  0.47503 -1.01664e-05 | 68 -0.21426 -9.84921e-06 | 69  0.23414  2.39638e-05
 70  0.54636  5.07638e-06 | 71  0.17309 -1.13766e-05 | 72  0.34921 -7.77668e-07
 73  0.30080  2.80339e-05 | 74  0.02091 -2.89173e-06 | 75 -0.07327  8.88492e-05
 76  0.04237  4.84376e-05 | 77  0.27778 -3.73545e-05 | 78  0.51490  8.57994e-05
 79 -0.49913 -5.53898e-03 | 80 -0.34571 -2.50416e-06 | 81  0.27509  1.88655e-05
 82  0.12452 -1.35050e-05 | 83 -0.09632 -1.74133e-05 | 84  0.27624  5.28914e-05
 85 -0.06780  4.71109e-05 | 86  0.03295  3.14974e-05 | 87  0.22346  1.08985e-05
 88 -0.06637  6.53457e-05 | 89 -0.42706 -4.39969e-03 | 90 -0.43867  9.39581e-05
 91 -0.34282  2.76265e-05 | 92  0.15593 -3.55164e-05 | 93 -0.03269 -1.74295e-04
 94  0.85223  3.53359e-07 | 95 -0.23306 -1.83327e-05 | 96  0.13201  1.27320e-05

 - final statistics:
96 variables; iteration 207; function evaluation 236
Function value 2.0179e+03; maximum gradient component mag 7.2245e-05
Exit code = 1;  converg criter 1.0000e-04
Var    Value     Gradient |Var    Value     Gradient |Var    Value     Gradient
  1  0.11874 -1.85005e-11 |  2  0.00112 -6.71121e-08 |  3  0.00241 -1.91174e-07
  4  0.00456 -4.29677e-07 |  5  0.00766 -4.71504e-07 |  6  0.00760 -7.47438e-07
  7 -0.01528 -5.92431e-07 |  8 -0.01630 -3.45918e-07 |  9 -0.02695  4.46398e-08
 10 -0.04890  1.44441e-07 | 11 -0.03190  1.81484e-07 | 12  0.05665  1.51464e-07
 13  0.01537  1.13546e-07 | 14 -0.00590  5.11128e-07 | 15  0.08706  5.60853e-07
 16  0.02388  4.25947e-07 | 17 -0.00616 -9.97687e-08 | 18  0.02810  3.95651e-07
 19  0.01037  4.05401e-07 | 20 -0.01076  2.23374e-07 | 21 -0.00846  2.38518e-07
 22 -0.01557  2.48573e-07 | 23 -0.00678  2.05643e-07 | 24  0.02711  2.46885e-07
 25 -0.01617  2.94107e-08 | 26  0.01178 -2.00840e-07 | 27  0.07589  2.00307e-08
 28 -0.02750 -8.05581e-08 | 29 -0.00219 -1.85674e-07 | 30  0.05578  9.86985e-08
 31 -0.00419  4.05018e-07 | 32 -0.02252  1.07315e-07 | 33 -0.03156 -9.99279e-07
 34  0.00842 -6.31751e-07 | 35  0.02254 -6.92305e-07 | 36  0.03616  9.73961e-07
 37  0.00439 -3.48126e-08 | 38 -0.00839 -1.03696e-06 | 39 -0.00894 -3.11329e-07
 40 -0.01417  1.14890e-06 | 41 -0.03749  2.04786e-07 | 42 -0.00203  3.43882e-07
 43 -0.01620  5.78641e-07 | 44 -0.00961 -4.50091e-07 | 45  0.02258 -1.38623e-06
 46  0.02537 -1.25984e-06 | 47  0.03288 -1.56026e-07 | 48  0.01682  4.47784e-07
 49 -0.02044  4.71164e-07 | 50 -0.01069  4.99763e-07 | 51 -0.02278 -1.89919e-07
 52 -0.03955 -2.22854e-07 | 53 -0.03582 -4.92401e-08 | 54 -0.99874  1.86754e-07
 55 -0.04058 -9.77922e-07 | 56  0.27660 -4.19474e-07 | 57 -0.06622 -1.07611e-06
 58  0.04316 -1.52892e-06 | 59  0.21763  1.81716e-06 | 60 -0.02750  1.51711e-07
 61  0.01379  1.20098e-06 | 62  0.31811 -1.95206e-07 | 63  0.51616  1.31697e-06
 64 -0.36544 -2.95969e-07 | 65  0.25611  4.72586e-07 | 66  0.16622  3.08536e-07
 67  0.47503  2.42404e-07 | 68 -0.21426  2.08164e-07 | 69  0.23414 -4.05615e-07
 70  0.54636 -1.07474e-07 | 71  0.17309  1.43156e-07 | 72  0.34921 -3.88049e-08
 73  0.30080 -4.64353e-07 | 74  0.02091 -2.53177e-08 | 75 -0.07327  1.95920e-06
 76  0.04237 -1.77247e-07 | 77  0.27778 -7.48959e-07 | 78  0.51490  1.47619e-06
 79 -0.49913  7.22450e-05 | 80 -0.34570  2.98643e-08 | 81  0.27509 -1.98620e-07
 82  0.12452  1.02038e-07 | 83 -0.09632  3.52929e-07 | 84  0.27624 -9.05100e-07
 85 -0.06780 -1.44604e-07 | 86  0.03295 -3.14250e-07 | 87  0.22346 -2.42259e-07
 88 -0.06637 -7.12193e-07 | 89 -0.42706  5.09982e-05 | 90 -0.43867 -1.92686e-06
 91 -0.34291 -3.24523e-07 | 92  0.15593  9.01424e-07 | 93 -0.03269  1.66323e-06
 94  0.85223  2.64622e-09 | 95 -0.23306  2.97453e-07 | 96  0.13201 -8.47017e-08
Warning: the following parameters had issues
  init_F[1] is within 0.1% of lower bound: 0.00000e+00 < 2.91562e-06 < 3.00000e+00


 - final statistics:
97 variables; iteration 0; function evaluation 0
Function value 2.0179e+03; maximum gradient component mag 7.2245e-05
Exit code = 0;  converg criter 1.0000e-04
Var    Value     Gradient |Var    Value     Gradient |Var    Value     Gradient
  1  0.11874 -1.76969e-11 |  2  0.00112 -6.71122e-08 |  3  0.00241 -1.91174e-07
  4  0.00456 -4.29678e-07 |  5  0.00766 -4.71504e-07 |  6  0.00760 -7.47438e-07
  7 -0.01528 -5.92431e-07 |  8 -0.01630 -3.45918e-07 |  9 -0.02695  4.46395e-08
 10 -0.04890  1.44440e-07 | 11 -0.03190  1.81484e-07 | 12  0.05665  1.51464e-07
 13  0.01537  1.13547e-07 | 14 -0.00590  5.11128e-07 | 15  0.08706  5.60853e-07
 16  0.02388  4.25947e-07 | 17 -0.00616 -8.09802e-08 | 18  0.02810  4.14422e-07
 19  0.01037  4.24188e-07 | 20 -0.01076  2.42161e-07 | 21 -0.00846  2.57306e-07
 22 -0.01557  2.67356e-07 | 23 -0.00678  2.24431e-07 | 24  0.02711  2.65657e-07
 25 -0.01617  4.81938e-08 | 26  0.01178 -1.82054e-07 | 27  0.07589  3.86863e-08
 28 -0.02750 -6.17864e-08 | 29 -0.00219 -1.66885e-07 | 30  0.05578  1.17416e-07
 31 -0.00419  4.23806e-07 | 32 -0.02252  1.26092e-07 | 33 -0.03156 -9.80513e-07
 34  0.00842 -6.12963e-07 | 35  0.02254 -6.73527e-07 | 36  0.03616  9.92720e-07
 37  0.00439 -1.60237e-08 | 38 -0.00839 -1.01817e-06 | 39 -0.00894 -2.92541e-07
 40 -0.01417  1.16769e-06 | 41 -0.03749  2.23542e-07 | 42 -0.00203  3.62671e-07
 43 -0.01620  5.97424e-07 | 44 -0.00961 -4.31304e-07 | 45  0.02258 -1.36746e-06
 46  0.02537 -1.24107e-06 | 47  0.03288 -1.37262e-07 | 48  0.01682  4.66566e-07
 49 -0.02044  4.89944e-07 | 50 -0.01069  5.18550e-07 | 51 -0.02278 -1.71142e-07
 52 -0.03955 -2.04101e-07 | 53 -0.03582 -3.04806e-08 | 54  0.00000  0.00000e+00
 55 -0.99874  1.86754e-07 | 56 -0.04058 -9.77922e-07 | 57  0.27660 -4.19475e-07
 58 -0.06622 -1.07611e-06 | 59  0.04316 -1.52892e-06 | 60  0.21763  1.81716e-06
 61 -0.02750  1.51711e-07 | 62  0.01379  1.20098e-06 | 63  0.31811 -1.95206e-07
 64  0.51616  1.31697e-06 | 65 -0.36544 -2.95969e-07 | 66  0.25611  4.72586e-07
 67  0.16622  3.08536e-07 | 68  0.47503  2.42404e-07 | 69 -0.21426  2.08164e-07
 70  0.23414 -4.05615e-07 | 71  0.54636 -1.07474e-07 | 72  0.17309  1.43157e-07
 73  0.34921 -3.88053e-08 | 74  0.30080 -4.64356e-07 | 75  0.02091 -2.53182e-08
 76 -0.07327  1.95920e-06 | 77  0.04237 -1.77247e-07 | 78  0.27778 -7.48959e-07
 79  0.51490  1.47619e-06 | 80 -0.49913  7.22450e-05 | 81 -0.34570  2.98643e-08
 82  0.27509 -1.98620e-07 | 83  0.12452  1.02038e-07 | 84 -0.09632  3.52928e-07
 85  0.27624 -9.05100e-07 | 86 -0.06780 -1.44604e-07 | 87  0.03295 -3.14250e-07
 88  0.22346 -2.42259e-07 | 89 -0.06637 -7.12193e-07 | 90 -0.42706  5.09982e-05
 91 -0.43867 -1.92686e-06 | 92 -0.34291 -3.24523e-07 | 93  0.15593  9.01424e-07
 94 -0.03269  1.66324e-06 | 95  0.85223  2.64611e-09 | 96 -0.23306  2.97453e-07
 97  0.13201 -8.47018e-08 |
Estimating row 1 out of 97 for hessian
Estimating row 2 out of 97 for hessian
Estimating row 3 out of 97 for hessian
Estimating row 4 out of 97 for hessian
Estimating row 5 out of 97 for hessian
Estimating row 6 out of 97 for hessian
Estimating row 7 out of 97 for hessian
Estimating row 8 out of 97 for hessian
Estimating row 9 out of 97 for hessian
Estimating row 10 out of 97 for hessian
Estimating row 11 out of 97 for hessian
Estimating row 12 out of 97 for hessian
Estimating row 13 out of 97 for hessian
Estimating row 14 out of 97 for hessian
Estimating row 15 out of 97 for hessian
Estimating row 16 out of 97 for hessian
Estimating row 17 out of 97 for hessian
Estimating row 18 out of 97 for hessian
Estimating row 19 out of 97 for hessian
Estimating row 20 out of 97 for hessian
Estimating row 21 out of 97 for hessian
Estimating row 22 out of 97 for hessian
Estimating row 23 out of 97 for hessian
Estimating row 24 out of 97 for hessian
Estimating row 25 out of 97 for hessian
Estimating row 26 out of 97 for hessian
Estimating row 27 out of 97 for hessian
Estimating row 28 out of 97 for hessian
Estimating row 29 out of 97 for hessian
Estimating row 30 out of 97 for hessian
Estimating row 31 out of 97 for hessian
Estimating row 32 out of 97 for hessian
Estimating row 33 out of 97 for hessian
Estimating row 34 out of 97 for hessian
Estimating row 35 out of 97 for hessian
Estimating row 36 out of 97 for hessian
Estimating row 37 out of 97 for hessian
Estimating row 38 out of 97 for hessian
Estimating row 39 out of 97 for hessian
Estimating row 40 out of 97 for hessian
Estimating row 41 out of 97 for hessian
Estimating row 42 out of 97 for hessian
Estimating row 43 out of 97 for hessian
Estimating row 44 out of 97 for hessian
Estimating row 45 out of 97 for hessian
Estimating row 46 out of 97 for hessian
Estimating row 47 out of 97 for hessian
Estimating row 48 out of 97 for hessian
Estimating row 49 out of 97 for hessian
Estimating row 50 out of 97 for hessian
Estimating row 51 out of 97 for hessian
Estimating row 52 out of 97 for hessian
Estimating row 53 out of 97 for hessian
Estimating row 54 out of 97 for hessian
Estimating row 55 out of 97 for hessian
Estimating row 56 out of 97 for hessian
Estimating row 57 out of 97 for hessian
Estimating row 58 out of 97 for hessian
Estimating row 59 out of 97 for hessian
Estimating row 60 out of 97 for hessian
Estimating row 61 out of 97 for hessian
Estimating row 62 out of 97 for hessian
Estimating row 63 out of 97 for hessian
Estimating row 64 out of 97 for hessian
Estimating row 65 out of 97 for hessian
Estimating row 66 out of 97 for hessian
Estimating row 67 out of 97 for hessian
Estimating row 68 out of 97 for hessian
Estimating row 69 out of 97 for hessian
Estimating row 70 out of 97 for hessian
Estimating row 71 out of 97 for hessian
Estimating row 72 out of 97 for hessian
Estimating row 73 out of 97 for hessian
Estimating row 74 out of 97 for hessian
Estimating row 75 out of 97 for hessian
Estimating row 76 out of 97 for hessian
Estimating row 77 out of 97 for hessian
Estimating row 78 out of 97 for hessian
Estimating row 79 out of 97 for hessian
Estimating row 80 out of 97 for hessian
Estimating row 81 out of 97 for hessian
Estimating row 82 out of 97 for hessian
Estimating row 83 out of 97 for hessian
Estimating row 84 out of 97 for hessian
Estimating row 85 out of 97 for hessian
Estimating row 86 out of 97 for hessian
Estimating row 87 out of 97 for hessian
Estimating row 88 out of 97 for hessian
Estimating row 89 out of 97 for hessian
Estimating row 90 out of 97 for hessian
Estimating row 91 out of 97 for hessian
Estimating row 92 out of 97 for hessian
Estimating row 93 out of 97 for hessian
Estimating row 94 out of 97 for hessian
Estimating row 95 out of 97 for hessian
Estimating row 96 out of 97 for hessian
Estimating row 97 out of 97 for hessian
size of file gradfil1.tmp = 121680000
size of file gradfil2.tmp = 0
size of file varssave.tmp = 0
size of file cmpdiff.tmp = 800000032
