
 - final statistics:
1 variables; iteration 0; function evaluation 0
Function value 2.9797e+03; maximum gradient component mag 2.1088e+00
Exit code = 0;  converg criter 1.0000e+01

Initial statistics: 8 variables; iteration 0; function evaluation 0; phase 2
Function value 2.9797192e+03; maximum gradient component mag 9.9194e+02

 - final statistics:
8 variables; iteration 10; function evaluation 18
Function value 2.9578e+03; maximum gradient component mag 7.7975e-01
Exit code = 1;  converg criter 1.0000e+01

Initial statistics: 75 variables; iteration 0; function evaluation 0; phase 3
Function value 2.9578339e+03; maximum gradient component mag 3.0971e+03

Intermediate statistics: 75 variables; iteration 20; function evaluation 23; phase 3
Function value 2.9551086e+03; maximum gradient component mag 2.6525e+03
75 variables; iteration 40; function evaluation 44; phase 3
Function value 2.9547253e+03; maximum gradient component mag 2.2189e+03
75 variables; iteration 60; function evaluation 67; phase 3
Function value 2.9540110e+03; maximum gradient component mag 8.2248e+02
75 variables; iteration 80; function evaluation 92; phase 3
Function value 2.9537037e+03; maximum gradient component mag -1.8605e+01
Maximum number of function evaluations exceeded

 - final statistics:
75 variables; iteration 82; function evaluation 100
Function value 2.9536e+03; maximum gradient component mag 2.1199e+01
Exit code = 3;  converg criter 1.0000e+00

Initial statistics: 91 variables; iteration 0; function evaluation 0; phase 4
Function value 2.9536092e+03; maximum gradient component mag 2.1199e+01

Intermediate statistics: 91 variables; iteration 20; function evaluation 26; phase 4
Function value 2.9533111e+03; maximum gradient component mag -3.5880e+01
91 variables; iteration 40; function evaluation 49; phase 4
Function value 2.9532543e+03; maximum gradient component mag -2.7398e+01
91 variables; iteration 60; function evaluation 71; phase 4
Function value 2.9531539e+03; maximum gradient component mag 9.0424e+00
91 variables; iteration 80; function evaluation 95; phase 4
Function value 2.9531296e+03; maximum gradient component mag 6.6859e+00
91 variables; iteration 100; function evaluation 128; phase 4
Function value 2.9531218e+03; maximum gradient component mag 6.7439e-03
  ic > imax  in fminim is answer attained ?
Function minimizer not making progress ... is minimum attained?
Minimprove criterion = 0.0000e+00

 - final statistics:
91 variables; iteration 109; function evaluation 169
Function value 2.9531e+03; maximum gradient component mag 1.2399e-04
Exit code = 1;  converg criter 1.0000e-04

Initial statistics: 92 variables; iteration 0; function evaluation 0; phase 5
Function value 2.9531218e+03; maximum gradient component mag 1.2400e-04

 - final statistics:
92 variables; iteration 1; function evaluation 2
Function value 2.9531e+03; maximum gradient component mag 5.0630e-06
Exit code = 1;  converg criter 1.0000e-04
size of file gradfil1.tmp = 0
size of file gradfil2.tmp = 0
size of file varssave.tmp = 0
size of file cmpdiff.tmp = 0
