
Initial statistics: 1 variables; iteration 0; function evaluation 0; phase 1
Function value 1.7725836e+06; maximum gradient component mag 5.8534e+05

 - final statistics:
1 variables; iteration 8; function evaluation 15
Function value 1.5270e+06; maximum gradient component mag -5.1840e+00
Exit code = 1;  converg criter 1.0000e+01

Initial statistics: 8 variables; iteration 0; function evaluation 0; phase 2
Function value 1.5269798e+06; maximum gradient component mag 6.8421e+05

Intermediate statistics: 8 variables; iteration 20; function evaluation 38; phase 2
Function value 1.3173004e+06; maximum gradient component mag 6.3559e+06
8 variables; iteration 40; function evaluation 64; phase 2
Function value 7.1341281e+04; maximum gradient component mag 1.5664e+06
8 variables; iteration 60; function evaluation 87; phase 2
Function value 4.0085820e+04; maximum gradient component mag 2.8552e+05
Maximum number of function evaluations exceeded

 - final statistics:
8 variables; iteration 74; function evaluation 100
Function value 3.5345e+04; maximum gradient component mag 2.1100e+05
Exit code = 3;  converg criter 1.0000e+01

Initial statistics: 75 variables; iteration 0; function evaluation 0; phase 3
Function value 3.5344694e+04; maximum gradient component mag -9.5813e+05

Intermediate statistics: 75 variables; iteration 20; function evaluation 53; phase 3
Function value 5.0456023e+03; maximum gradient component mag 5.4487e+04
75 variables; iteration 40; function evaluation 84; phase 3
Function value 4.2777508e+03; maximum gradient component mag 8.1705e+03
Maximum number of function evaluations exceeded

 - final statistics:
75 variables; iteration 55; function evaluation 100
Function value 4.2578e+03; maximum gradient component mag 8.2825e+03
Exit code = 3;  converg criter 1.0000e+00

Initial statistics: 91 variables; iteration 0; function evaluation 0; phase 4
Function value 4.2576207e+03; maximum gradient component mag 8.2825e+03

Intermediate statistics: 91 variables; iteration 20; function evaluation 29; phase 4
Function value 3.5459235e+03; maximum gradient component mag -4.8326e+03
91 variables; iteration 40; function evaluation 52; phase 4
Function value 3.4332779e+03; maximum gradient component mag 5.1028e+03
91 variables; iteration 60; function evaluation 75; phase 4
Function value 3.4024010e+03; maximum gradient component mag 4.6180e+03
91 variables; iteration 80; function evaluation 110; phase 4
Function value 3.2607181e+03; maximum gradient component mag 2.1604e+03
91 variables; iteration 100; function evaluation 150; phase 4
Function value 3.1376923e+03; maximum gradient component mag -8.4496e+03
91 variables; iteration 120; function evaluation 181; phase 4
Function value 3.0817855e+03; maximum gradient component mag -2.1781e+02
91 variables; iteration 140; function evaluation 206; phase 4
Function value 3.0760688e+03; maximum gradient component mag 1.6491e+03
91 variables; iteration 160; function evaluation 232; phase 4
Function value 3.0671517e+03; maximum gradient component mag 4.1565e+02
91 variables; iteration 180; function evaluation 252; phase 4
Function value 3.0632902e+03; maximum gradient component mag -7.0446e+02
91 variables; iteration 200; function evaluation 272; phase 4
Function value 3.0610577e+03; maximum gradient component mag -3.0660e+02
91 variables; iteration 220; function evaluation 292; phase 4
Function value 3.0581686e+03; maximum gradient component mag 1.2056e+02
91 variables; iteration 240; function evaluation 312; phase 4
Function value 3.0538652e+03; maximum gradient component mag -5.3646e+02
91 variables; iteration 260; function evaluation 332; phase 4
Function value 3.0529747e+03; maximum gradient component mag -3.1811e+02
91 variables; iteration 280; function evaluation 352; phase 4
Function value 3.0525289e+03; maximum gradient component mag -3.1542e+01
91 variables; iteration 300; function evaluation 372; phase 4
Function value 3.0520675e+03; maximum gradient component mag 1.4926e+01
91 variables; iteration 320; function evaluation 392; phase 4
Function value 3.0519666e+03; maximum gradient component mag -2.8629e+01
91 variables; iteration 340; function evaluation 412; phase 4
Function value 3.0515901e+03; maximum gradient component mag -4.3815e+01
91 variables; iteration 360; function evaluation 432; phase 4
Function value 3.0515858e+03; maximum gradient component mag -2.5613e+01
91 variables; iteration 380; function evaluation 454; phase 4
Function value 3.0515834e+03; maximum gradient component mag 4.6056e+00
91 variables; iteration 400; function evaluation 474; phase 4
Function value 3.0515755e+03; maximum gradient component mag 5.9110e+00
91 variables; iteration 420; function evaluation 494; phase 4
Function value 3.0515751e+03; maximum gradient component mag 6.3883e+00
91 variables; iteration 440; function evaluation 514; phase 4
Function value 3.0515720e+03; maximum gradient component mag -4.5308e+01
91 variables; iteration 460; function evaluation 554; phase 4
Function value 3.0515106e+03; maximum gradient component mag -2.1388e-01
91 variables; iteration 480; function evaluation 574; phase 4
Function value 3.0515106e+03; maximum gradient component mag -2.2375e-01

 - final statistics:
91 variables; iteration 499; function evaluation 593
Function value 3.0515e+03; maximum gradient component mag 2.1548e-05
Exit code = 1;  converg criter 1.0000e-04
Warning: the following parameters had issues
  init_F[1] is within 0.1% of lower bound: 0.0000e+00 < 2.0077e-07 < 3.0000e+00
  selparm[10] is within 0.1% of upper bound: -2.0000e+00 < 9.9996e+00 < 1.0000e+01
  selparm[19] is within 0.1% of upper bound: 5.3000e+01 < 2.4996e+02 < 2.5000e+02


 - final statistics:
92 variables; iteration 0; function evaluation 0
Function value 3.0515e+03; maximum gradient component mag 2.1548e-05
Exit code = 0;  converg criter 1.0000e-04
size of file gradfil1.tmp = 0
size of file gradfil2.tmp = 0
size of file varssave.tmp = 0
size of file cmpdiff.tmp = 0
