
Initial statistics: 15 variables; iteration 0; function evaluation 0; phase 1
Function value 2.2520991e+06; maximum gradient component mag -5.5801e+05
Var    Value     Gradient |Var    Value     Gradient |Var    Value     Gradient
  1 -0.59033          nan |  2 -0.59033          nan |  3 -0.59033          nan
  4 -0.59033          nan |  5 -0.59033          nan |  6 -0.59033          nan
  7 -0.59033          nan |  8 -0.59033          nan |  9 -0.59033          nan
 10 -0.59033          nan | 11 -0.59033          nan | 12 -0.59033          nan
 13 -0.59033          nan | 14 -0.59033          nan | 15 -0.77131 -5.58013e+05
  ic > imax  in fminim is answer attained ?
Var    Value     Gradient |Var    Value     Gradient |Var    Value     Gradient
  1 -0.59033          nan |  2 -0.59033          nan |  3 -0.59033          nan
  4 -0.59033          nan |  5 -0.59033          nan |  6 -0.59033          nan
  7 -0.59033          nan |  8 -0.59033          nan |  9 -0.59033          nan
 10 -0.59033          nan | 11 -0.59033          nan | 12 -0.59033          nan
 13 -0.59033          nan | 14 -0.59033          nan | 15 -0.77131 -5.58013e+05
Function minimizer not making progress ... is minimum attained?
Minimprove criterion = 0.0000e+00

 - final statistics:
15 variables; iteration 1; function evaluation 30
Function value nan; maximum gradient component mag -5.5801e+05
Exit code = 1;  converg criter 1.0000e+01
Var    Value     Gradient |Var    Value     Gradient |Var    Value     Gradient
  1 -0.59033          nan |  2 -0.59033          nan |  3 -0.59033          nan
  4 -0.59033          nan |  5 -0.59033          nan |  6 -0.59033          nan
  7 -0.59033          nan |  8 -0.59033          nan |  9 -0.59033          nan
 10 -0.59033          nan | 11 -0.59033          nan | 12 -0.59033          nan
 13 -0.59033          nan | 14 -0.59033          nan | 15 -0.77131 -5.58013e+05

Initial statistics: 25 variables; iteration 0; function evaluation 0; phase 2
Function value 2.2520991e+06; maximum gradient component mag -5.5801e+05
Var    Value     Gradient |Var    Value     Gradient |Var    Value     Gradient
  1 -0.59033          nan |  2 -0.59033          nan |  3 -0.59033          nan
  4 -0.59033          nan |  5 -0.59033          nan |  6 -0.59033          nan
  7 -0.59033          nan |  8 -0.59033          nan |  9 -0.59033          nan
 10 -0.59033          nan | 11 -0.59033          nan | 12 -0.59033          nan
 13 -0.59033          nan | 14 -0.59033          nan | 15 -0.77131 -5.58013e+05
 16  0.00000  3.92294e+04 | 17 -0.04813 -2.02224e+04 | 18  0.04422  3.06832e+04
 19  0.02102  1.96714e+03 | 20  0.11444 -1.38972e+04 | 21 -0.19716 -2.83109e+04
 22  0.17760 -1.72854e+03 | 23 -0.06799 -3.83795e+03 | 24  0.04422 -5.31727e+02
 25 -0.04813 -2.83791e+03 |
  ic > imax  in fminim is answer attained ?
Var    Value     Gradient |Var    Value     Gradient |Var    Value     Gradient
  1 -0.59033          nan |  2 -0.59033          nan |  3 -0.59033          nan
  4 -0.59033          nan |  5 -0.59033          nan |  6 -0.59033          nan
  7 -0.59033          nan |  8 -0.59033          nan |  9 -0.59033          nan
 10 -0.59033          nan | 11 -0.59033          nan | 12 -0.59033          nan
 13 -0.59033          nan | 14 -0.59033          nan | 15 -0.77131 -5.58013e+05
 16  0.00000  3.92294e+04 | 17 -0.04813 -2.02224e+04 | 18  0.04422  3.06832e+04
 19  0.02102  1.96714e+03 | 20  0.11444 -1.38972e+04 | 21 -0.19716 -2.83109e+04
 22  0.17760 -1.72854e+03 | 23 -0.06799 -3.83795e+03 | 24  0.04422 -5.31727e+02
 25 -0.04813 -2.83791e+03 |
Function minimizer not making progress ... is minimum attained?
Minimprove criterion = 0.0000e+00

 - final statistics:
25 variables; iteration 1; function evaluation 30
Function value nan; maximum gradient component mag -5.5801e+05
Exit code = 1;  converg criter 1.0000e+01
Var    Value     Gradient |Var    Value     Gradient |Var    Value     Gradient
  1 -0.59033          nan |  2 -0.59033          nan |  3 -0.59033          nan
  4 -0.59033          nan |  5 -0.59033          nan |  6 -0.59033          nan
  7 -0.59033          nan |  8 -0.59033          nan |  9 -0.59033          nan
 10 -0.59033          nan | 11 -0.59033          nan | 12 -0.59033          nan
 13 -0.59033          nan | 14 -0.59033          nan | 15 -0.77131 -5.58013e+05
 16  0.00000  3.92294e+04 | 17 -0.04813 -2.02224e+04 | 18  0.04422  3.06832e+04
 19  0.02102  1.96714e+03 | 20  0.11444 -1.38972e+04 | 21 -0.19716 -2.83109e+04
 22  0.17760 -1.72854e+03 | 23 -0.06799 -3.83795e+03 | 24  0.04422 -5.31727e+02
 25 -0.04813 -2.83791e+03 |

Initial statistics: 87 variables; iteration 0; function evaluation 0; phase 3
Function value 2.2520991e+06; maximum gradient component mag -5.5801e+05
Var    Value     Gradient |Var    Value     Gradient |Var    Value     Gradient
  1 -0.59033          nan |  2 -0.59033          nan |  3 -0.59033          nan
  4 -0.59033          nan |  5 -0.59033          nan |  6 -0.59033          nan
  7 -0.59033          nan |  8 -0.59033          nan |  9 -0.59033          nan
 10 -0.59033          nan | 11 -0.59033          nan | 12 -0.59033          nan
 13 -0.59033          nan | 14 -0.59033          nan | 15 -0.77131 -5.58013e+05
 16  0.00000  1.88250e+03 | 17  0.00000  1.95979e+03 | 18  0.00000  1.92185e+03
 19  0.00000  1.76336e+03 | 20  0.00000  1.69056e+03 | 21  0.00000  9.42472e+02
 22  0.00000 -3.62029e+02 | 23  0.00000  1.37571e+03 | 24  0.00000  3.12956e+03
 25  0.00000  1.72010e+03 | 26  0.00000 -2.48111e+03 | 27  0.00000 -5.18471e+03
 28  0.00000 -3.72847e+03 | 29  0.00000 -2.06312e+03 | 30  0.00000 -1.94806e+03
 31  0.00000 -2.90152e+03 | 32  0.00000 -9.18552e+02 | 33  0.00000 -7.09230e+02
 34  0.00000  8.18519e+02 | 35  0.00000  1.08066e+01 | 36  0.00000  2.20055e+02
 37  0.00000 -1.75883e+02 | 38  0.00000  2.19499e+02 | 39  0.00000 -3.98814e+02
 40  0.00000 -1.25731e+02 | 41  0.00000 -3.38480e+02 | 42  0.00000  1.13653e+02
 43  0.00000  1.16259e+02 | 44  0.00000  5.57651e+02 | 45  0.00000  6.57635e+02
 46  0.00000  5.44274e+02 | 47  0.00000  3.37481e+02 | 48  0.00000  2.90742e+02
 49  0.00000  3.65348e+02 | 50  0.00000  4.80581e+01 | 51  0.00000 -2.09002e+02
 52  0.00000  8.58809e+02 | 53  0.00000  3.92294e+04 | 54 -0.04813 -2.02224e+04
 55  0.28213  5.29025e+04 | 56 -0.06620 -6.99788e+01 | 57  0.04422  3.06832e+04
 58  0.21824 -4.78111e+04 | 59 -0.02168  2.21980e+03 | 60  0.02102  1.96714e+03
 61  0.31510  9.20961e+03 | 62  0.51632  7.56232e+03 | 63  0.11444 -1.38972e+04
 64 -0.41904  2.72262e+02 | 65  0.33042  3.42724e+04 | 66  0.62903  3.58230e+03
 67 -0.19716 -2.83109e+04 | 68  0.27945  1.43133e+05 | 69  0.43663  6.75101e+04
 70  0.17760 -1.72854e+03 | 71  0.34997 -1.11361e+00 | 72  0.30652  6.12015e+03
 73  0.02023 -6.85518e-01 | 74 -0.06799 -3.83795e+03 | 75  0.00520 -5.25635e-01
 76  0.33042  1.04566e+04 | 77  0.52774 -4.88388e-01 | 78 -0.47611 -7.27178e+02
 79  0.43675  2.18413e+03 | 80  0.26064  2.31753e+03 | 81  0.01592  1.64680e+03
 82  0.04422 -5.31727e+02 | 83  0.21824  1.14196e+03 | 84 -0.02168 -4.95428e-02
 85 -0.04813 -2.83791e+03 | 86  0.28213  5.69594e+03 | 87 -0.06620  5.06165e-02
  ic > imax  in fminim is answer attained ?
Var    Value     Gradient |Var    Value     Gradient |Var    Value     Gradient
  1 -0.59033          nan |  2 -0.59033          nan |  3 -0.59033          nan
  4 -0.59033          nan |  5 -0.59033          nan |  6 -0.59033          nan
  7 -0.59033          nan |  8 -0.59033          nan |  9 -0.59033          nan
 10 -0.59033          nan | 11 -0.59033          nan | 12 -0.59033          nan
 13 -0.59033          nan | 14 -0.59033          nan | 15 -0.77131 -5.58013e+05
 16  0.00000  1.88250e+03 | 17  0.00000  1.95979e+03 | 18  0.00000  1.92185e+03
 19  0.00000  1.76336e+03 | 20  0.00000  1.69056e+03 | 21  0.00000  9.42472e+02
 22  0.00000 -3.62029e+02 | 23  0.00000  1.37571e+03 | 24  0.00000  3.12956e+03
 25  0.00000  1.72010e+03 | 26  0.00000 -2.48111e+03 | 27  0.00000 -5.18471e+03
 28  0.00000 -3.72847e+03 | 29  0.00000 -2.06312e+03 | 30  0.00000 -1.94806e+03
 31  0.00000 -2.90152e+03 | 32  0.00000 -9.18552e+02 | 33  0.00000 -7.09230e+02
 34  0.00000  8.18519e+02 | 35  0.00000  1.08066e+01 | 36  0.00000  2.20055e+02
 37  0.00000 -1.75883e+02 | 38  0.00000  2.19499e+02 | 39  0.00000 -3.98814e+02
 40  0.00000 -1.25731e+02 | 41  0.00000 -3.38480e+02 | 42  0.00000  1.13653e+02
 43  0.00000  1.16259e+02 | 44  0.00000  5.57651e+02 | 45  0.00000  6.57635e+02
 46  0.00000  5.44274e+02 | 47  0.00000  3.37481e+02 | 48  0.00000  2.90742e+02
 49  0.00000  3.65348e+02 | 50  0.00000  4.80581e+01 | 51  0.00000 -2.09002e+02
 52  0.00000  8.58809e+02 | 53  0.00000  3.92294e+04 | 54 -0.04813 -2.02224e+04
 55  0.28213  5.29025e+04 | 56 -0.06620 -6.99788e+01 | 57  0.04422  3.06832e+04
 58  0.21824 -4.78111e+04 | 59 -0.02168  2.21980e+03 | 60  0.02102  1.96714e+03
 61  0.31510  9.20961e+03 | 62  0.51632  7.56232e+03 | 63  0.11444 -1.38972e+04
 64 -0.41904  2.72262e+02 | 65  0.33042  3.42724e+04 | 66  0.62903  3.58230e+03
 67 -0.19716 -2.83109e+04 | 68  0.27945  1.43133e+05 | 69  0.43663  6.75101e+04
 70  0.17760 -1.72854e+03 | 71  0.34997 -1.11361e+00 | 72  0.30652  6.12015e+03
 73  0.02023 -6.85518e-01 | 74 -0.06799 -3.83795e+03 | 75  0.00520 -5.25635e-01
 76  0.33042  1.04566e+04 | 77  0.52774 -4.88388e-01 | 78 -0.47611 -7.27178e+02
 79  0.43675  2.18413e+03 | 80  0.26064  2.31753e+03 | 81  0.01592  1.64680e+03
 82  0.04422 -5.31727e+02 | 83  0.21824  1.14196e+03 | 84 -0.02168 -4.95428e-02
 85 -0.04813 -2.83791e+03 | 86  0.28213  5.69594e+03 | 87 -0.06620  5.06165e-02
Function minimizer not making progress ... is minimum attained?
Minimprove criterion = 0.0000e+00

 - final statistics:
87 variables; iteration 1; function evaluation 30
Function value nan; maximum gradient component mag -5.5801e+05
Exit code = 1;  converg criter 1.0000e+00
Var    Value     Gradient |Var    Value     Gradient |Var    Value     Gradient
  1 -0.59033          nan |  2 -0.59033          nan |  3 -0.59033          nan
  4 -0.59033          nan |  5 -0.59033          nan |  6 -0.59033          nan
  7 -0.59033          nan |  8 -0.59033          nan |  9 -0.59033          nan
 10 -0.59033          nan | 11 -0.59033          nan | 12 -0.59033          nan
 13 -0.59033          nan | 14 -0.59033          nan | 15 -0.77131 -5.58013e+05
 16  0.00000  1.88250e+03 | 17  0.00000  1.95979e+03 | 18  0.00000  1.92185e+03
 19  0.00000  1.76336e+03 | 20  0.00000  1.69056e+03 | 21  0.00000  9.42472e+02
 22  0.00000 -3.62029e+02 | 23  0.00000  1.37571e+03 | 24  0.00000  3.12956e+03
 25  0.00000  1.72010e+03 | 26  0.00000 -2.48111e+03 | 27  0.00000 -5.18471e+03
 28  0.00000 -3.72847e+03 | 29  0.00000 -2.06312e+03 | 30  0.00000 -1.94806e+03
 31  0.00000 -2.90152e+03 | 32  0.00000 -9.18552e+02 | 33  0.00000 -7.09230e+02
 34  0.00000  8.18519e+02 | 35  0.00000  1.08066e+01 | 36  0.00000  2.20055e+02
 37  0.00000 -1.75883e+02 | 38  0.00000  2.19499e+02 | 39  0.00000 -3.98814e+02
 40  0.00000 -1.25731e+02 | 41  0.00000 -3.38480e+02 | 42  0.00000  1.13653e+02
 43  0.00000  1.16259e+02 | 44  0.00000  5.57651e+02 | 45  0.00000  6.57635e+02
 46  0.00000  5.44274e+02 | 47  0.00000  3.37481e+02 | 48  0.00000  2.90742e+02
 49  0.00000  3.65348e+02 | 50  0.00000  4.80581e+01 | 51  0.00000 -2.09002e+02
 52  0.00000  8.58809e+02 | 53  0.00000  3.92294e+04 | 54 -0.04813 -2.02224e+04
 55  0.28213  5.29025e+04 | 56 -0.06620 -6.99788e+01 | 57  0.04422  3.06832e+04
 58  0.21824 -4.78111e+04 | 59 -0.02168  2.21980e+03 | 60  0.02102  1.96714e+03
 61  0.31510  9.20961e+03 | 62  0.51632  7.56232e+03 | 63  0.11444 -1.38972e+04
 64 -0.41904  2.72262e+02 | 65  0.33042  3.42724e+04 | 66  0.62903  3.58230e+03
 67 -0.19716 -2.83109e+04 | 68  0.27945  1.43133e+05 | 69  0.43663  6.75101e+04
 70  0.17760 -1.72854e+03 | 71  0.34997 -1.11361e+00 | 72  0.30652  6.12015e+03
 73  0.02023 -6.85518e-01 | 74 -0.06799 -3.83795e+03 | 75  0.00520 -5.25635e-01
 76  0.33042  1.04566e+04 | 77  0.52774 -4.88388e-01 | 78 -0.47611 -7.27178e+02
 79  0.43675  2.18413e+03 | 80  0.26064  2.31753e+03 | 81  0.01592  1.64680e+03
 82  0.04422 -5.31727e+02 | 83  0.21824  1.14196e+03 | 84 -0.02168 -4.95428e-02
 85 -0.04813 -2.83791e+03 | 86  0.28213  5.69594e+03 | 87 -0.06620  5.06165e-02

Initial statistics: 102 variables; iteration 0; function evaluation 0; phase 4
Function value 2.2520991e+06; maximum gradient component mag -5.5801e+05
Var    Value     Gradient |Var    Value     Gradient |Var    Value     Gradient
  1 -0.59033          nan |  2 -0.59033          nan |  3 -0.59033          nan
  4 -0.59033          nan |  5 -0.59033          nan |  6 -0.59033          nan
  7 -0.59033          nan |  8 -0.59033          nan |  9 -0.59033          nan
 10 -0.59033          nan | 11 -0.59033          nan | 12 -0.59033          nan
 13 -0.59033          nan | 14 -0.59033          nan | 15 -0.77131 -5.58013e+05
 16  0.00000 -2.03901e+04 | 17  0.00000 -2.80682e+04 | 18  0.00000 -4.25791e+04
 19  0.00000 -6.44677e+04 | 20  0.00000 -4.90915e+04 | 21  0.00000 -6.02303e+04
 22  0.00000 -1.26305e+03 | 23  0.00000 -8.99491e+02 | 24  0.00000 -5.19894e+02
 25  0.00000 -3.89234e+02 | 26  0.00000 -5.27367e+02 | 27  0.00000 -7.10271e+02
 28  0.00000 -4.77978e+02 | 29  0.00000 -1.12134e+03 | 30  0.00000 -1.51704e+03
 31  0.00000  1.88250e+03 | 32  0.00000  1.95979e+03 | 33  0.00000  1.92185e+03
 34  0.00000  1.76336e+03 | 35  0.00000  1.69056e+03 | 36  0.00000  9.42472e+02
 37  0.00000 -3.62029e+02 | 38  0.00000  1.37571e+03 | 39  0.00000  3.12956e+03
 40  0.00000  1.72010e+03 | 41  0.00000 -2.48111e+03 | 42  0.00000 -5.18471e+03
 43  0.00000 -3.72847e+03 | 44  0.00000 -2.06312e+03 | 45  0.00000 -1.94806e+03
 46  0.00000 -2.90152e+03 | 47  0.00000 -9.18552e+02 | 48  0.00000 -7.09230e+02
 49  0.00000  8.18519e+02 | 50  0.00000  1.08066e+01 | 51  0.00000  2.20055e+02
 52  0.00000 -1.75883e+02 | 53  0.00000  2.19499e+02 | 54  0.00000 -3.98814e+02
 55  0.00000 -1.25731e+02 | 56  0.00000 -3.38480e+02 | 57  0.00000  1.13653e+02
 58  0.00000  1.16259e+02 | 59  0.00000  5.57651e+02 | 60  0.00000  6.57635e+02
 61  0.00000  5.44274e+02 | 62  0.00000  3.37481e+02 | 63  0.00000  2.90742e+02
 64  0.00000  3.65348e+02 | 65  0.00000  4.80581e+01 | 66  0.00000 -2.09002e+02
 67  0.00000  8.58809e+02 | 68  0.00000  3.92294e+04 | 69 -0.04813 -2.02224e+04
 70  0.28213  5.29025e+04 | 71 -0.06620 -6.99788e+01 | 72  0.04422  3.06832e+04
 73  0.21824 -4.78111e+04 | 74 -0.02168  2.21980e+03 | 75  0.02102  1.96714e+03
 76  0.31510  9.20961e+03 | 77  0.51632  7.56232e+03 | 78  0.11444 -1.38972e+04
 79 -0.41904  2.72262e+02 | 80  0.33042  3.42724e+04 | 81  0.62903  3.58230e+03
 82 -0.19716 -2.83109e+04 | 83  0.27945  1.43133e+05 | 84  0.43663  6.75101e+04
 85  0.17760 -1.72854e+03 | 86  0.34997 -1.11361e+00 | 87  0.30652  6.12015e+03
 88  0.02023 -6.85518e-01 | 89 -0.06799 -3.83795e+03 | 90  0.00520 -5.25635e-01
 91  0.33042  1.04566e+04 | 92  0.52774 -4.88388e-01 | 93 -0.47611 -7.27178e+02
 94  0.43675  2.18413e+03 | 95  0.26064  2.31753e+03 | 96  0.01592  1.64680e+03
 97  0.04422 -5.31727e+02 | 98  0.21824  1.14196e+03 | 99 -0.02168 -4.95428e-02
100 -0.04813 -2.83791e+03 |101  0.28213  5.69594e+03 |102 -0.06620  5.06165e-02
  ic > imax  in fminim is answer attained ?
Var    Value     Gradient |Var    Value     Gradient |Var    Value     Gradient
  1 -0.59033          nan |  2 -0.59033          nan |  3 -0.59033          nan
  4 -0.59033          nan |  5 -0.59033          nan |  6 -0.59033          nan
  7 -0.59033          nan |  8 -0.59033          nan |  9 -0.59033          nan
 10 -0.59033          nan | 11 -0.59033          nan | 12 -0.59033          nan
 13 -0.59033          nan | 14 -0.59033          nan | 15 -0.77131 -5.58013e+05
 16  0.00000 -2.03901e+04 | 17  0.00000 -2.80682e+04 | 18  0.00000 -4.25791e+04
 19  0.00000 -6.44677e+04 | 20  0.00000 -4.90915e+04 | 21  0.00000 -6.02303e+04
 22  0.00000 -1.26305e+03 | 23  0.00000 -8.99491e+02 | 24  0.00000 -5.19894e+02
 25  0.00000 -3.89234e+02 | 26  0.00000 -5.27367e+02 | 27  0.00000 -7.10271e+02
 28  0.00000 -4.77978e+02 | 29  0.00000 -1.12134e+03 | 30  0.00000 -1.51704e+03
 31  0.00000  1.88250e+03 | 32  0.00000  1.95979e+03 | 33  0.00000  1.92185e+03
 34  0.00000  1.76336e+03 | 35  0.00000  1.69056e+03 | 36  0.00000  9.42472e+02
 37  0.00000 -3.62029e+02 | 38  0.00000  1.37571e+03 | 39  0.00000  3.12956e+03
 40  0.00000  1.72010e+03 | 41  0.00000 -2.48111e+03 | 42  0.00000 -5.18471e+03
 43  0.00000 -3.72847e+03 | 44  0.00000 -2.06312e+03 | 45  0.00000 -1.94806e+03
 46  0.00000 -2.90152e+03 | 47  0.00000 -9.18552e+02 | 48  0.00000 -7.09230e+02
 49  0.00000  8.18519e+02 | 50  0.00000  1.08066e+01 | 51  0.00000  2.20055e+02
 52  0.00000 -1.75883e+02 | 53  0.00000  2.19499e+02 | 54  0.00000 -3.98814e+02
 55  0.00000 -1.25731e+02 | 56  0.00000 -3.38480e+02 | 57  0.00000  1.13653e+02
 58  0.00000  1.16259e+02 | 59  0.00000  5.57651e+02 | 60  0.00000  6.57635e+02
 61  0.00000  5.44274e+02 | 62  0.00000  3.37481e+02 | 63  0.00000  2.90742e+02
 64  0.00000  3.65348e+02 | 65  0.00000  4.80581e+01 | 66  0.00000 -2.09002e+02
 67  0.00000  8.58809e+02 | 68  0.00000  3.92294e+04 | 69 -0.04813 -2.02224e+04
 70  0.28213  5.29025e+04 | 71 -0.06620 -6.99788e+01 | 72  0.04422  3.06832e+04
 73  0.21824 -4.78111e+04 | 74 -0.02168  2.21980e+03 | 75  0.02102  1.96714e+03
 76  0.31510  9.20961e+03 | 77  0.51632  7.56232e+03 | 78  0.11444 -1.38972e+04
 79 -0.41904  2.72262e+02 | 80  0.33042  3.42724e+04 | 81  0.62903  3.58230e+03
 82 -0.19716 -2.83109e+04 | 83  0.27945  1.43133e+05 | 84  0.43663  6.75101e+04
 85  0.17760 -1.72854e+03 | 86  0.34997 -1.11361e+00 | 87  0.30652  6.12015e+03
 88  0.02023 -6.85518e-01 | 89 -0.06799 -3.83795e+03 | 90  0.00520 -5.25635e-01
 91  0.33042  1.04566e+04 | 92  0.52774 -4.88388e-01 | 93 -0.47611 -7.27178e+02
 94  0.43675  2.18413e+03 | 95  0.26064  2.31753e+03 | 96  0.01592  1.64680e+03
 97  0.04422 -5.31727e+02 | 98  0.21824  1.14196e+03 | 99 -0.02168 -4.95428e-02
100 -0.04813 -2.83791e+03 |101  0.28213  5.69594e+03 |102 -0.06620  5.06165e-02
Function minimizer not making progress ... is minimum attained?
Minimprove criterion = 0.0000e+00

 - final statistics:
102 variables; iteration 1; function evaluation 30
Function value nan; maximum gradient component mag -5.5801e+05
Exit code = 1;  converg criter 1.0000e-04
Var    Value     Gradient |Var    Value     Gradient |Var    Value     Gradient
  1 -0.59033          nan |  2 -0.59033          nan |  3 -0.59033          nan
  4 -0.59033          nan |  5 -0.59033          nan |  6 -0.59033          nan
  7 -0.59033          nan |  8 -0.59033          nan |  9 -0.59033          nan
 10 -0.59033          nan | 11 -0.59033          nan | 12 -0.59033          nan
 13 -0.59033          nan | 14 -0.59033          nan | 15 -0.77131 -5.58013e+05
 16  0.00000 -2.03901e+04 | 17  0.00000 -2.80682e+04 | 18  0.00000 -4.25791e+04
 19  0.00000 -6.44677e+04 | 20  0.00000 -4.90915e+04 | 21  0.00000 -6.02303e+04
 22  0.00000 -1.26305e+03 | 23  0.00000 -8.99491e+02 | 24  0.00000 -5.19894e+02
 25  0.00000 -3.89234e+02 | 26  0.00000 -5.27367e+02 | 27  0.00000 -7.10271e+02
 28  0.00000 -4.77978e+02 | 29  0.00000 -1.12134e+03 | 30  0.00000 -1.51704e+03
 31  0.00000  1.88250e+03 | 32  0.00000  1.95979e+03 | 33  0.00000  1.92185e+03
 34  0.00000  1.76336e+03 | 35  0.00000  1.69056e+03 | 36  0.00000  9.42472e+02
 37  0.00000 -3.62029e+02 | 38  0.00000  1.37571e+03 | 39  0.00000  3.12956e+03
 40  0.00000  1.72010e+03 | 41  0.00000 -2.48111e+03 | 42  0.00000 -5.18471e+03
 43  0.00000 -3.72847e+03 | 44  0.00000 -2.06312e+03 | 45  0.00000 -1.94806e+03
 46  0.00000 -2.90152e+03 | 47  0.00000 -9.18552e+02 | 48  0.00000 -7.09230e+02
 49  0.00000  8.18519e+02 | 50  0.00000  1.08066e+01 | 51  0.00000  2.20055e+02
 52  0.00000 -1.75883e+02 | 53  0.00000  2.19499e+02 | 54  0.00000 -3.98814e+02
 55  0.00000 -1.25731e+02 | 56  0.00000 -3.38480e+02 | 57  0.00000  1.13653e+02
 58  0.00000  1.16259e+02 | 59  0.00000  5.57651e+02 | 60  0.00000  6.57635e+02
 61  0.00000  5.44274e+02 | 62  0.00000  3.37481e+02 | 63  0.00000  2.90742e+02
 64  0.00000  3.65348e+02 | 65  0.00000  4.80581e+01 | 66  0.00000 -2.09002e+02
 67  0.00000  8.58809e+02 | 68  0.00000  3.92294e+04 | 69 -0.04813 -2.02224e+04
 70  0.28213  5.29025e+04 | 71 -0.06620 -6.99788e+01 | 72  0.04422  3.06832e+04
 73  0.21824 -4.78111e+04 | 74 -0.02168  2.21980e+03 | 75  0.02102  1.96714e+03
 76  0.31510  9.20961e+03 | 77  0.51632  7.56232e+03 | 78  0.11444 -1.38972e+04
 79 -0.41904  2.72262e+02 | 80  0.33042  3.42724e+04 | 81  0.62903  3.58230e+03
 82 -0.19716 -2.83109e+04 | 83  0.27945  1.43133e+05 | 84  0.43663  6.75101e+04
 85  0.17760 -1.72854e+03 | 86  0.34997 -1.11361e+00 | 87  0.30652  6.12015e+03
 88  0.02023 -6.85518e-01 | 89 -0.06799 -3.83795e+03 | 90  0.00520 -5.25635e-01
 91  0.33042  1.04566e+04 | 92  0.52774 -4.88388e-01 | 93 -0.47611 -7.27178e+02
 94  0.43675  2.18413e+03 | 95  0.26064  2.31753e+03 | 96  0.01592  1.64680e+03
 97  0.04422 -5.31727e+02 | 98  0.21824  1.14196e+03 | 99 -0.02168 -4.95428e-02
100 -0.04813 -2.83791e+03 |101  0.28213  5.69594e+03 |102 -0.06620  5.06165e-02

Initial statistics: 103 variables; iteration 0; function evaluation 0; phase 5
Function value 2.2520991e+06; maximum gradient component mag -5.5801e+05
Var    Value     Gradient |Var    Value     Gradient |Var    Value     Gradient
  1 -0.59033          nan |  2 -0.59033          nan |  3 -0.59033          nan
  4 -0.59033          nan |  5 -0.59033          nan |  6 -0.59033          nan
  7 -0.59033          nan |  8 -0.59033          nan |  9 -0.59033          nan
 10 -0.59033          nan | 11 -0.59033          nan | 12 -0.59033          nan
 13 -0.59033          nan | 14 -0.59033          nan | 15 -0.77131 -5.58013e+05
 16  0.00000 -2.03901e+04 | 17  0.00000 -2.80682e+04 | 18  0.00000 -4.25791e+04
 19  0.00000 -6.44677e+04 | 20  0.00000 -4.90915e+04 | 21  0.00000 -6.02303e+04
 22  0.00000 -1.26305e+03 | 23  0.00000 -8.99491e+02 | 24  0.00000 -5.19894e+02
 25  0.00000 -3.89234e+02 | 26  0.00000 -5.27367e+02 | 27  0.00000 -7.10271e+02
 28  0.00000 -4.77978e+02 | 29  0.00000 -1.12134e+03 | 30  0.00000 -1.51704e+03
 31  0.00000  1.88250e+03 | 32  0.00000  1.95979e+03 | 33  0.00000  1.92185e+03
 34  0.00000  1.76336e+03 | 35  0.00000  1.69056e+03 | 36  0.00000  9.42472e+02
 37  0.00000 -3.62029e+02 | 38  0.00000  1.37571e+03 | 39  0.00000  3.12956e+03
 40  0.00000  1.72010e+03 | 41  0.00000 -2.48111e+03 | 42  0.00000 -5.18471e+03
 43  0.00000 -3.72847e+03 | 44  0.00000 -2.06312e+03 | 45  0.00000 -1.94806e+03
 46  0.00000 -2.90152e+03 | 47  0.00000 -9.18552e+02 | 48  0.00000 -7.09230e+02
 49  0.00000  8.18519e+02 | 50  0.00000  1.08066e+01 | 51  0.00000  2.20055e+02
 52  0.00000 -1.75883e+02 | 53  0.00000  2.19499e+02 | 54  0.00000 -3.98814e+02
 55  0.00000 -1.25731e+02 | 56  0.00000 -3.38480e+02 | 57  0.00000  1.13653e+02
 58  0.00000  1.16259e+02 | 59  0.00000  5.57651e+02 | 60  0.00000  6.57635e+02
 61  0.00000  5.44274e+02 | 62  0.00000  3.37481e+02 | 63  0.00000  2.90742e+02
 64  0.00000  3.65348e+02 | 65  0.00000  4.80581e+01 | 66  0.00000 -2.09002e+02
 67  0.00000  8.58809e+02 | 68  0.00000  0.00000e+00 | 69  0.00000  3.92294e+04
 70 -0.04813 -2.02224e+04 | 71  0.28213  5.29025e+04 | 72 -0.06620 -6.99788e+01
 73  0.04422  3.06832e+04 | 74  0.21824 -4.78111e+04 | 75 -0.02168  2.21980e+03
 76  0.02102  1.96714e+03 | 77  0.31510  9.20961e+03 | 78  0.51632  7.56232e+03
 79  0.11444 -1.38972e+04 | 80 -0.41904  2.72262e+02 | 81  0.33042  3.42724e+04
 82  0.62903  3.58230e+03 | 83 -0.19716 -2.83109e+04 | 84  0.27945  1.43133e+05
 85  0.43663  6.75101e+04 | 86  0.17760 -1.72854e+03 | 87  0.34997 -1.11361e+00
 88  0.30652  6.12015e+03 | 89  0.02023 -6.85518e-01 | 90 -0.06799 -3.83795e+03
 91  0.00520 -5.25635e-01 | 92  0.33042  1.04566e+04 | 93  0.52774 -4.88388e-01
 94 -0.47611 -7.27178e+02 | 95  0.43675  2.18413e+03 | 96  0.26064  2.31753e+03
 97  0.01592  1.64680e+03 | 98  0.04422 -5.31727e+02 | 99  0.21824  1.14196e+03
100 -0.02168 -4.95428e-02 |101 -0.04813 -2.83791e+03 |102  0.28213  5.69594e+03
103 -0.06620  5.06165e-02 |
  ic > imax  in fminim is answer attained ?
Var    Value     Gradient |Var    Value     Gradient |Var    Value     Gradient
  1 -0.59033          nan |  2 -0.59033          nan |  3 -0.59033          nan
  4 -0.59033          nan |  5 -0.59033          nan |  6 -0.59033          nan
  7 -0.59033          nan |  8 -0.59033          nan |  9 -0.59033          nan
 10 -0.59033          nan | 11 -0.59033          nan | 12 -0.59033          nan
 13 -0.59033          nan | 14 -0.59033          nan | 15 -0.77131 -5.58013e+05
 16  0.00000 -2.03901e+04 | 17  0.00000 -2.80682e+04 | 18  0.00000 -4.25791e+04
 19  0.00000 -6.44677e+04 | 20  0.00000 -4.90915e+04 | 21  0.00000 -6.02303e+04
 22  0.00000 -1.26305e+03 | 23  0.00000 -8.99491e+02 | 24  0.00000 -5.19894e+02
 25  0.00000 -3.89234e+02 | 26  0.00000 -5.27367e+02 | 27  0.00000 -7.10271e+02
 28  0.00000 -4.77978e+02 | 29  0.00000 -1.12134e+03 | 30  0.00000 -1.51704e+03
 31  0.00000  1.88250e+03 | 32  0.00000  1.95979e+03 | 33  0.00000  1.92185e+03
 34  0.00000  1.76336e+03 | 35  0.00000  1.69056e+03 | 36  0.00000  9.42472e+02
 37  0.00000 -3.62029e+02 | 38  0.00000  1.37571e+03 | 39  0.00000  3.12956e+03
 40  0.00000  1.72010e+03 | 41  0.00000 -2.48111e+03 | 42  0.00000 -5.18471e+03
 43  0.00000 -3.72847e+03 | 44  0.00000 -2.06312e+03 | 45  0.00000 -1.94806e+03
 46  0.00000 -2.90152e+03 | 47  0.00000 -9.18552e+02 | 48  0.00000 -7.09230e+02
 49  0.00000  8.18519e+02 | 50  0.00000  1.08066e+01 | 51  0.00000  2.20055e+02
 52  0.00000 -1.75883e+02 | 53  0.00000  2.19499e+02 | 54  0.00000 -3.98814e+02
 55  0.00000 -1.25731e+02 | 56  0.00000 -3.38480e+02 | 57  0.00000  1.13653e+02
 58  0.00000  1.16259e+02 | 59  0.00000  5.57651e+02 | 60  0.00000  6.57635e+02
 61  0.00000  5.44274e+02 | 62  0.00000  3.37481e+02 | 63  0.00000  2.90742e+02
 64  0.00000  3.65348e+02 | 65  0.00000  4.80581e+01 | 66  0.00000 -2.09002e+02
 67  0.00000  8.58809e+02 | 68  0.00000  0.00000e+00 | 69  0.00000  3.92294e+04
 70 -0.04813 -2.02224e+04 | 71  0.28213  5.29025e+04 | 72 -0.06620 -6.99788e+01
 73  0.04422  3.06832e+04 | 74  0.21824 -4.78111e+04 | 75 -0.02168  2.21980e+03
 76  0.02102  1.96714e+03 | 77  0.31510  9.20961e+03 | 78  0.51632  7.56232e+03
 79  0.11444 -1.38972e+04 | 80 -0.41904  2.72262e+02 | 81  0.33042  3.42724e+04
 82  0.62903  3.58230e+03 | 83 -0.19716 -2.83109e+04 | 84  0.27945  1.43133e+05
 85  0.43663  6.75101e+04 | 86  0.17760 -1.72854e+03 | 87  0.34997 -1.11361e+00
 88  0.30652  6.12015e+03 | 89  0.02023 -6.85518e-01 | 90 -0.06799 -3.83795e+03
 91  0.00520 -5.25635e-01 | 92  0.33042  1.04566e+04 | 93  0.52774 -4.88388e-01
 94 -0.47611 -7.27178e+02 | 95  0.43675  2.18413e+03 | 96  0.26064  2.31753e+03
 97  0.01592  1.64680e+03 | 98  0.04422 -5.31727e+02 | 99  0.21824  1.14196e+03
100 -0.02168 -4.95428e-02 |101 -0.04813 -2.83791e+03 |102  0.28213  5.69594e+03
103 -0.06620  5.06165e-02 |
Function minimizer not making progress ... is minimum attained?
Minimprove criterion = 0.0000e+00

 - final statistics:
103 variables; iteration 1; function evaluation 30
Function value nan; maximum gradient component mag -5.5801e+05
Exit code = 1;  converg criter 1.0000e-04
Var    Value     Gradient |Var    Value     Gradient |Var    Value     Gradient
  1 -0.59033          nan |  2 -0.59033          nan |  3 -0.59033          nan
  4 -0.59033          nan |  5 -0.59033          nan |  6 -0.59033          nan
  7 -0.59033          nan |  8 -0.59033          nan |  9 -0.59033          nan
 10 -0.59033          nan | 11 -0.59033          nan | 12 -0.59033          nan
 13 -0.59033          nan | 14 -0.59033          nan | 15 -0.77131 -5.58013e+05
 16  0.00000 -2.03901e+04 | 17  0.00000 -2.80682e+04 | 18  0.00000 -4.25791e+04
 19  0.00000 -6.44677e+04 | 20  0.00000 -4.90915e+04 | 21  0.00000 -6.02303e+04
 22  0.00000 -1.26305e+03 | 23  0.00000 -8.99491e+02 | 24  0.00000 -5.19894e+02
 25  0.00000 -3.89234e+02 | 26  0.00000 -5.27367e+02 | 27  0.00000 -7.10271e+02
 28  0.00000 -4.77978e+02 | 29  0.00000 -1.12134e+03 | 30  0.00000 -1.51704e+03
 31  0.00000  1.88250e+03 | 32  0.00000  1.95979e+03 | 33  0.00000  1.92185e+03
 34  0.00000  1.76336e+03 | 35  0.00000  1.69056e+03 | 36  0.00000  9.42472e+02
 37  0.00000 -3.62029e+02 | 38  0.00000  1.37571e+03 | 39  0.00000  3.12956e+03
 40  0.00000  1.72010e+03 | 41  0.00000 -2.48111e+03 | 42  0.00000 -5.18471e+03
 43  0.00000 -3.72847e+03 | 44  0.00000 -2.06312e+03 | 45  0.00000 -1.94806e+03
 46  0.00000 -2.90152e+03 | 47  0.00000 -9.18552e+02 | 48  0.00000 -7.09230e+02
 49  0.00000  8.18519e+02 | 50  0.00000  1.08066e+01 | 51  0.00000  2.20055e+02
 52  0.00000 -1.75883e+02 | 53  0.00000  2.19499e+02 | 54  0.00000 -3.98814e+02
 55  0.00000 -1.25731e+02 | 56  0.00000 -3.38480e+02 | 57  0.00000  1.13653e+02
 58  0.00000  1.16259e+02 | 59  0.00000  5.57651e+02 | 60  0.00000  6.57635e+02
 61  0.00000  5.44274e+02 | 62  0.00000  3.37481e+02 | 63  0.00000  2.90742e+02
 64  0.00000  3.65348e+02 | 65  0.00000  4.80581e+01 | 66  0.00000 -2.09002e+02
 67  0.00000  8.58809e+02 | 68  0.00000  0.00000e+00 | 69  0.00000  3.92294e+04
 70 -0.04813 -2.02224e+04 | 71  0.28213  5.29025e+04 | 72 -0.06620 -6.99788e+01
 73  0.04422  3.06832e+04 | 74  0.21824 -4.78111e+04 | 75 -0.02168  2.21980e+03
 76  0.02102  1.96714e+03 | 77  0.31510  9.20961e+03 | 78  0.51632  7.56232e+03
 79  0.11444 -1.38972e+04 | 80 -0.41904  2.72262e+02 | 81  0.33042  3.42724e+04
 82  0.62903  3.58230e+03 | 83 -0.19716 -2.83109e+04 | 84  0.27945  1.43133e+05
 85  0.43663  6.75101e+04 | 86  0.17760 -1.72854e+03 | 87  0.34997 -1.11361e+00
 88  0.30652  6.12015e+03 | 89  0.02023 -6.85518e-01 | 90 -0.06799 -3.83795e+03
 91  0.00520 -5.25635e-01 | 92  0.33042  1.04566e+04 | 93  0.52774 -4.88388e-01
 94 -0.47611 -7.27178e+02 | 95  0.43675  2.18413e+03 | 96  0.26064  2.31753e+03
 97  0.01592  1.64680e+03 | 98  0.04422 -5.31727e+02 | 99  0.21824  1.14196e+03
100 -0.02168 -4.95428e-02 |101 -0.04813 -2.83791e+03 |102  0.28213  5.69594e+03
103 -0.06620  5.06165e-02 |
size of file gradfil1.tmp = 0
size of file gradfil2.tmp = 0
size of file varssave.tmp = 0
size of file cmpdiff.tmp = 0
