
Initial statistics: 1 variables; iteration 0; function evaluation 0; phase 1
Function value 2.0414283e+06; maximum gradient component mag 2.8818e+05

 - final statistics:
1 variables; iteration 4; function evaluation 12
Function value 1.9128e+06; maximum gradient component mag -2.7968e+00
Exit code = 1;  converg criter 1.0000e+01

Initial statistics: 10 variables; iteration 0; function evaluation 0; phase 2
Function value 1.9128066e+06; maximum gradient component mag 6.9989e+04
  ic > imax  in fminim is answer attained ?
Function minimizer not making progress ... is minimum attained?
Minimprove criterion = 0.0000e+00

 - final statistics:
10 variables; iteration 10; function evaluation 47
Function value 1.8963e+06; maximum gradient component mag 3.5758e+04
Exit code = 1;  converg criter 1.0000e+01

Initial statistics: 72 variables; iteration 0; function evaluation 0; phase 3
Function value 1.8962901e+06; maximum gradient component mag -1.2474e+05
  ic > imax  in fminim is answer attained ?
Function minimizer not making progress ... is minimum attained?
Minimprove criterion = 0.0000e+00

 - final statistics:
72 variables; iteration 1; function evaluation 30
Function value 1.8963e+06; maximum gradient component mag -1.2474e+05
Exit code = 1;  converg criter 1.0000e+00

Initial statistics: 87 variables; iteration 0; function evaluation 0; phase 4
Function value 1.8962898e+06; maximum gradient component mag -2.3199e+05
  ic > imax  in fminim is answer attained ?
Function minimizer not making progress ... is minimum attained?
Minimprove criterion = 0.0000e+00

 - final statistics:
87 variables; iteration 1; function evaluation 30
Function value 1.8963e+06; maximum gradient component mag -2.3199e+05
Exit code = 1;  converg criter 1.0000e-04

Initial statistics: 88 variables; iteration 0; function evaluation 0; phase 5
Function value 1.8962898e+06; maximum gradient component mag -2.3200e+05
  ic > imax  in fminim is answer attained ?
Function minimizer not making progress ... is minimum attained?
Minimprove criterion = 0.0000e+00
Warning: the following parameters had issues
  init_F[1] is within 0.1% of lower bound: 0.0000e+00 < 2.1660e-04 < 3.0000e+00


 - final statistics:
88 variables; iteration 1; function evaluation 30
Function value 1.8963e+06; maximum gradient component mag -2.3200e+05
Exit code = 1;  converg criter 1.0000e-04
size of file gradfil1.tmp = 0
size of file gradfil2.tmp = 0
size of file varssave.tmp = 0
size of file cmpdiff.tmp = 0
